<?xml version="1.0" encoding="UTF-8" ?>
<testsuite tests="1" failures="0" name="cn.cstqb.exam.testmaker.actions.projects.ExportProjectActionTest" time="0.291" errors="1" skipped="0">
  <properties>
    <property name="java.runtime.name" value="Java(TM) SE Runtime Environment"/>
    <property name="java.vm.version" value="13.0.1+9"/>
    <property name="sun.boot.library.path" value="C:\Program Files\Java\jdk-13.0.1\bin"/>
    <property name="maven.multiModuleProjectDirectory" value="D:\time\test-maker-group1\test-maker"/>
    <property name="java.vm.vendor" value="Oracle Corporation"/>
    <property name="java.vendor.url" value="https://java.oracle.com/"/>
    <property name="guice.disable.misplaced.annotation.check" value="true"/>
    <property name="path.separator" value=";"/>
    <property name="java.vm.name" value="Java HotSpot(TM) 64-Bit Server VM"/>
    <property name="sun.os.patch.level" value=""/>
    <property name="user.script" value=""/>
    <property name="user.country" value="CN"/>
    <property name="sun.java.launcher" value="SUN_STANDARD"/>
    <property name="java.vm.specification.name" value="Java Virtual Machine Specification"/>
    <property name="user.dir" value="D:\time\test-maker-group1\test-maker"/>
    <property name="java.vm.compressedOopsMode" value="Zero based"/>
    <property name="java.runtime.version" value="13.0.1+9"/>
    <property name="os.arch" value="amd64"/>
    <property name="java.io.tmpdir" value="C:\Users\wangs\AppData\Local\Temp\"/>
    <property name="line.separator" value="
"/>
    <property name="java.vm.specification.vendor" value="Oracle Corporation"/>
    <property name="user.variant" value=""/>
    <property name="os.name" value="Windows 10"/>
    <property name="maven.ext.class.path" value="C:\Program Files\JetBrains\IntelliJ IDEA 2019.3.3\plugins\maven\lib\maven-event-listener.jar"/>
    <property name="classworlds.conf" value="C:\Program Files\JetBrains\IntelliJ IDEA 2019.3.3\plugins\maven\lib\maven3\bin\m2.conf"/>
    <property name="sun.jnu.encoding" value="GBK"/>
    <property name="java.library.path" value="C:\Program Files\Java\jdk-13.0.1\bin;C:\WINDOWS\Sun\Java\bin;C:\WINDOWS\system32;C:\WINDOWS;C:\Program Files (x86)\Razer\ChromaBroadcast\bin;C:\Program Files\Razer\ChromaBroadcast\bin;C:\Program Files (x86)\Intel\Intel(R) Management Engine Components\iCLS\;C:\Program Files\Intel\Intel(R) Management Engine Components\iCLS\;C:\Windows\system32;C:\Windows;C:\Windows\System32\Wbem;C:\Windows\System32\WindowsPowerShell\v1.0\;C:\Windows\System32\OpenSSH\;C:\Program Files (x86)\Intel\Intel(R) Management Engine Components\DAL;C:\Program Files\Intel\Intel(R) Management Engine Components\DAL;C:\WINDOWS\system32;C:\WINDOWS;C:\WINDOWS\System32\Wbem;C:\WINDOWS\System32\WindowsPowerShell\v1.0\;C:\WINDOWS\System32\OpenSSH\;C:\Program Files\Git\cmd;C:\Program Files\Java\jdk-13.0.1\bin;C:\Program Files\Java\jdk-13.0.1\jre\bin;;C:\Program Files\NVIDIA Corporation\NVIDIA NvDLISR;C:\WINDOWS\system32;C:\WINDOWS;C:\WINDOWS\System32\Wbem;C:\WINDOWS\System32\WindowsPowerShell\v1.0\;C:\WINDOWS\System32\OpenSSH\;C:\Program Files\dotnet\;C:\Program Files (x86)\NVIDIA Corporation\PhysX\Common;C:\Program Files\NVIDIA Corporation\NVIDIA NGX;C:\Users\wangs\AppData\Local\Microsoft\WindowsApps;C:\Users\wangs\.dotnet\tools;C:\Program Files\TortoiseSVN\bin;D:\;C:\Users\wangs\AppData\Local\Programs\Python\Python36\Scripts\;C:\Users\wangs\AppData\Local\Programs\Python\Python36\;C:\Users\wangs\AppData\Local\Programs\Python\Python37\Scripts\;C:\Users\wangs\AppData\Local\Programs\Python\Python37\;C:\Users\wangs\AppData\Local\Microsoft\WindowsApps;C:\Program Files (x86)\SSH Communications Security\SSH Secure Shell;C:\MinGW\bin;;C:\Users\wangs\AppData\Local\Programs\Microsoft VS Code\bin;C:\Program Files\JetBrains\IntelliJ IDEA 2019.3.3\bin;;."/>
    <property name="maven.conf" value="C:\Program Files\JetBrains\IntelliJ IDEA 2019.3.3\plugins\maven\lib\maven3/conf"/>
    <property name="jdk.debug" value="release"/>
    <property name="java.class.version" value="57.0"/>
    <property name="java.specification.name" value="Java Platform API Specification"/>
    <property name="sun.management.compiler" value="HotSpot 64-Bit Tiered Compilers"/>
    <property name="idea.version2019.3.3" value="true"/>
    <property name="os.version" value="10.0"/>
    <property name="user.home" value="C:\Users\wangs"/>
    <property name="user.timezone" value="Asia/Shanghai"/>
    <property name="file.encoding" value="UTF-8"/>
    <property name="java.specification.version" value="13"/>
    <property name="user.name" value="wangs"/>
    <property name="java.class.path" value="C:\Program Files\JetBrains\IntelliJ IDEA 2019.3.3\plugins\maven\lib\maven3\boot\plexus-classworlds-2.6.0.jar"/>
    <property name="java.vm.specification.version" value="13"/>
    <property name="sun.arch.data.model" value="64"/>
    <property name="sun.java.command" value="org.codehaus.classworlds.Launcher -Didea.version2019.3.3 install"/>
    <property name="java.home" value="C:\Program Files\Java\jdk-13.0.1"/>
    <property name="user.language" value="zh"/>
    <property name="java.specification.vendor" value="Oracle Corporation"/>
    <property name="java.vm.info" value="mixed mode, sharing"/>
    <property name="java.version" value="13.0.1"/>
    <property name="java.vendor" value="Oracle Corporation"/>
    <property name="maven.home" value="C:\Program Files\JetBrains\IntelliJ IDEA 2019.3.3\plugins\maven\lib\maven3"/>
    <property name="file.separator" value="\"/>
    <property name="java.version.date" value="2019-10-15"/>
    <property name="java.vendor.url.bug" value="https://bugreport.java.com/bugreport/"/>
    <property name="sun.io.unicode.encoding" value="UnicodeLittle"/>
    <property name="sun.cpu.endian" value="little"/>
    <property name="sun.cpu.isalist" value="amd64"/>
  </properties>
  <testcase classname="cn.cstqb.exam.testmaker.actions.projects.ExportProjectActionTest" name="testExecute" time="0.291">
    <error type="java.lang.NullPointerException">java.lang.NullPointerException
	at cn.cstqb.exam.testmaker.actions.BaseAction.getLoggedInUser(BaseAction.java:125)
	at cn.cstqb.exam.testmaker.actions.projects.ExportProjectAction.validateInput(ExportProjectAction.java:64)
	at cn.cstqb.exam.testmaker.actions.BaseAction.execute(BaseAction.java:90)
	at cn.cstqb.exam.testmaker.actions.projects.ExportProjectActionTest.testExecute(ExportProjectActionTest.java:30)
	at java.base/jdk.internal.reflect.NativeMethodAccessorImpl.invoke0(Native Method)
	at java.base/jdk.internal.reflect.NativeMethodAccessorImpl.invoke(NativeMethodAccessorImpl.java:62)
	at java.base/jdk.internal.reflect.DelegatingMethodAccessorImpl.invoke(DelegatingMethodAccessorImpl.java:43)
	at java.base/java.lang.reflect.Method.invoke(Method.java:567)
	at org.junit.runners.model.FrameworkMethod$1.runReflectiveCall(FrameworkMethod.java:50)
	at org.junit.internal.runners.model.ReflectiveCallable.run(ReflectiveCallable.java:12)
	at org.junit.runners.model.FrameworkMethod.invokeExplosively(FrameworkMethod.java:47)
	at org.junit.internal.runners.statements.InvokeMethod.evaluate(InvokeMethod.java:17)
	at org.junit.internal.runners.statements.RunBefores.evaluate(RunBefores.java:26)
	at org.junit.internal.runners.statements.RunAfters.evaluate(RunAfters.java:27)
	at org.junit.runners.ParentRunner.runLeaf(ParentRunner.java:325)
	at org.junit.runners.BlockJUnit4ClassRunner.runChild(BlockJUnit4ClassRunner.java:78)
	at org.junit.runners.BlockJUnit4ClassRunner.runChild(BlockJUnit4ClassRunner.java:57)
	at org.junit.runners.ParentRunner$3.run(ParentRunner.java:290)
	at org.junit.runners.ParentRunner$1.schedule(ParentRunner.java:71)
	at org.junit.runners.ParentRunner.runChildren(ParentRunner.java:288)
	at org.junit.runners.ParentRunner.access$000(ParentRunner.java:58)
	at org.junit.runners.ParentRunner$2.evaluate(ParentRunner.java:268)
	at org.junit.rules.ExternalResource$1.evaluate(ExternalResource.java:48)
	at org.junit.rules.RunRules.evaluate(RunRules.java:20)
	at org.junit.runners.ParentRunner.run(ParentRunner.java:363)
	at org.apache.maven.surefire.junit4.JUnit4Provider.execute(JUnit4Provider.java:252)
	at org.apache.maven.surefire.junit4.JUnit4Provider.executeTestSet(JUnit4Provider.java:141)
	at org.apache.maven.surefire.junit4.JUnit4Provider.invoke(JUnit4Provider.java:112)
	at java.base/jdk.internal.reflect.NativeMethodAccessorImpl.invoke0(Native Method)
	at java.base/jdk.internal.reflect.NativeMethodAccessorImpl.invoke(NativeMethodAccessorImpl.java:62)
	at java.base/jdk.internal.reflect.DelegatingMethodAccessorImpl.invoke(DelegatingMethodAccessorImpl.java:43)
	at java.base/java.lang.reflect.Method.invoke(Method.java:567)
	at org.apache.maven.surefire.util.ReflectionUtils.invokeMethodWithArray(ReflectionUtils.java:189)
	at org.apache.maven.surefire.booter.ProviderFactory$ProviderProxy.invoke(ProviderFactory.java:165)
	at org.apache.maven.surefire.booter.ProviderFactory.invokeProvider(ProviderFactory.java:85)
	at org.apache.maven.surefire.booter.ForkedBooter.runSuitesInProcess(ForkedBooter.java:115)
	at org.apache.maven.surefire.booter.ForkedBooter.main(ForkedBooter.java:75)
</error>
    <system-out>18:19:15,088 |-INFO in ch.qos.logback.classic.LoggerContext[default] - Could NOT find resource [logback.groovy]
18:19:15,088 |-INFO in ch.qos.logback.classic.LoggerContext[default] - Found resource [logback-test.xml] at [file:/D:/time/test-maker-group1/test-maker/target/test-classes/logback-test.xml]
18:19:15,222 |-INFO in ch.qos.logback.core.joran.action.AppenderAction - About to instantiate appender of type [ch.qos.logback.core.ConsoleAppender]
18:19:15,225 |-INFO in ch.qos.logback.core.joran.action.AppenderAction - Naming appender as [STDOUT]
18:19:15,246 |-INFO in ch.qos.logback.core.joran.action.NestedComplexPropertyIA - Assuming default type [ch.qos.logback.classic.encoder.PatternLayoutEncoder] for [encoder] property
18:19:15,287 |-INFO in ch.qos.logback.core.joran.action.AppenderAction - About to instantiate appender of type [ch.qos.logback.core.FileAppender]
18:19:15,289 |-INFO in ch.qos.logback.core.joran.action.AppenderAction - Naming appender as [FILE]
18:19:15,292 |-INFO in ch.qos.logback.core.joran.action.NestedComplexPropertyIA - Assuming default type [ch.qos.logback.classic.encoder.PatternLayoutEncoder] for [encoder] property
18:19:15,293 |-INFO in ch.qos.logback.core.FileAppender[FILE] - File property is set to [C:\Users\wangs\CSTQB-test-maker-debug.log]
18:19:15,296 |-INFO in ch.qos.logback.classic.joran.action.LoggerAction - Setting level of logger [org.hibernate.loader] to INFO
18:19:15,296 |-INFO in ch.qos.logback.classic.joran.action.RootLoggerAction - Setting level of ROOT logger to DEBUG
18:19:15,297 |-INFO in ch.qos.logback.core.joran.action.AppenderRefAction - Attaching appender named [STDOUT] to Logger[ROOT]
18:19:15,298 |-INFO in ch.qos.logback.core.joran.action.AppenderRefAction - Attaching appender named [FILE] to Logger[ROOT]
18:19:15,298 |-INFO in ch.qos.logback.classic.joran.action.ConfigurationAction - End of configuration.
18:19:15,299 |-INFO in ch.qos.logback.classic.joran.JoranConfigurator@2ea227af - Registering current configuration as safe fallback point
18:19:16.470 [main] DEBUG c.c.e.t.c.ApplicationConfigContext - Custom configuration origin: null
18:19:16.874 [main] DEBUG c.c.e.t.configuration.AppInjector - Created new cn.cstqb.exam.testmaker.configuration.AppInjector instance. UUID=[63ea8226-f84b-4e7e-938d-426ccee5590d]...
18:19:16.896 [main] DEBUG org.jboss.logging - Logging Provider: org.jboss.logging.Slf4jLoggerProvider
18:19:16.923 [main] WARN  o.hibernate.ejb.HibernatePersistence - HHH015016: Encountered a deprecated javax.persistence.spi.PersistenceProvider [org.hibernate.ejb.HibernatePersistence]; use [org.hibernate.jpa.HibernatePersistenceProvider] instead.
18:19:16.924 [main] WARN  o.hibernate.ejb.HibernatePersistence - HHH015016: Encountered a deprecated javax.persistence.spi.PersistenceProvider [org.hibernate.ejb.HibernatePersistence]; use [org.hibernate.jpa.HibernatePersistenceProvider] instead.
18:19:16.924 [main] WARN  o.hibernate.ejb.HibernatePersistence - HHH015016: Encountered a deprecated javax.persistence.spi.PersistenceProvider [org.hibernate.ejb.HibernatePersistence]; use [org.hibernate.jpa.HibernatePersistenceProvider] instead.
18:19:16.930 [main] DEBUG o.h.b.r.c.i.ClassLoaderServiceImpl - Incoming config yielded no classloaders; adding standard SE ones
18:19:17.020 [main] DEBUG o.h.jpa.HibernatePersistenceProvider - Located and parsed 1 persistence units; checking each
18:19:17.021 [main] DEBUG o.h.jpa.HibernatePersistenceProvider - Checking persistence-unit [name=test-maker, explicit-provider=org.hibernate.jpa.HibernatePersistenceProvider] against incoming persistence unit name [test-maker]
18:19:17.022 [main] DEBUG o.h.jpa.boot.spi.ProviderChecker - Persistence-unit [test-maker] requested PersistenceProvider [org.hibernate.jpa.HibernatePersistenceProvider]
18:19:17.034 [main] DEBUG o.h.jpa.internal.util.LogHelper - PersistenceUnitInfo [
	name: test-maker
	persistence provider classname: org.hibernate.jpa.HibernatePersistenceProvider
	classloader: null
	excludeUnlistedClasses: false
	JTA datasource: null
	Non JTA datasource: null
	Transaction type: RESOURCE_LOCAL
	PU root URL: file:/D:/time/test-maker-group1/test-maker/target/classes/
	Shared Cache Mode: NONE
	Validation Mode: null
	Jar files URLs []
	Managed classes names [
		cn.cstqb.exam.testmaker.entities.PaperEntity
		cn.cstqb.exam.testmaker.entities.PaperQuestionEntity
		cn.cstqb.exam.testmaker.entities.QuestionEntity]
	Mapping files names []
	Properties [
		javax.persistence.jdbc.url: jdbc:mysql://localhost:3306/testmaker
		javax.persistence.jdbc.password: 
		hibernate.c3p0.idle_test_period: 120
		hibernate.cache.use_second_level_cache: false
		hibernate.show_sql: true
		hibernate.c3p0.validate: true
		org.hibernate.flushMode: COMMIT
		hibernate.c3p0.timeout: 600
		eclipselink.jdbc.url: jdbc:mysql://localhost:3306/testmaker?serverTimezone=UTC
		hibernate.hbm2ddl.auto: update
		hibernate.c3p0.maxIdleTimeExcessConnections: 20
		hibernate.ejb.naming_strategy: org.hibernate.cfg.ImprovedNamingStrategy
		toplink.jdbc.url: jdbc:mysql://localhost:3306/testmaker?serverTimezone=UTC
		hibernate.format_sql: true
		hibernate.enable_lazy_load_no_trans: true
		javax.persistence.jdbc.user: root
		openjpa.ConnectionURL: jdbc:mysql://localhost:3306/testmaker?serverTimezone=UTC
		javax.persistence.jdbc.driver: com.mysql.jdbc.Driver
		toplink.jdbc.driver: com.mysql.cj.jdbc.Driver
		hibernate.connection.driver_class: com.mysql.cj.jdbc.Driver
		connection.provider_class: org.hibernate.connection.C3P0ConnectionProvider
		eclipselink.jdbc.driver: com.mysql.cj.jdbc.Driver
		hibernate.c3p0.automaticTestTable: _conTestTable
		hibernate.dialect: org.hibernate.dialect.MySQL5InnoDBDialect
		hibernate.connection.url: jdbc:mysql://localhost:3306/testmaker?serverTimezone=UTC
		openjpa.ConnectionDriverName: com.mysql.cj.jdbc.Driver]
18:19:17.051 [main] DEBUG o.h.i.internal.IntegratorServiceImpl - Adding Integrator [org.hibernate.cfg.beanvalidation.BeanValidationIntegrator].
18:19:17.053 [main] DEBUG o.h.i.internal.IntegratorServiceImpl - Adding Integrator [org.hibernate.secure.spi.JaccIntegrator].
18:19:17.056 [main] DEBUG o.h.i.internal.IntegratorServiceImpl - Adding Integrator [org.hibernate.cache.internal.CollectionCacheInvalidator].
18:19:17.056 [main] DEBUG o.h.i.internal.IntegratorServiceImpl - Adding Integrator [org.hibernate.jpa.event.spi.JpaIntegrator].
18:19:17.077 [main] DEBUG o.h.b.r.s.i.StrategySelectorImpl - Registering named strategy selector [org.hibernate.dialect.Dialect] : [MySQL5] -&gt; [org.hibernate.dialect.MySQL5Dialect] (replacing [org.hibernate.dialect.MySQL5Dialect])
18:19:17.078 [main] DEBUG o.h.b.r.s.i.StrategySelectorImpl - Registering named strategy selector [org.hibernate.dialect.Dialect] : [MySQL5InnoDB] -&gt; [org.hibernate.dialect.MySQL5InnoDBDialect] (replacing [org.hibernate.dialect.MySQL5InnoDBDialect])
18:19:17.125 [main] INFO  org.hibernate.Version - HHH000412: Hibernate Core {4.3.7.Final}
18:19:17.127 [main] INFO  org.hibernate.cfg.Environment - HHH000206: hibernate.properties not found
18:19:17.129 [main] INFO  org.hibernate.cfg.Environment - HHH000021: Bytecode provider name : javassist
18:19:17.340 [main] DEBUG o.h.j.b.i.EntityManagerFactoryBuilderImpl - Unable to resolve class [cn.cstqb.exam.testmaker.entities.PaperEntity] named in persistence unit [test-maker]
18:19:17.341 [main] DEBUG o.h.j.b.i.EntityManagerFactoryBuilderImpl - Unable to resolve class [cn.cstqb.exam.testmaker.entities.PaperQuestionEntity] named in persistence unit [test-maker]
18:19:17.343 [main] DEBUG o.h.j.b.i.EntityManagerFactoryBuilderImpl - Unable to resolve class [cn.cstqb.exam.testmaker.entities.QuestionEntity] named in persistence unit [test-maker]
18:19:17.392 [main] DEBUG o.h.service.spi.ServiceBinding - Overriding existing service binding [org.hibernate.secure.spi.JaccService]
18:19:17.421 [main] DEBUG org.hibernate.type.BasicTypeRegistry - Adding type registration boolean -&gt; org.hibernate.type.BooleanType@610db97e
18:19:17.422 [main] DEBUG org.hibernate.type.BasicTypeRegistry - Adding type registration boolean -&gt; org.hibernate.type.BooleanType@610db97e
18:19:17.422 [main] DEBUG org.hibernate.type.BasicTypeRegistry - Adding type registration java.lang.Boolean -&gt; org.hibernate.type.BooleanType@610db97e
18:19:17.423 [main] DEBUG org.hibernate.type.BasicTypeRegistry - Adding type registration numeric_boolean -&gt; org.hibernate.type.NumericBooleanType@7bd69e82
18:19:17.424 [main] DEBUG org.hibernate.type.BasicTypeRegistry - Adding type registration true_false -&gt; org.hibernate.type.TrueFalseType@1a38ba58
18:19:17.425 [main] DEBUG org.hibernate.type.BasicTypeRegistry - Adding type registration yes_no -&gt; org.hibernate.type.YesNoType@1deb2c43
18:19:17.427 [main] DEBUG org.hibernate.type.BasicTypeRegistry - Adding type registration byte -&gt; org.hibernate.type.ByteType@6754ef00
18:19:17.427 [main] DEBUG org.hibernate.type.BasicTypeRegistry - Adding type registration byte -&gt; org.hibernate.type.ByteType@6754ef00
18:19:17.427 [main] DEBUG org.hibernate.type.BasicTypeRegistry - Adding type registration java.lang.Byte -&gt; org.hibernate.type.ByteType@6754ef00
18:19:17.428 [main] DEBUG org.hibernate.type.BasicTypeRegistry - Adding type registration character -&gt; org.hibernate.type.CharacterType@24b52d3e
18:19:17.428 [main] DEBUG org.hibernate.type.BasicTypeRegistry - Adding type registration char -&gt; org.hibernate.type.CharacterType@24b52d3e
18:19:17.429 [main] DEBUG org.hibernate.type.BasicTypeRegistry - Adding type registration java.lang.Character -&gt; org.hibernate.type.CharacterType@24b52d3e
18:19:17.431 [main] DEBUG org.hibernate.type.BasicTypeRegistry - Adding type registration short -&gt; org.hibernate.type.ShortType@33aa93c
18:19:17.431 [main] DEBUG org.hibernate.type.BasicTypeRegistry - Adding type registration short -&gt; org.hibernate.type.ShortType@33aa93c
18:19:17.431 [main] DEBUG org.hibernate.type.BasicTypeRegistry - Adding type registration java.lang.Short -&gt; org.hibernate.type.ShortType@33aa93c
18:19:17.432 [main] DEBUG org.hibernate.type.BasicTypeRegistry - Adding type registration integer -&gt; org.hibernate.type.IntegerType@2c282004
18:19:17.433 [main] DEBUG org.hibernate.type.BasicTypeRegistry - Adding type registration int -&gt; org.hibernate.type.IntegerType@2c282004
18:19:17.433 [main] DEBUG org.hibernate.type.BasicTypeRegistry - Adding type registration java.lang.Integer -&gt; org.hibernate.type.IntegerType@2c282004
18:19:17.435 [main] DEBUG org.hibernate.type.BasicTypeRegistry - Adding type registration long -&gt; org.hibernate.type.LongType@1968a49c
18:19:17.435 [main] DEBUG org.hibernate.type.BasicTypeRegistry - Adding type registration long -&gt; org.hibernate.type.LongType@1968a49c
18:19:17.435 [main] DEBUG org.hibernate.type.BasicTypeRegistry - Adding type registration java.lang.Long -&gt; org.hibernate.type.LongType@1968a49c
18:19:17.438 [main] DEBUG org.hibernate.type.BasicTypeRegistry - Adding type registration float -&gt; org.hibernate.type.FloatType@e041f0c
18:19:17.438 [main] DEBUG org.hibernate.type.BasicTypeRegistry - Adding type registration float -&gt; org.hibernate.type.FloatType@e041f0c
18:19:17.438 [main] DEBUG org.hibernate.type.BasicTypeRegistry - Adding type registration java.lang.Float -&gt; org.hibernate.type.FloatType@e041f0c
18:19:17.440 [main] DEBUG org.hibernate.type.BasicTypeRegistry - Adding type registration double -&gt; org.hibernate.type.DoubleType@437e951d
18:19:17.440 [main] DEBUG org.hibernate.type.BasicTypeRegistry - Adding type registration double -&gt; org.hibernate.type.DoubleType@437e951d
18:19:17.440 [main] DEBUG org.hibernate.type.BasicTypeRegistry - Adding type registration java.lang.Double -&gt; org.hibernate.type.DoubleType@437e951d
18:19:17.442 [main] DEBUG org.hibernate.type.BasicTypeRegistry - Adding type registration big_decimal -&gt; org.hibernate.type.BigDecimalType@7b02e036
18:19:17.442 [main] DEBUG org.hibernate.type.BasicTypeRegistry - Adding type registration java.math.BigDecimal -&gt; org.hibernate.type.BigDecimalType@7b02e036
18:19:17.444 [main] DEBUG org.hibernate.type.BasicTypeRegistry - Adding type registration big_integer -&gt; org.hibernate.type.BigIntegerType@df5f5c0
18:19:17.444 [main] DEBUG org.hibernate.type.BasicTypeRegistry - Adding type registration java.math.BigInteger -&gt; org.hibernate.type.BigIntegerType@df5f5c0
18:19:17.445 [main] DEBUG org.hibernate.type.BasicTypeRegistry - Adding type registration string -&gt; org.hibernate.type.StringType@3b65e559
18:19:17.445 [main] DEBUG org.hibernate.type.BasicTypeRegistry - Adding type registration java.lang.String -&gt; org.hibernate.type.StringType@3b65e559
18:19:17.446 [main] DEBUG org.hibernate.type.BasicTypeRegistry - Adding type registration nstring -&gt; org.hibernate.type.StringNVarcharType@214894fc
18:19:17.448 [main] DEBUG org.hibernate.type.BasicTypeRegistry - Adding type registration ncharacter -&gt; org.hibernate.type.CharacterNCharType@e27ba81
18:19:17.449 [main] DEBUG org.hibernate.type.BasicTypeRegistry - Adding type registration url -&gt; org.hibernate.type.UrlType@5a12c728
18:19:17.449 [main] DEBUG org.hibernate.type.BasicTypeRegistry - Adding type registration java.net.URL -&gt; org.hibernate.type.UrlType@5a12c728
18:19:17.451 [main] DEBUG org.hibernate.type.BasicTypeRegistry - Adding type registration date -&gt; org.hibernate.type.DateType@57dc9128
18:19:17.451 [main] DEBUG org.hibernate.type.BasicTypeRegistry - Adding type registration java.sql.Date -&gt; org.hibernate.type.DateType@57dc9128
18:19:17.453 [main] DEBUG org.hibernate.type.BasicTypeRegistry - Adding type registration time -&gt; org.hibernate.type.TimeType@2e27d72f
18:19:17.453 [main] DEBUG org.hibernate.type.BasicTypeRegistry - Adding type registration java.sql.Time -&gt; org.hibernate.type.TimeType@2e27d72f
18:19:17.455 [main] DEBUG org.hibernate.type.BasicTypeRegistry - Adding type registration timestamp -&gt; org.hibernate.type.TimestampType@46292372
18:19:17.455 [main] DEBUG org.hibernate.type.BasicTypeRegistry - Adding type registration java.sql.Timestamp -&gt; org.hibernate.type.TimestampType@46292372
18:19:17.455 [main] DEBUG org.hibernate.type.BasicTypeRegistry - Adding type registration java.util.Date -&gt; org.hibernate.type.TimestampType@46292372
18:19:17.457 [main] DEBUG org.hibernate.type.BasicTypeRegistry - Adding type registration dbtimestamp -&gt; org.hibernate.type.DbTimestampType@530a8454
18:19:17.458 [main] DEBUG org.hibernate.type.BasicTypeRegistry - Adding type registration calendar -&gt; org.hibernate.type.CalendarType@282308c3
18:19:17.458 [main] DEBUG org.hibernate.type.BasicTypeRegistry - Adding type registration java.util.Calendar -&gt; org.hibernate.type.CalendarType@282308c3
18:19:17.458 [main] DEBUG org.hibernate.type.BasicTypeRegistry - Adding type registration java.util.GregorianCalendar -&gt; org.hibernate.type.CalendarType@282308c3
18:19:17.460 [main] DEBUG org.hibernate.type.BasicTypeRegistry - Adding type registration calendar_date -&gt; org.hibernate.type.CalendarDateType@3b4ef7
18:19:17.462 [main] DEBUG org.hibernate.type.BasicTypeRegistry - Adding type registration locale -&gt; org.hibernate.type.LocaleType@4fdf8f12
18:19:17.462 [main] DEBUG org.hibernate.type.BasicTypeRegistry - Adding type registration java.util.Locale -&gt; org.hibernate.type.LocaleType@4fdf8f12
18:19:17.463 [main] DEBUG org.hibernate.type.BasicTypeRegistry - Adding type registration currency -&gt; org.hibernate.type.CurrencyType@27f0ad19
18:19:17.463 [main] DEBUG org.hibernate.type.BasicTypeRegistry - Adding type registration java.util.Currency -&gt; org.hibernate.type.CurrencyType@27f0ad19
18:19:17.465 [main] DEBUG org.hibernate.type.BasicTypeRegistry - Adding type registration timezone -&gt; org.hibernate.type.TimeZoneType@30457e14
18:19:17.465 [main] DEBUG org.hibernate.type.BasicTypeRegistry - Adding type registration java.util.TimeZone -&gt; org.hibernate.type.TimeZoneType@30457e14
18:19:17.466 [main] DEBUG org.hibernate.type.BasicTypeRegistry - Adding type registration class -&gt; org.hibernate.type.ClassType@c1a4620
18:19:17.466 [main] DEBUG org.hibernate.type.BasicTypeRegistry - Adding type registration java.lang.Class -&gt; org.hibernate.type.ClassType@c1a4620
18:19:17.468 [main] DEBUG org.hibernate.type.BasicTypeRegistry - Adding type registration uuid-binary -&gt; org.hibernate.type.UUIDBinaryType@5bb3d42d
18:19:17.469 [main] DEBUG org.hibernate.type.BasicTypeRegistry - Adding type registration java.util.UUID -&gt; org.hibernate.type.UUIDBinaryType@5bb3d42d
18:19:17.469 [main] DEBUG org.hibernate.type.BasicTypeRegistry - Adding type registration uuid-char -&gt; org.hibernate.type.UUIDCharType@4e7095ac
18:19:17.470 [main] DEBUG org.hibernate.type.BasicTypeRegistry - Adding type registration pg-uuid -&gt; org.hibernate.type.PostgresUUIDType@b09fac1
18:19:17.472 [main] DEBUG org.hibernate.type.BasicTypeRegistry - Adding type registration binary -&gt; org.hibernate.type.BinaryType@4c5204af
18:19:17.472 [main] DEBUG org.hibernate.type.BasicTypeRegistry - Adding type registration byte[] -&gt; org.hibernate.type.BinaryType@4c5204af
18:19:17.472 [main] DEBUG org.hibernate.type.BasicTypeRegistry - Adding type registration [B -&gt; org.hibernate.type.BinaryType@4c5204af
18:19:17.474 [main] DEBUG org.hibernate.type.BasicTypeRegistry - Adding type registration wrapper-binary -&gt; org.hibernate.type.WrapperBinaryType@73e132e0
18:19:17.474 [main] DEBUG org.hibernate.type.BasicTypeRegistry - Adding type registration Byte[] -&gt; org.hibernate.type.WrapperBinaryType@73e132e0
18:19:17.474 [main] DEBUG org.hibernate.type.BasicTypeRegistry - Adding type registration [Ljava.lang.Byte; -&gt; org.hibernate.type.WrapperBinaryType@73e132e0
18:19:17.475 [main] DEBUG org.hibernate.type.BasicTypeRegistry - Adding type registration image -&gt; org.hibernate.type.ImageType@3b0f7d9d
18:19:17.476 [main] DEBUG org.hibernate.type.BasicTypeRegistry - Adding type registration characters -&gt; org.hibernate.type.CharArrayType@71ea1fda
18:19:17.476 [main] DEBUG org.hibernate.type.BasicTypeRegistry - Adding type registration char[] -&gt; org.hibernate.type.CharArrayType@71ea1fda
18:19:17.476 [main] DEBUG org.hibernate.type.BasicTypeRegistry - Adding type registration [C -&gt; org.hibernate.type.CharArrayType@71ea1fda
18:19:17.478 [main] DEBUG org.hibernate.type.BasicTypeRegistry - Adding type registration wrapper-characters -&gt; org.hibernate.type.CharacterArrayType@545f80bf
18:19:17.478 [main] DEBUG org.hibernate.type.BasicTypeRegistry - Adding type registration [Ljava.lang.Character; -&gt; org.hibernate.type.CharacterArrayType@545f80bf
18:19:17.479 [main] DEBUG org.hibernate.type.BasicTypeRegistry - Adding type registration Character[] -&gt; org.hibernate.type.CharacterArrayType@545f80bf
18:19:17.480 [main] DEBUG org.hibernate.type.BasicTypeRegistry - Adding type registration text -&gt; org.hibernate.type.TextType@3e1162e7
18:19:17.481 [main] DEBUG org.hibernate.type.BasicTypeRegistry - Adding type registration ntext -&gt; org.hibernate.type.NTextType@1ea9f009
18:19:17.485 [main] DEBUG org.hibernate.type.BasicTypeRegistry - Adding type registration blob -&gt; org.hibernate.type.BlobType@48d7ad8b
18:19:17.486 [main] DEBUG org.hibernate.type.BasicTypeRegistry - Adding type registration java.sql.Blob -&gt; org.hibernate.type.BlobType@48d7ad8b
18:19:17.486 [main] DEBUG org.hibernate.type.BasicTypeRegistry - Adding type registration materialized_blob -&gt; org.hibernate.type.MaterializedBlobType@26f1249d
18:19:17.490 [main] DEBUG org.hibernate.type.BasicTypeRegistry - Adding type registration clob -&gt; org.hibernate.type.ClobType@4010d494
18:19:17.490 [main] DEBUG org.hibernate.type.BasicTypeRegistry - Adding type registration java.sql.Clob -&gt; org.hibernate.type.ClobType@4010d494
18:19:17.494 [main] DEBUG org.hibernate.type.BasicTypeRegistry - Adding type registration nclob -&gt; org.hibernate.type.NClobType@867ba60
18:19:17.494 [main] DEBUG org.hibernate.type.BasicTypeRegistry - Adding type registration java.sql.NClob -&gt; org.hibernate.type.NClobType@867ba60
18:19:17.495 [main] DEBUG org.hibernate.type.BasicTypeRegistry - Adding type registration materialized_clob -&gt; org.hibernate.type.MaterializedClobType@6034e75d
18:19:17.495 [main] DEBUG org.hibernate.type.BasicTypeRegistry - Adding type registration materialized_nclob -&gt; org.hibernate.type.MaterializedNClobType@2a3a299
18:19:17.497 [main] DEBUG org.hibernate.type.BasicTypeRegistry - Adding type registration serializable -&gt; org.hibernate.type.SerializableType@46b695ec
18:19:17.500 [main] DEBUG org.hibernate.type.BasicTypeRegistry - Adding type registration object -&gt; org.hibernate.type.ObjectType@410e94e
18:19:17.500 [main] DEBUG org.hibernate.type.BasicTypeRegistry - Adding type registration java.lang.Object -&gt; org.hibernate.type.ObjectType@410e94e
18:19:17.501 [main] DEBUG org.hibernate.type.BasicTypeRegistry - Adding type registration imm_date -&gt; org.hibernate.type.AdaptedImmutableType@1da6ee17
18:19:17.501 [main] DEBUG org.hibernate.type.BasicTypeRegistry - Adding type registration imm_time -&gt; org.hibernate.type.AdaptedImmutableType@78d39a69
18:19:17.501 [main] DEBUG org.hibernate.type.BasicTypeRegistry - Adding type registration imm_timestamp -&gt; org.hibernate.type.AdaptedImmutableType@3c818ac4
18:19:17.501 [main] DEBUG org.hibernate.type.BasicTypeRegistry - Adding type registration imm_dbtimestamp -&gt; org.hibernate.type.AdaptedImmutableType@5b69d40d
18:19:17.501 [main] DEBUG org.hibernate.type.BasicTypeRegistry - Adding type registration imm_calendar -&gt; org.hibernate.type.AdaptedImmutableType@71154f21
18:19:17.502 [main] DEBUG org.hibernate.type.BasicTypeRegistry - Adding type registration imm_calendar_date -&gt; org.hibernate.type.AdaptedImmutableType@15f193b8
18:19:17.502 [main] DEBUG org.hibernate.type.BasicTypeRegistry - Adding type registration imm_binary -&gt; org.hibernate.type.AdaptedImmutableType@2516fc68
18:19:17.502 [main] DEBUG org.hibernate.type.BasicTypeRegistry - Adding type registration imm_serializable -&gt; org.hibernate.type.AdaptedImmutableType@304a9d7b
18:19:17.516 [main] INFO  o.h.annotations.common.Version - HCANN000001: Hibernate Commons Annotations {4.0.5.Final}
18:19:17.526 [main] DEBUG o.h.i.f.i.DefaultIdentifierGeneratorFactory - Registering IdentifierGenerator strategy [uuid2] -&gt; [org.hibernate.id.UUIDGenerator]
18:19:17.526 [main] DEBUG o.h.i.f.i.DefaultIdentifierGeneratorFactory - Registering IdentifierGenerator strategy [guid] -&gt; [org.hibernate.id.GUIDGenerator]
18:19:17.527 [main] DEBUG o.h.i.f.i.DefaultIdentifierGeneratorFactory - Registering IdentifierGenerator strategy [uuid] -&gt; [org.hibernate.id.UUIDHexGenerator]
18:19:17.527 [main] DEBUG o.h.i.f.i.DefaultIdentifierGeneratorFactory - Registering IdentifierGenerator strategy [uuid.hex] -&gt; [org.hibernate.id.UUIDHexGenerator]
18:19:17.529 [main] DEBUG o.h.i.f.i.DefaultIdentifierGeneratorFactory - Registering IdentifierGenerator strategy [hilo] -&gt; [org.hibernate.id.TableHiLoGenerator]
18:19:17.530 [main] DEBUG o.h.i.f.i.DefaultIdentifierGeneratorFactory - Registering IdentifierGenerator strategy [assigned] -&gt; [org.hibernate.id.Assigned]
18:19:17.531 [main] DEBUG o.h.i.f.i.DefaultIdentifierGeneratorFactory - Registering IdentifierGenerator strategy [identity] -&gt; [org.hibernate.id.IdentityGenerator]
18:19:17.532 [main] DEBUG o.h.i.f.i.DefaultIdentifierGeneratorFactory - Registering IdentifierGenerator strategy [select] -&gt; [org.hibernate.id.SelectGenerator]
18:19:17.533 [main] DEBUG o.h.i.f.i.DefaultIdentifierGeneratorFactory - Registering IdentifierGenerator strategy [sequence] -&gt; [org.hibernate.id.SequenceGenerator]
18:19:17.533 [main] DEBUG o.h.i.f.i.DefaultIdentifierGeneratorFactory - Registering IdentifierGenerator strategy [seqhilo] -&gt; [org.hibernate.id.SequenceHiLoGenerator]
18:19:17.534 [main] DEBUG o.h.i.f.i.DefaultIdentifierGeneratorFactory - Registering IdentifierGenerator strategy [increment] -&gt; [org.hibernate.id.IncrementGenerator]
18:19:17.534 [main] DEBUG o.h.i.f.i.DefaultIdentifierGeneratorFactory - Registering IdentifierGenerator strategy [foreign] -&gt; [org.hibernate.id.ForeignGenerator]
18:19:17.535 [main] DEBUG o.h.i.f.i.DefaultIdentifierGeneratorFactory - Registering IdentifierGenerator strategy [sequence-identity] -&gt; [org.hibernate.id.SequenceIdentityGenerator]
18:19:17.536 [main] DEBUG o.h.i.f.i.DefaultIdentifierGeneratorFactory - Registering IdentifierGenerator strategy [enhanced-sequence] -&gt; [org.hibernate.id.enhanced.SequenceStyleGenerator]
18:19:17.537 [main] DEBUG o.h.i.f.i.DefaultIdentifierGeneratorFactory - Registering IdentifierGenerator strategy [enhanced-table] -&gt; [org.hibernate.id.enhanced.TableGenerator]
18:19:17.543 [main] DEBUG org.hibernate.cfg.Configuration - Preparing to build session factory with filters : {}
18:19:17.555 [main] INFO  o.h.c.i.C3P0ConnectionProvider - HHH010002: C3P0 using driver: com.mysql.jdbc.Driver at URL: jdbc:mysql://localhost:3306/testmaker
18:19:17.556 [main] INFO  o.h.c.i.C3P0ConnectionProvider - HHH000046: Connection properties: {user=root}
18:19:17.556 [main] INFO  o.h.c.i.C3P0ConnectionProvider - HHH000006: Autocommit mode: false
18:19:18.152 [main] DEBUG o.h.e.jdbc.internal.JdbcServicesImpl - Database -&gt;
       name : MySQL
    version : 5.5.5-10.4.11-MariaDB
      major : 5
      minor : 5
18:19:18.152 [main] DEBUG o.h.e.jdbc.internal.JdbcServicesImpl - Driver -&gt;
       name : MySQL Connector Java
    version : mysql-connector-java-5.1.34 ( Revision: jess.balint@oracle.com-20141014163213-wqbwpf1ok2kvo1om )
      major : 5
      minor : 1
18:19:18.153 [main] DEBUG o.h.e.jdbc.internal.JdbcServicesImpl - JDBC version : 4.0
18:19:18.155 [main] DEBUG o.h.e.j.c.i.StandardRefCursorSupport - Unexpected error trying to gauge level of JDBC REF_CURSOR support : null
18:19:18.181 [main] INFO  org.hibernate.dialect.Dialect - HHH000400: Using dialect: org.hibernate.dialect.MySQL5InnoDBDialect
18:19:18.190 [main] INFO  o.h.e.j.internal.LobCreatorBuilder - HHH000424: Disabling contextual LOB creation as createClob() method threw error : java.lang.reflect.InvocationTargetException
18:19:18.223 [main] DEBUG org.hibernate.cfg.Configuration - Processing hbm.xml files
18:19:18.223 [main] DEBUG org.hibernate.cfg.Configuration - Process annotated classes
18:19:18.233 [main] DEBUG org.hibernate.cfg.AnnotationBinder - Binding entity from annotated class: cn.cstqb.exam.testmaker.entities.PaperQuestion
18:19:18.247 [main] DEBUG org.hibernate.cfg.Ejb3Column - Binding column: Ejb3DiscriminatorColumn{logicalColumnName&apos;DTYPE&apos;, discriminatorTypeName=&apos;string&apos;}
18:19:18.252 [main] DEBUG o.h.cfg.annotations.EntityBinder - Import with entity name PaperQuestion
18:19:18.256 [main] DEBUG o.h.cfg.annotations.EntityBinder - Bind entity cn.cstqb.exam.testmaker.entities.PaperQuestion on table paper_question
18:19:18.280 [main] DEBUG org.hibernate.cfg.Ejb3Column - Binding column: Ejb3Column{table=org.hibernate.mapping.Table(paper_question), mappingColumn=id, insertable=true, updatable=false, unique=false}
18:19:18.283 [main] DEBUG o.h.cfg.annotations.PropertyBinder - MetadataSourceProcessor property id with lazy=false
18:19:18.286 [main] DEBUG o.h.cfg.AbstractPropertyHolder - Attempting to locate auto-apply AttributeConverter for property [cn.cstqb.exam.testmaker.entities.PaperQuestion:id]
18:19:18.287 [main] DEBUG o.h.c.annotations.SimpleValueBinder - building SimpleValue for id
18:19:18.288 [main] DEBUG o.h.cfg.annotations.PropertyBinder - Building property id
18:19:18.291 [main] DEBUG org.hibernate.cfg.Ejb3Column - Binding column: Ejb3Column{table=org.hibernate.mapping.Table(paper_question), mappingColumn=created_on, insertable=true, updatable=false, unique=false}
18:19:18.291 [main] DEBUG o.h.cfg.annotations.PropertyBinder - MetadataSourceProcessor property createdOn with lazy=false
18:19:18.291 [main] DEBUG o.h.cfg.AbstractPropertyHolder - Attempting to locate auto-apply AttributeConverter for property [cn.cstqb.exam.testmaker.entities.PaperQuestion:createdOn]
18:19:18.292 [main] DEBUG o.h.c.annotations.SimpleValueBinder - building SimpleValue for createdOn
18:19:18.292 [main] DEBUG o.h.cfg.annotations.PropertyBinder - Building property createdOn
18:19:18.293 [main] DEBUG org.hibernate.cfg.Ejb3Column - Binding column: Ejb3Column{table=org.hibernate.mapping.Table(paper_question), mappingColumn=updated_on, insertable=true, updatable=true, unique=false}
18:19:18.294 [main] DEBUG o.h.cfg.annotations.PropertyBinder - MetadataSourceProcessor property updatedOn with lazy=false
18:19:18.294 [main] DEBUG o.h.cfg.AbstractPropertyHolder - Attempting to locate auto-apply AttributeConverter for property [cn.cstqb.exam.testmaker.entities.PaperQuestion:updatedOn]
18:19:18.294 [main] DEBUG o.h.c.annotations.SimpleValueBinder - building SimpleValue for updatedOn
18:19:18.294 [main] DEBUG o.h.cfg.annotations.PropertyBinder - Building property updatedOn
18:19:18.295 [main] DEBUG org.hibernate.cfg.Ejb3Column - Binding column: Ejb3JoinColumn{logicalColumnName=&apos;paper_id&apos;, referencedColumn=&apos;&apos;, mappedBy=&apos;&apos;}
18:19:18.296 [main] DEBUG org.hibernate.cfg.Ejb3Column - Binding column: Ejb3Column{table=org.hibernate.mapping.Table(paper_question), mappingColumn=paper, insertable=true, updatable=true, unique=false}
18:19:18.299 [main] DEBUG o.h.cfg.annotations.PropertyBinder - Building property paper
18:19:18.300 [main] DEBUG org.hibernate.cfg.Ejb3Column - Binding column: Ejb3JoinColumn{logicalColumnName=&apos;paper_question_id&apos;, referencedColumn=&apos;&apos;, mappedBy=&apos;&apos;}
18:19:18.300 [main] DEBUG org.hibernate.cfg.Ejb3Column - Binding column: Ejb3Column{table=org.hibernate.mapping.Table(paper_question), mappingColumn=question, insertable=true, updatable=true, unique=false}
18:19:18.300 [main] DEBUG o.h.cfg.annotations.PropertyBinder - Building property question
18:19:18.302 [main] DEBUG org.hibernate.cfg.AnnotationBinder - Binding entity from annotated class: cn.cstqb.exam.testmaker.entities.ProjectStatus
18:19:18.303 [main] DEBUG org.hibernate.cfg.Ejb3Column - Binding column: Ejb3DiscriminatorColumn{logicalColumnName&apos;DTYPE&apos;, discriminatorTypeName=&apos;string&apos;}
18:19:18.303 [main] DEBUG o.h.cfg.annotations.EntityBinder - Import with entity name ProjectStatus
18:19:18.303 [main] DEBUG o.h.cfg.annotations.EntityBinder - Bind entity cn.cstqb.exam.testmaker.entities.ProjectStatus on table project_status
18:19:18.305 [main] DEBUG org.hibernate.cfg.Ejb3Column - Binding column: Ejb3Column{table=org.hibernate.mapping.Table(project_status), mappingColumn=id, insertable=true, updatable=false, unique=false}
18:19:18.305 [main] DEBUG o.h.cfg.annotations.PropertyBinder - MetadataSourceProcessor property id with lazy=false
18:19:18.305 [main] DEBUG o.h.cfg.AbstractPropertyHolder - Attempting to locate auto-apply AttributeConverter for property [cn.cstqb.exam.testmaker.entities.ProjectStatus:id]
18:19:18.306 [main] DEBUG o.h.c.annotations.SimpleValueBinder - building SimpleValue for id
18:19:18.306 [main] DEBUG o.h.cfg.annotations.PropertyBinder - Building property id
18:19:18.306 [main] DEBUG org.hibernate.cfg.Ejb3Column - Binding column: Ejb3Column{table=org.hibernate.mapping.Table(project_status), mappingColumn=created_on, insertable=true, updatable=false, unique=false}
18:19:18.307 [main] DEBUG o.h.cfg.annotations.PropertyBinder - MetadataSourceProcessor property createdOn with lazy=false
18:19:18.307 [main] DEBUG o.h.cfg.AbstractPropertyHolder - Attempting to locate auto-apply AttributeConverter for property [cn.cstqb.exam.testmaker.entities.ProjectStatus:createdOn]
18:19:18.307 [main] DEBUG o.h.c.annotations.SimpleValueBinder - building SimpleValue for createdOn
18:19:18.307 [main] DEBUG o.h.cfg.annotations.PropertyBinder - Building property createdOn
18:19:18.308 [main] DEBUG org.hibernate.cfg.Ejb3Column - Binding column: Ejb3Column{table=org.hibernate.mapping.Table(project_status), mappingColumn=updated_on, insertable=true, updatable=true, unique=false}
18:19:18.308 [main] DEBUG o.h.cfg.annotations.PropertyBinder - MetadataSourceProcessor property updatedOn with lazy=false
18:19:18.308 [main] DEBUG o.h.cfg.AbstractPropertyHolder - Attempting to locate auto-apply AttributeConverter for property [cn.cstqb.exam.testmaker.entities.ProjectStatus:updatedOn]
18:19:18.308 [main] DEBUG o.h.c.annotations.SimpleValueBinder - building SimpleValue for updatedOn
18:19:18.309 [main] DEBUG o.h.cfg.annotations.PropertyBinder - Building property updatedOn
18:19:18.309 [main] DEBUG org.hibernate.cfg.Ejb3Column - Binding column: Ejb3Column{table=org.hibernate.mapping.Table(project_status), mappingColumn=is_finish, insertable=true, updatable=true, unique=false}
18:19:18.309 [main] DEBUG o.h.cfg.annotations.PropertyBinder - MetadataSourceProcessor property isFinish with lazy=false
18:19:18.309 [main] DEBUG o.h.cfg.AbstractPropertyHolder - Attempting to locate auto-apply AttributeConverter for property [cn.cstqb.exam.testmaker.entities.ProjectStatus:isFinish]
18:19:18.310 [main] DEBUG o.h.c.annotations.SimpleValueBinder - building SimpleValue for isFinish
18:19:18.310 [main] DEBUG o.h.cfg.annotations.PropertyBinder - Building property isFinish
18:19:18.310 [main] DEBUG org.hibernate.cfg.Ejb3Column - Binding column: Ejb3Column{table=org.hibernate.mapping.Table(project_status), mappingColumn=is_start, insertable=true, updatable=true, unique=false}
18:19:18.310 [main] DEBUG o.h.cfg.annotations.PropertyBinder - MetadataSourceProcessor property isStart with lazy=false
18:19:18.311 [main] DEBUG o.h.cfg.AbstractPropertyHolder - Attempting to locate auto-apply AttributeConverter for property [cn.cstqb.exam.testmaker.entities.ProjectStatus:isStart]
18:19:18.311 [main] DEBUG o.h.c.annotations.SimpleValueBinder - building SimpleValue for isStart
18:19:18.311 [main] DEBUG o.h.cfg.annotations.PropertyBinder - Building property isStart
18:19:18.311 [main] DEBUG org.hibernate.cfg.Ejb3Column - Binding column: Ejb3Column{table=org.hibernate.mapping.Table(project_status), mappingColumn=name, insertable=true, updatable=true, unique=true}
18:19:18.312 [main] DEBUG o.h.cfg.annotations.PropertyBinder - MetadataSourceProcessor property name with lazy=false
18:19:18.312 [main] DEBUG o.h.cfg.AbstractPropertyHolder - Attempting to locate auto-apply AttributeConverter for property [cn.cstqb.exam.testmaker.entities.ProjectStatus:name]
18:19:18.312 [main] DEBUG o.h.c.annotations.SimpleValueBinder - building SimpleValue for name
18:19:18.312 [main] DEBUG o.h.cfg.annotations.PropertyBinder - Building property name
18:19:18.313 [main] DEBUG org.hibernate.cfg.AnnotationBinder - Binding entity from annotated class: cn.cstqb.exam.testmaker.entities.ReviewAssessment
18:19:18.313 [main] DEBUG org.hibernate.cfg.Ejb3Column - Binding column: Ejb3DiscriminatorColumn{logicalColumnName&apos;DTYPE&apos;, discriminatorTypeName=&apos;string&apos;}
18:19:18.313 [main] DEBUG o.h.cfg.annotations.EntityBinder - Import with entity name ReviewAssessment
18:19:18.314 [main] DEBUG o.h.cfg.annotations.EntityBinder - Bind entity cn.cstqb.exam.testmaker.entities.ReviewAssessment on table review_assessment
18:19:18.314 [main] DEBUG org.hibernate.cfg.Ejb3Column - Binding column: Ejb3Column{table=org.hibernate.mapping.Table(review_assessment), mappingColumn=id, insertable=true, updatable=false, unique=false}
18:19:18.315 [main] DEBUG o.h.cfg.annotations.PropertyBinder - MetadataSourceProcessor property id with lazy=false
18:19:18.315 [main] DEBUG o.h.cfg.AbstractPropertyHolder - Attempting to locate auto-apply AttributeConverter for property [cn.cstqb.exam.testmaker.entities.ReviewAssessment:id]
18:19:18.315 [main] DEBUG o.h.c.annotations.SimpleValueBinder - building SimpleValue for id
18:19:18.315 [main] DEBUG o.h.cfg.annotations.PropertyBinder - Building property id
18:19:18.316 [main] DEBUG org.hibernate.cfg.Ejb3Column - Binding column: Ejb3Column{table=org.hibernate.mapping.Table(review_assessment), mappingColumn=created_on, insertable=true, updatable=false, unique=false}
18:19:18.316 [main] DEBUG o.h.cfg.annotations.PropertyBinder - MetadataSourceProcessor property createdOn with lazy=false
18:19:18.316 [main] DEBUG o.h.cfg.AbstractPropertyHolder - Attempting to locate auto-apply AttributeConverter for property [cn.cstqb.exam.testmaker.entities.ReviewAssessment:createdOn]
18:19:18.316 [main] DEBUG o.h.c.annotations.SimpleValueBinder - building SimpleValue for createdOn
18:19:18.316 [main] DEBUG o.h.cfg.annotations.PropertyBinder - Building property createdOn
18:19:18.317 [main] DEBUG org.hibernate.cfg.Ejb3Column - Binding column: Ejb3Column{table=org.hibernate.mapping.Table(review_assessment), mappingColumn=updated_on, insertable=true, updatable=true, unique=false}
18:19:18.317 [main] DEBUG o.h.cfg.annotations.PropertyBinder - MetadataSourceProcessor property updatedOn with lazy=false
18:19:18.317 [main] DEBUG o.h.cfg.AbstractPropertyHolder - Attempting to locate auto-apply AttributeConverter for property [cn.cstqb.exam.testmaker.entities.ReviewAssessment:updatedOn]
18:19:18.318 [main] DEBUG o.h.c.annotations.SimpleValueBinder - building SimpleValue for updatedOn
18:19:18.318 [main] DEBUG o.h.cfg.annotations.PropertyBinder - Building property updatedOn
18:19:18.318 [main] DEBUG org.hibernate.cfg.Ejb3Column - Binding column: Ejb3Column{table=org.hibernate.mapping.Table(review_assessment), mappingColumn=name, insertable=true, updatable=true, unique=true}
18:19:18.318 [main] DEBUG o.h.cfg.annotations.PropertyBinder - MetadataSourceProcessor property name with lazy=false
18:19:18.319 [main] DEBUG o.h.cfg.AbstractPropertyHolder - Attempting to locate auto-apply AttributeConverter for property [cn.cstqb.exam.testmaker.entities.ReviewAssessment:name]
18:19:18.319 [main] DEBUG o.h.c.annotations.SimpleValueBinder - building SimpleValue for name
18:19:18.319 [main] DEBUG o.h.cfg.annotations.PropertyBinder - Building property name
18:19:18.319 [main] DEBUG org.hibernate.cfg.AnnotationBinder - Binding entity from annotated class: cn.cstqb.exam.testmaker.entities.QuestionType
18:19:18.320 [main] DEBUG org.hibernate.cfg.Ejb3Column - Binding column: Ejb3DiscriminatorColumn{logicalColumnName&apos;DTYPE&apos;, discriminatorTypeName=&apos;string&apos;}
18:19:18.320 [main] DEBUG o.h.cfg.annotations.EntityBinder - Import with entity name QuestionType
18:19:18.320 [main] DEBUG o.h.cfg.annotations.EntityBinder - Bind entity cn.cstqb.exam.testmaker.entities.QuestionType on table question_type
18:19:18.321 [main] DEBUG org.hibernate.cfg.Ejb3Column - Binding column: Ejb3Column{table=org.hibernate.mapping.Table(question_type), mappingColumn=id, insertable=true, updatable=false, unique=false}
18:19:18.321 [main] DEBUG o.h.cfg.annotations.PropertyBinder - MetadataSourceProcessor property id with lazy=false
18:19:18.321 [main] DEBUG o.h.cfg.AbstractPropertyHolder - Attempting to locate auto-apply AttributeConverter for property [cn.cstqb.exam.testmaker.entities.QuestionType:id]
18:19:18.322 [main] DEBUG o.h.c.annotations.SimpleValueBinder - building SimpleValue for id
18:19:18.322 [main] DEBUG o.h.cfg.annotations.PropertyBinder - Building property id
18:19:18.322 [main] DEBUG org.hibernate.cfg.Ejb3Column - Binding column: Ejb3Column{table=org.hibernate.mapping.Table(question_type), mappingColumn=created_on, insertable=true, updatable=false, unique=false}
18:19:18.322 [main] DEBUG o.h.cfg.annotations.PropertyBinder - MetadataSourceProcessor property createdOn with lazy=false
18:19:18.322 [main] DEBUG o.h.cfg.AbstractPropertyHolder - Attempting to locate auto-apply AttributeConverter for property [cn.cstqb.exam.testmaker.entities.QuestionType:createdOn]
18:19:18.323 [main] DEBUG o.h.c.annotations.SimpleValueBinder - building SimpleValue for createdOn
18:19:18.323 [main] DEBUG o.h.cfg.annotations.PropertyBinder - Building property createdOn
18:19:18.323 [main] DEBUG org.hibernate.cfg.Ejb3Column - Binding column: Ejb3Column{table=org.hibernate.mapping.Table(question_type), mappingColumn=updated_on, insertable=true, updatable=true, unique=false}
18:19:18.323 [main] DEBUG o.h.cfg.annotations.PropertyBinder - MetadataSourceProcessor property updatedOn with lazy=false
18:19:18.323 [main] DEBUG o.h.cfg.AbstractPropertyHolder - Attempting to locate auto-apply AttributeConverter for property [cn.cstqb.exam.testmaker.entities.QuestionType:updatedOn]
18:19:18.324 [main] DEBUG o.h.c.annotations.SimpleValueBinder - building SimpleValue for updatedOn
18:19:18.324 [main] DEBUG o.h.cfg.annotations.PropertyBinder - Building property updatedOn
18:19:18.324 [main] DEBUG org.hibernate.cfg.Ejb3Column - Binding column: Ejb3Column{table=org.hibernate.mapping.Table(question_type), mappingColumn=name, insertable=true, updatable=true, unique=true}
18:19:18.324 [main] DEBUG o.h.cfg.annotations.PropertyBinder - MetadataSourceProcessor property name with lazy=false
18:19:18.324 [main] DEBUG o.h.cfg.AbstractPropertyHolder - Attempting to locate auto-apply AttributeConverter for property [cn.cstqb.exam.testmaker.entities.QuestionType:name]
18:19:18.325 [main] DEBUG o.h.c.annotations.SimpleValueBinder - building SimpleValue for name
18:19:18.325 [main] DEBUG o.h.cfg.annotations.PropertyBinder - Building property name
18:19:18.325 [main] DEBUG org.hibernate.cfg.AnnotationBinder - Binding entity from annotated class: cn.cstqb.exam.testmaker.entities.User
18:19:18.330 [main] DEBUG o.h.cfg.annotations.QueryBinder - Binding named query: User.findByUserName =&gt; SELECT u from User u where u.username = :username
18:19:18.330 [main] DEBUG org.hibernate.cfg.Ejb3Column - Binding column: Ejb3DiscriminatorColumn{logicalColumnName&apos;DTYPE&apos;, discriminatorTypeName=&apos;string&apos;}
18:19:18.330 [main] DEBUG o.h.cfg.annotations.EntityBinder - Import with entity name User
18:19:18.331 [main] DEBUG o.h.cfg.annotations.EntityBinder - Bind entity cn.cstqb.exam.testmaker.entities.User on table user
18:19:18.335 [main] DEBUG org.hibernate.cfg.Ejb3Column - Binding column: Ejb3Column{table=org.hibernate.mapping.Table(user), mappingColumn=id, insertable=true, updatable=false, unique=false}
18:19:18.335 [main] DEBUG o.h.cfg.annotations.PropertyBinder - MetadataSourceProcessor property id with lazy=false
18:19:18.335 [main] DEBUG o.h.cfg.AbstractPropertyHolder - Attempting to locate auto-apply AttributeConverter for property [cn.cstqb.exam.testmaker.entities.User:id]
18:19:18.336 [main] DEBUG o.h.c.annotations.SimpleValueBinder - building SimpleValue for id
18:19:18.336 [main] DEBUG o.h.cfg.annotations.PropertyBinder - Building property id
18:19:18.336 [main] DEBUG org.hibernate.cfg.Ejb3Column - Binding column: Ejb3Column{table=org.hibernate.mapping.Table(user), mappingColumn=created_on, insertable=true, updatable=false, unique=false}
18:19:18.336 [main] DEBUG o.h.cfg.annotations.PropertyBinder - MetadataSourceProcessor property createdOn with lazy=false
18:19:18.336 [main] DEBUG o.h.cfg.AbstractPropertyHolder - Attempting to locate auto-apply AttributeConverter for property [cn.cstqb.exam.testmaker.entities.User:createdOn]
18:19:18.336 [main] DEBUG o.h.c.annotations.SimpleValueBinder - building SimpleValue for createdOn
18:19:18.336 [main] DEBUG o.h.cfg.annotations.PropertyBinder - Building property createdOn
18:19:18.336 [main] DEBUG org.hibernate.cfg.Ejb3Column - Binding column: Ejb3Column{table=org.hibernate.mapping.Table(user), mappingColumn=updated_on, insertable=true, updatable=true, unique=false}
18:19:18.337 [main] DEBUG o.h.cfg.annotations.PropertyBinder - MetadataSourceProcessor property updatedOn with lazy=false
18:19:18.337 [main] DEBUG o.h.cfg.AbstractPropertyHolder - Attempting to locate auto-apply AttributeConverter for property [cn.cstqb.exam.testmaker.entities.User:updatedOn]
18:19:18.337 [main] DEBUG o.h.c.annotations.SimpleValueBinder - building SimpleValue for updatedOn
18:19:18.337 [main] DEBUG o.h.cfg.annotations.PropertyBinder - Building property updatedOn
18:19:18.338 [main] DEBUG org.hibernate.cfg.Ejb3Column - Binding column: Ejb3Column{table=org.hibernate.mapping.Table(user), mappingColumn=email, insertable=true, updatable=true, unique=true}
18:19:18.338 [main] DEBUG o.h.cfg.annotations.PropertyBinder - MetadataSourceProcessor property email with lazy=false
18:19:18.338 [main] DEBUG o.h.cfg.AbstractPropertyHolder - Attempting to locate auto-apply AttributeConverter for property [cn.cstqb.exam.testmaker.entities.User:email]
18:19:18.338 [main] DEBUG o.h.c.annotations.SimpleValueBinder - building SimpleValue for email
18:19:18.338 [main] DEBUG o.h.cfg.annotations.PropertyBinder - Building property email
18:19:18.339 [main] DEBUG org.hibernate.cfg.Ejb3Column - Binding column: Ejb3Column{table=org.hibernate.mapping.Table(user), mappingColumn=enabled, insertable=true, updatable=true, unique=false}
18:19:18.339 [main] DEBUG o.h.cfg.annotations.PropertyBinder - MetadataSourceProcessor property enabled with lazy=false
18:19:18.339 [main] DEBUG o.h.cfg.AbstractPropertyHolder - Attempting to locate auto-apply AttributeConverter for property [cn.cstqb.exam.testmaker.entities.User:enabled]
18:19:18.339 [main] DEBUG o.h.c.annotations.SimpleValueBinder - building SimpleValue for enabled
18:19:18.339 [main] DEBUG o.h.cfg.annotations.PropertyBinder - Building property enabled
18:19:18.340 [main] DEBUG org.hibernate.cfg.Ejb3Column - Binding column: Ejb3Column{table=org.hibernate.mapping.Table(user), mappingColumn=full_name, insertable=true, updatable=true, unique=false}
18:19:18.340 [main] DEBUG o.h.cfg.annotations.PropertyBinder - MetadataSourceProcessor property fullName with lazy=false
18:19:18.340 [main] DEBUG o.h.cfg.AbstractPropertyHolder - Attempting to locate auto-apply AttributeConverter for property [cn.cstqb.exam.testmaker.entities.User:fullName]
18:19:18.340 [main] DEBUG o.h.c.annotations.SimpleValueBinder - building SimpleValue for fullName
18:19:18.341 [main] DEBUG o.h.cfg.annotations.PropertyBinder - Building property fullName
18:19:18.341 [main] DEBUG org.hibernate.cfg.Ejb3Column - Binding column: Ejb3Column{table=org.hibernate.mapping.Table(user), mappingColumn=is_admin, insertable=true, updatable=true, unique=false}
18:19:18.341 [main] DEBUG o.h.cfg.annotations.PropertyBinder - MetadataSourceProcessor property isAdmin with lazy=false
18:19:18.341 [main] DEBUG o.h.cfg.AbstractPropertyHolder - Attempting to locate auto-apply AttributeConverter for property [cn.cstqb.exam.testmaker.entities.User:isAdmin]
18:19:18.341 [main] DEBUG o.h.c.annotations.SimpleValueBinder - building SimpleValue for isAdmin
18:19:18.342 [main] DEBUG o.h.cfg.annotations.PropertyBinder - Building property isAdmin
18:19:18.342 [main] DEBUG org.hibernate.cfg.Ejb3Column - Binding column: Ejb3Column{table=org.hibernate.mapping.Table(user), mappingColumn=last_login, insertable=true, updatable=true, unique=false}
18:19:18.342 [main] DEBUG o.h.cfg.annotations.PropertyBinder - MetadataSourceProcessor property lastLogin with lazy=false
18:19:18.342 [main] DEBUG o.h.cfg.AbstractPropertyHolder - Attempting to locate auto-apply AttributeConverter for property [cn.cstqb.exam.testmaker.entities.User:lastLogin]
18:19:18.342 [main] DEBUG o.h.c.annotations.SimpleValueBinder - building SimpleValue for lastLogin
18:19:18.343 [main] DEBUG o.h.cfg.annotations.PropertyBinder - Building property lastLogin
18:19:18.343 [main] DEBUG org.hibernate.cfg.Ejb3Column - Binding column: Ejb3Column{table=org.hibernate.mapping.Table(user), mappingColumn=login_count, insertable=true, updatable=true, unique=false}
18:19:18.343 [main] DEBUG o.h.cfg.annotations.PropertyBinder - MetadataSourceProcessor property loginCount with lazy=false
18:19:18.343 [main] DEBUG o.h.cfg.AbstractPropertyHolder - Attempting to locate auto-apply AttributeConverter for property [cn.cstqb.exam.testmaker.entities.User:loginCount]
18:19:18.343 [main] DEBUG o.h.c.annotations.SimpleValueBinder - building SimpleValue for loginCount
18:19:18.344 [main] DEBUG o.h.cfg.annotations.PropertyBinder - Building property loginCount
18:19:18.344 [main] DEBUG org.hibernate.cfg.Ejb3Column - Binding column: Ejb3Column{table=org.hibernate.mapping.Table(user), mappingColumn=password, insertable=true, updatable=true, unique=false}
18:19:18.344 [main] DEBUG o.h.cfg.annotations.PropertyBinder - MetadataSourceProcessor property password with lazy=false
18:19:18.344 [main] DEBUG o.h.cfg.AbstractPropertyHolder - Attempting to locate auto-apply AttributeConverter for property [cn.cstqb.exam.testmaker.entities.User:password]
18:19:18.345 [main] DEBUG o.h.c.annotations.SimpleValueBinder - building SimpleValue for password
18:19:18.345 [main] DEBUG o.h.cfg.annotations.PropertyBinder - Building property password
18:19:18.345 [main] DEBUG org.hibernate.cfg.Ejb3Column - Binding column: Ejb3Column{table=org.hibernate.mapping.Table(user), mappingColumn=phone, insertable=true, updatable=true, unique=false}
18:19:18.346 [main] DEBUG o.h.cfg.annotations.PropertyBinder - MetadataSourceProcessor property phone with lazy=false
18:19:18.346 [main] DEBUG o.h.cfg.AbstractPropertyHolder - Attempting to locate auto-apply AttributeConverter for property [cn.cstqb.exam.testmaker.entities.User:phone]
18:19:18.346 [main] DEBUG o.h.c.annotations.SimpleValueBinder - building SimpleValue for phone
18:19:18.346 [main] DEBUG o.h.cfg.annotations.PropertyBinder - Building property phone
18:19:18.347 [main] DEBUG org.hibernate.cfg.Ejb3Column - Binding column: Ejb3Column{table=org.hibernate.mapping.Table(user), mappingColumn=null, insertable=true, updatable=true, unique=false}
18:19:18.357 [main] DEBUG org.hibernate.cfg.Ejb3Column - Binding column: Ejb3Column{table=org.hibernate.mapping.Table(user), mappingColumn=element, insertable=true, updatable=true, unique=false}
18:19:18.358 [main] DEBUG org.hibernate.cfg.Ejb3Column - Binding column: Ejb3Column{table=org.hibernate.mapping.Table(user), mappingColumn=projects_key, insertable=true, updatable=true, unique=false}
18:19:18.358 [main] DEBUG org.hibernate.cfg.Ejb3Column - Binding column: Ejb3JoinColumn{logicalColumnName=&apos;projects_KEY&apos;, referencedColumn=&apos;null&apos;, mappedBy=&apos;null&apos;}
18:19:18.358 [main] DEBUG org.hibernate.cfg.Ejb3Column - Binding column: Ejb3JoinColumn{logicalColumnName=&apos;null&apos;, referencedColumn=&apos;null&apos;, mappedBy=&apos;users&apos;}
18:19:18.359 [main] DEBUG org.hibernate.cfg.Ejb3Column - Binding column: Ejb3JoinColumn{logicalColumnName=&apos;null&apos;, referencedColumn=&apos;null&apos;, mappedBy=&apos;users&apos;}
18:19:18.360 [main] DEBUG o.h.cfg.annotations.CollectionBinder - Collection role: cn.cstqb.exam.testmaker.entities.User.projects
18:19:18.362 [main] DEBUG o.h.cfg.annotations.PropertyBinder - Building property projects
18:19:18.363 [main] DEBUG org.hibernate.cfg.Ejb3Column - Binding column: Ejb3Column{table=org.hibernate.mapping.Table(user), mappingColumn=username, insertable=true, updatable=false, unique=true}
18:19:18.363 [main] DEBUG o.h.cfg.annotations.PropertyBinder - MetadataSourceProcessor property username with lazy=false
18:19:18.363 [main] DEBUG o.h.cfg.AbstractPropertyHolder - Attempting to locate auto-apply AttributeConverter for property [cn.cstqb.exam.testmaker.entities.User:username]
18:19:18.363 [main] DEBUG o.h.c.annotations.SimpleValueBinder - building SimpleValue for username
18:19:18.364 [main] DEBUG o.h.cfg.annotations.PropertyBinder - Building property username
18:19:18.364 [main] DEBUG org.hibernate.cfg.AnnotationBinder - Binding entity from annotated class: cn.cstqb.exam.testmaker.entities.Chapter
18:19:18.364 [main] DEBUG org.hibernate.cfg.Ejb3Column - Binding column: Ejb3DiscriminatorColumn{logicalColumnName&apos;DTYPE&apos;, discriminatorTypeName=&apos;string&apos;}
18:19:18.364 [main] DEBUG o.h.cfg.annotations.EntityBinder - Import with entity name Chapter
18:19:18.365 [main] DEBUG o.h.cfg.annotations.EntityBinder - Bind entity cn.cstqb.exam.testmaker.entities.Chapter on table chapter
18:19:18.369 [main] DEBUG org.hibernate.cfg.Ejb3Column - Binding column: Ejb3Column{table=org.hibernate.mapping.Table(chapter), mappingColumn=id, insertable=true, updatable=false, unique=false}
18:19:18.370 [main] DEBUG o.h.cfg.annotations.PropertyBinder - MetadataSourceProcessor property id with lazy=false
18:19:18.370 [main] DEBUG o.h.cfg.AbstractPropertyHolder - Attempting to locate auto-apply AttributeConverter for property [cn.cstqb.exam.testmaker.entities.Chapter:id]
18:19:18.370 [main] DEBUG o.h.c.annotations.SimpleValueBinder - building SimpleValue for id
18:19:18.370 [main] DEBUG o.h.cfg.annotations.PropertyBinder - Building property id
18:19:18.371 [main] DEBUG org.hibernate.cfg.Ejb3Column - Binding column: Ejb3Column{table=org.hibernate.mapping.Table(chapter), mappingColumn=created_on, insertable=true, updatable=false, unique=false}
18:19:18.371 [main] DEBUG o.h.cfg.annotations.PropertyBinder - MetadataSourceProcessor property createdOn with lazy=false
18:19:18.371 [main] DEBUG o.h.cfg.AbstractPropertyHolder - Attempting to locate auto-apply AttributeConverter for property [cn.cstqb.exam.testmaker.entities.Chapter:createdOn]
18:19:18.372 [main] DEBUG o.h.c.annotations.SimpleValueBinder - building SimpleValue for createdOn
18:19:18.372 [main] DEBUG o.h.cfg.annotations.PropertyBinder - Building property createdOn
18:19:18.372 [main] DEBUG org.hibernate.cfg.Ejb3Column - Binding column: Ejb3Column{table=org.hibernate.mapping.Table(chapter), mappingColumn=updated_on, insertable=true, updatable=true, unique=false}
18:19:18.372 [main] DEBUG o.h.cfg.annotations.PropertyBinder - MetadataSourceProcessor property updatedOn with lazy=false
18:19:18.373 [main] DEBUG o.h.cfg.AbstractPropertyHolder - Attempting to locate auto-apply AttributeConverter for property [cn.cstqb.exam.testmaker.entities.Chapter:updatedOn]
18:19:18.373 [main] DEBUG o.h.c.annotations.SimpleValueBinder - building SimpleValue for updatedOn
18:19:18.373 [main] DEBUG o.h.cfg.annotations.PropertyBinder - Building property updatedOn
18:19:18.373 [main] DEBUG org.hibernate.cfg.Ejb3Column - Binding column: Ejb3Column{table=org.hibernate.mapping.Table(chapter), mappingColumn=number, insertable=true, updatable=true, unique=false}
18:19:18.374 [main] DEBUG o.h.cfg.annotations.PropertyBinder - MetadataSourceProcessor property number with lazy=false
18:19:18.374 [main] DEBUG o.h.cfg.AbstractPropertyHolder - Attempting to locate auto-apply AttributeConverter for property [cn.cstqb.exam.testmaker.entities.Chapter:number]
18:19:18.374 [main] DEBUG o.h.c.annotations.SimpleValueBinder - building SimpleValue for number
18:19:18.374 [main] DEBUG o.h.cfg.annotations.PropertyBinder - Building property number
18:19:18.374 [main] DEBUG org.hibernate.cfg.Ejb3Column - Binding column: Ejb3JoinColumn{logicalColumnName=&apos;null&apos;, referencedColumn=&apos;null&apos;, mappedBy=&apos;chapter&apos;}
18:19:18.375 [main] DEBUG org.hibernate.cfg.Ejb3Column - Binding column: Ejb3Column{table=org.hibernate.mapping.Table(chapter), mappingColumn=points, insertable=true, updatable=true, unique=false}
18:19:18.375 [main] DEBUG org.hibernate.cfg.Ejb3Column - Binding column: Ejb3Column{table=org.hibernate.mapping.Table(chapter), mappingColumn=null, insertable=true, updatable=true, unique=false}
18:19:18.376 [main] DEBUG org.hibernate.cfg.Ejb3Column - Binding column: Ejb3Column{table=org.hibernate.mapping.Table(chapter), mappingColumn=element, insertable=true, updatable=true, unique=false}
18:19:18.376 [main] DEBUG org.hibernate.cfg.Ejb3Column - Binding column: Ejb3Column{table=org.hibernate.mapping.Table(chapter), mappingColumn=points_key, insertable=true, updatable=true, unique=false}
18:19:18.376 [main] DEBUG org.hibernate.cfg.Ejb3Column - Binding column: Ejb3JoinColumn{logicalColumnName=&apos;points_KEY&apos;, referencedColumn=&apos;null&apos;, mappedBy=&apos;null&apos;}
18:19:18.377 [main] DEBUG org.hibernate.cfg.Ejb3Column - Binding column: Ejb3JoinColumn{logicalColumnName=&apos;null&apos;, referencedColumn=&apos;null&apos;, mappedBy=&apos;chapter&apos;}
18:19:18.377 [main] DEBUG org.hibernate.cfg.Ejb3Column - Binding column: Ejb3JoinColumn{logicalColumnName=&apos;null&apos;, referencedColumn=&apos;null&apos;, mappedBy=&apos;chapter&apos;}
18:19:18.377 [main] DEBUG o.h.cfg.annotations.CollectionBinder - Collection role: cn.cstqb.exam.testmaker.entities.Chapter.points
18:19:18.377 [main] DEBUG o.h.cfg.annotations.PropertyBinder - Building property points
18:19:18.378 [main] DEBUG org.hibernate.cfg.Ejb3Column - Binding column: Ejb3JoinColumn{logicalColumnName=&apos;syllabus_id&apos;, referencedColumn=&apos;&apos;, mappedBy=&apos;&apos;}
18:19:18.378 [main] DEBUG org.hibernate.cfg.Ejb3Column - Binding column: Ejb3Column{table=org.hibernate.mapping.Table(chapter), mappingColumn=syllabus, insertable=true, updatable=true, unique=false}
18:19:18.378 [main] DEBUG o.h.cfg.annotations.PropertyBinder - Building property syllabus
18:19:18.379 [main] DEBUG org.hibernate.cfg.Ejb3Column - Binding column: Ejb3Column{table=org.hibernate.mapping.Table(chapter), mappingColumn=title, insertable=true, updatable=true, unique=false}
18:19:18.379 [main] DEBUG o.h.cfg.annotations.PropertyBinder - MetadataSourceProcessor property title with lazy=false
18:19:18.379 [main] DEBUG o.h.cfg.AbstractPropertyHolder - Attempting to locate auto-apply AttributeConverter for property [cn.cstqb.exam.testmaker.entities.Chapter:title]
18:19:18.379 [main] DEBUG o.h.c.annotations.SimpleValueBinder - building SimpleValue for title
18:19:18.379 [main] DEBUG o.h.cfg.annotations.PropertyBinder - Building property title
18:19:18.380 [main] DEBUG org.hibernate.cfg.AnnotationBinder - Binding entity from annotated class: cn.cstqb.exam.testmaker.entities.QuestionChoiceImage
18:19:18.380 [main] DEBUG org.hibernate.cfg.Ejb3Column - Binding column: Ejb3DiscriminatorColumn{logicalColumnName&apos;DTYPE&apos;, discriminatorTypeName=&apos;string&apos;}
18:19:18.380 [main] DEBUG o.h.cfg.annotations.EntityBinder - Import with entity name QuestionChoiceImage
18:19:18.381 [main] DEBUG o.h.cfg.annotations.EntityBinder - Bind entity cn.cstqb.exam.testmaker.entities.QuestionChoiceImage on table question_choice_image
18:19:18.383 [main] DEBUG org.hibernate.cfg.Ejb3Column - Binding column: Ejb3Column{table=org.hibernate.mapping.Table(question_choice_image), mappingColumn=id, insertable=true, updatable=false, unique=false}
18:19:18.383 [main] DEBUG o.h.cfg.annotations.PropertyBinder - MetadataSourceProcessor property id with lazy=false
18:19:18.383 [main] DEBUG o.h.cfg.AbstractPropertyHolder - Attempting to locate auto-apply AttributeConverter for property [cn.cstqb.exam.testmaker.entities.QuestionChoiceImage:id]
18:19:18.384 [main] DEBUG o.h.c.annotations.SimpleValueBinder - building SimpleValue for id
18:19:18.384 [main] DEBUG o.h.cfg.annotations.PropertyBinder - Building property id
18:19:18.384 [main] DEBUG org.hibernate.cfg.Ejb3Column - Binding column: Ejb3Column{table=org.hibernate.mapping.Table(question_choice_image), mappingColumn=created_on, insertable=true, updatable=false, unique=false}
18:19:18.384 [main] DEBUG o.h.cfg.annotations.PropertyBinder - MetadataSourceProcessor property createdOn with lazy=false
18:19:18.385 [main] DEBUG o.h.cfg.AbstractPropertyHolder - Attempting to locate auto-apply AttributeConverter for property [cn.cstqb.exam.testmaker.entities.QuestionChoiceImage:createdOn]
18:19:18.385 [main] DEBUG o.h.c.annotations.SimpleValueBinder - building SimpleValue for createdOn
18:19:18.385 [main] DEBUG o.h.cfg.annotations.PropertyBinder - Building property createdOn
18:19:18.385 [main] DEBUG org.hibernate.cfg.Ejb3Column - Binding column: Ejb3Column{table=org.hibernate.mapping.Table(question_choice_image), mappingColumn=updated_on, insertable=true, updatable=true, unique=false}
18:19:18.386 [main] DEBUG o.h.cfg.annotations.PropertyBinder - MetadataSourceProcessor property updatedOn with lazy=false
18:19:18.386 [main] DEBUG o.h.cfg.AbstractPropertyHolder - Attempting to locate auto-apply AttributeConverter for property [cn.cstqb.exam.testmaker.entities.QuestionChoiceImage:updatedOn]
18:19:18.386 [main] DEBUG o.h.c.annotations.SimpleValueBinder - building SimpleValue for updatedOn
18:19:18.386 [main] DEBUG o.h.cfg.annotations.PropertyBinder - Building property updatedOn
18:19:18.387 [main] DEBUG org.hibernate.cfg.Ejb3Column - Binding column: Ejb3Column{table=org.hibernate.mapping.Table(question_choice_image), mappingColumn=path, insertable=true, updatable=true, unique=false}
18:19:18.387 [main] DEBUG o.h.cfg.annotations.PropertyBinder - MetadataSourceProcessor property path with lazy=false
18:19:18.387 [main] DEBUG o.h.cfg.AbstractPropertyHolder - Attempting to locate auto-apply AttributeConverter for property [cn.cstqb.exam.testmaker.entities.QuestionChoiceImage:path]
18:19:18.388 [main] DEBUG o.h.c.annotations.SimpleValueBinder - building SimpleValue for path
18:19:18.388 [main] DEBUG o.h.cfg.annotations.PropertyBinder - Building property path
18:19:18.389 [main] DEBUG org.hibernate.cfg.Ejb3Column - Binding column: Ejb3Column{table=org.hibernate.mapping.Table(question_choice_image), mappingColumn=caption, insertable=true, updatable=true, unique=false}
18:19:18.389 [main] DEBUG o.h.cfg.annotations.PropertyBinder - MetadataSourceProcessor property caption with lazy=false
18:19:18.389 [main] DEBUG o.h.cfg.AbstractPropertyHolder - Attempting to locate auto-apply AttributeConverter for property [cn.cstqb.exam.testmaker.entities.QuestionChoiceImage:caption]
18:19:18.389 [main] DEBUG o.h.c.annotations.SimpleValueBinder - building SimpleValue for caption
18:19:18.389 [main] DEBUG o.h.cfg.annotations.PropertyBinder - Building property caption
18:19:18.390 [main] DEBUG org.hibernate.cfg.Ejb3Column - Binding column: Ejb3JoinColumn{logicalColumnName=&apos;QUESTION_CHOICE_ID&apos;, referencedColumn=&apos;&apos;, mappedBy=&apos;&apos;}
18:19:18.390 [main] DEBUG org.hibernate.cfg.Ejb3Column - Binding column: Ejb3Column{table=org.hibernate.mapping.Table(question_choice_image), mappingColumn=choice, insertable=true, updatable=true, unique=false}
18:19:18.390 [main] DEBUG o.h.cfg.annotations.PropertyBinder - Building property choice
18:19:18.391 [main] DEBUG org.hibernate.cfg.AnnotationBinder - Binding entity from annotated class: cn.cstqb.exam.testmaker.entities.Question
18:19:18.391 [main] DEBUG org.hibernate.cfg.Ejb3Column - Binding column: Ejb3DiscriminatorColumn{logicalColumnName&apos;DTYPE&apos;, discriminatorTypeName=&apos;string&apos;}
18:19:18.391 [main] DEBUG o.h.cfg.annotations.EntityBinder - Import with entity name Question
18:19:18.392 [main] DEBUG o.h.cfg.annotations.EntityBinder - Bind entity cn.cstqb.exam.testmaker.entities.Question on table question
18:19:18.401 [main] DEBUG org.hibernate.cfg.Ejb3Column - Binding column: Ejb3Column{table=org.hibernate.mapping.Table(question), mappingColumn=id, insertable=true, updatable=false, unique=false}
18:19:18.402 [main] DEBUG o.h.cfg.annotations.PropertyBinder - MetadataSourceProcessor property id with lazy=false
18:19:18.402 [main] DEBUG o.h.cfg.AbstractPropertyHolder - Attempting to locate auto-apply AttributeConverter for property [cn.cstqb.exam.testmaker.entities.Question:id]
18:19:18.402 [main] DEBUG o.h.c.annotations.SimpleValueBinder - building SimpleValue for id
18:19:18.402 [main] DEBUG o.h.cfg.annotations.PropertyBinder - Building property id
18:19:18.403 [main] DEBUG org.hibernate.cfg.Ejb3Column - Binding column: Ejb3Column{table=org.hibernate.mapping.Table(question), mappingColumn=created_on, insertable=true, updatable=false, unique=false}
18:19:18.403 [main] DEBUG o.h.cfg.annotations.PropertyBinder - MetadataSourceProcessor property createdOn with lazy=false
18:19:18.403 [main] DEBUG o.h.cfg.AbstractPropertyHolder - Attempting to locate auto-apply AttributeConverter for property [cn.cstqb.exam.testmaker.entities.Question:createdOn]
18:19:18.403 [main] DEBUG o.h.c.annotations.SimpleValueBinder - building SimpleValue for createdOn
18:19:18.403 [main] DEBUG o.h.cfg.annotations.PropertyBinder - Building property createdOn
18:19:18.404 [main] DEBUG org.hibernate.cfg.Ejb3Column - Binding column: Ejb3Column{table=org.hibernate.mapping.Table(question), mappingColumn=updated_on, insertable=true, updatable=true, unique=false}
18:19:18.404 [main] DEBUG o.h.cfg.annotations.PropertyBinder - MetadataSourceProcessor property updatedOn with lazy=false
18:19:18.404 [main] DEBUG o.h.cfg.AbstractPropertyHolder - Attempting to locate auto-apply AttributeConverter for property [cn.cstqb.exam.testmaker.entities.Question:updatedOn]
18:19:18.404 [main] DEBUG o.h.c.annotations.SimpleValueBinder - building SimpleValue for updatedOn
18:19:18.404 [main] DEBUG o.h.cfg.annotations.PropertyBinder - Building property updatedOn
18:19:18.404 [main] DEBUG org.hibernate.cfg.Ejb3Column - Binding column: Ejb3JoinColumn{logicalColumnName=&apos;author_id&apos;, referencedColumn=&apos;&apos;, mappedBy=&apos;&apos;}
18:19:18.405 [main] DEBUG org.hibernate.cfg.Ejb3Column - Binding column: Ejb3Column{table=org.hibernate.mapping.Table(question), mappingColumn=author, insertable=true, updatable=true, unique=false}
18:19:18.405 [main] DEBUG o.h.cfg.annotations.PropertyBinder - Building property author
18:19:18.405 [main] DEBUG org.hibernate.cfg.Ejb3Column - Binding column: Ejb3Column{table=org.hibernate.mapping.Table(question), mappingColumn=authoring_finish_date, insertable=true, updatable=true, unique=false}
18:19:18.405 [main] DEBUG o.h.cfg.annotations.PropertyBinder - MetadataSourceProcessor property authoringFinishDate with lazy=false
18:19:18.406 [main] DEBUG o.h.cfg.AbstractPropertyHolder - Attempting to locate auto-apply AttributeConverter for property [cn.cstqb.exam.testmaker.entities.Question:authoringFinishDate]
18:19:18.406 [main] DEBUG o.h.c.annotations.SimpleValueBinder - building SimpleValue for authoringFinishDate
18:19:18.406 [main] DEBUG o.h.cfg.annotations.PropertyBinder - Building property authoringFinishDate
18:19:18.406 [main] DEBUG org.hibernate.cfg.Ejb3Column - Binding column: Ejb3Column{table=org.hibernate.mapping.Table(question), mappingColumn=authoring_start_date, insertable=true, updatable=true, unique=false}
18:19:18.407 [main] DEBUG o.h.cfg.annotations.PropertyBinder - MetadataSourceProcessor property authoringStartDate with lazy=false
18:19:18.407 [main] DEBUG o.h.cfg.AbstractPropertyHolder - Attempting to locate auto-apply AttributeConverter for property [cn.cstqb.exam.testmaker.entities.Question:authoringStartDate]
18:19:18.407 [main] DEBUG o.h.c.annotations.SimpleValueBinder - building SimpleValue for authoringStartDate
18:19:18.407 [main] DEBUG o.h.cfg.annotations.PropertyBinder - Building property authoringStartDate
18:19:18.408 [main] DEBUG org.hibernate.cfg.Ejb3Column - Binding column: Ejb3Column{table=org.hibernate.mapping.Table(question), mappingColumn=custom_field2, insertable=true, updatable=true, unique=false}
18:19:18.408 [main] DEBUG o.h.cfg.annotations.PropertyBinder - MetadataSourceProcessor property customField2 with lazy=false
18:19:18.408 [main] DEBUG o.h.cfg.AbstractPropertyHolder - Attempting to locate auto-apply AttributeConverter for property [cn.cstqb.exam.testmaker.entities.Question:customField2]
18:19:18.408 [main] DEBUG o.h.c.annotations.SimpleValueBinder - building SimpleValue for customField2
18:19:18.408 [main] DEBUG o.h.cfg.annotations.PropertyBinder - Building property customField2
18:19:18.409 [main] DEBUG org.hibernate.cfg.Ejb3Column - Binding column: Ejb3Column{table=org.hibernate.mapping.Table(question), mappingColumn=custom_field3, insertable=true, updatable=true, unique=false}
18:19:18.409 [main] DEBUG o.h.cfg.annotations.PropertyBinder - MetadataSourceProcessor property customField3 with lazy=false
18:19:18.409 [main] DEBUG o.h.cfg.AbstractPropertyHolder - Attempting to locate auto-apply AttributeConverter for property [cn.cstqb.exam.testmaker.entities.Question:customField3]
18:19:18.409 [main] DEBUG o.h.c.annotations.SimpleValueBinder - building SimpleValue for customField3
18:19:18.409 [main] DEBUG o.h.cfg.annotations.PropertyBinder - Building property customField3
18:19:18.410 [main] DEBUG org.hibernate.cfg.Ejb3Column - Binding column: Ejb3Column{table=org.hibernate.mapping.Table(question), mappingColumn=custom_filed1, insertable=true, updatable=true, unique=false}
18:19:18.410 [main] DEBUG o.h.cfg.annotations.PropertyBinder - MetadataSourceProcessor property customFiled1 with lazy=false
18:19:18.410 [main] DEBUG o.h.cfg.AbstractPropertyHolder - Attempting to locate auto-apply AttributeConverter for property [cn.cstqb.exam.testmaker.entities.Question:customFiled1]
18:19:18.410 [main] DEBUG o.h.c.annotations.SimpleValueBinder - building SimpleValue for customFiled1
18:19:18.410 [main] DEBUG o.h.cfg.annotations.PropertyBinder - Building property customFiled1
18:19:18.411 [main] DEBUG org.hibernate.cfg.Ejb3Column - Binding column: Ejb3Column{table=org.hibernate.mapping.Table(question), mappingColumn=description, insertable=true, updatable=true, unique=false}
18:19:18.411 [main] DEBUG o.h.cfg.annotations.PropertyBinder - MetadataSourceProcessor property description with lazy=false
18:19:18.411 [main] DEBUG o.h.cfg.AbstractPropertyHolder - Attempting to locate auto-apply AttributeConverter for property [cn.cstqb.exam.testmaker.entities.Question:description]
18:19:18.411 [main] DEBUG o.h.c.annotations.SimpleValueBinder - building SimpleValue for description
18:19:18.411 [main] DEBUG o.h.cfg.annotations.PropertyBinder - Building property description
18:19:18.412 [main] DEBUG org.hibernate.cfg.Ejb3Column - Binding column: Ejb3Column{table=org.hibernate.mapping.Table(question), mappingColumn=difficulty, insertable=true, updatable=true, unique=false}
18:19:18.412 [main] DEBUG o.h.cfg.annotations.PropertyBinder - MetadataSourceProcessor property difficulty with lazy=false
18:19:18.412 [main] DEBUG o.h.cfg.AbstractPropertyHolder - Attempting to locate auto-apply AttributeConverter for property [cn.cstqb.exam.testmaker.entities.Question:difficulty]
18:19:18.412 [main] DEBUG o.h.c.annotations.SimpleValueBinder - building SimpleValue for difficulty
18:19:18.413 [main] DEBUG o.h.cfg.annotations.PropertyBinder - Building property difficulty
18:19:18.413 [main] DEBUG org.hibernate.cfg.Ejb3Column - Binding column: Ejb3JoinColumn{logicalColumnName=&apos;null&apos;, referencedColumn=&apos;null&apos;, mappedBy=&apos;question&apos;}
18:19:18.413 [main] DEBUG org.hibernate.cfg.Ejb3Column - Binding column: Ejb3Column{table=org.hibernate.mapping.Table(question), mappingColumn=images, insertable=true, updatable=true, unique=false}
18:19:18.413 [main] DEBUG org.hibernate.cfg.Ejb3Column - Binding column: Ejb3Column{table=org.hibernate.mapping.Table(question), mappingColumn=null, insertable=true, updatable=true, unique=false}
18:19:18.415 [main] DEBUG org.hibernate.cfg.Ejb3Column - Binding column: Ejb3Column{table=org.hibernate.mapping.Table(question), mappingColumn=element, insertable=true, updatable=true, unique=false}
18:19:18.415 [main] DEBUG org.hibernate.cfg.Ejb3Column - Binding column: Ejb3Column{table=org.hibernate.mapping.Table(question), mappingColumn=images_key, insertable=true, updatable=true, unique=false}
18:19:18.415 [main] DEBUG org.hibernate.cfg.Ejb3Column - Binding column: Ejb3JoinColumn{logicalColumnName=&apos;images_KEY&apos;, referencedColumn=&apos;null&apos;, mappedBy=&apos;null&apos;}
18:19:18.415 [main] DEBUG org.hibernate.cfg.Ejb3Column - Binding column: Ejb3JoinColumn{logicalColumnName=&apos;null&apos;, referencedColumn=&apos;null&apos;, mappedBy=&apos;question&apos;}
18:19:18.415 [main] DEBUG org.hibernate.cfg.Ejb3Column - Binding column: Ejb3JoinColumn{logicalColumnName=&apos;null&apos;, referencedColumn=&apos;null&apos;, mappedBy=&apos;question&apos;}
18:19:18.416 [main] DEBUG o.h.cfg.annotations.CollectionBinder - Collection role: cn.cstqb.exam.testmaker.entities.Question.images
18:19:18.416 [main] DEBUG o.h.cfg.annotations.PropertyBinder - Building property images
18:19:18.416 [main] DEBUG org.hibernate.cfg.Ejb3Column - Binding column: Ejb3JoinColumn{logicalColumnName=&apos;null&apos;, referencedColumn=&apos;null&apos;, mappedBy=&apos;null&apos;}
18:19:18.416 [main] DEBUG org.hibernate.cfg.Ejb3Column - Binding column: Ejb3Column{table=org.hibernate.mapping.Table(question), mappingColumn=knowledge_point, insertable=true, updatable=true, unique=false}
18:19:18.417 [main] DEBUG o.h.cfg.annotations.PropertyBinder - Building property knowledgePoint
18:19:18.417 [main] DEBUG org.hibernate.cfg.Ejb3Column - Binding column: Ejb3JoinColumn{logicalColumnName=&apos;null&apos;, referencedColumn=&apos;&apos;, mappedBy=&apos;&apos;}
18:19:18.417 [main] DEBUG org.hibernate.cfg.Ejb3Column - Binding column: Ejb3Column{table=org.hibernate.mapping.Table(question), mappingColumn=language, insertable=true, updatable=true, unique=false}
18:19:18.417 [main] DEBUG o.h.cfg.annotations.PropertyBinder - Building property language
18:19:18.418 [main] DEBUG org.hibernate.cfg.Ejb3Column - Binding column: Ejb3Column{table=org.hibernate.mapping.Table(question), mappingColumn=memo, insertable=true, updatable=true, unique=false}
18:19:18.418 [main] DEBUG o.h.cfg.annotations.PropertyBinder - MetadataSourceProcessor property memo with lazy=false
18:19:18.418 [main] DEBUG o.h.cfg.AbstractPropertyHolder - Attempting to locate auto-apply AttributeConverter for property [cn.cstqb.exam.testmaker.entities.Question:memo]
18:19:18.418 [main] DEBUG o.h.c.annotations.SimpleValueBinder - building SimpleValue for memo
18:19:18.418 [main] DEBUG o.h.cfg.annotations.PropertyBinder - Building property memo
18:19:18.418 [main] DEBUG org.hibernate.cfg.Ejb3Column - Binding column: Ejb3Column{table=org.hibernate.mapping.Table(question), mappingColumn=multiple_choice, insertable=true, updatable=true, unique=false}
18:19:18.419 [main] DEBUG o.h.cfg.annotations.PropertyBinder - MetadataSourceProcessor property multipleChoice with lazy=false
18:19:18.419 [main] DEBUG o.h.cfg.AbstractPropertyHolder - Attempting to locate auto-apply AttributeConverter for property [cn.cstqb.exam.testmaker.entities.Question:multipleChoice]
18:19:18.419 [main] DEBUG o.h.c.annotations.SimpleValueBinder - building SimpleValue for multipleChoice
18:19:18.419 [main] DEBUG o.h.cfg.annotations.PropertyBinder - Building property multipleChoice
18:19:18.419 [main] DEBUG org.hibernate.cfg.Ejb3Column - Binding column: Ejb3JoinColumn{logicalColumnName=&apos;project_id&apos;, referencedColumn=&apos;&apos;, mappedBy=&apos;&apos;}
18:19:18.419 [main] DEBUG org.hibernate.cfg.Ejb3Column - Binding column: Ejb3Column{table=org.hibernate.mapping.Table(question), mappingColumn=project, insertable=true, updatable=true, unique=false}
18:19:18.420 [main] DEBUG o.h.cfg.annotations.PropertyBinder - Building property project
18:19:18.420 [main] DEBUG org.hibernate.cfg.Ejb3Column - Binding column: Ejb3Column{table=org.hibernate.mapping.Table(question), mappingColumn=published, insertable=true, updatable=true, unique=false}
18:19:18.420 [main] DEBUG o.h.cfg.annotations.PropertyBinder - MetadataSourceProcessor property published with lazy=false
18:19:18.420 [main] DEBUG o.h.cfg.AbstractPropertyHolder - Attempting to locate auto-apply AttributeConverter for property [cn.cstqb.exam.testmaker.entities.Question:published]
18:19:18.420 [main] DEBUG o.h.c.annotations.SimpleValueBinder - building SimpleValue for published
18:19:18.421 [main] DEBUG o.h.cfg.annotations.PropertyBinder - Building property published
18:19:18.421 [main] DEBUG org.hibernate.cfg.Ejb3Column - Binding column: Ejb3JoinColumn{logicalColumnName=&apos;qualityAdmin_id&apos;, referencedColumn=&apos;&apos;, mappedBy=&apos;&apos;}
18:19:18.421 [main] DEBUG org.hibernate.cfg.Ejb3Column - Binding column: Ejb3Column{table=org.hibernate.mapping.Table(question), mappingColumn=quality_admin, insertable=true, updatable=true, unique=false}
18:19:18.422 [main] DEBUG o.h.cfg.annotations.PropertyBinder - Building property qualityAdmin
18:19:18.422 [main] DEBUG org.hibernate.cfg.Ejb3Column - Binding column: Ejb3Column{table=org.hibernate.mapping.Table(question), mappingColumn=remark, insertable=true, updatable=true, unique=false}
18:19:18.422 [main] DEBUG o.h.cfg.annotations.PropertyBinder - MetadataSourceProcessor property remark with lazy=false
18:19:18.422 [main] DEBUG o.h.cfg.AbstractPropertyHolder - Attempting to locate auto-apply AttributeConverter for property [cn.cstqb.exam.testmaker.entities.Question:remark]
18:19:18.423 [main] DEBUG o.h.c.annotations.SimpleValueBinder - building SimpleValue for remark
18:19:18.423 [main] DEBUG o.h.cfg.annotations.PropertyBinder - Building property remark
18:19:18.423 [main] DEBUG org.hibernate.cfg.Ejb3Column - Binding column: Ejb3Column{table=org.hibernate.mapping.Table(question), mappingColumn=null, insertable=true, updatable=true, unique=false}
18:19:18.424 [main] DEBUG org.hibernate.cfg.Ejb3Column - Binding column: Ejb3Column{table=org.hibernate.mapping.Table(question), mappingColumn=element, insertable=true, updatable=true, unique=false}
18:19:18.424 [main] DEBUG org.hibernate.cfg.Ejb3Column - Binding column: Ejb3Column{table=org.hibernate.mapping.Table(question), mappingColumn=reviewers_key, insertable=true, updatable=true, unique=false}
18:19:18.424 [main] DEBUG org.hibernate.cfg.Ejb3Column - Binding column: Ejb3JoinColumn{logicalColumnName=&apos;reviewers_KEY&apos;, referencedColumn=&apos;null&apos;, mappedBy=&apos;null&apos;}
18:19:18.424 [main] DEBUG org.hibernate.cfg.Ejb3Column - Binding column: Ejb3JoinColumn{logicalColumnName=&apos;question_id&apos;, referencedColumn=&apos;&apos;, mappedBy=&apos;&apos;}
18:19:18.425 [main] DEBUG org.hibernate.cfg.Ejb3Column - Binding column: Ejb3JoinColumn{logicalColumnName=&apos;reviewer_id&apos;, referencedColumn=&apos;&apos;, mappedBy=&apos;&apos;}
18:19:18.425 [main] DEBUG o.h.cfg.annotations.CollectionBinder - Collection role: cn.cstqb.exam.testmaker.entities.Question.reviewers
18:19:18.425 [main] DEBUG o.h.cfg.annotations.PropertyBinder - Building property reviewers
18:19:18.425 [main] DEBUG org.hibernate.cfg.Ejb3Column - Binding column: Ejb3Column{table=org.hibernate.mapping.Table(question), mappingColumn=reviewing_finish_date, insertable=true, updatable=true, unique=false}
18:19:18.425 [main] DEBUG o.h.cfg.annotations.PropertyBinder - MetadataSourceProcessor property reviewingFinishDate with lazy=false
18:19:18.426 [main] DEBUG o.h.cfg.AbstractPropertyHolder - Attempting to locate auto-apply AttributeConverter for property [cn.cstqb.exam.testmaker.entities.Question:reviewingFinishDate]
18:19:18.426 [main] DEBUG o.h.c.annotations.SimpleValueBinder - building SimpleValue for reviewingFinishDate
18:19:18.426 [main] DEBUG o.h.cfg.annotations.PropertyBinder - Building property reviewingFinishDate
18:19:18.426 [main] DEBUG org.hibernate.cfg.Ejb3Column - Binding column: Ejb3Column{table=org.hibernate.mapping.Table(question), mappingColumn=reviewing_start_date, insertable=true, updatable=true, unique=false}
18:19:18.427 [main] DEBUG o.h.cfg.annotations.PropertyBinder - MetadataSourceProcessor property reviewingStartDate with lazy=false
18:19:18.427 [main] DEBUG o.h.cfg.AbstractPropertyHolder - Attempting to locate auto-apply AttributeConverter for property [cn.cstqb.exam.testmaker.entities.Question:reviewingStartDate]
18:19:18.427 [main] DEBUG o.h.c.annotations.SimpleValueBinder - building SimpleValue for reviewingStartDate
18:19:18.427 [main] DEBUG o.h.cfg.annotations.PropertyBinder - Building property reviewingStartDate
18:19:18.428 [main] DEBUG org.hibernate.cfg.Ejb3Column - Binding column: Ejb3Column{table=org.hibernate.mapping.Table(question), mappingColumn=scenario, insertable=true, updatable=true, unique=false}
18:19:18.428 [main] DEBUG o.h.cfg.annotations.PropertyBinder - MetadataSourceProcessor property scenario with lazy=false
18:19:18.428 [main] DEBUG o.h.cfg.AbstractPropertyHolder - Attempting to locate auto-apply AttributeConverter for property [cn.cstqb.exam.testmaker.entities.Question:scenario]
18:19:18.428 [main] DEBUG o.h.c.annotations.SimpleValueBinder - building SimpleValue for scenario
18:19:18.428 [main] DEBUG o.h.cfg.annotations.PropertyBinder - Building property scenario
18:19:18.429 [main] DEBUG org.hibernate.cfg.Ejb3Column - Binding column: Ejb3Column{table=org.hibernate.mapping.Table(question), mappingColumn=score, insertable=true, updatable=true, unique=false}
18:19:18.429 [main] DEBUG o.h.cfg.annotations.PropertyBinder - MetadataSourceProcessor property score with lazy=false
18:19:18.429 [main] DEBUG o.h.cfg.AbstractPropertyHolder - Attempting to locate auto-apply AttributeConverter for property [cn.cstqb.exam.testmaker.entities.Question:score]
18:19:18.429 [main] DEBUG o.h.c.annotations.SimpleValueBinder - building SimpleValue for score
18:19:18.429 [main] DEBUG o.h.cfg.annotations.PropertyBinder - Building property score
18:19:18.430 [main] DEBUG org.hibernate.cfg.Ejb3Column - Binding column: Ejb3JoinColumn{logicalColumnName=&apos;null&apos;, referencedColumn=&apos;&apos;, mappedBy=&apos;&apos;}
18:19:18.430 [main] DEBUG org.hibernate.cfg.Ejb3Column - Binding column: Ejb3Column{table=org.hibernate.mapping.Table(question), mappingColumn=status, insertable=true, updatable=true, unique=false}
18:19:18.430 [main] DEBUG o.h.cfg.annotations.PropertyBinder - Building property status
18:19:18.430 [main] DEBUG org.hibernate.cfg.Ejb3Column - Binding column: Ejb3Column{table=org.hibernate.mapping.Table(question), mappingColumn=stem, insertable=true, updatable=true, unique=false}
18:19:18.430 [main] DEBUG o.h.cfg.annotations.PropertyBinder - MetadataSourceProcessor property stem with lazy=false
18:19:18.430 [main] DEBUG o.h.cfg.AbstractPropertyHolder - Attempting to locate auto-apply AttributeConverter for property [cn.cstqb.exam.testmaker.entities.Question:stem]
18:19:18.431 [main] DEBUG o.h.c.annotations.SimpleValueBinder - building SimpleValue for stem
18:19:18.431 [main] DEBUG o.h.cfg.annotations.PropertyBinder - Building property stem
18:19:18.431 [main] DEBUG org.hibernate.cfg.Ejb3Column - Binding column: Ejb3JoinColumn{logicalColumnName=&apos;null&apos;, referencedColumn=&apos;&apos;, mappedBy=&apos;&apos;}
18:19:18.431 [main] DEBUG org.hibernate.cfg.Ejb3Column - Binding column: Ejb3Column{table=org.hibernate.mapping.Table(question), mappingColumn=type, insertable=true, updatable=true, unique=false}
18:19:18.432 [main] DEBUG o.h.cfg.annotations.PropertyBinder - Building property type
18:19:18.432 [main] DEBUG org.hibernate.cfg.AnnotationBinder - Binding entity from annotated class: cn.cstqb.exam.testmaker.entities.Project
18:19:18.432 [main] DEBUG org.hibernate.cfg.Ejb3Column - Binding column: Ejb3DiscriminatorColumn{logicalColumnName&apos;DTYPE&apos;, discriminatorTypeName=&apos;string&apos;}
18:19:18.432 [main] DEBUG o.h.cfg.annotations.EntityBinder - Import with entity name Project
18:19:18.432 [main] DEBUG o.h.cfg.annotations.EntityBinder - Bind entity cn.cstqb.exam.testmaker.entities.Project on table project
18:19:18.435 [main] DEBUG org.hibernate.cfg.Ejb3Column - Binding column: Ejb3Column{table=org.hibernate.mapping.Table(project), mappingColumn=id, insertable=true, updatable=false, unique=false}
18:19:18.435 [main] DEBUG o.h.cfg.annotations.PropertyBinder - MetadataSourceProcessor property id with lazy=false
18:19:18.435 [main] DEBUG o.h.cfg.AbstractPropertyHolder - Attempting to locate auto-apply AttributeConverter for property [cn.cstqb.exam.testmaker.entities.Project:id]
18:19:18.436 [main] DEBUG o.h.c.annotations.SimpleValueBinder - building SimpleValue for id
18:19:18.436 [main] DEBUG o.h.cfg.annotations.PropertyBinder - Building property id
18:19:18.436 [main] DEBUG org.hibernate.cfg.Ejb3Column - Binding column: Ejb3Column{table=org.hibernate.mapping.Table(project), mappingColumn=created_on, insertable=true, updatable=false, unique=false}
18:19:18.436 [main] DEBUG o.h.cfg.annotations.PropertyBinder - MetadataSourceProcessor property createdOn with lazy=false
18:19:18.437 [main] DEBUG o.h.cfg.AbstractPropertyHolder - Attempting to locate auto-apply AttributeConverter for property [cn.cstqb.exam.testmaker.entities.Project:createdOn]
18:19:18.437 [main] DEBUG o.h.c.annotations.SimpleValueBinder - building SimpleValue for createdOn
18:19:18.437 [main] DEBUG o.h.cfg.annotations.PropertyBinder - Building property createdOn
18:19:18.437 [main] DEBUG org.hibernate.cfg.Ejb3Column - Binding column: Ejb3Column{table=org.hibernate.mapping.Table(project), mappingColumn=updated_on, insertable=true, updatable=true, unique=false}
18:19:18.437 [main] DEBUG o.h.cfg.annotations.PropertyBinder - MetadataSourceProcessor property updatedOn with lazy=false
18:19:18.438 [main] DEBUG o.h.cfg.AbstractPropertyHolder - Attempting to locate auto-apply AttributeConverter for property [cn.cstqb.exam.testmaker.entities.Project:updatedOn]
18:19:18.438 [main] DEBUG o.h.c.annotations.SimpleValueBinder - building SimpleValue for updatedOn
18:19:18.438 [main] DEBUG o.h.cfg.annotations.PropertyBinder - Building property updatedOn
18:19:18.438 [main] DEBUG org.hibernate.cfg.Ejb3Column - Binding column: Ejb3Column{table=org.hibernate.mapping.Table(project), mappingColumn=custom_field1, insertable=true, updatable=true, unique=false}
18:19:18.438 [main] DEBUG o.h.cfg.annotations.PropertyBinder - MetadataSourceProcessor property customField1 with lazy=false
18:19:18.438 [main] DEBUG o.h.cfg.AbstractPropertyHolder - Attempting to locate auto-apply AttributeConverter for property [cn.cstqb.exam.testmaker.entities.Project:customField1]
18:19:18.439 [main] DEBUG o.h.c.annotations.SimpleValueBinder - building SimpleValue for customField1
18:19:18.439 [main] DEBUG o.h.cfg.annotations.PropertyBinder - Building property customField1
18:19:18.439 [main] DEBUG org.hibernate.cfg.Ejb3Column - Binding column: Ejb3Column{table=org.hibernate.mapping.Table(project), mappingColumn=custom_field2, insertable=true, updatable=true, unique=false}
18:19:18.439 [main] DEBUG o.h.cfg.annotations.PropertyBinder - MetadataSourceProcessor property customField2 with lazy=false
18:19:18.439 [main] DEBUG o.h.cfg.AbstractPropertyHolder - Attempting to locate auto-apply AttributeConverter for property [cn.cstqb.exam.testmaker.entities.Project:customField2]
18:19:18.439 [main] DEBUG o.h.c.annotations.SimpleValueBinder - building SimpleValue for customField2
18:19:18.440 [main] DEBUG o.h.cfg.annotations.PropertyBinder - Building property customField2
18:19:18.440 [main] DEBUG org.hibernate.cfg.Ejb3Column - Binding column: Ejb3Column{table=org.hibernate.mapping.Table(project), mappingColumn=custom_field3, insertable=true, updatable=true, unique=false}
18:19:18.440 [main] DEBUG o.h.cfg.annotations.PropertyBinder - MetadataSourceProcessor property customField3 with lazy=false
18:19:18.440 [main] DEBUG o.h.cfg.AbstractPropertyHolder - Attempting to locate auto-apply AttributeConverter for property [cn.cstqb.exam.testmaker.entities.Project:customField3]
18:19:18.440 [main] DEBUG o.h.c.annotations.SimpleValueBinder - building SimpleValue for customField3
18:19:18.441 [main] DEBUG o.h.cfg.annotations.PropertyBinder - Building property customField3
18:19:18.441 [main] DEBUG org.hibernate.cfg.Ejb3Column - Binding column: Ejb3JoinColumn{logicalColumnName=&apos;null&apos;, referencedColumn=&apos;null&apos;, mappedBy=&apos;&apos;}
18:19:18.441 [main] DEBUG org.hibernate.cfg.Ejb3Column - Binding column: Ejb3Column{table=org.hibernate.mapping.Table(project), mappingColumn=exported_by, insertable=true, updatable=true, unique=false}
18:19:18.441 [main] DEBUG o.h.cfg.annotations.PropertyBinder - Building property exportedBy
18:19:18.442 [main] DEBUG org.hibernate.cfg.Ejb3Column - Binding column: Ejb3Column{table=org.hibernate.mapping.Table(project), mappingColumn=exported_on, insertable=true, updatable=true, unique=false}
18:19:18.442 [main] DEBUG o.h.cfg.annotations.PropertyBinder - MetadataSourceProcessor property exportedOn with lazy=false
18:19:18.442 [main] DEBUG o.h.cfg.AbstractPropertyHolder - Attempting to locate auto-apply AttributeConverter for property [cn.cstqb.exam.testmaker.entities.Project:exportedOn]
18:19:18.442 [main] DEBUG o.h.c.annotations.SimpleValueBinder - building SimpleValue for exportedOn
18:19:18.442 [main] DEBUG o.h.cfg.annotations.PropertyBinder - Building property exportedOn
18:19:18.442 [main] DEBUG org.hibernate.cfg.Ejb3Column - Binding column: Ejb3JoinColumn{logicalColumnName=&apos;FACILITATOR_ID&apos;, referencedColumn=&apos;&apos;, mappedBy=&apos;&apos;}
18:19:18.443 [main] DEBUG org.hibernate.cfg.Ejb3Column - Binding column: Ejb3Column{table=org.hibernate.mapping.Table(project), mappingColumn=facilitator, insertable=true, updatable=true, unique=false}
18:19:18.443 [main] DEBUG o.h.cfg.annotations.PropertyBinder - Building property facilitator
18:19:18.443 [main] DEBUG org.hibernate.cfg.Ejb3Column - Binding column: Ejb3Column{table=org.hibernate.mapping.Table(project), mappingColumn=finish_date, insertable=true, updatable=true, unique=false}
18:19:18.443 [main] DEBUG o.h.cfg.annotations.PropertyBinder - MetadataSourceProcessor property finishDate with lazy=false
18:19:18.444 [main] DEBUG o.h.cfg.AbstractPropertyHolder - Attempting to locate auto-apply AttributeConverter for property [cn.cstqb.exam.testmaker.entities.Project:finishDate]
18:19:18.444 [main] DEBUG o.h.c.annotations.SimpleValueBinder - building SimpleValue for finishDate
18:19:18.444 [main] DEBUG o.h.cfg.annotations.PropertyBinder - Building property finishDate
18:19:18.444 [main] DEBUG org.hibernate.cfg.Ejb3Column - Binding column: Ejb3Column{table=org.hibernate.mapping.Table(project), mappingColumn=name, insertable=true, updatable=true, unique=true}
18:19:18.444 [main] DEBUG o.h.cfg.annotations.PropertyBinder - MetadataSourceProcessor property name with lazy=false
18:19:18.445 [main] DEBUG o.h.cfg.AbstractPropertyHolder - Attempting to locate auto-apply AttributeConverter for property [cn.cstqb.exam.testmaker.entities.Project:name]
18:19:18.445 [main] DEBUG o.h.c.annotations.SimpleValueBinder - building SimpleValue for name
18:19:18.445 [main] DEBUG o.h.cfg.annotations.PropertyBinder - Building property name
18:19:18.445 [main] DEBUG org.hibernate.cfg.Ejb3Column - Binding column: Ejb3Column{table=org.hibernate.mapping.Table(project), mappingColumn=start_date, insertable=true, updatable=true, unique=false}
18:19:18.445 [main] DEBUG o.h.cfg.annotations.PropertyBinder - MetadataSourceProcessor property startDate with lazy=false
18:19:18.445 [main] DEBUG o.h.cfg.AbstractPropertyHolder - Attempting to locate auto-apply AttributeConverter for property [cn.cstqb.exam.testmaker.entities.Project:startDate]
18:19:18.445 [main] DEBUG o.h.c.annotations.SimpleValueBinder - building SimpleValue for startDate
18:19:18.446 [main] DEBUG o.h.cfg.annotations.PropertyBinder - Building property startDate
18:19:18.446 [main] DEBUG org.hibernate.cfg.Ejb3Column - Binding column: Ejb3JoinColumn{logicalColumnName=&apos;STATUS_ID&apos;, referencedColumn=&apos;&apos;, mappedBy=&apos;&apos;}
18:19:18.446 [main] DEBUG org.hibernate.cfg.Ejb3Column - Binding column: Ejb3Column{table=org.hibernate.mapping.Table(project), mappingColumn=status, insertable=true, updatable=true, unique=false}
18:19:18.446 [main] DEBUG o.h.cfg.annotations.PropertyBinder - Building property status
18:19:18.447 [main] DEBUG org.hibernate.cfg.Ejb3Column - Binding column: Ejb3JoinColumn{logicalColumnName=&apos;SYLLABUS_ID&apos;, referencedColumn=&apos;&apos;, mappedBy=&apos;&apos;}
18:19:18.447 [main] DEBUG org.hibernate.cfg.Ejb3Column - Binding column: Ejb3Column{table=org.hibernate.mapping.Table(project), mappingColumn=syllabus, insertable=true, updatable=true, unique=false}
18:19:18.447 [main] DEBUG o.h.cfg.annotations.PropertyBinder - Building property syllabus
18:19:18.447 [main] DEBUG org.hibernate.cfg.Ejb3Column - Binding column: Ejb3Column{table=org.hibernate.mapping.Table(project), mappingColumn=null, insertable=true, updatable=true, unique=false}
18:19:18.448 [main] DEBUG org.hibernate.cfg.Ejb3Column - Binding column: Ejb3Column{table=org.hibernate.mapping.Table(project), mappingColumn=element, insertable=true, updatable=true, unique=false}
18:19:18.448 [main] DEBUG org.hibernate.cfg.Ejb3Column - Binding column: Ejb3Column{table=org.hibernate.mapping.Table(project), mappingColumn=users_key, insertable=true, updatable=true, unique=false}
18:19:18.448 [main] DEBUG org.hibernate.cfg.Ejb3Column - Binding column: Ejb3JoinColumn{logicalColumnName=&apos;users_KEY&apos;, referencedColumn=&apos;null&apos;, mappedBy=&apos;null&apos;}
18:19:18.448 [main] DEBUG org.hibernate.cfg.Ejb3Column - Binding column: Ejb3JoinColumn{logicalColumnName=&apos;PROJECT_ID&apos;, referencedColumn=&apos;ID&apos;, mappedBy=&apos;&apos;}
18:19:18.448 [main] DEBUG org.hibernate.cfg.Ejb3Column - Binding column: Ejb3JoinColumn{logicalColumnName=&apos;USER_ID&apos;, referencedColumn=&apos;ID&apos;, mappedBy=&apos;&apos;}
18:19:18.448 [main] DEBUG o.h.cfg.annotations.CollectionBinder - Collection role: cn.cstqb.exam.testmaker.entities.Project.users
18:19:18.449 [main] DEBUG o.h.cfg.annotations.PropertyBinder - Building property users
18:19:18.449 [main] DEBUG org.hibernate.cfg.AnnotationBinder - Binding entity from annotated class: cn.cstqb.exam.testmaker.entities.QuestionStatus
18:19:18.449 [main] DEBUG org.hibernate.cfg.Ejb3Column - Binding column: Ejb3DiscriminatorColumn{logicalColumnName&apos;DTYPE&apos;, discriminatorTypeName=&apos;string&apos;}
18:19:18.449 [main] DEBUG o.h.cfg.annotations.EntityBinder - Import with entity name QuestionStatus
18:19:18.449 [main] DEBUG o.h.cfg.annotations.EntityBinder - Bind entity cn.cstqb.exam.testmaker.entities.QuestionStatus on table question_status
18:19:18.451 [main] DEBUG org.hibernate.cfg.Ejb3Column - Binding column: Ejb3Column{table=org.hibernate.mapping.Table(question_status), mappingColumn=id, insertable=true, updatable=false, unique=false}
18:19:18.451 [main] DEBUG o.h.cfg.annotations.PropertyBinder - MetadataSourceProcessor property id with lazy=false
18:19:18.451 [main] DEBUG o.h.cfg.AbstractPropertyHolder - Attempting to locate auto-apply AttributeConverter for property [cn.cstqb.exam.testmaker.entities.QuestionStatus:id]
18:19:18.451 [main] DEBUG o.h.c.annotations.SimpleValueBinder - building SimpleValue for id
18:19:18.451 [main] DEBUG o.h.cfg.annotations.PropertyBinder - Building property id
18:19:18.452 [main] DEBUG org.hibernate.cfg.Ejb3Column - Binding column: Ejb3Column{table=org.hibernate.mapping.Table(question_status), mappingColumn=created_on, insertable=true, updatable=false, unique=false}
18:19:18.452 [main] DEBUG o.h.cfg.annotations.PropertyBinder - MetadataSourceProcessor property createdOn with lazy=false
18:19:18.452 [main] DEBUG o.h.cfg.AbstractPropertyHolder - Attempting to locate auto-apply AttributeConverter for property [cn.cstqb.exam.testmaker.entities.QuestionStatus:createdOn]
18:19:18.452 [main] DEBUG o.h.c.annotations.SimpleValueBinder - building SimpleValue for createdOn
18:19:18.452 [main] DEBUG o.h.cfg.annotations.PropertyBinder - Building property createdOn
18:19:18.453 [main] DEBUG org.hibernate.cfg.Ejb3Column - Binding column: Ejb3Column{table=org.hibernate.mapping.Table(question_status), mappingColumn=updated_on, insertable=true, updatable=true, unique=false}
18:19:18.453 [main] DEBUG o.h.cfg.annotations.PropertyBinder - MetadataSourceProcessor property updatedOn with lazy=false
18:19:18.453 [main] DEBUG o.h.cfg.AbstractPropertyHolder - Attempting to locate auto-apply AttributeConverter for property [cn.cstqb.exam.testmaker.entities.QuestionStatus:updatedOn]
18:19:18.453 [main] DEBUG o.h.c.annotations.SimpleValueBinder - building SimpleValue for updatedOn
18:19:18.453 [main] DEBUG o.h.cfg.annotations.PropertyBinder - Building property updatedOn
18:19:18.454 [main] DEBUG org.hibernate.cfg.Ejb3Column - Binding column: Ejb3Column{table=org.hibernate.mapping.Table(question_status), mappingColumn=is_finish, insertable=true, updatable=true, unique=false}
18:19:18.454 [main] DEBUG o.h.cfg.annotations.PropertyBinder - MetadataSourceProcessor property isFinish with lazy=false
18:19:18.454 [main] DEBUG o.h.cfg.AbstractPropertyHolder - Attempting to locate auto-apply AttributeConverter for property [cn.cstqb.exam.testmaker.entities.QuestionStatus:isFinish]
18:19:18.454 [main] DEBUG o.h.c.annotations.SimpleValueBinder - building SimpleValue for isFinish
18:19:18.454 [main] DEBUG o.h.cfg.annotations.PropertyBinder - Building property isFinish
18:19:18.454 [main] DEBUG org.hibernate.cfg.Ejb3Column - Binding column: Ejb3Column{table=org.hibernate.mapping.Table(question_status), mappingColumn=is_start, insertable=true, updatable=true, unique=false}
18:19:18.455 [main] DEBUG o.h.cfg.annotations.PropertyBinder - MetadataSourceProcessor property isStart with lazy=false
18:19:18.455 [main] DEBUG o.h.cfg.AbstractPropertyHolder - Attempting to locate auto-apply AttributeConverter for property [cn.cstqb.exam.testmaker.entities.QuestionStatus:isStart]
18:19:18.455 [main] DEBUG o.h.c.annotations.SimpleValueBinder - building SimpleValue for isStart
18:19:18.455 [main] DEBUG o.h.cfg.annotations.PropertyBinder - Building property isStart
18:19:18.455 [main] DEBUG org.hibernate.cfg.Ejb3Column - Binding column: Ejb3Column{table=org.hibernate.mapping.Table(question_status), mappingColumn=name, insertable=true, updatable=true, unique=true}
18:19:18.455 [main] DEBUG o.h.cfg.annotations.PropertyBinder - MetadataSourceProcessor property name with lazy=false
18:19:18.456 [main] DEBUG o.h.cfg.AbstractPropertyHolder - Attempting to locate auto-apply AttributeConverter for property [cn.cstqb.exam.testmaker.entities.QuestionStatus:name]
18:19:18.456 [main] DEBUG o.h.c.annotations.SimpleValueBinder - building SimpleValue for name
18:19:18.456 [main] DEBUG o.h.cfg.annotations.PropertyBinder - Building property name
18:19:18.456 [main] DEBUG org.hibernate.cfg.Ejb3Column - Binding column: Ejb3Column{table=org.hibernate.mapping.Table(question_status), mappingColumn=accessible_by_author, insertable=true, updatable=true, unique=false}
18:19:18.456 [main] DEBUG o.h.cfg.annotations.PropertyBinder - MetadataSourceProcessor property accessibleByAuthor with lazy=false
18:19:18.457 [main] DEBUG o.h.cfg.AbstractPropertyHolder - Attempting to locate auto-apply AttributeConverter for property [cn.cstqb.exam.testmaker.entities.QuestionStatus:accessibleByAuthor]
18:19:18.457 [main] DEBUG o.h.c.annotations.SimpleValueBinder - building SimpleValue for accessibleByAuthor
18:19:18.457 [main] DEBUG o.h.cfg.annotations.PropertyBinder - Building property accessibleByAuthor
18:19:18.457 [main] DEBUG org.hibernate.cfg.Ejb3Column - Binding column: Ejb3Column{table=org.hibernate.mapping.Table(question_status), mappingColumn=accessible_by_facilitator, insertable=true, updatable=true, unique=false}
18:19:18.457 [main] DEBUG o.h.cfg.annotations.PropertyBinder - MetadataSourceProcessor property accessibleByFacilitator with lazy=false
18:19:18.458 [main] DEBUG o.h.cfg.AbstractPropertyHolder - Attempting to locate auto-apply AttributeConverter for property [cn.cstqb.exam.testmaker.entities.QuestionStatus:accessibleByFacilitator]
18:19:18.458 [main] DEBUG o.h.c.annotations.SimpleValueBinder - building SimpleValue for accessibleByFacilitator
18:19:18.458 [main] DEBUG o.h.cfg.annotations.PropertyBinder - Building property accessibleByFacilitator
18:19:18.458 [main] DEBUG org.hibernate.cfg.Ejb3Column - Binding column: Ejb3Column{table=org.hibernate.mapping.Table(question_status), mappingColumn=accessible_by_quality_admin, insertable=true, updatable=true, unique=false}
18:19:18.458 [main] DEBUG o.h.cfg.annotations.PropertyBinder - MetadataSourceProcessor property accessibleByQualityAdmin with lazy=false
18:19:18.459 [main] DEBUG o.h.cfg.AbstractPropertyHolder - Attempting to locate auto-apply AttributeConverter for property [cn.cstqb.exam.testmaker.entities.QuestionStatus:accessibleByQualityAdmin]
18:19:18.459 [main] DEBUG o.h.c.annotations.SimpleValueBinder - building SimpleValue for accessibleByQualityAdmin
18:19:18.459 [main] DEBUG o.h.cfg.annotations.PropertyBinder - Building property accessibleByQualityAdmin
18:19:18.459 [main] DEBUG org.hibernate.cfg.Ejb3Column - Binding column: Ejb3Column{table=org.hibernate.mapping.Table(question_status), mappingColumn=accessible_by_reviewer, insertable=true, updatable=true, unique=false}
18:19:18.460 [main] DEBUG o.h.cfg.annotations.PropertyBinder - MetadataSourceProcessor property accessibleByReviewer with lazy=false
18:19:18.460 [main] DEBUG o.h.cfg.AbstractPropertyHolder - Attempting to locate auto-apply AttributeConverter for property [cn.cstqb.exam.testmaker.entities.QuestionStatus:accessibleByReviewer]
18:19:18.460 [main] DEBUG o.h.c.annotations.SimpleValueBinder - building SimpleValue for accessibleByReviewer
18:19:18.460 [main] DEBUG o.h.cfg.annotations.PropertyBinder - Building property accessibleByReviewer
18:19:18.460 [main] DEBUG org.hibernate.cfg.AnnotationBinder - Binding entity from annotated class: cn.cstqb.exam.testmaker.entities.QuestionChoice
18:19:18.461 [main] DEBUG org.hibernate.cfg.Ejb3Column - Binding column: Ejb3DiscriminatorColumn{logicalColumnName&apos;DTYPE&apos;, discriminatorTypeName=&apos;string&apos;}
18:19:18.461 [main] DEBUG o.h.cfg.annotations.EntityBinder - Import with entity name QuestionChoice
18:19:18.461 [main] DEBUG o.h.cfg.annotations.EntityBinder - Bind entity cn.cstqb.exam.testmaker.entities.QuestionChoice on table question_choice
18:19:18.463 [main] DEBUG org.hibernate.cfg.Ejb3Column - Binding column: Ejb3Column{table=org.hibernate.mapping.Table(question_choice), mappingColumn=id, insertable=true, updatable=false, unique=false}
18:19:18.463 [main] DEBUG o.h.cfg.annotations.PropertyBinder - MetadataSourceProcessor property id with lazy=false
18:19:18.464 [main] DEBUG o.h.cfg.AbstractPropertyHolder - Attempting to locate auto-apply AttributeConverter for property [cn.cstqb.exam.testmaker.entities.QuestionChoice:id]
18:19:18.464 [main] DEBUG o.h.c.annotations.SimpleValueBinder - building SimpleValue for id
18:19:18.464 [main] DEBUG o.h.cfg.annotations.PropertyBinder - Building property id
18:19:18.464 [main] DEBUG org.hibernate.cfg.Ejb3Column - Binding column: Ejb3Column{table=org.hibernate.mapping.Table(question_choice), mappingColumn=created_on, insertable=true, updatable=false, unique=false}
18:19:18.464 [main] DEBUG o.h.cfg.annotations.PropertyBinder - MetadataSourceProcessor property createdOn with lazy=false
18:19:18.465 [main] DEBUG o.h.cfg.AbstractPropertyHolder - Attempting to locate auto-apply AttributeConverter for property [cn.cstqb.exam.testmaker.entities.QuestionChoice:createdOn]
18:19:18.465 [main] DEBUG o.h.c.annotations.SimpleValueBinder - building SimpleValue for createdOn
18:19:18.465 [main] DEBUG o.h.cfg.annotations.PropertyBinder - Building property createdOn
18:19:18.466 [main] DEBUG org.hibernate.cfg.Ejb3Column - Binding column: Ejb3Column{table=org.hibernate.mapping.Table(question_choice), mappingColumn=updated_on, insertable=true, updatable=true, unique=false}
18:19:18.466 [main] DEBUG o.h.cfg.annotations.PropertyBinder - MetadataSourceProcessor property updatedOn with lazy=false
18:19:18.466 [main] DEBUG o.h.cfg.AbstractPropertyHolder - Attempting to locate auto-apply AttributeConverter for property [cn.cstqb.exam.testmaker.entities.QuestionChoice:updatedOn]
18:19:18.466 [main] DEBUG o.h.c.annotations.SimpleValueBinder - building SimpleValue for updatedOn
18:19:18.466 [main] DEBUG o.h.cfg.annotations.PropertyBinder - Building property updatedOn
18:19:18.467 [main] DEBUG org.hibernate.cfg.Ejb3Column - Binding column: Ejb3Column{table=org.hibernate.mapping.Table(question_choice), mappingColumn=choice_label, insertable=true, updatable=true, unique=false}
18:19:18.467 [main] DEBUG o.h.cfg.annotations.PropertyBinder - MetadataSourceProcessor property choiceLabel with lazy=false
18:19:18.467 [main] DEBUG o.h.cfg.AbstractPropertyHolder - Attempting to locate auto-apply AttributeConverter for property [cn.cstqb.exam.testmaker.entities.QuestionChoice:choiceLabel]
18:19:18.467 [main] DEBUG o.h.c.annotations.SimpleValueBinder - building SimpleValue for choiceLabel
18:19:18.467 [main] DEBUG o.h.cfg.annotations.PropertyBinder - Building property choiceLabel
18:19:18.468 [main] DEBUG org.hibernate.cfg.Ejb3Column - Binding column: Ejb3Column{table=org.hibernate.mapping.Table(question_choice), mappingColumn=content, insertable=true, updatable=true, unique=false}
18:19:18.468 [main] DEBUG o.h.cfg.annotations.PropertyBinder - MetadataSourceProcessor property content with lazy=false
18:19:18.468 [main] DEBUG o.h.cfg.AbstractPropertyHolder - Attempting to locate auto-apply AttributeConverter for property [cn.cstqb.exam.testmaker.entities.QuestionChoice:content]
18:19:18.468 [main] DEBUG o.h.c.annotations.SimpleValueBinder - building SimpleValue for content
18:19:18.468 [main] DEBUG o.h.cfg.annotations.PropertyBinder - Building property content
18:19:18.468 [main] DEBUG org.hibernate.cfg.Ejb3Column - Binding column: Ejb3JoinColumn{logicalColumnName=&apos;null&apos;, referencedColumn=&apos;null&apos;, mappedBy=&apos;choice&apos;}
18:19:18.469 [main] DEBUG org.hibernate.cfg.Ejb3Column - Binding column: Ejb3Column{table=org.hibernate.mapping.Table(question_choice), mappingColumn=images, insertable=true, updatable=true, unique=false}
18:19:18.469 [main] DEBUG org.hibernate.cfg.Ejb3Column - Binding column: Ejb3Column{table=org.hibernate.mapping.Table(question_choice), mappingColumn=null, insertable=true, updatable=true, unique=false}
18:19:18.469 [main] DEBUG org.hibernate.cfg.Ejb3Column - Binding column: Ejb3Column{table=org.hibernate.mapping.Table(question_choice), mappingColumn=element, insertable=true, updatable=true, unique=false}
18:19:18.469 [main] DEBUG org.hibernate.cfg.Ejb3Column - Binding column: Ejb3Column{table=org.hibernate.mapping.Table(question_choice), mappingColumn=images_key, insertable=true, updatable=true, unique=false}
18:19:18.470 [main] DEBUG org.hibernate.cfg.Ejb3Column - Binding column: Ejb3JoinColumn{logicalColumnName=&apos;images_KEY&apos;, referencedColumn=&apos;null&apos;, mappedBy=&apos;null&apos;}
18:19:18.470 [main] DEBUG org.hibernate.cfg.Ejb3Column - Binding column: Ejb3JoinColumn{logicalColumnName=&apos;null&apos;, referencedColumn=&apos;null&apos;, mappedBy=&apos;choice&apos;}
18:19:18.470 [main] DEBUG org.hibernate.cfg.Ejb3Column - Binding column: Ejb3JoinColumn{logicalColumnName=&apos;null&apos;, referencedColumn=&apos;null&apos;, mappedBy=&apos;choice&apos;}
18:19:18.470 [main] DEBUG o.h.cfg.annotations.CollectionBinder - Collection role: cn.cstqb.exam.testmaker.entities.QuestionChoice.images
18:19:18.470 [main] DEBUG o.h.cfg.annotations.PropertyBinder - Building property images
18:19:18.471 [main] DEBUG org.hibernate.cfg.Ejb3Column - Binding column: Ejb3Column{table=org.hibernate.mapping.Table(question_choice), mappingColumn=is_correct_answer, insertable=true, updatable=true, unique=false}
18:19:18.471 [main] DEBUG o.h.cfg.annotations.PropertyBinder - MetadataSourceProcessor property isCorrectAnswer with lazy=false
18:19:18.471 [main] DEBUG o.h.cfg.AbstractPropertyHolder - Attempting to locate auto-apply AttributeConverter for property [cn.cstqb.exam.testmaker.entities.QuestionChoice:isCorrectAnswer]
18:19:18.471 [main] DEBUG o.h.c.annotations.SimpleValueBinder - building SimpleValue for isCorrectAnswer
18:19:18.471 [main] DEBUG o.h.cfg.annotations.PropertyBinder - Building property isCorrectAnswer
18:19:18.472 [main] DEBUG org.hibernate.cfg.Ejb3Column - Binding column: Ejb3JoinColumn{logicalColumnName=&apos;question_id&apos;, referencedColumn=&apos;&apos;, mappedBy=&apos;&apos;}
18:19:18.472 [main] DEBUG org.hibernate.cfg.Ejb3Column - Binding column: Ejb3Column{table=org.hibernate.mapping.Table(question_choice), mappingColumn=question, insertable=true, updatable=true, unique=false}
18:19:18.472 [main] DEBUG o.h.cfg.annotations.PropertyBinder - Building property question
18:19:18.472 [main] DEBUG org.hibernate.cfg.AnnotationBinder - Binding entity from annotated class: cn.cstqb.exam.testmaker.entities.KnowledgePoint
18:19:18.473 [main] DEBUG org.hibernate.cfg.Ejb3Column - Binding column: Ejb3DiscriminatorColumn{logicalColumnName&apos;DTYPE&apos;, discriminatorTypeName=&apos;string&apos;}
18:19:18.473 [main] DEBUG o.h.cfg.annotations.EntityBinder - Import with entity name KnowledgePoint
18:19:18.473 [main] DEBUG o.h.cfg.annotations.EntityBinder - Bind entity cn.cstqb.exam.testmaker.entities.KnowledgePoint on table knowledge_point
18:19:18.474 [main] DEBUG org.hibernate.cfg.Ejb3Column - Binding column: Ejb3Column{table=org.hibernate.mapping.Table(knowledge_point), mappingColumn=id, insertable=true, updatable=false, unique=false}
18:19:18.475 [main] DEBUG o.h.cfg.annotations.PropertyBinder - MetadataSourceProcessor property id with lazy=false
18:19:18.475 [main] DEBUG o.h.cfg.AbstractPropertyHolder - Attempting to locate auto-apply AttributeConverter for property [cn.cstqb.exam.testmaker.entities.KnowledgePoint:id]
18:19:18.475 [main] DEBUG o.h.c.annotations.SimpleValueBinder - building SimpleValue for id
18:19:18.475 [main] DEBUG o.h.cfg.annotations.PropertyBinder - Building property id
18:19:18.476 [main] DEBUG org.hibernate.cfg.Ejb3Column - Binding column: Ejb3Column{table=org.hibernate.mapping.Table(knowledge_point), mappingColumn=created_on, insertable=true, updatable=false, unique=false}
18:19:18.476 [main] DEBUG o.h.cfg.annotations.PropertyBinder - MetadataSourceProcessor property createdOn with lazy=false
18:19:18.476 [main] DEBUG o.h.cfg.AbstractPropertyHolder - Attempting to locate auto-apply AttributeConverter for property [cn.cstqb.exam.testmaker.entities.KnowledgePoint:createdOn]
18:19:18.476 [main] DEBUG o.h.c.annotations.SimpleValueBinder - building SimpleValue for createdOn
18:19:18.476 [main] DEBUG o.h.cfg.annotations.PropertyBinder - Building property createdOn
18:19:18.476 [main] DEBUG org.hibernate.cfg.Ejb3Column - Binding column: Ejb3Column{table=org.hibernate.mapping.Table(knowledge_point), mappingColumn=updated_on, insertable=true, updatable=true, unique=false}
18:19:18.477 [main] DEBUG o.h.cfg.annotations.PropertyBinder - MetadataSourceProcessor property updatedOn with lazy=false
18:19:18.477 [main] DEBUG o.h.cfg.AbstractPropertyHolder - Attempting to locate auto-apply AttributeConverter for property [cn.cstqb.exam.testmaker.entities.KnowledgePoint:updatedOn]
18:19:18.477 [main] DEBUG o.h.c.annotations.SimpleValueBinder - building SimpleValue for updatedOn
18:19:18.477 [main] DEBUG o.h.cfg.annotations.PropertyBinder - Building property updatedOn
18:19:18.477 [main] DEBUG org.hibernate.cfg.Ejb3Column - Binding column: Ejb3JoinColumn{logicalColumnName=&apos;chapter_id&apos;, referencedColumn=&apos;&apos;, mappedBy=&apos;&apos;}
18:19:18.478 [main] DEBUG org.hibernate.cfg.Ejb3Column - Binding column: Ejb3Column{table=org.hibernate.mapping.Table(knowledge_point), mappingColumn=chapter, insertable=true, updatable=true, unique=false}
18:19:18.478 [main] DEBUG o.h.cfg.annotations.PropertyBinder - Building property chapter
18:19:18.478 [main] DEBUG org.hibernate.cfg.Ejb3Column - Binding column: Ejb3Column{table=org.hibernate.mapping.Table(knowledge_point), mappingColumn=k_level, insertable=true, updatable=true, unique=false}
18:19:18.478 [main] DEBUG o.h.cfg.annotations.PropertyBinder - MetadataSourceProcessor property kLevel with lazy=false
18:19:18.478 [main] DEBUG o.h.cfg.AbstractPropertyHolder - Attempting to locate auto-apply AttributeConverter for property [cn.cstqb.exam.testmaker.entities.KnowledgePoint:kLevel]
18:19:18.479 [main] DEBUG o.h.c.annotations.SimpleValueBinder - building SimpleValue for kLevel
18:19:18.479 [main] DEBUG o.h.cfg.annotations.PropertyBinder - Building property kLevel
18:19:18.479 [main] DEBUG org.hibernate.cfg.Ejb3Column - Binding column: Ejb3Column{table=org.hibernate.mapping.Table(knowledge_point), mappingColumn=number, insertable=true, updatable=true, unique=false}
18:19:18.479 [main] DEBUG o.h.cfg.annotations.PropertyBinder - MetadataSourceProcessor property number with lazy=false
18:19:18.479 [main] DEBUG o.h.cfg.AbstractPropertyHolder - Attempting to locate auto-apply AttributeConverter for property [cn.cstqb.exam.testmaker.entities.KnowledgePoint:number]
18:19:18.479 [main] DEBUG o.h.c.annotations.SimpleValueBinder - building SimpleValue for number
18:19:18.480 [main] DEBUG o.h.cfg.annotations.PropertyBinder - Building property number
18:19:18.480 [main] DEBUG org.hibernate.cfg.Ejb3Column - Binding column: Ejb3Column{table=org.hibernate.mapping.Table(knowledge_point), mappingColumn=score, insertable=true, updatable=true, unique=false}
18:19:18.480 [main] DEBUG o.h.cfg.annotations.PropertyBinder - MetadataSourceProcessor property score with lazy=false
18:19:18.480 [main] DEBUG o.h.cfg.AbstractPropertyHolder - Attempting to locate auto-apply AttributeConverter for property [cn.cstqb.exam.testmaker.entities.KnowledgePoint:score]
18:19:18.480 [main] DEBUG o.h.c.annotations.SimpleValueBinder - building SimpleValue for score
18:19:18.481 [main] DEBUG o.h.cfg.annotations.PropertyBinder - Building property score
18:19:18.481 [main] DEBUG org.hibernate.cfg.Ejb3Column - Binding column: Ejb3Column{table=org.hibernate.mapping.Table(knowledge_point), mappingColumn=title, insertable=true, updatable=true, unique=false}
18:19:18.481 [main] DEBUG o.h.cfg.annotations.PropertyBinder - MetadataSourceProcessor property title with lazy=false
18:19:18.481 [main] DEBUG o.h.cfg.AbstractPropertyHolder - Attempting to locate auto-apply AttributeConverter for property [cn.cstqb.exam.testmaker.entities.KnowledgePoint:title]
18:19:18.481 [main] DEBUG o.h.c.annotations.SimpleValueBinder - building SimpleValue for title
18:19:18.481 [main] DEBUG o.h.cfg.annotations.PropertyBinder - Building property title
18:19:18.481 [main] DEBUG org.hibernate.cfg.AnnotationBinder - Binding entity from annotated class: cn.cstqb.exam.testmaker.entities.Paper
18:19:18.482 [main] DEBUG org.hibernate.cfg.Ejb3Column - Binding column: Ejb3DiscriminatorColumn{logicalColumnName&apos;DTYPE&apos;, discriminatorTypeName=&apos;string&apos;}
18:19:18.482 [main] DEBUG o.h.cfg.annotations.EntityBinder - Import with entity name Paper
18:19:18.482 [main] DEBUG o.h.cfg.annotations.EntityBinder - Bind entity cn.cstqb.exam.testmaker.entities.Paper on table paper
18:19:18.484 [main] DEBUG org.hibernate.cfg.Ejb3Column - Binding column: Ejb3Column{table=org.hibernate.mapping.Table(paper), mappingColumn=id, insertable=true, updatable=false, unique=false}
18:19:18.484 [main] DEBUG o.h.cfg.annotations.PropertyBinder - MetadataSourceProcessor property id with lazy=false
18:19:18.484 [main] DEBUG o.h.cfg.AbstractPropertyHolder - Attempting to locate auto-apply AttributeConverter for property [cn.cstqb.exam.testmaker.entities.Paper:id]
18:19:18.484 [main] DEBUG o.h.c.annotations.SimpleValueBinder - building SimpleValue for id
18:19:18.484 [main] DEBUG o.h.cfg.annotations.PropertyBinder - Building property id
18:19:18.485 [main] DEBUG org.hibernate.cfg.Ejb3Column - Binding column: Ejb3Column{table=org.hibernate.mapping.Table(paper), mappingColumn=created_on, insertable=true, updatable=false, unique=false}
18:19:18.485 [main] DEBUG o.h.cfg.annotations.PropertyBinder - MetadataSourceProcessor property createdOn with lazy=false
18:19:18.485 [main] DEBUG o.h.cfg.AbstractPropertyHolder - Attempting to locate auto-apply AttributeConverter for property [cn.cstqb.exam.testmaker.entities.Paper:createdOn]
18:19:18.485 [main] DEBUG o.h.c.annotations.SimpleValueBinder - building SimpleValue for createdOn
18:19:18.485 [main] DEBUG o.h.cfg.annotations.PropertyBinder - Building property createdOn
18:19:18.486 [main] DEBUG org.hibernate.cfg.Ejb3Column - Binding column: Ejb3Column{table=org.hibernate.mapping.Table(paper), mappingColumn=updated_on, insertable=true, updatable=true, unique=false}
18:19:18.486 [main] DEBUG o.h.cfg.annotations.PropertyBinder - MetadataSourceProcessor property updatedOn with lazy=false
18:19:18.486 [main] DEBUG o.h.cfg.AbstractPropertyHolder - Attempting to locate auto-apply AttributeConverter for property [cn.cstqb.exam.testmaker.entities.Paper:updatedOn]
18:19:18.486 [main] DEBUG o.h.c.annotations.SimpleValueBinder - building SimpleValue for updatedOn
18:19:18.486 [main] DEBUG o.h.cfg.annotations.PropertyBinder - Building property updatedOn
18:19:18.486 [main] DEBUG org.hibernate.cfg.Ejb3Column - Binding column: Ejb3JoinColumn{logicalColumnName=&apos;author_id&apos;, referencedColumn=&apos;&apos;, mappedBy=&apos;&apos;}
18:19:18.486 [main] DEBUG org.hibernate.cfg.Ejb3Column - Binding column: Ejb3Column{table=org.hibernate.mapping.Table(paper), mappingColumn=author, insertable=true, updatable=true, unique=false}
18:19:18.487 [main] DEBUG o.h.cfg.annotations.PropertyBinder - Building property author
18:19:18.487 [main] DEBUG org.hibernate.cfg.Ejb3Column - Binding column: Ejb3Column{table=org.hibernate.mapping.Table(paper), mappingColumn=description, insertable=true, updatable=true, unique=false}
18:19:18.487 [main] DEBUG o.h.cfg.annotations.PropertyBinder - MetadataSourceProcessor property description with lazy=false
18:19:18.487 [main] DEBUG o.h.cfg.AbstractPropertyHolder - Attempting to locate auto-apply AttributeConverter for property [cn.cstqb.exam.testmaker.entities.Paper:description]
18:19:18.487 [main] DEBUG o.h.c.annotations.SimpleValueBinder - building SimpleValue for description
18:19:18.488 [main] DEBUG o.h.cfg.annotations.PropertyBinder - Building property description
18:19:18.488 [main] DEBUG org.hibernate.cfg.Ejb3Column - Binding column: Ejb3Column{table=org.hibernate.mapping.Table(paper), mappingColumn=paper_name, insertable=true, updatable=true, unique=false}
18:19:18.488 [main] DEBUG o.h.cfg.annotations.PropertyBinder - MetadataSourceProcessor property paper_name with lazy=false
18:19:18.488 [main] DEBUG o.h.cfg.AbstractPropertyHolder - Attempting to locate auto-apply AttributeConverter for property [cn.cstqb.exam.testmaker.entities.Paper:paper_name]
18:19:18.488 [main] DEBUG o.h.c.annotations.SimpleValueBinder - building SimpleValue for paper_name
18:19:18.488 [main] DEBUG o.h.cfg.annotations.PropertyBinder - Building property paper_name
18:19:18.489 [main] DEBUG org.hibernate.cfg.Ejb3Column - Binding column: Ejb3JoinColumn{logicalColumnName=&apos;project_id&apos;, referencedColumn=&apos;&apos;, mappedBy=&apos;&apos;}
18:19:18.489 [main] DEBUG org.hibernate.cfg.Ejb3Column - Binding column: Ejb3Column{table=org.hibernate.mapping.Table(paper), mappingColumn=project, insertable=true, updatable=true, unique=false}
18:19:18.489 [main] DEBUG o.h.cfg.annotations.PropertyBinder - Building property project
18:19:18.489 [main] DEBUG org.hibernate.cfg.Ejb3Column - Binding column: Ejb3Column{table=org.hibernate.mapping.Table(paper), mappingColumn=score, insertable=true, updatable=true, unique=false}
18:19:18.490 [main] DEBUG o.h.cfg.annotations.PropertyBinder - MetadataSourceProcessor property score with lazy=false
18:19:18.490 [main] DEBUG o.h.cfg.AbstractPropertyHolder - Attempting to locate auto-apply AttributeConverter for property [cn.cstqb.exam.testmaker.entities.Paper:score]
18:19:18.490 [main] DEBUG o.h.c.annotations.SimpleValueBinder - building SimpleValue for score
18:19:18.490 [main] DEBUG o.h.cfg.annotations.PropertyBinder - Building property score
18:19:18.490 [main] DEBUG org.hibernate.cfg.AnnotationBinder - Binding entity from annotated class: cn.cstqb.exam.testmaker.entities.QuestionImage
18:19:18.490 [main] DEBUG org.hibernate.cfg.Ejb3Column - Binding column: Ejb3DiscriminatorColumn{logicalColumnName&apos;DTYPE&apos;, discriminatorTypeName=&apos;string&apos;}
18:19:18.491 [main] DEBUG o.h.cfg.annotations.EntityBinder - Import with entity name QuestionImage
18:19:18.491 [main] DEBUG o.h.cfg.annotations.EntityBinder - Bind entity cn.cstqb.exam.testmaker.entities.QuestionImage on table question_image
18:19:18.492 [main] DEBUG org.hibernate.cfg.Ejb3Column - Binding column: Ejb3Column{table=org.hibernate.mapping.Table(question_image), mappingColumn=id, insertable=true, updatable=false, unique=false}
18:19:18.492 [main] DEBUG o.h.cfg.annotations.PropertyBinder - MetadataSourceProcessor property id with lazy=false
18:19:18.492 [main] DEBUG o.h.cfg.AbstractPropertyHolder - Attempting to locate auto-apply AttributeConverter for property [cn.cstqb.exam.testmaker.entities.QuestionImage:id]
18:19:18.492 [main] DEBUG o.h.c.annotations.SimpleValueBinder - building SimpleValue for id
18:19:18.493 [main] DEBUG o.h.cfg.annotations.PropertyBinder - Building property id
18:19:18.493 [main] DEBUG org.hibernate.cfg.Ejb3Column - Binding column: Ejb3Column{table=org.hibernate.mapping.Table(question_image), mappingColumn=created_on, insertable=true, updatable=false, unique=false}
18:19:18.493 [main] DEBUG o.h.cfg.annotations.PropertyBinder - MetadataSourceProcessor property createdOn with lazy=false
18:19:18.493 [main] DEBUG o.h.cfg.AbstractPropertyHolder - Attempting to locate auto-apply AttributeConverter for property [cn.cstqb.exam.testmaker.entities.QuestionImage:createdOn]
18:19:18.493 [main] DEBUG o.h.c.annotations.SimpleValueBinder - building SimpleValue for createdOn
18:19:18.493 [main] DEBUG o.h.cfg.annotations.PropertyBinder - Building property createdOn
18:19:18.494 [main] DEBUG org.hibernate.cfg.Ejb3Column - Binding column: Ejb3Column{table=org.hibernate.mapping.Table(question_image), mappingColumn=updated_on, insertable=true, updatable=true, unique=false}
18:19:18.494 [main] DEBUG o.h.cfg.annotations.PropertyBinder - MetadataSourceProcessor property updatedOn with lazy=false
18:19:18.494 [main] DEBUG o.h.cfg.AbstractPropertyHolder - Attempting to locate auto-apply AttributeConverter for property [cn.cstqb.exam.testmaker.entities.QuestionImage:updatedOn]
18:19:18.494 [main] DEBUG o.h.c.annotations.SimpleValueBinder - building SimpleValue for updatedOn
18:19:18.494 [main] DEBUG o.h.cfg.annotations.PropertyBinder - Building property updatedOn
18:19:18.494 [main] DEBUG org.hibernate.cfg.Ejb3Column - Binding column: Ejb3Column{table=org.hibernate.mapping.Table(question_image), mappingColumn=path, insertable=true, updatable=true, unique=false}
18:19:18.495 [main] DEBUG o.h.cfg.annotations.PropertyBinder - MetadataSourceProcessor property path with lazy=false
18:19:18.495 [main] DEBUG o.h.cfg.AbstractPropertyHolder - Attempting to locate auto-apply AttributeConverter for property [cn.cstqb.exam.testmaker.entities.QuestionImage:path]
18:19:18.495 [main] DEBUG o.h.c.annotations.SimpleValueBinder - building SimpleValue for path
18:19:18.495 [main] DEBUG o.h.cfg.annotations.PropertyBinder - Building property path
18:19:18.495 [main] DEBUG org.hibernate.cfg.Ejb3Column - Binding column: Ejb3Column{table=org.hibernate.mapping.Table(question_image), mappingColumn=caption, insertable=true, updatable=true, unique=false}
18:19:18.495 [main] DEBUG o.h.cfg.annotations.PropertyBinder - MetadataSourceProcessor property caption with lazy=false
18:19:18.495 [main] DEBUG o.h.cfg.AbstractPropertyHolder - Attempting to locate auto-apply AttributeConverter for property [cn.cstqb.exam.testmaker.entities.QuestionImage:caption]
18:19:18.495 [main] DEBUG o.h.c.annotations.SimpleValueBinder - building SimpleValue for caption
18:19:18.495 [main] DEBUG o.h.cfg.annotations.PropertyBinder - Building property caption
18:19:18.496 [main] DEBUG org.hibernate.cfg.Ejb3Column - Binding column: Ejb3JoinColumn{logicalColumnName=&apos;question_id&apos;, referencedColumn=&apos;&apos;, mappedBy=&apos;&apos;}
18:19:18.496 [main] DEBUG org.hibernate.cfg.Ejb3Column - Binding column: Ejb3Column{table=org.hibernate.mapping.Table(question_image), mappingColumn=question, insertable=true, updatable=true, unique=false}
18:19:18.496 [main] DEBUG o.h.cfg.annotations.PropertyBinder - Building property question
18:19:18.496 [main] DEBUG org.hibernate.cfg.AnnotationBinder - Binding entity from annotated class: cn.cstqb.exam.testmaker.entities.QuestionLanguage
18:19:18.496 [main] DEBUG org.hibernate.cfg.Ejb3Column - Binding column: Ejb3DiscriminatorColumn{logicalColumnName&apos;DTYPE&apos;, discriminatorTypeName=&apos;string&apos;}
18:19:18.497 [main] DEBUG o.h.cfg.annotations.EntityBinder - Import with entity name QuestionLanguage
18:19:18.497 [main] DEBUG o.h.cfg.annotations.EntityBinder - Bind entity cn.cstqb.exam.testmaker.entities.QuestionLanguage on table question_language
18:19:18.498 [main] DEBUG org.hibernate.cfg.Ejb3Column - Binding column: Ejb3Column{table=org.hibernate.mapping.Table(question_language), mappingColumn=id, insertable=true, updatable=false, unique=false}
18:19:18.498 [main] DEBUG o.h.cfg.annotations.PropertyBinder - MetadataSourceProcessor property id with lazy=false
18:19:18.498 [main] DEBUG o.h.cfg.AbstractPropertyHolder - Attempting to locate auto-apply AttributeConverter for property [cn.cstqb.exam.testmaker.entities.QuestionLanguage:id]
18:19:18.498 [main] DEBUG o.h.c.annotations.SimpleValueBinder - building SimpleValue for id
18:19:18.498 [main] DEBUG o.h.cfg.annotations.PropertyBinder - Building property id
18:19:18.499 [main] DEBUG org.hibernate.cfg.Ejb3Column - Binding column: Ejb3Column{table=org.hibernate.mapping.Table(question_language), mappingColumn=created_on, insertable=true, updatable=false, unique=false}
18:19:18.499 [main] DEBUG o.h.cfg.annotations.PropertyBinder - MetadataSourceProcessor property createdOn with lazy=false
18:19:18.499 [main] DEBUG o.h.cfg.AbstractPropertyHolder - Attempting to locate auto-apply AttributeConverter for property [cn.cstqb.exam.testmaker.entities.QuestionLanguage:createdOn]
18:19:18.499 [main] DEBUG o.h.c.annotations.SimpleValueBinder - building SimpleValue for createdOn
18:19:18.499 [main] DEBUG o.h.cfg.annotations.PropertyBinder - Building property createdOn
18:19:18.499 [main] DEBUG org.hibernate.cfg.Ejb3Column - Binding column: Ejb3Column{table=org.hibernate.mapping.Table(question_language), mappingColumn=updated_on, insertable=true, updatable=true, unique=false}
18:19:18.499 [main] DEBUG o.h.cfg.annotations.PropertyBinder - MetadataSourceProcessor property updatedOn with lazy=false
18:19:18.500 [main] DEBUG o.h.cfg.AbstractPropertyHolder - Attempting to locate auto-apply AttributeConverter for property [cn.cstqb.exam.testmaker.entities.QuestionLanguage:updatedOn]
18:19:18.500 [main] DEBUG o.h.c.annotations.SimpleValueBinder - building SimpleValue for updatedOn
18:19:18.500 [main] DEBUG o.h.cfg.annotations.PropertyBinder - Building property updatedOn
18:19:18.500 [main] DEBUG org.hibernate.cfg.Ejb3Column - Binding column: Ejb3Column{table=org.hibernate.mapping.Table(question_language), mappingColumn=name, insertable=true, updatable=true, unique=true}
18:19:18.500 [main] DEBUG o.h.cfg.annotations.PropertyBinder - MetadataSourceProcessor property name with lazy=false
18:19:18.500 [main] DEBUG o.h.cfg.AbstractPropertyHolder - Attempting to locate auto-apply AttributeConverter for property [cn.cstqb.exam.testmaker.entities.QuestionLanguage:name]
18:19:18.500 [main] DEBUG o.h.c.annotations.SimpleValueBinder - building SimpleValue for name
18:19:18.501 [main] DEBUG o.h.cfg.annotations.PropertyBinder - Building property name
18:19:18.501 [main] DEBUG org.hibernate.cfg.AnnotationBinder - Binding entity from annotated class: cn.cstqb.exam.testmaker.entities.Syllabus
18:19:18.502 [main] DEBUG org.hibernate.cfg.Ejb3Column - Binding column: Ejb3DiscriminatorColumn{logicalColumnName&apos;DTYPE&apos;, discriminatorTypeName=&apos;string&apos;}
18:19:18.502 [main] DEBUG o.h.cfg.annotations.EntityBinder - Import with entity name Syllabus
18:19:18.502 [main] DEBUG o.h.cfg.annotations.EntityBinder - Bind entity cn.cstqb.exam.testmaker.entities.Syllabus on table syllabus
18:19:18.504 [main] DEBUG org.hibernate.cfg.Ejb3Column - Binding column: Ejb3Column{table=org.hibernate.mapping.Table(syllabus), mappingColumn=id, insertable=true, updatable=false, unique=false}
18:19:18.504 [main] DEBUG o.h.cfg.annotations.PropertyBinder - MetadataSourceProcessor property id with lazy=false
18:19:18.504 [main] DEBUG o.h.cfg.AbstractPropertyHolder - Attempting to locate auto-apply AttributeConverter for property [cn.cstqb.exam.testmaker.entities.Syllabus:id]
18:19:18.504 [main] DEBUG o.h.c.annotations.SimpleValueBinder - building SimpleValue for id
18:19:18.504 [main] DEBUG o.h.cfg.annotations.PropertyBinder - Building property id
18:19:18.505 [main] DEBUG org.hibernate.cfg.Ejb3Column - Binding column: Ejb3Column{table=org.hibernate.mapping.Table(syllabus), mappingColumn=created_on, insertable=true, updatable=false, unique=false}
18:19:18.505 [main] DEBUG o.h.cfg.annotations.PropertyBinder - MetadataSourceProcessor property createdOn with lazy=false
18:19:18.505 [main] DEBUG o.h.cfg.AbstractPropertyHolder - Attempting to locate auto-apply AttributeConverter for property [cn.cstqb.exam.testmaker.entities.Syllabus:createdOn]
18:19:18.505 [main] DEBUG o.h.c.annotations.SimpleValueBinder - building SimpleValue for createdOn
18:19:18.505 [main] DEBUG o.h.cfg.annotations.PropertyBinder - Building property createdOn
18:19:18.506 [main] DEBUG org.hibernate.cfg.Ejb3Column - Binding column: Ejb3Column{table=org.hibernate.mapping.Table(syllabus), mappingColumn=updated_on, insertable=true, updatable=true, unique=false}
18:19:18.506 [main] DEBUG o.h.cfg.annotations.PropertyBinder - MetadataSourceProcessor property updatedOn with lazy=false
18:19:18.506 [main] DEBUG o.h.cfg.AbstractPropertyHolder - Attempting to locate auto-apply AttributeConverter for property [cn.cstqb.exam.testmaker.entities.Syllabus:updatedOn]
18:19:18.506 [main] DEBUG o.h.c.annotations.SimpleValueBinder - building SimpleValue for updatedOn
18:19:18.506 [main] DEBUG o.h.cfg.annotations.PropertyBinder - Building property updatedOn
18:19:18.506 [main] DEBUG org.hibernate.cfg.Ejb3Column - Binding column: Ejb3JoinColumn{logicalColumnName=&apos;null&apos;, referencedColumn=&apos;null&apos;, mappedBy=&apos;syllabus&apos;}
18:19:18.506 [main] DEBUG org.hibernate.cfg.Ejb3Column - Binding column: Ejb3Column{table=org.hibernate.mapping.Table(syllabus), mappingColumn=chapters, insertable=true, updatable=true, unique=false}
18:19:18.507 [main] DEBUG org.hibernate.cfg.Ejb3Column - Binding column: Ejb3Column{table=org.hibernate.mapping.Table(syllabus), mappingColumn=null, insertable=true, updatable=true, unique=false}
18:19:18.507 [main] DEBUG org.hibernate.cfg.Ejb3Column - Binding column: Ejb3Column{table=org.hibernate.mapping.Table(syllabus), mappingColumn=element, insertable=true, updatable=true, unique=false}
18:19:18.507 [main] DEBUG org.hibernate.cfg.Ejb3Column - Binding column: Ejb3Column{table=org.hibernate.mapping.Table(syllabus), mappingColumn=chapters_key, insertable=true, updatable=true, unique=false}
18:19:18.507 [main] DEBUG org.hibernate.cfg.Ejb3Column - Binding column: Ejb3JoinColumn{logicalColumnName=&apos;chapters_KEY&apos;, referencedColumn=&apos;null&apos;, mappedBy=&apos;null&apos;}
18:19:18.507 [main] DEBUG org.hibernate.cfg.Ejb3Column - Binding column: Ejb3JoinColumn{logicalColumnName=&apos;null&apos;, referencedColumn=&apos;null&apos;, mappedBy=&apos;syllabus&apos;}
18:19:18.508 [main] DEBUG org.hibernate.cfg.Ejb3Column - Binding column: Ejb3JoinColumn{logicalColumnName=&apos;null&apos;, referencedColumn=&apos;null&apos;, mappedBy=&apos;syllabus&apos;}
18:19:18.508 [main] DEBUG o.h.cfg.annotations.CollectionBinder - Collection role: cn.cstqb.exam.testmaker.entities.Syllabus.chapters
18:19:18.508 [main] DEBUG o.h.cfg.annotations.PropertyBinder - Building property chapters
18:19:18.508 [main] DEBUG org.hibernate.cfg.Ejb3Column - Binding column: Ejb3Column{table=org.hibernate.mapping.Table(syllabus), mappingColumn=is_disabled, insertable=true, updatable=true, unique=false}
18:19:18.508 [main] DEBUG o.h.cfg.annotations.PropertyBinder - MetadataSourceProcessor property isDisabled with lazy=false
18:19:18.509 [main] DEBUG o.h.cfg.AbstractPropertyHolder - Attempting to locate auto-apply AttributeConverter for property [cn.cstqb.exam.testmaker.entities.Syllabus:isDisabled]
18:19:18.509 [main] DEBUG o.h.c.annotations.SimpleValueBinder - building SimpleValue for isDisabled
18:19:18.509 [main] DEBUG o.h.cfg.annotations.PropertyBinder - Building property isDisabled
18:19:18.509 [main] DEBUG org.hibernate.cfg.Ejb3Column - Binding column: Ejb3Column{table=org.hibernate.mapping.Table(syllabus), mappingColumn=level, insertable=true, updatable=true, unique=false}
18:19:18.510 [main] DEBUG o.h.cfg.annotations.PropertyBinder - MetadataSourceProcessor property level with lazy=false
18:19:18.510 [main] DEBUG o.h.cfg.AbstractPropertyHolder - Attempting to locate auto-apply AttributeConverter for property [cn.cstqb.exam.testmaker.entities.Syllabus:level]
18:19:18.510 [main] DEBUG o.h.c.annotations.SimpleValueBinder - building SimpleValue for level
18:19:18.510 [main] DEBUG o.h.cfg.annotations.PropertyBinder - Building property level
18:19:18.510 [main] DEBUG org.hibernate.cfg.Ejb3Column - Binding column: Ejb3Column{table=org.hibernate.mapping.Table(syllabus), mappingColumn=version, insertable=true, updatable=true, unique=false}
18:19:18.510 [main] DEBUG o.h.cfg.annotations.PropertyBinder - MetadataSourceProcessor property version with lazy=false
18:19:18.510 [main] DEBUG o.h.cfg.AbstractPropertyHolder - Attempting to locate auto-apply AttributeConverter for property [cn.cstqb.exam.testmaker.entities.Syllabus:version]
18:19:18.510 [main] DEBUG o.h.c.annotations.SimpleValueBinder - building SimpleValue for version
18:19:18.511 [main] DEBUG o.h.cfg.annotations.PropertyBinder - Building property version
18:19:18.511 [main] DEBUG org.hibernate.cfg.AnnotationBinder - Binding entity from annotated class: cn.cstqb.exam.testmaker.entities.Role
18:19:18.511 [main] DEBUG org.hibernate.cfg.Ejb3Column - Binding column: Ejb3DiscriminatorColumn{logicalColumnName&apos;DTYPE&apos;, discriminatorTypeName=&apos;string&apos;}
18:19:18.511 [main] DEBUG o.h.cfg.annotations.EntityBinder - Import with entity name Role
18:19:18.511 [main] DEBUG o.h.cfg.annotations.EntityBinder - Bind entity cn.cstqb.exam.testmaker.entities.Role on table role
18:19:18.512 [main] DEBUG org.hibernate.cfg.Ejb3Column - Binding column: Ejb3Column{table=org.hibernate.mapping.Table(role), mappingColumn=id, insertable=true, updatable=false, unique=false}
18:19:18.512 [main] DEBUG o.h.cfg.annotations.PropertyBinder - MetadataSourceProcessor property id with lazy=false
18:19:18.512 [main] DEBUG o.h.cfg.AbstractPropertyHolder - Attempting to locate auto-apply AttributeConverter for property [cn.cstqb.exam.testmaker.entities.Role:id]
18:19:18.512 [main] DEBUG o.h.c.annotations.SimpleValueBinder - building SimpleValue for id
18:19:18.513 [main] DEBUG o.h.cfg.annotations.PropertyBinder - Building property id
18:19:18.513 [main] DEBUG org.hibernate.cfg.Ejb3Column - Binding column: Ejb3Column{table=org.hibernate.mapping.Table(role), mappingColumn=created_on, insertable=true, updatable=false, unique=false}
18:19:18.513 [main] DEBUG o.h.cfg.annotations.PropertyBinder - MetadataSourceProcessor property createdOn with lazy=false
18:19:18.513 [main] DEBUG o.h.cfg.AbstractPropertyHolder - Attempting to locate auto-apply AttributeConverter for property [cn.cstqb.exam.testmaker.entities.Role:createdOn]
18:19:18.513 [main] DEBUG o.h.c.annotations.SimpleValueBinder - building SimpleValue for createdOn
18:19:18.514 [main] DEBUG o.h.cfg.annotations.PropertyBinder - Building property createdOn
18:19:18.514 [main] DEBUG org.hibernate.cfg.Ejb3Column - Binding column: Ejb3Column{table=org.hibernate.mapping.Table(role), mappingColumn=updated_on, insertable=true, updatable=true, unique=false}
18:19:18.514 [main] DEBUG o.h.cfg.annotations.PropertyBinder - MetadataSourceProcessor property updatedOn with lazy=false
18:19:18.514 [main] DEBUG o.h.cfg.AbstractPropertyHolder - Attempting to locate auto-apply AttributeConverter for property [cn.cstqb.exam.testmaker.entities.Role:updatedOn]
18:19:18.514 [main] DEBUG o.h.c.annotations.SimpleValueBinder - building SimpleValue for updatedOn
18:19:18.514 [main] DEBUG o.h.cfg.annotations.PropertyBinder - Building property updatedOn
18:19:18.515 [main] DEBUG org.hibernate.cfg.Ejb3Column - Binding column: Ejb3Column{table=org.hibernate.mapping.Table(role), mappingColumn=name, insertable=true, updatable=true, unique=true}
18:19:18.515 [main] DEBUG o.h.cfg.annotations.PropertyBinder - MetadataSourceProcessor property name with lazy=false
18:19:18.515 [main] DEBUG o.h.cfg.AbstractPropertyHolder - Attempting to locate auto-apply AttributeConverter for property [cn.cstqb.exam.testmaker.entities.Role:name]
18:19:18.515 [main] DEBUG o.h.c.annotations.SimpleValueBinder - building SimpleValue for name
18:19:18.515 [main] DEBUG o.h.cfg.annotations.PropertyBinder - Building property name
18:19:18.515 [main] DEBUG org.hibernate.cfg.AnnotationBinder - Binding entity from annotated class: cn.cstqb.exam.testmaker.entities.QuestionStatusTransition
18:19:18.516 [main] DEBUG org.hibernate.cfg.Ejb3Column - Binding column: Ejb3DiscriminatorColumn{logicalColumnName&apos;DTYPE&apos;, discriminatorTypeName=&apos;string&apos;}
18:19:18.516 [main] DEBUG o.h.cfg.annotations.EntityBinder - Import with entity name QuestionStatusTransition
18:19:18.516 [main] DEBUG o.h.cfg.annotations.EntityBinder - Bind entity cn.cstqb.exam.testmaker.entities.QuestionStatusTransition on table question_status_transition
18:19:18.517 [main] DEBUG org.hibernate.cfg.Ejb3Column - Binding column: Ejb3Column{table=org.hibernate.mapping.Table(question_status_transition), mappingColumn=transitionpk, insertable=true, updatable=true, unique=false}
18:19:18.522 [main] DEBUG org.hibernate.cfg.Ejb3Column - Binding column: Ejb3JoinColumn{logicalColumnName=&apos;next_status_id&apos;, referencedColumn=&apos;&apos;, mappedBy=&apos;&apos;}
18:19:18.522 [main] DEBUG org.hibernate.cfg.Ejb3Column - Binding column: Ejb3Column{table=org.hibernate.mapping.Table(question_status_transition), mappingColumn=next_status, insertable=true, updatable=true, unique=false}
18:19:18.523 [main] DEBUG o.h.cfg.annotations.PropertyBinder - Building property nextStatus
18:19:18.523 [main] DEBUG org.hibernate.cfg.Ejb3Column - Binding column: Ejb3JoinColumn{logicalColumnName=&apos;status_id&apos;, referencedColumn=&apos;&apos;, mappedBy=&apos;&apos;}
18:19:18.523 [main] DEBUG org.hibernate.cfg.Ejb3Column - Binding column: Ejb3Column{table=org.hibernate.mapping.Table(question_status_transition), mappingColumn=status, insertable=true, updatable=true, unique=false}
18:19:18.523 [main] DEBUG o.h.cfg.annotations.PropertyBinder - Building property status
18:19:18.523 [main] DEBUG o.h.cfg.annotations.PropertyBinder - Building property transitionPK
18:19:18.523 [main] DEBUG org.hibernate.cfg.Ejb3Column - Binding column: Ejb3Column{table=org.hibernate.mapping.Table(question_status_transition), mappingColumn=created_on, insertable=true, updatable=false, unique=false}
18:19:18.524 [main] DEBUG o.h.cfg.annotations.PropertyBinder - MetadataSourceProcessor property createdOn with lazy=false
18:19:18.524 [main] DEBUG o.h.cfg.AbstractPropertyHolder - Attempting to locate auto-apply AttributeConverter for property [cn.cstqb.exam.testmaker.entities.QuestionStatusTransition:createdOn]
18:19:18.524 [main] DEBUG o.h.c.annotations.SimpleValueBinder - building SimpleValue for createdOn
18:19:18.524 [main] DEBUG o.h.cfg.annotations.PropertyBinder - Building property createdOn
18:19:18.524 [main] DEBUG org.hibernate.cfg.Ejb3Column - Binding column: Ejb3Column{table=org.hibernate.mapping.Table(question_status_transition), mappingColumn=updated_on, insertable=true, updatable=true, unique=false}
18:19:18.524 [main] DEBUG o.h.cfg.annotations.PropertyBinder - MetadataSourceProcessor property updatedOn with lazy=false
18:19:18.524 [main] DEBUG o.h.cfg.AbstractPropertyHolder - Attempting to locate auto-apply AttributeConverter for property [cn.cstqb.exam.testmaker.entities.QuestionStatusTransition:updatedOn]
18:19:18.524 [main] DEBUG o.h.c.annotations.SimpleValueBinder - building SimpleValue for updatedOn
18:19:18.524 [main] DEBUG o.h.cfg.annotations.PropertyBinder - Building property updatedOn
18:19:18.524 [main] DEBUG org.hibernate.cfg.Ejb3Column - Binding column: Ejb3Column{table=org.hibernate.mapping.Table(question_status_transition), mappingColumn=sequence, insertable=true, updatable=true, unique=false}
18:19:18.525 [main] DEBUG o.h.cfg.annotations.PropertyBinder - MetadataSourceProcessor property sequence with lazy=false
18:19:18.525 [main] DEBUG o.h.cfg.AbstractPropertyHolder - Attempting to locate auto-apply AttributeConverter for property [cn.cstqb.exam.testmaker.entities.QuestionStatusTransition:sequence]
18:19:18.525 [main] DEBUG o.h.c.annotations.SimpleValueBinder - building SimpleValue for sequence
18:19:18.525 [main] DEBUG o.h.cfg.annotations.PropertyBinder - Building property sequence
18:19:18.525 [main] DEBUG org.hibernate.cfg.AnnotationBinder - Binding entity from annotated class: cn.cstqb.exam.testmaker.entities.ReviewComment
18:19:18.525 [main] DEBUG org.hibernate.cfg.Ejb3Column - Binding column: Ejb3DiscriminatorColumn{logicalColumnName&apos;DTYPE&apos;, discriminatorTypeName=&apos;string&apos;}
18:19:18.525 [main] DEBUG o.h.cfg.annotations.EntityBinder - Import with entity name ReviewComment
18:19:18.525 [main] DEBUG o.h.cfg.annotations.EntityBinder - Bind entity cn.cstqb.exam.testmaker.entities.ReviewComment on table review_comment
18:19:18.526 [main] DEBUG org.hibernate.cfg.Ejb3Column - Binding column: Ejb3Column{table=org.hibernate.mapping.Table(review_comment), mappingColumn=id, insertable=true, updatable=false, unique=false}
18:19:18.526 [main] DEBUG o.h.cfg.annotations.PropertyBinder - MetadataSourceProcessor property id with lazy=false
18:19:18.527 [main] DEBUG o.h.cfg.AbstractPropertyHolder - Attempting to locate auto-apply AttributeConverter for property [cn.cstqb.exam.testmaker.entities.ReviewComment:id]
18:19:18.527 [main] DEBUG o.h.c.annotations.SimpleValueBinder - building SimpleValue for id
18:19:18.527 [main] DEBUG o.h.cfg.annotations.PropertyBinder - Building property id
18:19:18.527 [main] DEBUG org.hibernate.cfg.Ejb3Column - Binding column: Ejb3Column{table=org.hibernate.mapping.Table(review_comment), mappingColumn=created_on, insertable=true, updatable=false, unique=false}
18:19:18.527 [main] DEBUG o.h.cfg.annotations.PropertyBinder - MetadataSourceProcessor property createdOn with lazy=false
18:19:18.527 [main] DEBUG o.h.cfg.AbstractPropertyHolder - Attempting to locate auto-apply AttributeConverter for property [cn.cstqb.exam.testmaker.entities.ReviewComment:createdOn]
18:19:18.528 [main] DEBUG o.h.c.annotations.SimpleValueBinder - building SimpleValue for createdOn
18:19:18.528 [main] DEBUG o.h.cfg.annotations.PropertyBinder - Building property createdOn
18:19:18.528 [main] DEBUG org.hibernate.cfg.Ejb3Column - Binding column: Ejb3Column{table=org.hibernate.mapping.Table(review_comment), mappingColumn=updated_on, insertable=true, updatable=true, unique=false}
18:19:18.528 [main] DEBUG o.h.cfg.annotations.PropertyBinder - MetadataSourceProcessor property updatedOn with lazy=false
18:19:18.528 [main] DEBUG o.h.cfg.AbstractPropertyHolder - Attempting to locate auto-apply AttributeConverter for property [cn.cstqb.exam.testmaker.entities.ReviewComment:updatedOn]
18:19:18.528 [main] DEBUG o.h.c.annotations.SimpleValueBinder - building SimpleValue for updatedOn
18:19:18.528 [main] DEBUG o.h.cfg.annotations.PropertyBinder - Building property updatedOn
18:19:18.529 [main] DEBUG org.hibernate.cfg.Ejb3Column - Binding column: Ejb3Column{table=org.hibernate.mapping.Table(review_comment), mappingColumn=content, insertable=true, updatable=true, unique=false}
18:19:18.529 [main] DEBUG o.h.cfg.annotations.PropertyBinder - MetadataSourceProcessor property content with lazy=false
18:19:18.529 [main] DEBUG o.h.cfg.AbstractPropertyHolder - Attempting to locate auto-apply AttributeConverter for property [cn.cstqb.exam.testmaker.entities.ReviewComment:content]
18:19:18.529 [main] DEBUG o.h.c.annotations.SimpleValueBinder - building SimpleValue for content
18:19:18.529 [main] DEBUG o.h.cfg.annotations.PropertyBinder - Building property content
18:19:18.529 [main] DEBUG org.hibernate.cfg.Ejb3Column - Binding column: Ejb3Column{table=org.hibernate.mapping.Table(review_comment), mappingColumn=is_final_review, insertable=true, updatable=true, unique=false}
18:19:18.530 [main] DEBUG o.h.cfg.annotations.PropertyBinder - MetadataSourceProcessor property isFinalReview with lazy=false
18:19:18.530 [main] DEBUG o.h.cfg.AbstractPropertyHolder - Attempting to locate auto-apply AttributeConverter for property [cn.cstqb.exam.testmaker.entities.ReviewComment:isFinalReview]
18:19:18.530 [main] DEBUG o.h.c.annotations.SimpleValueBinder - building SimpleValue for isFinalReview
18:19:18.530 [main] DEBUG o.h.cfg.annotations.PropertyBinder - Building property isFinalReview
18:19:18.530 [main] DEBUG org.hibernate.cfg.Ejb3Column - Binding column: Ejb3JoinColumn{logicalColumnName=&apos;question_id&apos;, referencedColumn=&apos;&apos;, mappedBy=&apos;&apos;}
18:19:18.530 [main] DEBUG org.hibernate.cfg.Ejb3Column - Binding column: Ejb3Column{table=org.hibernate.mapping.Table(review_comment), mappingColumn=question, insertable=true, updatable=true, unique=false}
18:19:18.530 [main] DEBUG o.h.cfg.annotations.PropertyBinder - Building property question
18:19:18.530 [main] DEBUG org.hibernate.cfg.Ejb3Column - Binding column: Ejb3JoinColumn{logicalColumnName=&apos;reviewer_id&apos;, referencedColumn=&apos;&apos;, mappedBy=&apos;&apos;}
18:19:18.530 [main] DEBUG org.hibernate.cfg.Ejb3Column - Binding column: Ejb3Column{table=org.hibernate.mapping.Table(review_comment), mappingColumn=reviewer, insertable=true, updatable=true, unique=false}
18:19:18.531 [main] DEBUG o.h.cfg.annotations.PropertyBinder - Building property reviewer
18:19:18.532 [main] DEBUG o.h.c.annotations.SimpleValueBinder - Starting fillSimpleValue for id
18:19:18.532 [main] DEBUG o.h.c.annotations.SimpleValueBinder - Starting fillSimpleValue for createdOn
18:19:18.532 [main] DEBUG o.h.c.annotations.SimpleValueBinder - Starting fillSimpleValue for updatedOn
18:19:18.532 [main] DEBUG o.h.c.annotations.SimpleValueBinder - Starting fillSimpleValue for id
18:19:18.532 [main] DEBUG o.h.c.annotations.SimpleValueBinder - Starting fillSimpleValue for createdOn
18:19:18.532 [main] DEBUG o.h.c.annotations.SimpleValueBinder - Starting fillSimpleValue for updatedOn
18:19:18.532 [main] DEBUG o.h.c.annotations.SimpleValueBinder - Starting fillSimpleValue for isFinish
18:19:18.532 [main] DEBUG o.h.c.annotations.SimpleValueBinder - Starting fillSimpleValue for isStart
18:19:18.533 [main] DEBUG o.h.c.annotations.SimpleValueBinder - Starting fillSimpleValue for name
18:19:18.533 [main] DEBUG o.h.c.annotations.SimpleValueBinder - Starting fillSimpleValue for id
18:19:18.533 [main] DEBUG o.h.c.annotations.SimpleValueBinder - Starting fillSimpleValue for createdOn
18:19:18.533 [main] DEBUG o.h.c.annotations.SimpleValueBinder - Starting fillSimpleValue for updatedOn
18:19:18.533 [main] DEBUG o.h.c.annotations.SimpleValueBinder - Starting fillSimpleValue for name
18:19:18.533 [main] DEBUG o.h.c.annotations.SimpleValueBinder - Starting fillSimpleValue for id
18:19:18.533 [main] DEBUG o.h.c.annotations.SimpleValueBinder - Starting fillSimpleValue for createdOn
18:19:18.533 [main] DEBUG o.h.c.annotations.SimpleValueBinder - Starting fillSimpleValue for updatedOn
18:19:18.533 [main] DEBUG o.h.c.annotations.SimpleValueBinder - Starting fillSimpleValue for name
18:19:18.533 [main] DEBUG o.h.c.annotations.SimpleValueBinder - Starting fillSimpleValue for id
18:19:18.534 [main] DEBUG o.h.c.annotations.SimpleValueBinder - Starting fillSimpleValue for createdOn
18:19:18.534 [main] DEBUG o.h.c.annotations.SimpleValueBinder - Starting fillSimpleValue for updatedOn
18:19:18.534 [main] DEBUG o.h.c.annotations.SimpleValueBinder - Starting fillSimpleValue for email
18:19:18.534 [main] DEBUG o.h.c.annotations.SimpleValueBinder - Starting fillSimpleValue for enabled
18:19:18.534 [main] DEBUG o.h.c.annotations.SimpleValueBinder - Starting fillSimpleValue for fullName
18:19:18.534 [main] DEBUG o.h.c.annotations.SimpleValueBinder - Starting fillSimpleValue for isAdmin
18:19:18.534 [main] DEBUG o.h.c.annotations.SimpleValueBinder - Starting fillSimpleValue for lastLogin
18:19:18.534 [main] DEBUG o.h.c.annotations.SimpleValueBinder - Starting fillSimpleValue for loginCount
18:19:18.534 [main] DEBUG o.h.c.annotations.SimpleValueBinder - Starting fillSimpleValue for password
18:19:18.534 [main] DEBUG o.h.c.annotations.SimpleValueBinder - Starting fillSimpleValue for phone
18:19:18.534 [main] DEBUG o.h.c.annotations.SimpleValueBinder - Starting fillSimpleValue for username
18:19:18.534 [main] DEBUG o.h.c.annotations.SimpleValueBinder - Starting fillSimpleValue for id
18:19:18.535 [main] DEBUG o.h.c.annotations.SimpleValueBinder - Starting fillSimpleValue for createdOn
18:19:18.535 [main] DEBUG o.h.c.annotations.SimpleValueBinder - Starting fillSimpleValue for updatedOn
18:19:18.535 [main] DEBUG o.h.c.annotations.SimpleValueBinder - Starting fillSimpleValue for number
18:19:18.535 [main] DEBUG o.h.c.annotations.SimpleValueBinder - Starting fillSimpleValue for title
18:19:18.535 [main] DEBUG o.h.c.annotations.SimpleValueBinder - Starting fillSimpleValue for id
18:19:18.535 [main] DEBUG o.h.c.annotations.SimpleValueBinder - Starting fillSimpleValue for createdOn
18:19:18.535 [main] DEBUG o.h.c.annotations.SimpleValueBinder - Starting fillSimpleValue for updatedOn
18:19:18.535 [main] DEBUG o.h.c.annotations.SimpleValueBinder - Starting fillSimpleValue for path
18:19:18.535 [main] DEBUG o.h.c.annotations.SimpleValueBinder - Starting fillSimpleValue for caption
18:19:18.535 [main] DEBUG o.h.c.annotations.SimpleValueBinder - Starting fillSimpleValue for id
18:19:18.535 [main] DEBUG o.h.c.annotations.SimpleValueBinder - Starting fillSimpleValue for createdOn
18:19:18.536 [main] DEBUG o.h.c.annotations.SimpleValueBinder - Starting fillSimpleValue for updatedOn
18:19:18.536 [main] DEBUG o.h.c.annotations.SimpleValueBinder - Starting fillSimpleValue for authoringFinishDate
18:19:18.536 [main] DEBUG o.h.c.annotations.SimpleValueBinder - Starting fillSimpleValue for authoringStartDate
18:19:18.536 [main] DEBUG o.h.c.annotations.SimpleValueBinder - Starting fillSimpleValue for customField2
18:19:18.536 [main] DEBUG o.h.c.annotations.SimpleValueBinder - Starting fillSimpleValue for customField3
18:19:18.536 [main] DEBUG o.h.c.annotations.SimpleValueBinder - Starting fillSimpleValue for customFiled1
18:19:18.536 [main] DEBUG o.h.c.annotations.SimpleValueBinder - Starting fillSimpleValue for description
18:19:18.536 [main] DEBUG o.h.c.annotations.SimpleValueBinder - Starting fillSimpleValue for difficulty
18:19:18.536 [main] DEBUG o.h.c.annotations.SimpleValueBinder - Starting fillSimpleValue for memo
18:19:18.536 [main] DEBUG o.h.c.annotations.SimpleValueBinder - Starting fillSimpleValue for multipleChoice
18:19:18.536 [main] DEBUG o.h.c.annotations.SimpleValueBinder - Starting fillSimpleValue for published
18:19:18.536 [main] DEBUG o.h.c.annotations.SimpleValueBinder - Starting fillSimpleValue for remark
18:19:18.536 [main] DEBUG o.h.c.annotations.SimpleValueBinder - Starting fillSimpleValue for reviewingFinishDate
18:19:18.536 [main] DEBUG o.h.c.annotations.SimpleValueBinder - Starting fillSimpleValue for reviewingStartDate
18:19:18.537 [main] DEBUG o.h.c.annotations.SimpleValueBinder - Starting fillSimpleValue for scenario
18:19:18.537 [main] DEBUG o.h.c.annotations.SimpleValueBinder - Starting fillSimpleValue for score
18:19:18.537 [main] DEBUG o.h.c.annotations.SimpleValueBinder - Starting fillSimpleValue for stem
18:19:18.537 [main] DEBUG o.h.c.annotations.SimpleValueBinder - Starting fillSimpleValue for id
18:19:18.537 [main] DEBUG o.h.c.annotations.SimpleValueBinder - Starting fillSimpleValue for createdOn
18:19:18.537 [main] DEBUG o.h.c.annotations.SimpleValueBinder - Starting fillSimpleValue for updatedOn
18:19:18.537 [main] DEBUG o.h.c.annotations.SimpleValueBinder - Starting fillSimpleValue for customField1
18:19:18.537 [main] DEBUG o.h.c.annotations.SimpleValueBinder - Starting fillSimpleValue for customField2
18:19:18.537 [main] DEBUG o.h.c.annotations.SimpleValueBinder - Starting fillSimpleValue for customField3
18:19:18.537 [main] DEBUG o.h.c.annotations.SimpleValueBinder - Starting fillSimpleValue for exportedOn
18:19:18.537 [main] DEBUG o.h.c.annotations.SimpleValueBinder - Starting fillSimpleValue for finishDate
18:19:18.537 [main] DEBUG o.h.c.annotations.SimpleValueBinder - Starting fillSimpleValue for name
18:19:18.537 [main] DEBUG o.h.c.annotations.SimpleValueBinder - Starting fillSimpleValue for startDate
18:19:18.538 [main] DEBUG o.h.c.annotations.SimpleValueBinder - Starting fillSimpleValue for id
18:19:18.538 [main] DEBUG o.h.c.annotations.SimpleValueBinder - Starting fillSimpleValue for createdOn
18:19:18.538 [main] DEBUG o.h.c.annotations.SimpleValueBinder - Starting fillSimpleValue for updatedOn
18:19:18.538 [main] DEBUG o.h.c.annotations.SimpleValueBinder - Starting fillSimpleValue for isFinish
18:19:18.538 [main] DEBUG o.h.c.annotations.SimpleValueBinder - Starting fillSimpleValue for isStart
18:19:18.538 [main] DEBUG o.h.c.annotations.SimpleValueBinder - Starting fillSimpleValue for name
18:19:18.538 [main] DEBUG o.h.c.annotations.SimpleValueBinder - Starting fillSimpleValue for accessibleByAuthor
18:19:18.538 [main] DEBUG o.h.c.annotations.SimpleValueBinder - Starting fillSimpleValue for accessibleByFacilitator
18:19:18.538 [main] DEBUG o.h.c.annotations.SimpleValueBinder - Starting fillSimpleValue for accessibleByQualityAdmin
18:19:18.538 [main] DEBUG o.h.c.annotations.SimpleValueBinder - Starting fillSimpleValue for accessibleByReviewer
18:19:18.539 [main] DEBUG o.h.c.annotations.SimpleValueBinder - Starting fillSimpleValue for id
18:19:18.539 [main] DEBUG o.h.c.annotations.SimpleValueBinder - Starting fillSimpleValue for createdOn
18:19:18.539 [main] DEBUG o.h.c.annotations.SimpleValueBinder - Starting fillSimpleValue for updatedOn
18:19:18.539 [main] DEBUG o.h.c.annotations.SimpleValueBinder - Starting fillSimpleValue for choiceLabel
18:19:18.539 [main] DEBUG o.h.c.annotations.SimpleValueBinder - Starting fillSimpleValue for content
18:19:18.539 [main] DEBUG o.h.c.annotations.SimpleValueBinder - Starting fillSimpleValue for isCorrectAnswer
18:19:18.539 [main] DEBUG o.h.c.annotations.SimpleValueBinder - Starting fillSimpleValue for id
18:19:18.539 [main] DEBUG o.h.c.annotations.SimpleValueBinder - Starting fillSimpleValue for createdOn
18:19:18.539 [main] DEBUG o.h.c.annotations.SimpleValueBinder - Starting fillSimpleValue for updatedOn
18:19:18.540 [main] DEBUG o.h.c.annotations.SimpleValueBinder - Starting fillSimpleValue for kLevel
18:19:18.540 [main] DEBUG o.h.c.annotations.SimpleValueBinder - Starting fillSimpleValue for number
18:19:18.540 [main] DEBUG o.h.c.annotations.SimpleValueBinder - Starting fillSimpleValue for score
18:19:18.540 [main] DEBUG o.h.c.annotations.SimpleValueBinder - Starting fillSimpleValue for title
18:19:18.540 [main] DEBUG o.h.c.annotations.SimpleValueBinder - Starting fillSimpleValue for id
18:19:18.540 [main] DEBUG o.h.c.annotations.SimpleValueBinder - Starting fillSimpleValue for createdOn
18:19:18.540 [main] DEBUG o.h.c.annotations.SimpleValueBinder - Starting fillSimpleValue for updatedOn
18:19:18.540 [main] DEBUG o.h.c.annotations.SimpleValueBinder - Starting fillSimpleValue for description
18:19:18.540 [main] DEBUG o.h.c.annotations.SimpleValueBinder - Starting fillSimpleValue for paper_name
18:19:18.540 [main] DEBUG o.h.c.annotations.SimpleValueBinder - Starting fillSimpleValue for score
18:19:18.540 [main] DEBUG o.h.c.annotations.SimpleValueBinder - Starting fillSimpleValue for id
18:19:18.540 [main] DEBUG o.h.c.annotations.SimpleValueBinder - Starting fillSimpleValue for createdOn
18:19:18.541 [main] DEBUG o.h.c.annotations.SimpleValueBinder - Starting fillSimpleValue for updatedOn
18:19:18.541 [main] DEBUG o.h.c.annotations.SimpleValueBinder - Starting fillSimpleValue for path
18:19:18.541 [main] DEBUG o.h.c.annotations.SimpleValueBinder - Starting fillSimpleValue for caption
18:19:18.541 [main] DEBUG o.h.c.annotations.SimpleValueBinder - Starting fillSimpleValue for id
18:19:18.541 [main] DEBUG o.h.c.annotations.SimpleValueBinder - Starting fillSimpleValue for createdOn
18:19:18.541 [main] DEBUG o.h.c.annotations.SimpleValueBinder - Starting fillSimpleValue for updatedOn
18:19:18.541 [main] DEBUG o.h.c.annotations.SimpleValueBinder - Starting fillSimpleValue for name
18:19:18.541 [main] DEBUG o.h.c.annotations.SimpleValueBinder - Starting fillSimpleValue for id
18:19:18.541 [main] DEBUG o.h.c.annotations.SimpleValueBinder - Starting fillSimpleValue for createdOn
18:19:18.541 [main] DEBUG o.h.c.annotations.SimpleValueBinder - Starting fillSimpleValue for updatedOn
18:19:18.542 [main] DEBUG o.h.c.annotations.SimpleValueBinder - Starting fillSimpleValue for isDisabled
18:19:18.542 [main] DEBUG o.h.c.annotations.SimpleValueBinder - Starting fillSimpleValue for level
18:19:18.542 [main] DEBUG o.h.c.annotations.SimpleValueBinder - Starting fillSimpleValue for version
18:19:18.542 [main] DEBUG o.h.c.annotations.SimpleValueBinder - Starting fillSimpleValue for id
18:19:18.542 [main] DEBUG o.h.c.annotations.SimpleValueBinder - Starting fillSimpleValue for createdOn
18:19:18.542 [main] DEBUG o.h.c.annotations.SimpleValueBinder - Starting fillSimpleValue for updatedOn
18:19:18.542 [main] DEBUG o.h.c.annotations.SimpleValueBinder - Starting fillSimpleValue for name
18:19:18.542 [main] DEBUG o.h.c.annotations.SimpleValueBinder - Starting fillSimpleValue for createdOn
18:19:18.542 [main] DEBUG o.h.c.annotations.SimpleValueBinder - Starting fillSimpleValue for updatedOn
18:19:18.542 [main] DEBUG o.h.c.annotations.SimpleValueBinder - Starting fillSimpleValue for sequence
18:19:18.542 [main] DEBUG o.h.c.annotations.SimpleValueBinder - Starting fillSimpleValue for id
18:19:18.543 [main] DEBUG o.h.c.annotations.SimpleValueBinder - Starting fillSimpleValue for createdOn
18:19:18.543 [main] DEBUG o.h.c.annotations.SimpleValueBinder - Starting fillSimpleValue for updatedOn
18:19:18.543 [main] DEBUG o.h.c.annotations.SimpleValueBinder - Starting fillSimpleValue for content
18:19:18.543 [main] DEBUG o.h.c.annotations.SimpleValueBinder - Starting fillSimpleValue for isFinalReview
18:19:18.544 [main] DEBUG org.hibernate.cfg.Configuration - Processing fk mappings (*ToOne and JoinedSubclass)
18:19:18.563 [main] DEBUG org.hibernate.cfg.Configuration - Processing extends queue
18:19:18.563 [main] DEBUG org.hibernate.cfg.Configuration - Processing extends queue
18:19:18.563 [main] DEBUG org.hibernate.cfg.Configuration - Processing collection mappings
18:19:18.563 [main] DEBUG o.hibernate.cfg.CollectionSecondPass - Second pass for collection: cn.cstqb.exam.testmaker.entities.Project.users
18:19:18.564 [main] DEBUG o.h.cfg.annotations.CollectionBinder - Binding as ManyToMany: cn.cstqb.exam.testmaker.entities.Project.users
18:19:18.567 [main] DEBUG o.hibernate.cfg.CollectionSecondPass - Mapped collection key: project_id, element: user_id
18:19:18.567 [main] DEBUG o.hibernate.cfg.CollectionSecondPass - Second pass for collection: cn.cstqb.exam.testmaker.entities.Question.reviewers
18:19:18.567 [main] DEBUG o.h.cfg.annotations.CollectionBinder - Binding as ManyToMany: cn.cstqb.exam.testmaker.entities.Question.reviewers
18:19:18.568 [main] DEBUG o.hibernate.cfg.CollectionSecondPass - Mapped collection key: question_id, element: reviewer_id
18:19:18.568 [main] DEBUG o.hibernate.cfg.CollectionSecondPass - Second pass for collection: cn.cstqb.exam.testmaker.entities.User.projects
18:19:18.569 [main] DEBUG o.h.cfg.annotations.CollectionBinder - Binding as ManyToMany: cn.cstqb.exam.testmaker.entities.User.projects
18:19:18.569 [main] DEBUG o.h.cfg.annotations.TableBinder - Retrieving property cn.cstqb.exam.testmaker.entities.Project.users
18:19:18.569 [main] DEBUG o.hibernate.cfg.CollectionSecondPass - Mapped collection key: user_id, element: project_id
18:19:18.569 [main] DEBUG o.hibernate.cfg.CollectionSecondPass - Second pass for collection: cn.cstqb.exam.testmaker.entities.Chapter.points
18:19:18.570 [main] DEBUG o.h.cfg.annotations.CollectionBinder - Binding a OneToMany: cn.cstqb.exam.testmaker.entities.Chapter.points through a foreign key
18:19:18.570 [main] DEBUG o.h.cfg.annotations.CollectionBinder - Mapping collection: cn.cstqb.exam.testmaker.entities.Chapter.points -&gt; knowledge_point
18:19:18.570 [main] DEBUG o.h.cfg.annotations.TableBinder - Retrieving property cn.cstqb.exam.testmaker.entities.KnowledgePoint.chapter
18:19:18.570 [main] DEBUG o.hibernate.cfg.CollectionSecondPass - Mapped collection key: chapter_id, one-to-many: cn.cstqb.exam.testmaker.entities.KnowledgePoint
18:19:18.570 [main] DEBUG o.hibernate.cfg.CollectionSecondPass - Second pass for collection: cn.cstqb.exam.testmaker.entities.Question.images
18:19:18.571 [main] DEBUG o.h.cfg.annotations.CollectionBinder - Binding a OneToMany: cn.cstqb.exam.testmaker.entities.Question.images through a foreign key
18:19:18.571 [main] DEBUG o.h.cfg.annotations.CollectionBinder - Mapping collection: cn.cstqb.exam.testmaker.entities.Question.images -&gt; question_image
18:19:18.571 [main] DEBUG o.h.cfg.annotations.TableBinder - Retrieving property cn.cstqb.exam.testmaker.entities.QuestionImage.question
18:19:18.571 [main] DEBUG o.hibernate.cfg.CollectionSecondPass - Mapped collection key: question_id, one-to-many: cn.cstqb.exam.testmaker.entities.QuestionImage
18:19:18.571 [main] DEBUG o.hibernate.cfg.CollectionSecondPass - Second pass for collection: cn.cstqb.exam.testmaker.entities.QuestionChoice.images
18:19:18.571 [main] DEBUG o.h.cfg.annotations.CollectionBinder - Binding a OneToMany: cn.cstqb.exam.testmaker.entities.QuestionChoice.images through a foreign key
18:19:18.571 [main] DEBUG o.h.cfg.annotations.CollectionBinder - Mapping collection: cn.cstqb.exam.testmaker.entities.QuestionChoice.images -&gt; question_choice_image
18:19:18.572 [main] DEBUG o.h.cfg.annotations.TableBinder - Retrieving property cn.cstqb.exam.testmaker.entities.QuestionChoiceImage.choice
18:19:18.572 [main] DEBUG o.hibernate.cfg.CollectionSecondPass - Mapped collection key: question_choice_id, one-to-many: cn.cstqb.exam.testmaker.entities.QuestionChoiceImage
18:19:18.572 [main] DEBUG o.hibernate.cfg.CollectionSecondPass - Second pass for collection: cn.cstqb.exam.testmaker.entities.Syllabus.chapters
18:19:18.572 [main] DEBUG o.h.cfg.annotations.CollectionBinder - Binding a OneToMany: cn.cstqb.exam.testmaker.entities.Syllabus.chapters through a foreign key
18:19:18.572 [main] DEBUG o.h.cfg.annotations.CollectionBinder - Mapping collection: cn.cstqb.exam.testmaker.entities.Syllabus.chapters -&gt; chapter
18:19:18.572 [main] DEBUG o.h.cfg.annotations.TableBinder - Retrieving property cn.cstqb.exam.testmaker.entities.Chapter.syllabus
18:19:18.572 [main] DEBUG o.hibernate.cfg.CollectionSecondPass - Mapped collection key: syllabus_id, one-to-many: cn.cstqb.exam.testmaker.entities.Chapter
18:19:18.572 [main] DEBUG org.hibernate.cfg.Configuration - Processing native query and ResultSetMapping mappings
18:19:18.573 [main] DEBUG org.hibernate.cfg.Configuration - Processing association property references
18:19:18.573 [main] DEBUG org.hibernate.cfg.Configuration - Creating tables&apos; unique integer identifiers
18:19:18.573 [main] DEBUG org.hibernate.cfg.Configuration - Processing foreign key constraints
18:19:18.573 [main] DEBUG org.hibernate.cfg.Configuration - Resolving reference to class: cn.cstqb.exam.testmaker.entities.Syllabus
18:19:18.573 [main] DEBUG org.hibernate.cfg.Configuration - Resolving reference to class: cn.cstqb.exam.testmaker.entities.Chapter
18:19:18.573 [main] DEBUG org.hibernate.cfg.Configuration - Resolving reference to class: cn.cstqb.exam.testmaker.entities.User
18:19:18.573 [main] DEBUG org.hibernate.cfg.Configuration - Resolving reference to class: cn.cstqb.exam.testmaker.entities.Project
18:19:18.573 [main] DEBUG org.hibernate.cfg.Configuration - Resolving reference to class: cn.cstqb.exam.testmaker.entities.Paper
18:19:18.573 [main] DEBUG org.hibernate.cfg.Configuration - Resolving reference to class: cn.cstqb.exam.testmaker.entities.Question
18:19:18.573 [main] DEBUG org.hibernate.cfg.Configuration - Resolving reference to class: cn.cstqb.exam.testmaker.entities.User
18:19:18.574 [main] DEBUG org.hibernate.cfg.Configuration - Resolving reference to class: cn.cstqb.exam.testmaker.entities.User
18:19:18.574 [main] DEBUG org.hibernate.cfg.Configuration - Resolving reference to class: cn.cstqb.exam.testmaker.entities.ProjectStatus
18:19:18.574 [main] DEBUG org.hibernate.cfg.Configuration - Resolving reference to class: cn.cstqb.exam.testmaker.entities.Syllabus
18:19:18.574 [main] DEBUG org.hibernate.cfg.Configuration - Resolving reference to class: cn.cstqb.exam.testmaker.entities.User
18:19:18.574 [main] DEBUG org.hibernate.cfg.Configuration - Resolving reference to class: cn.cstqb.exam.testmaker.entities.Project
18:19:18.574 [main] DEBUG org.hibernate.cfg.Configuration - Resolving reference to class: cn.cstqb.exam.testmaker.entities.User
18:19:18.574 [main] DEBUG org.hibernate.cfg.Configuration - Resolving reference to class: cn.cstqb.exam.testmaker.entities.KnowledgePoint
18:19:18.574 [main] DEBUG org.hibernate.cfg.Configuration - Resolving reference to class: cn.cstqb.exam.testmaker.entities.QuestionLanguage
18:19:18.574 [main] DEBUG org.hibernate.cfg.Configuration - Resolving reference to class: cn.cstqb.exam.testmaker.entities.Project
18:19:18.574 [main] DEBUG org.hibernate.cfg.Configuration - Resolving reference to class: cn.cstqb.exam.testmaker.entities.User
18:19:18.574 [main] DEBUG org.hibernate.cfg.Configuration - Resolving reference to class: cn.cstqb.exam.testmaker.entities.QuestionStatus
18:19:18.574 [main] DEBUG org.hibernate.cfg.Configuration - Resolving reference to class: cn.cstqb.exam.testmaker.entities.QuestionType
18:19:18.575 [main] DEBUG org.hibernate.cfg.Configuration - Resolving reference to class: cn.cstqb.exam.testmaker.entities.Question
18:19:18.575 [main] DEBUG org.hibernate.cfg.Configuration - Resolving reference to class: cn.cstqb.exam.testmaker.entities.QuestionChoice
18:19:18.575 [main] DEBUG org.hibernate.cfg.Configuration - Resolving reference to class: cn.cstqb.exam.testmaker.entities.Question
18:19:18.575 [main] DEBUG org.hibernate.cfg.Configuration - Resolving reference to class: cn.cstqb.exam.testmaker.entities.User
18:19:18.575 [main] DEBUG org.hibernate.cfg.Configuration - Resolving reference to class: cn.cstqb.exam.testmaker.entities.Question
18:19:18.575 [main] DEBUG org.hibernate.cfg.Configuration - Resolving reference to class: cn.cstqb.exam.testmaker.entities.QuestionStatus
18:19:18.575 [main] DEBUG org.hibernate.cfg.Configuration - Resolving reference to class: cn.cstqb.exam.testmaker.entities.QuestionStatus
18:19:18.575 [main] DEBUG org.hibernate.cfg.Configuration - Resolving reference to class: cn.cstqb.exam.testmaker.entities.Question
18:19:18.575 [main] DEBUG org.hibernate.cfg.Configuration - Resolving reference to class: cn.cstqb.exam.testmaker.entities.User
18:19:18.599 [main] DEBUG o.h.e.t.j.p.i.JtaPlatformInitiator - No JtaPlatform was specified, checking resolver
18:19:18.599 [main] DEBUG o.h.e.t.j.p.i.JtaPlatformResolverInitiator - No JtaPlatformResolver was specified, using default [org.hibernate.engine.transaction.jta.platform.internal.StandardJtaPlatformResolver]
18:19:18.602 [main] DEBUG o.h.e.t.j.p.i.StandardJtaPlatformResolver - Could not resolve JtaPlatform, using default [org.hibernate.engine.transaction.jta.platform.internal.NoJtaPlatform]
18:19:18.606 [main] DEBUG org.hibernate.cfg.SettingsFactory - Automatic flush during beforeCompletion(): disabled
18:19:18.606 [main] DEBUG org.hibernate.cfg.SettingsFactory - Automatic session close at end of transaction: disabled
18:19:18.606 [main] DEBUG org.hibernate.cfg.SettingsFactory - JDBC batch size: 15
18:19:18.606 [main] DEBUG org.hibernate.cfg.SettingsFactory - JDBC batch updates for versioned data: disabled
18:19:18.606 [main] DEBUG org.hibernate.cfg.SettingsFactory - Scrollable result sets: enabled
18:19:18.606 [main] DEBUG org.hibernate.cfg.SettingsFactory - Wrap result sets: disabled
18:19:18.607 [main] DEBUG org.hibernate.cfg.SettingsFactory - JDBC3 getGeneratedKeys(): enabled
18:19:18.607 [main] DEBUG org.hibernate.cfg.SettingsFactory - multi-tenancy strategy : NONE
18:19:18.607 [main] DEBUG org.hibernate.cfg.SettingsFactory - Connection release mode: auto
18:19:18.610 [main] DEBUG org.hibernate.cfg.SettingsFactory - Using BatchFetchStyle : LEGACY
18:19:18.610 [main] DEBUG org.hibernate.cfg.SettingsFactory - Maximum outer join fetch depth: 2
18:19:18.610 [main] DEBUG org.hibernate.cfg.SettingsFactory - Default batch fetch size: 1
18:19:18.610 [main] DEBUG org.hibernate.cfg.SettingsFactory - Generate SQL with comments: disabled
18:19:18.610 [main] DEBUG org.hibernate.cfg.SettingsFactory - Order SQL updates by primary key: disabled
18:19:18.610 [main] DEBUG org.hibernate.cfg.SettingsFactory - Order SQL inserts for batching: disabled
18:19:18.611 [main] DEBUG org.hibernate.cfg.SettingsFactory - Default null ordering: none
18:19:18.611 [main] DEBUG org.hibernate.cfg.SettingsFactory - Query translator: org.hibernate.hql.internal.ast.ASTQueryTranslatorFactory
18:19:18.613 [main] INFO  o.h.h.i.a.ASTQueryTranslatorFactory - HHH000397: Using ASTQueryTranslatorFactory
18:19:18.613 [main] DEBUG org.hibernate.cfg.SettingsFactory - Query language substitutions: {}
18:19:18.613 [main] DEBUG org.hibernate.cfg.SettingsFactory - JPA-QL strict compliance: disabled
18:19:18.613 [main] DEBUG org.hibernate.cfg.SettingsFactory - Second-level cache: disabled
18:19:18.614 [main] DEBUG org.hibernate.cfg.SettingsFactory - Query cache: disabled
18:19:18.615 [main] DEBUG o.h.c.i.RegionFactoryInitiator - Cache region factory : org.hibernate.cache.internal.NoCachingRegionFactory
18:19:18.617 [main] DEBUG org.hibernate.cfg.SettingsFactory - Optimize cache for minimal puts: disabled
18:19:18.618 [main] DEBUG org.hibernate.cfg.SettingsFactory - Structured second-level cache entries: disabled
18:19:18.618 [main] DEBUG org.hibernate.cfg.SettingsFactory - Second-level cache direct-reference entries: disabled
18:19:18.618 [main] DEBUG org.hibernate.cfg.SettingsFactory - Automatic eviction of collection cache: disabled
18:19:18.618 [main] DEBUG org.hibernate.cfg.SettingsFactory - Statistics: disabled
18:19:18.618 [main] DEBUG org.hibernate.cfg.SettingsFactory - Deleted entity synthetic identifier rollback: disabled
18:19:18.618 [main] DEBUG org.hibernate.cfg.SettingsFactory - Default entity-mode: pojo
18:19:18.618 [main] DEBUG org.hibernate.cfg.SettingsFactory - Named query checking : enabled
18:19:18.618 [main] DEBUG org.hibernate.cfg.SettingsFactory - Check Nullability in Core (should be disabled when Bean Validation is on): enabled
18:19:18.618 [main] DEBUG org.hibernate.cfg.SettingsFactory - Allow initialization of lazy state outside session : : enabled
18:19:18.619 [main] DEBUG org.hibernate.cfg.SettingsFactory - JTA Track by Thread: enabled
18:19:18.628 [main] DEBUG o.h.internal.SessionFactoryImpl - Building session factory
18:19:18.638 [main] DEBUG o.h.internal.SessionFactoryImpl - Session factory constructed with filter configurations : {}
18:19:18.638 [main] DEBUG o.h.internal.SessionFactoryImpl - Instantiating session factory with properties: {hibernate.format_sql=true, java.specification.version=13, sun.cpu.isalist=amd64, hibernate.c3p0.idle_test_period=120, sun.jnu.encoding=GBK, sun.arch.data.model=64, java.vendor.url=https://java.oracle.com/, javax.persistence.jdbc.user=root, javax.persistence.jdbc.url=jdbc:mysql://localhost:3306/testmaker, connection.provider_class=org.hibernate.connection.C3P0ConnectionProvider, sun.boot.library.path=C:\Program Files\Java\jdk-13.0.1\bin, sun.java.command=D:\time\test-maker-group1\test-maker\target\surefire\surefirebooter5743010467506583462.jar D:\time\test-maker-group1\test-maker\target\surefire\surefire15610076039429636263tmp D:\time\test-maker-group1\test-maker\target\surefire\surefire_02287830796058035873tmp, jdk.debug=release, java.specification.vendor=Oracle Corporation, java.version.date=2019-10-15, java.home=C:\Program Files\Java\jdk-13.0.1, file.separator=\, basedir=D:\time\test-maker-group1\test-maker, java.vm.compressedOopsMode=Zero based, line.separator=
, hibernate.c3p0.timeout=600, java.vm.specification.vendor=Oracle Corporation, java.specification.name=Java Platform API Specification, hibernate.c3p0.automaticTestTable=_conTestTable, eclipselink.jdbc.driver=com.mysql.cj.jdbc.Driver, hibernate.hbm2ddl.auto=update, user.script=, sun.management.compiler=HotSpot 64-Bit Tiered Compilers, java.runtime.version=13.0.1+9, user.name=wangs, hibernate.enable_lazy_load_no_trans=true, file.encoding=GBK, org.hibernate.flushMode=COMMIT, localRepository=C:\Users\wangs\.m2\repository, hibernate.connection.driver_class=com.mysql.cj.jdbc.Driver, java.io.tmpdir=C:\Users\wangs\AppData\Local\Temp\, java.version=13.0.1, java.vm.specification.name=Java Virtual Machine Specification, sun.os.patch.level=, hibernate.cache.use_second_level_cache=false, java.library.path=C:\Program Files\Java\jdk-13.0.1\bin;C:\WINDOWS\Sun\Java\bin;C:\WINDOWS\system32;C:\WINDOWS;C:\Program Files (x86)\Razer\ChromaBroadcast\bin;C:\Program Files\Razer\ChromaBroadcast\bin;C:\Program Files (x86)\Intel\Intel(R) Management Engine Components\iCLS\;C:\Program Files\Intel\Intel(R) Management Engine Components\iCLS\;C:\Windows\system32;C:\Windows;C:\Windows\System32\Wbem;C:\Windows\System32\WindowsPowerShell\v1.0\;C:\Windows\System32\OpenSSH\;C:\Program Files (x86)\Intel\Intel(R) Management Engine Components\DAL;C:\Program Files\Intel\Intel(R) Management Engine Components\DAL;C:\WINDOWS\system32;C:\WINDOWS;C:\WINDOWS\System32\Wbem;C:\WINDOWS\System32\WindowsPowerShell\v1.0\;C:\WINDOWS\System32\OpenSSH\;C:\Program Files\Git\cmd;C:\Program Files\Java\jdk-13.0.1\bin;C:\Program Files\Java\jdk-13.0.1\jre\bin;;C:\Program Files\NVIDIA Corporation\NVIDIA NvDLISR;C:\WINDOWS\system32;C:\WINDOWS;C:\WINDOWS\System32\Wbem;C:\WINDOWS\System32\WindowsPowerShell\v1.0\;C:\WINDOWS\System32\OpenSSH\;C:\Program Files\dotnet\;C:\Program Files (x86)\NVIDIA Corporation\PhysX\Common;C:\Program Files\NVIDIA Corporation\NVIDIA NGX;C:\Users\wangs\AppData\Local\Microsoft\WindowsApps;C:\Users\wangs\.dotnet\tools;C:\Program Files\TortoiseSVN\bin;D:\;C:\Users\wangs\AppData\Local\Programs\Python\Python36\Scripts\;C:\Users\wangs\AppData\Local\Programs\Python\Python36\;C:\Users\wangs\AppData\Local\Programs\Python\Python37\Scripts\;C:\Users\wangs\AppData\Local\Programs\Python\Python37\;C:\Users\wangs\AppData\Local\Microsoft\WindowsApps;C:\Program Files (x86)\SSH Communications Security\SSH Secure Shell;C:\MinGW\bin;;C:\Users\wangs\AppData\Local\Programs\Microsoft VS Code\bin;C:\Program Files\JetBrains\IntelliJ IDEA 2019.3.3\bin;;., java.vendor=Oracle Corporation, sun.io.unicode.encoding=UnicodeLittle, openjpa.ConnectionURL=jdbc:mysql://localhost:3306/testmaker?serverTimezone=UTC, hibernate.dialect=org.hibernate.dialect.MySQL5InnoDBDialect, java.class.path=D:\time\test-maker-group1\test-maker\target\test-classes;D:\time\test-maker-group1\test-maker\target\classes;C:\Users\wangs\.m2\repository\junit\junit\4.12\junit-4.12.jar;C:\Users\wangs\.m2\repository\org\hamcrest\hamcrest-core\1.3\hamcrest-core-1.3.jar;C:\Users\wangs\.m2\repository\org\slf4j\slf4j-api\1.7.7\slf4j-api-1.7.7.jar;C:\Users\wangs\.m2\repository\ch\qos\logback\logback-core\1.1.2\logback-core-1.1.2.jar;C:\Users\wangs\.m2\repository\ch\qos\logback\logback-classic\1.1.2\logback-classic-1.1.2.jar;C:\Users\wangs\.m2\repository\mysql\mysql-connector-java\5.1.34\mysql-connector-java-5.1.34.jar;C:\Users\wangs\.m2\repository\com\google\guava\guava\18.0\guava-18.0.jar;C:\Users\wangs\.m2\repository\com\google\code\findbugs\jsr305\3.0.0\jsr305-3.0.0.jar;C:\Users\wangs\.m2\repository\com\google\inject\guice\4.0-beta5\guice-4.0-beta5.jar;C:\Users\wangs\.m2\repository\javax\inject\javax.inject\1\javax.inject-1.jar;C:\Users\wangs\.m2\repository\aopalliance\aopalliance\1.0\aopalliance-1.0.jar;C:\Users\wangs\.m2\repository\com\google\inject\extensions\guice-multibindings\4.0-beta5\guice-multibindings-4.0-beta5.jar;C:\Users\wangs\.m2\repository\com\google\inject\extensions\guice-persist\4.0-beta5\guice-persist-4.0-beta5.jar;C:\Users\wangs\.m2\repository\com\google\inject\extensions\guice-servlet\4.0-beta5\guice-servlet-4.0-beta5.jar;C:\Users\wangs\.m2\repository\com\google\inject\extensions\guice-throwingproviders\4.0-beta5\guice-throwingproviders-4.0-beta5.jar;C:\Users\wangs\.m2\repository\com\typesafe\config\1.3.0-M2\config-1.3.0-M2.jar;C:\Users\wangs\.m2\repository\org\hibernate\hibernate-core\4.3.7.Final\hibernate-core-4.3.7.Final.jar;C:\Users\wangs\.m2\repository\org\jboss\logging\jboss-logging\3.1.3.GA\jboss-logging-3.1.3.GA.jar;C:\Users\wangs\.m2\repository\org\jboss\logging\jboss-logging-annotations\1.2.0.Beta1\jboss-logging-annotations-1.2.0.Beta1.jar;C:\Users\wangs\.m2\repository\org\jboss\spec\javax\transaction\jboss-transaction-api_1.2_spec\1.0.0.Final\jboss-transaction-api_1.2_spec-1.0.0.Final.jar;C:\Users\wangs\.m2\repository\dom4j\dom4j\1.6.1\dom4j-1.6.1.jar;C:\Users\wangs\.m2\repository\xml-apis\xml-apis\1.0.b2\xml-apis-1.0.b2.jar;C:\Users\wangs\.m2\repository\org\hibernate\common\hibernate-commons-annotations\4.0.5.Final\hibernate-commons-annotations-4.0.5.Final.jar;C:\Users\wangs\.m2\repository\org\hibernate\javax\persistence\hibernate-jpa-2.1-api\1.0.0.Final\hibernate-jpa-2.1-api-1.0.0.Final.jar;C:\Users\wangs\.m2\repository\org\javassist\javassist\3.18.1-GA\javassist-3.18.1-GA.jar;C:\Users\wangs\.m2\repository\antlr\antlr\2.7.7\antlr-2.7.7.jar;C:\Users\wangs\.m2\repository\org\jboss\jandex\1.1.0.Final\jandex-1.1.0.Final.jar;C:\Users\wangs\.m2\repository\org\hibernate\hibernate-entitymanager\4.3.7.Final\hibernate-entitymanager-4.3.7.Final.jar;C:\Users\wangs\.m2\repository\org\hibernate\hibernate-c3p0\4.3.7.Final\hibernate-c3p0-4.3.7.Final.jar;C:\Users\wangs\.m2\repository\com\mchange\c3p0\0.9.2.1\c3p0-0.9.2.1.jar;C:\Users\wangs\.m2\repository\com\mchange\mchange-commons-java\0.2.3.4\mchange-commons-java-0.2.3.4.jar;C:\Users\wangs\.m2\repository\javax\mail\mail\1.5.0-b01\mail-1.5.0-b01.jar;C:\Users\wangs\.m2\repository\javax\activation\activation\1.1\activation-1.1.jar;C:\Users\wangs\.m2\repository\org\freemarker\freemarker\2.3.22\freemarker-2.3.22.jar;C:\Users\wangs\.m2\repository\org\apache\struts\struts2-core\2.3.20\struts2-core-2.3.20.jar;C:\Users\wangs\.m2\repository\org\apache\struts\xwork\xwork-core\2.3.20\xwork-core-2.3.20.jar;C:\Users\wangs\.m2\repository\org\ow2\asm\asm\5.0.2\asm-5.0.2.jar;C:\Users\wangs\.m2\repository\org\ow2\asm\asm-commons\5.0.2\asm-commons-5.0.2.jar;C:\Users\wangs\.m2\repository\org\ow2\asm\asm-tree\5.0.2\asm-tree-5.0.2.jar;C:\Users\wangs\.m2\repository\ognl\ognl\3.0.6\ognl-3.0.6.jar;C:\Users\wangs\.m2\repository\javassist\javassist\3.11.0.GA\javassist-3.11.0.GA.jar;C:\Users\wangs\.m2\repository\org\apache\struts\struts2-tiles-plugin\2.3.20\struts2-tiles-plugin-2.3.20.jar;C:\Users\wangs\.m2\repository\org\apache\tiles\tiles-core\2.0.6\tiles-core-2.0.6.jar;C:\Users\wangs\.m2\repository\org\apache\tiles\tiles-api\2.0.6\tiles-api-2.0.6.jar;C:\Users\wangs\.m2\repository\commons-digester\commons-digester\1.8\commons-digester-1.8.jar;C:\Users\wangs\.m2\repository\commons-logging\commons-logging-api\1.1\commons-logging-api-1.1.jar;C:\Users\wangs\.m2\repository\org\apache\tiles\tiles-jsp\2.0.6\tiles-jsp-2.0.6.jar;C:\Users\wangs\.m2\repository\org\apache\struts\struts2-json-plugin\2.3.20\struts2-json-plugin-2.3.20.jar;C:\Users\wangs\.m2\repository\javax\servlet\javax.servlet-api\3.1.0\javax.servlet-api-3.1.0.jar;C:\Users\wangs\.m2\repository\javax\servlet\jsp\javax.servlet.jsp-api\2.3.1\javax.servlet.jsp-api-2.3.1.jar;C:\Users\wangs\.m2\repository\org\apache\shiro\shiro-core\1.2.3\shiro-core-1.2.3.jar;C:\Users\wangs\.m2\repository\commons-beanutils\commons-beanutils\1.8.3\commons-beanutils-1.8.3.jar;C:\Users\wangs\.m2\repository\org\apache\shiro\shiro-web\1.2.3\shiro-web-1.2.3.jar;C:\Users\wangs\.m2\repository\org\apache\shiro\shiro-guice\1.2.3\shiro-guice-1.2.3.jar;C:\Users\wangs\.m2\repository\commons-fileupload\commons-fileupload\1.3.1\commons-fileupload-1.3.1.jar;C:\Users\wangs\.m2\repository\commons-io\commons-io\2.2\commons-io-2.2.jar;C:\Users\wangs\.m2\repository\org\apache\commons\commons-lang3\3.3.2\commons-lang3-3.3.2.jar;C:\Users\wangs\.m2\repository\org\apache\commons\commons-email\1.3.3\commons-email-1.3.3.jar;C:\Users\wangs\.m2\repository\com\fasterxml\jackson\core\jackson-core\2.5.1\jackson-core-2.5.1.jar;C:\Users\wangs\.m2\repository\com\fasterxml\jackson\core\jackson-databind\2.5.1\jackson-databind-2.5.1.jar;C:\Users\wangs\.m2\repository\com\fasterxml\jackson\core\jackson-annotations\2.5.1\jackson-annotations-2.5.1.jar;C:\Users\wangs\.m2\repository\org\quartz-scheduler\quartz\2.2.1\quartz-2.2.1.jar;C:\Users\wangs\.m2\repository\c3p0\c3p0\0.9.1.1\c3p0-0.9.1.1.jar;C:\Users\wangs\.m2\repository\org\quartz-scheduler\quartz-jobs\2.2.1\quartz-jobs-2.2.1.jar;, java.vm.vendor=Oracle Corporation, hibernate.ejb.naming_strategy=org.hibernate.cfg.ImprovedNamingStrategy, hibernate.c3p0.maxIdleTimeExcessConnections=20, user.variant=, user.timezone=Asia/Shanghai, java.vm.specification.version=13, os.name=Windows 10, sun.java.launcher=SUN_STANDARD, user.country=CN, toplink.jdbc.url=jdbc:mysql://localhost:3306/testmaker?serverTimezone=UTC, javax.persistence.sharedCache.mode=NONE, surefire.test.class.path=D:\time\test-maker-group1\test-maker\target\test-classes;D:\time\test-maker-group1\test-maker\target\classes;C:\Users\wangs\.m2\repository\junit\junit\4.12\junit-4.12.jar;C:\Users\wangs\.m2\repository\org\hamcrest\hamcrest-core\1.3\hamcrest-core-1.3.jar;C:\Users\wangs\.m2\repository\org\slf4j\slf4j-api\1.7.7\slf4j-api-1.7.7.jar;C:\Users\wangs\.m2\repository\ch\qos\logback\logback-core\1.1.2\logback-core-1.1.2.jar;C:\Users\wangs\.m2\repository\ch\qos\logback\logback-classic\1.1.2\logback-classic-1.1.2.jar;C:\Users\wangs\.m2\repository\mysql\mysql-connector-java\5.1.34\mysql-connector-java-5.1.34.jar;C:\Users\wangs\.m2\repository\com\google\guava\guava\18.0\guava-18.0.jar;C:\Users\wangs\.m2\repository\com\google\code\findbugs\jsr305\3.0.0\jsr305-3.0.0.jar;C:\Users\wangs\.m2\repository\com\google\inject\guice\4.0-beta5\guice-4.0-beta5.jar;C:\Users\wangs\.m2\repository\javax\inject\javax.inject\1\javax.inject-1.jar;C:\Users\wangs\.m2\repository\aopalliance\aopalliance\1.0\aopalliance-1.0.jar;C:\Users\wangs\.m2\repository\com\google\inject\extensions\guice-multibindings\4.0-beta5\guice-multibindings-4.0-beta5.jar;C:\Users\wangs\.m2\repository\com\google\inject\extensions\guice-persist\4.0-beta5\guice-persist-4.0-beta5.jar;C:\Users\wangs\.m2\repository\com\google\inject\extensions\guice-servlet\4.0-beta5\guice-servlet-4.0-beta5.jar;C:\Users\wangs\.m2\repository\com\google\inject\extensions\guice-throwingproviders\4.0-beta5\guice-throwingproviders-4.0-beta5.jar;C:\Users\wangs\.m2\repository\com\typesafe\config\1.3.0-M2\config-1.3.0-M2.jar;C:\Users\wangs\.m2\repository\org\hibernate\hibernate-core\4.3.7.Final\hibernate-core-4.3.7.Final.jar;C:\Users\wangs\.m2\repository\org\jboss\logging\jboss-logging\3.1.3.GA\jboss-logging-3.1.3.GA.jar;C:\Users\wangs\.m2\repository\org\jboss\logging\jboss-logging-annotations\1.2.0.Beta1\jboss-logging-annotations-1.2.0.Beta1.jar;C:\Users\wangs\.m2\repository\org\jboss\spec\javax\transaction\jboss-transaction-api_1.2_spec\1.0.0.Final\jboss-transaction-api_1.2_spec-1.0.0.Final.jar;C:\Users\wangs\.m2\repository\dom4j\dom4j\1.6.1\dom4j-1.6.1.jar;C:\Users\wangs\.m2\repository\xml-apis\xml-apis\1.0.b2\xml-apis-1.0.b2.jar;C:\Users\wangs\.m2\repository\org\hibernate\common\hibernate-commons-annotations\4.0.5.Final\hibernate-commons-annotations-4.0.5.Final.jar;C:\Users\wangs\.m2\repository\org\hibernate\javax\persistence\hibernate-jpa-2.1-api\1.0.0.Final\hibernate-jpa-2.1-api-1.0.0.Final.jar;C:\Users\wangs\.m2\repository\org\javassist\javassist\3.18.1-GA\javassist-3.18.1-GA.jar;C:\Users\wangs\.m2\repository\antlr\antlr\2.7.7\antlr-2.7.7.jar;C:\Users\wangs\.m2\repository\org\jboss\jandex\1.1.0.Final\jandex-1.1.0.Final.jar;C:\Users\wangs\.m2\repository\org\hibernate\hibernate-entitymanager\4.3.7.Final\hibernate-entitymanager-4.3.7.Final.jar;C:\Users\wangs\.m2\repository\org\hibernate\hibernate-c3p0\4.3.7.Final\hibernate-c3p0-4.3.7.Final.jar;C:\Users\wangs\.m2\repository\com\mchange\c3p0\0.9.2.1\c3p0-0.9.2.1.jar;C:\Users\wangs\.m2\repository\com\mchange\mchange-commons-java\0.2.3.4\mchange-commons-java-0.2.3.4.jar;C:\Users\wangs\.m2\repository\javax\mail\mail\1.5.0-b01\mail-1.5.0-b01.jar;C:\Users\wangs\.m2\repository\javax\activation\activation\1.1\activation-1.1.jar;C:\Users\wangs\.m2\repository\org\freemarker\freemarker\2.3.22\freemarker-2.3.22.jar;C:\Users\wangs\.m2\repository\org\apache\struts\struts2-core\2.3.20\struts2-core-2.3.20.jar;C:\Users\wangs\.m2\repository\org\apache\struts\xwork\xwork-core\2.3.20\xwork-core-2.3.20.jar;C:\Users\wangs\.m2\repository\org\ow2\asm\asm\5.0.2\asm-5.0.2.jar;C:\Users\wangs\.m2\repository\org\ow2\asm\asm-commons\5.0.2\asm-commons-5.0.2.jar;C:\Users\wangs\.m2\repository\org\ow2\asm\asm-tree\5.0.2\asm-tree-5.0.2.jar;C:\Users\wangs\.m2\repository\ognl\ognl\3.0.6\ognl-3.0.6.jar;C:\Users\wangs\.m2\repository\javassist\javassist\3.11.0.GA\javassist-3.11.0.GA.jar;C:\Users\wangs\.m2\repository\org\apache\struts\struts2-tiles-plugin\2.3.20\struts2-tiles-plugin-2.3.20.jar;C:\Users\wangs\.m2\repository\org\apache\tiles\tiles-core\2.0.6\tiles-core-2.0.6.jar;C:\Users\wangs\.m2\repository\org\apache\tiles\tiles-api\2.0.6\tiles-api-2.0.6.jar;C:\Users\wangs\.m2\repository\commons-digester\commons-digester\1.8\commons-digester-1.8.jar;C:\Users\wangs\.m2\repository\commons-logging\commons-logging-api\1.1\commons-logging-api-1.1.jar;C:\Users\wangs\.m2\repository\org\apache\tiles\tiles-jsp\2.0.6\tiles-jsp-2.0.6.jar;C:\Users\wangs\.m2\repository\org\apache\struts\struts2-json-plugin\2.3.20\struts2-json-plugin-2.3.20.jar;C:\Users\wangs\.m2\repository\javax\servlet\javax.servlet-api\3.1.0\javax.servlet-api-3.1.0.jar;C:\Users\wangs\.m2\repository\javax\servlet\jsp\javax.servlet.jsp-api\2.3.1\javax.servlet.jsp-api-2.3.1.jar;C:\Users\wangs\.m2\repository\org\apache\shiro\shiro-core\1.2.3\shiro-core-1.2.3.jar;C:\Users\wangs\.m2\repository\commons-beanutils\commons-beanutils\1.8.3\commons-beanutils-1.8.3.jar;C:\Users\wangs\.m2\repository\org\apache\shiro\shiro-web\1.2.3\shiro-web-1.2.3.jar;C:\Users\wangs\.m2\repository\org\apache\shiro\shiro-guice\1.2.3\shiro-guice-1.2.3.jar;C:\Users\wangs\.m2\repository\commons-fileupload\commons-fileupload\1.3.1\commons-fileupload-1.3.1.jar;C:\Users\wangs\.m2\repository\commons-io\commons-io\2.2\commons-io-2.2.jar;C:\Users\wangs\.m2\repository\org\apache\commons\commons-lang3\3.3.2\commons-lang3-3.3.2.jar;C:\Users\wangs\.m2\repository\org\apache\commons\commons-email\1.3.3\commons-email-1.3.3.jar;C:\Users\wangs\.m2\repository\com\fasterxml\jackson\core\jackson-core\2.5.1\jackson-core-2.5.1.jar;C:\Users\wangs\.m2\repository\com\fasterxml\jackson\core\jackson-databind\2.5.1\jackson-databind-2.5.1.jar;C:\Users\wangs\.m2\repository\com\fasterxml\jackson\core\jackson-annotations\2.5.1\jackson-annotations-2.5.1.jar;C:\Users\wangs\.m2\repository\org\quartz-scheduler\quartz\2.2.1\quartz-2.2.1.jar;C:\Users\wangs\.m2\repository\c3p0\c3p0\0.9.1.1\c3p0-0.9.1.1.jar;C:\Users\wangs\.m2\repository\org\quartz-scheduler\quartz-jobs\2.2.1\quartz-jobs-2.2.1.jar;, sun.cpu.endian=little, user.home=C:\Users\wangs, user.language=zh, eclipselink.jdbc.url=jdbc:mysql://localhost:3306/testmaker?serverTimezone=UTC, toplink.jdbc.driver=com.mysql.cj.jdbc.Driver, javax.persistence.jdbc.driver=com.mysql.jdbc.Driver, surefire.real.class.path=D:\time\test-maker-group1\test-maker\target\surefire\surefirebooter5743010467506583462.jar, openjpa.ConnectionDriverName=com.mysql.cj.jdbc.Driver, path.separator=;, os.version=10.0, java.runtime.name=Java(TM) SE Runtime Environment, hibernate.connection.url=jdbc:mysql://localhost:3306/testmaker?serverTimezone=UTC, hibernate.ejb.persistenceUnitName=test-maker, java.vm.name=Java HotSpot(TM) 64-Bit Server VM, hibernate.show_sql=true, java.vendor.url.bug=https://bugreport.java.com/bugreport/, user.dir=D:\time\test-maker-group1\test-maker, os.arch=amd64, idea.version2019.3.3=true, java.vm.info=mixed mode, sharing, java.vm.version=13.0.1+9, hibernate.bytecode.use_reflection_optimizer=false, hibernate.c3p0.validate=true, javax.persistence.jdbc.password=, java.class.version=57.0}
18:19:18.651 [main] DEBUG o.h.secure.spi.JaccIntegrator - Skipping JACC integration as it was not enabled
18:19:18.651 [main] DEBUG o.hibernate.engine.spi.CascadeStyles - External cascade style regsitration [persist : STYLE_PERSIST_SKIPLAZY] overrode base registration [STYLE_PERSIST]
18:19:18.699 [main] DEBUG o.h.j.e.i.j.LegacyCallbackProcessor - Adding onUpdate as PreUpdate callback for entity cn.cstqb.exam.testmaker.entities.PaperQuestion
18:19:18.700 [main] DEBUG o.h.j.e.i.j.LegacyCallbackProcessor - Adding onCreate as PrePersist callback for entity cn.cstqb.exam.testmaker.entities.PaperQuestion
18:19:18.701 [main] DEBUG o.h.j.e.i.j.LegacyCallbackProcessor - Adding onUpdate as PreUpdate callback for entity cn.cstqb.exam.testmaker.entities.KnowledgePoint
18:19:18.701 [main] DEBUG o.h.j.e.i.j.LegacyCallbackProcessor - Adding onCreate as PrePersist callback for entity cn.cstqb.exam.testmaker.entities.KnowledgePoint
18:19:18.702 [main] DEBUG o.h.j.e.i.j.LegacyCallbackProcessor - Adding onUpdate as PreUpdate callback for entity cn.cstqb.exam.testmaker.entities.ProjectStatus
18:19:18.702 [main] DEBUG o.h.j.e.i.j.LegacyCallbackProcessor - Adding onCreate as PrePersist callback for entity cn.cstqb.exam.testmaker.entities.ProjectStatus
18:19:18.703 [main] DEBUG o.h.j.e.i.j.LegacyCallbackProcessor - Adding onUpdate as PreUpdate callback for entity cn.cstqb.exam.testmaker.entities.ReviewAssessment
18:19:18.703 [main] DEBUG o.h.j.e.i.j.LegacyCallbackProcessor - Adding onCreate as PrePersist callback for entity cn.cstqb.exam.testmaker.entities.ReviewAssessment
18:19:18.704 [main] DEBUG o.h.j.e.i.j.LegacyCallbackProcessor - Adding onUpdate as PreUpdate callback for entity cn.cstqb.exam.testmaker.entities.Paper
18:19:18.704 [main] DEBUG o.h.j.e.i.j.LegacyCallbackProcessor - Adding onCreate as PrePersist callback for entity cn.cstqb.exam.testmaker.entities.Paper
18:19:18.704 [main] DEBUG o.h.j.e.i.j.LegacyCallbackProcessor - Adding onUpdate as PreUpdate callback for entity cn.cstqb.exam.testmaker.entities.QuestionType
18:19:18.705 [main] DEBUG o.h.j.e.i.j.LegacyCallbackProcessor - Adding onCreate as PrePersist callback for entity cn.cstqb.exam.testmaker.entities.QuestionType
18:19:18.706 [main] DEBUG o.h.j.e.i.j.LegacyCallbackProcessor - Adding onUpdate as PreUpdate callback for entity cn.cstqb.exam.testmaker.entities.QuestionImage
18:19:18.706 [main] DEBUG o.h.j.e.i.j.LegacyCallbackProcessor - Adding onCreate as PrePersist callback for entity cn.cstqb.exam.testmaker.entities.QuestionImage
18:19:18.707 [main] DEBUG o.h.j.e.i.j.LegacyCallbackProcessor - Adding prependBaseDir as PostLoad callback for entity cn.cstqb.exam.testmaker.entities.QuestionImage
18:19:18.707 [main] DEBUG o.h.j.e.i.j.LegacyCallbackProcessor - Adding hashPassword as PreUpdate callback for entity cn.cstqb.exam.testmaker.entities.User
18:19:18.708 [main] DEBUG o.h.j.e.i.j.LegacyCallbackProcessor - Adding onUpdate as PreUpdate callback for entity cn.cstqb.exam.testmaker.entities.User
18:19:18.708 [main] DEBUG o.h.j.e.i.j.LegacyCallbackProcessor - Adding hashPassword as PrePersist callback for entity cn.cstqb.exam.testmaker.entities.User
18:19:18.708 [main] DEBUG o.h.j.e.i.j.LegacyCallbackProcessor - Adding onCreate as PrePersist callback for entity cn.cstqb.exam.testmaker.entities.User
18:19:18.709 [main] DEBUG o.h.j.e.i.j.LegacyCallbackProcessor - Adding onUpdate as PreUpdate callback for entity cn.cstqb.exam.testmaker.entities.Chapter
18:19:18.709 [main] DEBUG o.h.j.e.i.j.LegacyCallbackProcessor - Adding onCreate as PrePersist callback for entity cn.cstqb.exam.testmaker.entities.Chapter
18:19:18.709 [main] DEBUG o.h.j.e.i.j.LegacyCallbackProcessor - Adding onUpdate as PreUpdate callback for entity cn.cstqb.exam.testmaker.entities.QuestionChoiceImage
18:19:18.709 [main] DEBUG o.h.j.e.i.j.LegacyCallbackProcessor - Adding onCreate as PrePersist callback for entity cn.cstqb.exam.testmaker.entities.QuestionChoiceImage
18:19:18.709 [main] DEBUG o.h.j.e.i.j.LegacyCallbackProcessor - Adding prependBaseDir as PostLoad callback for entity cn.cstqb.exam.testmaker.entities.QuestionChoiceImage
18:19:18.710 [main] DEBUG o.h.j.e.i.j.LegacyCallbackProcessor - Adding onUpdate as PreUpdate callback for entity cn.cstqb.exam.testmaker.entities.QuestionLanguage
18:19:18.710 [main] DEBUG o.h.j.e.i.j.LegacyCallbackProcessor - Adding onCreate as PrePersist callback for entity cn.cstqb.exam.testmaker.entities.QuestionLanguage
18:19:18.711 [main] DEBUG o.h.j.e.i.j.LegacyCallbackProcessor - Adding onUpdate as PreUpdate callback for entity cn.cstqb.exam.testmaker.entities.Syllabus
18:19:18.713 [main] DEBUG o.h.j.e.i.j.LegacyCallbackProcessor - Adding onCreate as PrePersist callback for entity cn.cstqb.exam.testmaker.entities.Syllabus
18:19:18.713 [main] DEBUG o.h.j.e.i.j.LegacyCallbackProcessor - Adding setDefaults as PreUpdate callback for entity cn.cstqb.exam.testmaker.entities.Question
18:19:18.713 [main] DEBUG o.h.j.e.i.j.LegacyCallbackProcessor - Adding onUpdate as PreUpdate callback for entity cn.cstqb.exam.testmaker.entities.Question
18:19:18.713 [main] DEBUG o.h.j.e.i.j.LegacyCallbackProcessor - Adding setDefaults as PrePersist callback for entity cn.cstqb.exam.testmaker.entities.Question
18:19:18.713 [main] DEBUG o.h.j.e.i.j.LegacyCallbackProcessor - Adding onCreate as PrePersist callback for entity cn.cstqb.exam.testmaker.entities.Question
18:19:18.714 [main] DEBUG o.h.j.e.i.j.LegacyCallbackProcessor - Adding onLoad as PostLoad callback for entity cn.cstqb.exam.testmaker.entities.Question
18:19:18.714 [main] DEBUG o.h.j.e.i.j.LegacyCallbackProcessor - Adding onUpdate as PreUpdate callback for entity cn.cstqb.exam.testmaker.entities.Role
18:19:18.714 [main] DEBUG o.h.j.e.i.j.LegacyCallbackProcessor - Adding onCreate as PrePersist callback for entity cn.cstqb.exam.testmaker.entities.Role
18:19:18.715 [main] DEBUG o.h.j.e.i.j.LegacyCallbackProcessor - Adding onUpdate as PreUpdate callback for entity cn.cstqb.exam.testmaker.entities.Project
18:19:18.715 [main] DEBUG o.h.j.e.i.j.LegacyCallbackProcessor - Adding onCreate as PrePersist callback for entity cn.cstqb.exam.testmaker.entities.Project
18:19:18.716 [main] DEBUG o.h.j.e.i.j.LegacyCallbackProcessor - Adding onUpdate as PreUpdate callback for entity cn.cstqb.exam.testmaker.entities.QuestionStatus
18:19:18.716 [main] DEBUG o.h.j.e.i.j.LegacyCallbackProcessor - Adding onCreate as PrePersist callback for entity cn.cstqb.exam.testmaker.entities.QuestionStatus
18:19:18.716 [main] DEBUG o.h.j.e.i.j.LegacyCallbackProcessor - Adding onUpdate as PreUpdate callback for entity cn.cstqb.exam.testmaker.entities.QuestionStatusTransition
18:19:18.717 [main] DEBUG o.h.j.e.i.j.LegacyCallbackProcessor - Adding setDefaults as PrePersist callback for entity cn.cstqb.exam.testmaker.entities.QuestionStatusTransition
18:19:18.717 [main] DEBUG o.h.j.e.i.j.LegacyCallbackProcessor - Adding onCreate as PrePersist callback for entity cn.cstqb.exam.testmaker.entities.QuestionStatusTransition
18:19:18.717 [main] DEBUG o.h.j.e.i.j.LegacyCallbackProcessor - Adding onUpdate as PreUpdate callback for entity cn.cstqb.exam.testmaker.entities.ReviewComment
18:19:18.717 [main] DEBUG o.h.j.e.i.j.LegacyCallbackProcessor - Adding onCreate as PrePersist callback for entity cn.cstqb.exam.testmaker.entities.ReviewComment
18:19:18.718 [main] DEBUG o.h.j.e.i.j.LegacyCallbackProcessor - Adding onUpdate as PreUpdate callback for entity cn.cstqb.exam.testmaker.entities.QuestionChoice
18:19:18.718 [main] DEBUG o.h.j.e.i.j.LegacyCallbackProcessor - Adding onCreate as PrePersist callback for entity cn.cstqb.exam.testmaker.entities.QuestionChoice
18:19:18.719 [main] DEBUG o.h.i.f.i.DefaultIdentifierGeneratorFactory - Setting dialect [org.hibernate.dialect.MySQL5InnoDBDialect]
18:19:18.720 [main] DEBUG o.h.i.f.i.DefaultIdentifierGeneratorFactory - Setting dialect [org.hibernate.dialect.MySQL5InnoDBDialect]
18:19:18.720 [main] DEBUG o.h.i.f.i.DefaultIdentifierGeneratorFactory - Setting dialect [org.hibernate.dialect.MySQL5InnoDBDialect]
18:19:18.720 [main] DEBUG o.h.i.f.i.DefaultIdentifierGeneratorFactory - Setting dialect [org.hibernate.dialect.MySQL5InnoDBDialect]
18:19:18.720 [main] DEBUG o.h.i.f.i.DefaultIdentifierGeneratorFactory - Setting dialect [org.hibernate.dialect.MySQL5InnoDBDialect]
18:19:18.721 [main] DEBUG o.h.i.f.i.DefaultIdentifierGeneratorFactory - Setting dialect [org.hibernate.dialect.MySQL5InnoDBDialect]
18:19:18.721 [main] DEBUG o.h.i.f.i.DefaultIdentifierGeneratorFactory - Setting dialect [org.hibernate.dialect.MySQL5InnoDBDialect]
18:19:18.721 [main] DEBUG o.h.i.f.i.DefaultIdentifierGeneratorFactory - Setting dialect [org.hibernate.dialect.MySQL5InnoDBDialect]
18:19:18.721 [main] DEBUG o.h.i.f.i.DefaultIdentifierGeneratorFactory - Setting dialect [org.hibernate.dialect.MySQL5InnoDBDialect]
18:19:18.721 [main] DEBUG o.h.i.f.i.DefaultIdentifierGeneratorFactory - Setting dialect [org.hibernate.dialect.MySQL5InnoDBDialect]
18:19:18.721 [main] DEBUG o.h.i.f.i.DefaultIdentifierGeneratorFactory - Setting dialect [org.hibernate.dialect.MySQL5InnoDBDialect]
18:19:18.722 [main] DEBUG o.h.i.f.i.DefaultIdentifierGeneratorFactory - Setting dialect [org.hibernate.dialect.MySQL5InnoDBDialect]
18:19:18.722 [main] DEBUG o.h.i.f.i.DefaultIdentifierGeneratorFactory - Setting dialect [org.hibernate.dialect.MySQL5InnoDBDialect]
18:19:18.722 [main] DEBUG o.h.i.f.i.DefaultIdentifierGeneratorFactory - Setting dialect [org.hibernate.dialect.MySQL5InnoDBDialect]
18:19:18.722 [main] DEBUG o.h.i.f.i.DefaultIdentifierGeneratorFactory - Setting dialect [org.hibernate.dialect.MySQL5InnoDBDialect]
18:19:18.722 [main] DEBUG o.h.i.f.i.DefaultIdentifierGeneratorFactory - Setting dialect [org.hibernate.dialect.MySQL5InnoDBDialect]
18:19:18.724 [main] DEBUG o.h.i.f.i.DefaultIdentifierGeneratorFactory - Setting dialect [org.hibernate.dialect.MySQL5InnoDBDialect]
18:19:18.724 [main] DEBUG o.h.i.f.i.DefaultIdentifierGeneratorFactory - Setting dialect [org.hibernate.dialect.MySQL5InnoDBDialect]
18:19:18.836 [main] DEBUG c.c.e.t.c.ApplicationConfigContext - difficulty level: [3]
18:19:18.837 [main] DEBUG c.c.e.t.c.ApplicationConfigContext - difficulty level: [2]
18:19:18.837 [main] DEBUG c.c.e.t.c.ApplicationConfigContext - difficulty level: [1]
18:19:18.878 [main] DEBUG o.h.p.c.AbstractCollectionPersister - Static SQL for collection: cn.cstqb.exam.testmaker.entities.Syllabus.chapters
18:19:18.878 [main] DEBUG o.h.p.c.AbstractCollectionPersister -  Row insert: update chapter set syllabus_id=? where id=?
18:19:18.878 [main] DEBUG o.h.p.c.AbstractCollectionPersister -  Row update: update chapter set  where id=?
18:19:18.878 [main] DEBUG o.h.p.c.AbstractCollectionPersister -  Row delete: update chapter set syllabus_id=null where syllabus_id=? and id=?
18:19:18.879 [main] DEBUG o.h.p.c.AbstractCollectionPersister -  One-shot delete: update chapter set syllabus_id=null where syllabus_id=?
18:19:18.881 [main] DEBUG o.h.p.c.AbstractCollectionPersister - Static SQL for collection: cn.cstqb.exam.testmaker.entities.Question.reviewers
18:19:18.881 [main] DEBUG o.h.p.c.AbstractCollectionPersister -  Row insert: insert into question_reviewers (question_id, reviewer_id) values (?, ?)
18:19:18.881 [main] DEBUG o.h.p.c.AbstractCollectionPersister -  Row update: update question_reviewers set reviewer_id=? where question_id=? and reviewer_id=?
18:19:18.881 [main] DEBUG o.h.p.c.AbstractCollectionPersister -  Row delete: delete from question_reviewers where question_id=? and reviewer_id=?
18:19:18.881 [main] DEBUG o.h.p.c.AbstractCollectionPersister -  One-shot delete: delete from question_reviewers where question_id=?
18:19:18.881 [main] DEBUG o.h.p.c.AbstractCollectionPersister - Static SQL for collection: cn.cstqb.exam.testmaker.entities.Project.users
18:19:18.882 [main] DEBUG o.h.p.c.AbstractCollectionPersister -  Row insert: insert into project_users (project_id, user_id) values (?, ?)
18:19:18.882 [main] DEBUG o.h.p.c.AbstractCollectionPersister -  Row update: update project_users set user_id=? where project_id=? and user_id=?
18:19:18.882 [main] DEBUG o.h.p.c.AbstractCollectionPersister -  Row delete: delete from project_users where project_id=? and user_id=?
18:19:18.882 [main] DEBUG o.h.p.c.AbstractCollectionPersister -  One-shot delete: delete from project_users where project_id=?
18:19:18.882 [main] DEBUG o.h.p.c.AbstractCollectionPersister - Static SQL for collection: cn.cstqb.exam.testmaker.entities.QuestionChoice.images
18:19:18.882 [main] DEBUG o.h.p.c.AbstractCollectionPersister -  Row insert: update question_choice_image set question_choice_id=? where id=?
18:19:18.882 [main] DEBUG o.h.p.c.AbstractCollectionPersister -  Row update: update question_choice_image set  where id=?
18:19:18.882 [main] DEBUG o.h.p.c.AbstractCollectionPersister -  Row delete: update question_choice_image set question_choice_id=null where question_choice_id=? and id=?
18:19:18.883 [main] DEBUG o.h.p.c.AbstractCollectionPersister -  One-shot delete: update question_choice_image set question_choice_id=null where question_choice_id=?
18:19:18.883 [main] DEBUG o.h.p.c.AbstractCollectionPersister - Static SQL for collection: cn.cstqb.exam.testmaker.entities.Question.images
18:19:18.883 [main] DEBUG o.h.p.c.AbstractCollectionPersister -  Row insert: update question_image set question_id=? where id=?
18:19:18.883 [main] DEBUG o.h.p.c.AbstractCollectionPersister -  Row update: update question_image set  where id=?
18:19:18.883 [main] DEBUG o.h.p.c.AbstractCollectionPersister -  Row delete: update question_image set question_id=null where question_id=? and id=?
18:19:18.883 [main] DEBUG o.h.p.c.AbstractCollectionPersister -  One-shot delete: update question_image set question_id=null where question_id=?
18:19:18.883 [main] DEBUG o.h.p.c.AbstractCollectionPersister - Static SQL for collection: cn.cstqb.exam.testmaker.entities.User.projects
18:19:18.883 [main] DEBUG o.h.p.c.AbstractCollectionPersister -  Row insert: insert into project_users (user_id, project_id) values (?, ?)
18:19:18.883 [main] DEBUG o.h.p.c.AbstractCollectionPersister -  Row update: update project_users set project_id=? where user_id=? and project_id=?
18:19:18.883 [main] DEBUG o.h.p.c.AbstractCollectionPersister -  Row delete: delete from project_users where user_id=? and project_id=?
18:19:18.884 [main] DEBUG o.h.p.c.AbstractCollectionPersister -  One-shot delete: delete from project_users where user_id=?
18:19:18.884 [main] DEBUG o.h.p.c.AbstractCollectionPersister - Static SQL for collection: cn.cstqb.exam.testmaker.entities.Chapter.points
18:19:18.884 [main] DEBUG o.h.p.c.AbstractCollectionPersister -  Row insert: update knowledge_point set chapter_id=? where id=?
18:19:18.884 [main] DEBUG o.h.p.c.AbstractCollectionPersister -  Row update: update knowledge_point set  where id=?
18:19:18.884 [main] DEBUG o.h.p.c.AbstractCollectionPersister -  Row delete: update knowledge_point set chapter_id=null where chapter_id=? and id=?
18:19:18.884 [main] DEBUG o.h.p.c.AbstractCollectionPersister -  One-shot delete: update knowledge_point set chapter_id=null where chapter_id=?
18:19:18.888 [main] DEBUG o.h.p.entity.AbstractEntityPersister - Static SQL for entity: cn.cstqb.exam.testmaker.entities.PaperQuestion
18:19:18.889 [main] DEBUG o.h.p.entity.AbstractEntityPersister -  Version select: select id from paper_question where id =?
18:19:18.889 [main] DEBUG o.h.p.entity.AbstractEntityPersister -  Snapshot select: select paperquest_.id, paperquest_.updated_on as updated_3_3_, paperquest_.paper_id as paper_id4_3_, paperquest_.paper_question_id as paper_qu5_3_ from paper_question paperquest_ where paperquest_.id=?
18:19:18.889 [main] DEBUG o.h.p.entity.AbstractEntityPersister -  Insert 0: insert into paper_question (created_on, updated_on, paper_id, paper_question_id, id) values (?, ?, ?, ?, ?)
18:19:18.889 [main] DEBUG o.h.p.entity.AbstractEntityPersister -  Update 0: update paper_question set updated_on=?, paper_id=?, paper_question_id=? where id=?
18:19:18.889 [main] DEBUG o.h.p.entity.AbstractEntityPersister -  Delete 0: delete from paper_question where id=?
18:19:18.889 [main] DEBUG o.h.p.entity.AbstractEntityPersister -  Identity insert: insert into paper_question (created_on, updated_on, paper_id, paper_question_id) values (?, ?, ?, ?)
18:19:18.913 [main] DEBUG o.h.p.w.spi.MetamodelGraphWalker - Visiting attribute path : createdOn
18:19:18.913 [main] DEBUG o.h.p.w.spi.MetamodelGraphWalker - Visiting attribute path : updatedOn
18:19:18.913 [main] DEBUG o.h.p.w.spi.MetamodelGraphWalker - Visiting attribute path : paper
18:19:18.919 [main] DEBUG o.h.p.w.spi.MetamodelGraphWalker - Visiting attribute path : paper.createdOn
18:19:18.919 [main] DEBUG o.h.p.w.spi.MetamodelGraphWalker - Visiting attribute path : paper.updatedOn
18:19:18.919 [main] DEBUG o.h.p.w.spi.MetamodelGraphWalker - Visiting attribute path : paper.author
18:19:18.919 [main] DEBUG o.h.p.w.spi.MetamodelGraphWalker - Visiting attribute path : paper.author.createdOn
18:19:18.919 [main] DEBUG o.h.p.w.spi.MetamodelGraphWalker - Visiting attribute path : paper.author.updatedOn
18:19:18.919 [main] DEBUG o.h.p.w.spi.MetamodelGraphWalker - Visiting attribute path : paper.author.email
18:19:18.919 [main] DEBUG o.h.p.w.spi.MetamodelGraphWalker - Visiting attribute path : paper.author.enabled
18:19:18.919 [main] DEBUG o.h.p.w.spi.MetamodelGraphWalker - Visiting attribute path : paper.author.fullName
18:19:18.920 [main] DEBUG o.h.p.w.spi.MetamodelGraphWalker - Visiting attribute path : paper.author.isAdmin
18:19:18.920 [main] DEBUG o.h.p.w.spi.MetamodelGraphWalker - Visiting attribute path : paper.author.lastLogin
18:19:18.920 [main] DEBUG o.h.p.w.spi.MetamodelGraphWalker - Visiting attribute path : paper.author.loginCount
18:19:18.920 [main] DEBUG o.h.p.w.spi.MetamodelGraphWalker - Visiting attribute path : paper.author.password
18:19:18.920 [main] DEBUG o.h.p.w.spi.MetamodelGraphWalker - Visiting attribute path : paper.author.phone
18:19:18.920 [main] DEBUG o.h.p.w.spi.MetamodelGraphWalker - Visiting attribute path : paper.author.projects
18:19:18.920 [main] DEBUG o.h.p.w.spi.MetamodelGraphWalker - Visiting attribute path : paper.author.username
18:19:18.920 [main] DEBUG o.h.p.w.spi.MetamodelGraphWalker - Visiting attribute path : paper.description
18:19:18.920 [main] DEBUG o.h.p.w.spi.MetamodelGraphWalker - Visiting attribute path : paper.paper_name
18:19:18.920 [main] DEBUG o.h.p.w.spi.MetamodelGraphWalker - Visiting attribute path : paper.project
18:19:18.921 [main] DEBUG o.h.p.w.spi.MetamodelGraphWalker - Visiting attribute path : paper.project.createdOn
18:19:18.921 [main] DEBUG o.h.p.w.spi.MetamodelGraphWalker - Visiting attribute path : paper.project.updatedOn
18:19:18.921 [main] DEBUG o.h.p.w.spi.MetamodelGraphWalker - Visiting attribute path : paper.project.customField1
18:19:18.921 [main] DEBUG o.h.p.w.spi.MetamodelGraphWalker - Visiting attribute path : paper.project.customField2
18:19:18.921 [main] DEBUG o.h.p.w.spi.MetamodelGraphWalker - Visiting attribute path : paper.project.customField3
18:19:18.921 [main] DEBUG o.h.p.w.spi.MetamodelGraphWalker - Visiting attribute path : paper.project.exportedBy
18:19:18.921 [main] DEBUG o.h.p.w.spi.MetamodelGraphWalker - Visiting attribute path : paper.project.exportedOn
18:19:18.921 [main] DEBUG o.h.p.w.spi.MetamodelGraphWalker - Visiting attribute path : paper.project.facilitator
18:19:18.921 [main] DEBUG o.h.p.w.spi.MetamodelGraphWalker - Visiting attribute path : paper.project.finishDate
18:19:18.921 [main] DEBUG o.h.p.w.spi.MetamodelGraphWalker - Visiting attribute path : paper.project.name
18:19:18.921 [main] DEBUG o.h.p.w.spi.MetamodelGraphWalker - Visiting attribute path : paper.project.startDate
18:19:18.922 [main] DEBUG o.h.p.w.spi.MetamodelGraphWalker - Visiting attribute path : paper.project.status
18:19:18.922 [main] DEBUG o.h.p.w.spi.MetamodelGraphWalker - Visiting attribute path : paper.project.syllabus
18:19:18.922 [main] DEBUG o.h.p.w.spi.MetamodelGraphWalker - Visiting attribute path : paper.project.users
18:19:18.922 [main] DEBUG o.h.p.w.spi.MetamodelGraphWalker - Visiting attribute path : paper.score
18:19:18.922 [main] DEBUG o.h.p.w.spi.MetamodelGraphWalker - Visiting attribute path : question
18:19:18.922 [main] DEBUG o.h.p.w.spi.MetamodelGraphWalker - Visiting attribute path : question.createdOn
18:19:18.922 [main] DEBUG o.h.p.w.spi.MetamodelGraphWalker - Visiting attribute path : question.updatedOn
18:19:18.922 [main] DEBUG o.h.p.w.spi.MetamodelGraphWalker - Visiting attribute path : question.author
18:19:18.923 [main] DEBUG o.h.p.w.spi.MetamodelGraphWalker - Visiting attribute path : question.author.createdOn
18:19:18.923 [main] DEBUG o.h.p.w.spi.MetamodelGraphWalker - Visiting attribute path : question.author.updatedOn
18:19:18.923 [main] DEBUG o.h.p.w.spi.MetamodelGraphWalker - Visiting attribute path : question.author.email
18:19:18.923 [main] DEBUG o.h.p.w.spi.MetamodelGraphWalker - Visiting attribute path : question.author.enabled
18:19:18.923 [main] DEBUG o.h.p.w.spi.MetamodelGraphWalker - Visiting attribute path : question.author.fullName
18:19:18.923 [main] DEBUG o.h.p.w.spi.MetamodelGraphWalker - Visiting attribute path : question.author.isAdmin
18:19:18.923 [main] DEBUG o.h.p.w.spi.MetamodelGraphWalker - Visiting attribute path : question.author.lastLogin
18:19:18.923 [main] DEBUG o.h.p.w.spi.MetamodelGraphWalker - Visiting attribute path : question.author.loginCount
18:19:18.923 [main] DEBUG o.h.p.w.spi.MetamodelGraphWalker - Visiting attribute path : question.author.password
18:19:18.923 [main] DEBUG o.h.p.w.spi.MetamodelGraphWalker - Visiting attribute path : question.author.phone
18:19:18.923 [main] DEBUG o.h.p.w.spi.MetamodelGraphWalker - Visiting attribute path : question.author.projects
18:19:18.923 [main] DEBUG o.h.p.w.spi.MetamodelGraphWalker - Visiting attribute path : question.author.username
18:19:18.923 [main] DEBUG o.h.p.w.spi.MetamodelGraphWalker - Visiting attribute path : question.authoringFinishDate
18:19:18.923 [main] DEBUG o.h.p.w.spi.MetamodelGraphWalker - Visiting attribute path : question.authoringStartDate
18:19:18.923 [main] DEBUG o.h.p.w.spi.MetamodelGraphWalker - Visiting attribute path : question.customField2
18:19:18.923 [main] DEBUG o.h.p.w.spi.MetamodelGraphWalker - Visiting attribute path : question.customField3
18:19:18.924 [main] DEBUG o.h.p.w.spi.MetamodelGraphWalker - Visiting attribute path : question.customFiled1
18:19:18.924 [main] DEBUG o.h.p.w.spi.MetamodelGraphWalker - Visiting attribute path : question.description
18:19:18.924 [main] DEBUG o.h.p.w.spi.MetamodelGraphWalker - Visiting attribute path : question.difficulty
18:19:18.924 [main] DEBUG o.h.p.w.spi.MetamodelGraphWalker - Visiting attribute path : question.images
18:19:18.924 [main] DEBUG o.h.p.w.spi.MetamodelGraphWalker - Visiting attribute path : question.knowledgePoint
18:19:18.924 [main] DEBUG o.h.p.w.spi.MetamodelGraphWalker - Visiting attribute path : question.knowledgePoint.createdOn
18:19:18.924 [main] DEBUG o.h.p.w.spi.MetamodelGraphWalker - Visiting attribute path : question.knowledgePoint.updatedOn
18:19:18.924 [main] DEBUG o.h.p.w.spi.MetamodelGraphWalker - Visiting attribute path : question.knowledgePoint.chapter
18:19:18.924 [main] DEBUG o.h.p.w.spi.MetamodelGraphWalker - Visiting attribute path : question.knowledgePoint.kLevel
18:19:18.924 [main] DEBUG o.h.p.w.spi.MetamodelGraphWalker - Visiting attribute path : question.knowledgePoint.number
18:19:18.924 [main] DEBUG o.h.p.w.spi.MetamodelGraphWalker - Visiting attribute path : question.knowledgePoint.score
18:19:18.925 [main] DEBUG o.h.p.w.spi.MetamodelGraphWalker - Visiting attribute path : question.knowledgePoint.title
18:19:18.925 [main] DEBUG o.h.p.w.spi.MetamodelGraphWalker - Visiting attribute path : question.language
18:19:18.925 [main] DEBUG o.h.p.w.spi.MetamodelGraphWalker - Visiting attribute path : question.language.createdOn
18:19:18.925 [main] DEBUG o.h.p.w.spi.MetamodelGraphWalker - Visiting attribute path : question.language.updatedOn
18:19:18.925 [main] DEBUG o.h.p.w.spi.MetamodelGraphWalker - Visiting attribute path : question.language.name
18:19:18.925 [main] DEBUG o.h.p.w.spi.MetamodelGraphWalker - Visiting attribute path : question.memo
18:19:18.925 [main] DEBUG o.h.p.w.spi.MetamodelGraphWalker - Visiting attribute path : question.multipleChoice
18:19:18.925 [main] DEBUG o.h.p.w.spi.MetamodelGraphWalker - Visiting attribute path : question.project
18:19:18.926 [main] DEBUG o.h.p.w.spi.MetamodelGraphWalker - Visiting attribute path : question.project.createdOn
18:19:18.926 [main] DEBUG o.h.p.w.spi.MetamodelGraphWalker - Visiting attribute path : question.project.updatedOn
18:19:18.926 [main] DEBUG o.h.p.w.spi.MetamodelGraphWalker - Visiting attribute path : question.project.customField1
18:19:18.926 [main] DEBUG o.h.p.w.spi.MetamodelGraphWalker - Visiting attribute path : question.project.customField2
18:19:18.926 [main] DEBUG o.h.p.w.spi.MetamodelGraphWalker - Visiting attribute path : question.project.customField3
18:19:18.926 [main] DEBUG o.h.p.w.spi.MetamodelGraphWalker - Visiting attribute path : question.project.exportedBy
18:19:18.926 [main] DEBUG o.h.p.w.spi.MetamodelGraphWalker - Visiting attribute path : question.project.exportedOn
18:19:18.926 [main] DEBUG o.h.p.w.spi.MetamodelGraphWalker - Visiting attribute path : question.project.facilitator
18:19:18.926 [main] DEBUG o.h.p.w.spi.MetamodelGraphWalker - Visiting attribute path : question.project.finishDate
18:19:18.927 [main] DEBUG o.h.p.w.spi.MetamodelGraphWalker - Visiting attribute path : question.project.name
18:19:18.927 [main] DEBUG o.h.p.w.spi.MetamodelGraphWalker - Visiting attribute path : question.project.startDate
18:19:18.927 [main] DEBUG o.h.p.w.spi.MetamodelGraphWalker - Visiting attribute path : question.project.status
18:19:18.927 [main] DEBUG o.h.p.w.spi.MetamodelGraphWalker - Visiting attribute path : question.project.syllabus
18:19:18.927 [main] DEBUG o.h.p.w.spi.MetamodelGraphWalker - Visiting attribute path : question.project.users
18:19:18.927 [main] DEBUG o.h.p.w.spi.MetamodelGraphWalker - Visiting attribute path : question.published
18:19:18.927 [main] DEBUG o.h.p.w.spi.MetamodelGraphWalker - Visiting attribute path : question.qualityAdmin
18:19:18.928 [main] DEBUG o.h.p.w.spi.MetamodelGraphWalker - Visiting attribute path : question.qualityAdmin.createdOn
18:19:18.928 [main] DEBUG o.h.p.w.spi.MetamodelGraphWalker - Visiting attribute path : question.qualityAdmin.updatedOn
18:19:18.928 [main] DEBUG o.h.p.w.spi.MetamodelGraphWalker - Visiting attribute path : question.qualityAdmin.email
18:19:18.928 [main] DEBUG o.h.p.w.spi.MetamodelGraphWalker - Visiting attribute path : question.qualityAdmin.enabled
18:19:18.928 [main] DEBUG o.h.p.w.spi.MetamodelGraphWalker - Visiting attribute path : question.qualityAdmin.fullName
18:19:18.928 [main] DEBUG o.h.p.w.spi.MetamodelGraphWalker - Visiting attribute path : question.qualityAdmin.isAdmin
18:19:18.928 [main] DEBUG o.h.p.w.spi.MetamodelGraphWalker - Visiting attribute path : question.qualityAdmin.lastLogin
18:19:18.928 [main] DEBUG o.h.p.w.spi.MetamodelGraphWalker - Visiting attribute path : question.qualityAdmin.loginCount
18:19:18.928 [main] DEBUG o.h.p.w.spi.MetamodelGraphWalker - Visiting attribute path : question.qualityAdmin.password
18:19:18.928 [main] DEBUG o.h.p.w.spi.MetamodelGraphWalker - Visiting attribute path : question.qualityAdmin.phone
18:19:18.928 [main] DEBUG o.h.p.w.spi.MetamodelGraphWalker - Visiting attribute path : question.qualityAdmin.projects
18:19:18.929 [main] DEBUG o.h.p.w.spi.MetamodelGraphWalker - Visiting attribute path : question.qualityAdmin.username
18:19:18.929 [main] DEBUG o.h.p.w.spi.MetamodelGraphWalker - Visiting attribute path : question.remark
18:19:18.929 [main] DEBUG o.h.p.w.spi.MetamodelGraphWalker - Visiting attribute path : question.reviewers
18:19:18.929 [main] DEBUG o.h.p.w.spi.MetamodelGraphWalker - Visiting attribute path : question.reviewingFinishDate
18:19:18.929 [main] DEBUG o.h.p.w.spi.MetamodelGraphWalker - Visiting attribute path : question.reviewingStartDate
18:19:18.929 [main] DEBUG o.h.p.w.spi.MetamodelGraphWalker - Visiting attribute path : question.scenario
18:19:18.929 [main] DEBUG o.h.p.w.spi.MetamodelGraphWalker - Visiting attribute path : question.score
18:19:18.929 [main] DEBUG o.h.p.w.spi.MetamodelGraphWalker - Visiting attribute path : question.status
18:19:18.930 [main] DEBUG o.h.p.w.spi.MetamodelGraphWalker - Visiting attribute path : question.status.createdOn
18:19:18.930 [main] DEBUG o.h.p.w.spi.MetamodelGraphWalker - Visiting attribute path : question.status.updatedOn
18:19:18.930 [main] DEBUG o.h.p.w.spi.MetamodelGraphWalker - Visiting attribute path : question.status.isFinish
18:19:18.930 [main] DEBUG o.h.p.w.spi.MetamodelGraphWalker - Visiting attribute path : question.status.isStart
18:19:18.930 [main] DEBUG o.h.p.w.spi.MetamodelGraphWalker - Visiting attribute path : question.status.name
18:19:18.930 [main] DEBUG o.h.p.w.spi.MetamodelGraphWalker - Visiting attribute path : question.status.accessibleByAuthor
18:19:18.930 [main] DEBUG o.h.p.w.spi.MetamodelGraphWalker - Visiting attribute path : question.status.accessibleByFacilitator
18:19:18.930 [main] DEBUG o.h.p.w.spi.MetamodelGraphWalker - Visiting attribute path : question.status.accessibleByQualityAdmin
18:19:18.930 [main] DEBUG o.h.p.w.spi.MetamodelGraphWalker - Visiting attribute path : question.status.accessibleByReviewer
18:19:18.931 [main] DEBUG o.h.p.w.spi.MetamodelGraphWalker - Visiting attribute path : question.stem
18:19:18.931 [main] DEBUG o.h.p.w.spi.MetamodelGraphWalker - Visiting attribute path : question.type
18:19:18.931 [main] DEBUG o.h.p.w.spi.MetamodelGraphWalker - Visiting attribute path : question.type.createdOn
18:19:18.931 [main] DEBUG o.h.p.w.spi.MetamodelGraphWalker - Visiting attribute path : question.type.updatedOn
18:19:18.931 [main] DEBUG o.h.p.w.spi.MetamodelGraphWalker - Visiting attribute path : question.type.name
18:19:18.951 [main] DEBUG o.h.p.w.spi.MetamodelGraphWalker - Visiting attribute path : createdOn
18:19:18.951 [main] DEBUG o.h.p.w.spi.MetamodelGraphWalker - Visiting attribute path : updatedOn
18:19:18.951 [main] DEBUG o.h.p.w.spi.MetamodelGraphWalker - Visiting attribute path : paper
18:19:18.951 [main] DEBUG o.h.p.w.spi.MetamodelGraphWalker - Visiting attribute path : paper.createdOn
18:19:18.951 [main] DEBUG o.h.p.w.spi.MetamodelGraphWalker - Visiting attribute path : paper.updatedOn
18:19:18.951 [main] DEBUG o.h.p.w.spi.MetamodelGraphWalker - Visiting attribute path : paper.author
18:19:18.952 [main] DEBUG o.h.p.w.spi.MetamodelGraphWalker - Visiting attribute path : paper.author.createdOn
18:19:18.952 [main] DEBUG o.h.p.w.spi.MetamodelGraphWalker - Visiting attribute path : paper.author.updatedOn
18:19:18.952 [main] DEBUG o.h.p.w.spi.MetamodelGraphWalker - Visiting attribute path : paper.author.email
18:19:18.952 [main] DEBUG o.h.p.w.spi.MetamodelGraphWalker - Visiting attribute path : paper.author.enabled
18:19:18.952 [main] DEBUG o.h.p.w.spi.MetamodelGraphWalker - Visiting attribute path : paper.author.fullName
18:19:18.952 [main] DEBUG o.h.p.w.spi.MetamodelGraphWalker - Visiting attribute path : paper.author.isAdmin
18:19:18.952 [main] DEBUG o.h.p.w.spi.MetamodelGraphWalker - Visiting attribute path : paper.author.lastLogin
18:19:18.952 [main] DEBUG o.h.p.w.spi.MetamodelGraphWalker - Visiting attribute path : paper.author.loginCount
18:19:18.952 [main] DEBUG o.h.p.w.spi.MetamodelGraphWalker - Visiting attribute path : paper.author.password
18:19:18.952 [main] DEBUG o.h.p.w.spi.MetamodelGraphWalker - Visiting attribute path : paper.author.phone
18:19:18.952 [main] DEBUG o.h.p.w.spi.MetamodelGraphWalker - Visiting attribute path : paper.author.projects
18:19:18.952 [main] DEBUG o.h.p.w.spi.MetamodelGraphWalker - Visiting attribute path : paper.author.username
18:19:18.952 [main] DEBUG o.h.p.w.spi.MetamodelGraphWalker - Visiting attribute path : paper.description
18:19:18.952 [main] DEBUG o.h.p.w.spi.MetamodelGraphWalker - Visiting attribute path : paper.paper_name
18:19:18.952 [main] DEBUG o.h.p.w.spi.MetamodelGraphWalker - Visiting attribute path : paper.project
18:19:18.952 [main] DEBUG o.h.p.w.spi.MetamodelGraphWalker - Visiting attribute path : paper.project.createdOn
18:19:18.953 [main] DEBUG o.h.p.w.spi.MetamodelGraphWalker - Visiting attribute path : paper.project.updatedOn
18:19:18.953 [main] DEBUG o.h.p.w.spi.MetamodelGraphWalker - Visiting attribute path : paper.project.customField1
18:19:18.953 [main] DEBUG o.h.p.w.spi.MetamodelGraphWalker - Visiting attribute path : paper.project.customField2
18:19:18.953 [main] DEBUG o.h.p.w.spi.MetamodelGraphWalker - Visiting attribute path : paper.project.customField3
18:19:18.953 [main] DEBUG o.h.p.w.spi.MetamodelGraphWalker - Visiting attribute path : paper.project.exportedBy
18:19:18.953 [main] DEBUG o.h.p.w.spi.MetamodelGraphWalker - Visiting attribute path : paper.project.exportedOn
18:19:18.953 [main] DEBUG o.h.p.w.spi.MetamodelGraphWalker - Visiting attribute path : paper.project.facilitator
18:19:18.953 [main] DEBUG o.h.p.w.spi.MetamodelGraphWalker - Visiting attribute path : paper.project.finishDate
18:19:18.953 [main] DEBUG o.h.p.w.spi.MetamodelGraphWalker - Visiting attribute path : paper.project.name
18:19:18.953 [main] DEBUG o.h.p.w.spi.MetamodelGraphWalker - Visiting attribute path : paper.project.startDate
18:19:18.953 [main] DEBUG o.h.p.w.spi.MetamodelGraphWalker - Visiting attribute path : paper.project.status
18:19:18.953 [main] DEBUG o.h.p.w.spi.MetamodelGraphWalker - Visiting attribute path : paper.project.syllabus
18:19:18.953 [main] DEBUG o.h.p.w.spi.MetamodelGraphWalker - Visiting attribute path : paper.project.users
18:19:18.954 [main] DEBUG o.h.p.w.spi.MetamodelGraphWalker - Visiting attribute path : paper.score
18:19:18.954 [main] DEBUG o.h.p.w.spi.MetamodelGraphWalker - Visiting attribute path : question
18:19:18.954 [main] DEBUG o.h.p.w.spi.MetamodelGraphWalker - Visiting attribute path : question.createdOn
18:19:18.954 [main] DEBUG o.h.p.w.spi.MetamodelGraphWalker - Visiting attribute path : question.updatedOn
18:19:18.954 [main] DEBUG o.h.p.w.spi.MetamodelGraphWalker - Visiting attribute path : question.author
18:19:18.954 [main] DEBUG o.h.p.w.spi.MetamodelGraphWalker - Visiting attribute path : question.author.createdOn
18:19:18.954 [main] DEBUG o.h.p.w.spi.MetamodelGraphWalker - Visiting attribute path : question.author.updatedOn
18:19:18.954 [main] DEBUG o.h.p.w.spi.MetamodelGraphWalker - Visiting attribute path : question.author.email
18:19:18.954 [main] DEBUG o.h.p.w.spi.MetamodelGraphWalker - Visiting attribute path : question.author.enabled
18:19:18.954 [main] DEBUG o.h.p.w.spi.MetamodelGraphWalker - Visiting attribute path : question.author.fullName
18:19:18.954 [main] DEBUG o.h.p.w.spi.MetamodelGraphWalker - Visiting attribute path : question.author.isAdmin
18:19:18.955 [main] DEBUG o.h.p.w.spi.MetamodelGraphWalker - Visiting attribute path : question.author.lastLogin
18:19:18.955 [main] DEBUG o.h.p.w.spi.MetamodelGraphWalker - Visiting attribute path : question.author.loginCount
18:19:18.955 [main] DEBUG o.h.p.w.spi.MetamodelGraphWalker - Visiting attribute path : question.author.password
18:19:18.955 [main] DEBUG o.h.p.w.spi.MetamodelGraphWalker - Visiting attribute path : question.author.phone
18:19:18.955 [main] DEBUG o.h.p.w.spi.MetamodelGraphWalker - Visiting attribute path : question.author.projects
18:19:18.955 [main] DEBUG o.h.p.w.spi.MetamodelGraphWalker - Visiting attribute path : question.author.username
18:19:18.955 [main] DEBUG o.h.p.w.spi.MetamodelGraphWalker - Visiting attribute path : question.authoringFinishDate
18:19:18.955 [main] DEBUG o.h.p.w.spi.MetamodelGraphWalker - Visiting attribute path : question.authoringStartDate
18:19:18.955 [main] DEBUG o.h.p.w.spi.MetamodelGraphWalker - Visiting attribute path : question.customField2
18:19:18.955 [main] DEBUG o.h.p.w.spi.MetamodelGraphWalker - Visiting attribute path : question.customField3
18:19:18.955 [main] DEBUG o.h.p.w.spi.MetamodelGraphWalker - Visiting attribute path : question.customFiled1
18:19:18.955 [main] DEBUG o.h.p.w.spi.MetamodelGraphWalker - Visiting attribute path : question.description
18:19:18.955 [main] DEBUG o.h.p.w.spi.MetamodelGraphWalker - Visiting attribute path : question.difficulty
18:19:18.955 [main] DEBUG o.h.p.w.spi.MetamodelGraphWalker - Visiting attribute path : question.images
18:19:18.955 [main] DEBUG o.h.p.w.spi.MetamodelGraphWalker - Visiting attribute path : question.knowledgePoint
18:19:18.956 [main] DEBUG o.h.p.w.spi.MetamodelGraphWalker - Visiting attribute path : question.knowledgePoint.createdOn
18:19:18.956 [main] DEBUG o.h.p.w.spi.MetamodelGraphWalker - Visiting attribute path : question.knowledgePoint.updatedOn
18:19:18.956 [main] DEBUG o.h.p.w.spi.MetamodelGraphWalker - Visiting attribute path : question.knowledgePoint.chapter
18:19:18.956 [main] DEBUG o.h.p.w.spi.MetamodelGraphWalker - Visiting attribute path : question.knowledgePoint.kLevel
18:19:18.956 [main] DEBUG o.h.p.w.spi.MetamodelGraphWalker - Visiting attribute path : question.knowledgePoint.number
18:19:18.956 [main] DEBUG o.h.p.w.spi.MetamodelGraphWalker - Visiting attribute path : question.knowledgePoint.score
18:19:18.956 [main] DEBUG o.h.p.w.spi.MetamodelGraphWalker - Visiting attribute path : question.knowledgePoint.title
18:19:18.957 [main] DEBUG o.h.p.w.spi.MetamodelGraphWalker - Visiting attribute path : question.language
18:19:18.957 [main] DEBUG o.h.p.w.spi.MetamodelGraphWalker - Visiting attribute path : question.language.createdOn
18:19:18.957 [main] DEBUG o.h.p.w.spi.MetamodelGraphWalker - Visiting attribute path : question.language.updatedOn
18:19:18.957 [main] DEBUG o.h.p.w.spi.MetamodelGraphWalker - Visiting attribute path : question.language.name
18:19:18.957 [main] DEBUG o.h.p.w.spi.MetamodelGraphWalker - Visiting attribute path : question.memo
18:19:18.957 [main] DEBUG o.h.p.w.spi.MetamodelGraphWalker - Visiting attribute path : question.multipleChoice
18:19:18.957 [main] DEBUG o.h.p.w.spi.MetamodelGraphWalker - Visiting attribute path : question.project
18:19:18.957 [main] DEBUG o.h.p.w.spi.MetamodelGraphWalker - Visiting attribute path : question.project.createdOn
18:19:18.957 [main] DEBUG o.h.p.w.spi.MetamodelGraphWalker - Visiting attribute path : question.project.updatedOn
18:19:18.957 [main] DEBUG o.h.p.w.spi.MetamodelGraphWalker - Visiting attribute path : question.project.customField1
18:19:18.958 [main] DEBUG o.h.p.w.spi.MetamodelGraphWalker - Visiting attribute path : question.project.customField2
18:19:18.958 [main] DEBUG o.h.p.w.spi.MetamodelGraphWalker - Visiting attribute path : question.project.customField3
18:19:18.958 [main] DEBUG o.h.p.w.spi.MetamodelGraphWalker - Visiting attribute path : question.project.exportedBy
18:19:18.958 [main] DEBUG o.h.p.w.spi.MetamodelGraphWalker - Visiting attribute path : question.project.exportedOn
18:19:18.958 [main] DEBUG o.h.p.w.spi.MetamodelGraphWalker - Visiting attribute path : question.project.facilitator
18:19:18.958 [main] DEBUG o.h.p.w.spi.MetamodelGraphWalker - Visiting attribute path : question.project.finishDate
18:19:18.958 [main] DEBUG o.h.p.w.spi.MetamodelGraphWalker - Visiting attribute path : question.project.name
18:19:18.958 [main] DEBUG o.h.p.w.spi.MetamodelGraphWalker - Visiting attribute path : question.project.startDate
18:19:18.958 [main] DEBUG o.h.p.w.spi.MetamodelGraphWalker - Visiting attribute path : question.project.status
18:19:18.959 [main] DEBUG o.h.p.w.spi.MetamodelGraphWalker - Visiting attribute path : question.project.syllabus
18:19:18.959 [main] DEBUG o.h.p.w.spi.MetamodelGraphWalker - Visiting attribute path : question.project.users
18:19:18.959 [main] DEBUG o.h.p.w.spi.MetamodelGraphWalker - Visiting attribute path : question.published
18:19:18.959 [main] DEBUG o.h.p.w.spi.MetamodelGraphWalker - Visiting attribute path : question.qualityAdmin
18:19:18.959 [main] DEBUG o.h.p.w.spi.MetamodelGraphWalker - Visiting attribute path : question.qualityAdmin.createdOn
18:19:18.959 [main] DEBUG o.h.p.w.spi.MetamodelGraphWalker - Visiting attribute path : question.qualityAdmin.updatedOn
18:19:18.959 [main] DEBUG o.h.p.w.spi.MetamodelGraphWalker - Visiting attribute path : question.qualityAdmin.email
18:19:18.959 [main] DEBUG o.h.p.w.spi.MetamodelGraphWalker - Visiting attribute path : question.qualityAdmin.enabled
18:19:18.959 [main] DEBUG o.h.p.w.spi.MetamodelGraphWalker - Visiting attribute path : question.qualityAdmin.fullName
18:19:18.959 [main] DEBUG o.h.p.w.spi.MetamodelGraphWalker - Visiting attribute path : question.qualityAdmin.isAdmin
18:19:18.959 [main] DEBUG o.h.p.w.spi.MetamodelGraphWalker - Visiting attribute path : question.qualityAdmin.lastLogin
18:19:18.959 [main] DEBUG o.h.p.w.spi.MetamodelGraphWalker - Visiting attribute path : question.qualityAdmin.loginCount
18:19:18.960 [main] DEBUG o.h.p.w.spi.MetamodelGraphWalker - Visiting attribute path : question.qualityAdmin.password
18:19:18.960 [main] DEBUG o.h.p.w.spi.MetamodelGraphWalker - Visiting attribute path : question.qualityAdmin.phone
18:19:18.960 [main] DEBUG o.h.p.w.spi.MetamodelGraphWalker - Visiting attribute path : question.qualityAdmin.projects
18:19:18.960 [main] DEBUG o.h.p.w.spi.MetamodelGraphWalker - Visiting attribute path : question.qualityAdmin.username
18:19:18.960 [main] DEBUG o.h.p.w.spi.MetamodelGraphWalker - Visiting attribute path : question.remark
18:19:18.960 [main] DEBUG o.h.p.w.spi.MetamodelGraphWalker - Visiting attribute path : question.reviewers
18:19:18.960 [main] DEBUG o.h.p.w.spi.MetamodelGraphWalker - Visiting attribute path : question.reviewingFinishDate
18:19:18.960 [main] DEBUG o.h.p.w.spi.MetamodelGraphWalker - Visiting attribute path : question.reviewingStartDate
18:19:18.960 [main] DEBUG o.h.p.w.spi.MetamodelGraphWalker - Visiting attribute path : question.scenario
18:19:18.960 [main] DEBUG o.h.p.w.spi.MetamodelGraphWalker - Visiting attribute path : question.score
18:19:18.960 [main] DEBUG o.h.p.w.spi.MetamodelGraphWalker - Visiting attribute path : question.status
18:19:18.960 [main] DEBUG o.h.p.w.spi.MetamodelGraphWalker - Visiting attribute path : question.status.createdOn
18:19:18.960 [main] DEBUG o.h.p.w.spi.MetamodelGraphWalker - Visiting attribute path : question.status.updatedOn
18:19:18.960 [main] DEBUG o.h.p.w.spi.MetamodelGraphWalker - Visiting attribute path : question.status.isFinish
18:19:18.960 [main] DEBUG o.h.p.w.spi.MetamodelGraphWalker - Visiting attribute path : question.status.isStart
18:19:18.960 [main] DEBUG o.h.p.w.spi.MetamodelGraphWalker - Visiting attribute path : question.status.name
18:19:18.961 [main] DEBUG o.h.p.w.spi.MetamodelGraphWalker - Visiting attribute path : question.status.accessibleByAuthor
18:19:18.961 [main] DEBUG o.h.p.w.spi.MetamodelGraphWalker - Visiting attribute path : question.status.accessibleByFacilitator
18:19:18.961 [main] DEBUG o.h.p.w.spi.MetamodelGraphWalker - Visiting attribute path : question.status.accessibleByQualityAdmin
18:19:18.961 [main] DEBUG o.h.p.w.spi.MetamodelGraphWalker - Visiting attribute path : question.status.accessibleByReviewer
18:19:18.961 [main] DEBUG o.h.p.w.spi.MetamodelGraphWalker - Visiting attribute path : question.stem
18:19:18.961 [main] DEBUG o.h.p.w.spi.MetamodelGraphWalker - Visiting attribute path : question.type
18:19:18.961 [main] DEBUG o.h.p.w.spi.MetamodelGraphWalker - Visiting attribute path : question.type.createdOn
18:19:18.961 [main] DEBUG o.h.p.w.spi.MetamodelGraphWalker - Visiting attribute path : question.type.updatedOn
18:19:18.961 [main] DEBUG o.h.p.w.spi.MetamodelGraphWalker - Visiting attribute path : question.type.name
18:19:18.963 [main] DEBUG o.h.p.w.spi.MetamodelGraphWalker - Visiting attribute path : createdOn
18:19:18.963 [main] DEBUG o.h.p.w.spi.MetamodelGraphWalker - Visiting attribute path : updatedOn
18:19:18.963 [main] DEBUG o.h.p.w.spi.MetamodelGraphWalker - Visiting attribute path : paper
18:19:18.963 [main] DEBUG o.h.p.w.spi.MetamodelGraphWalker - Visiting attribute path : question
18:19:18.964 [main] DEBUG o.h.p.w.spi.MetamodelGraphWalker - Visiting attribute path : createdOn
18:19:18.964 [main] DEBUG o.h.p.w.spi.MetamodelGraphWalker - Visiting attribute path : updatedOn
18:19:18.964 [main] DEBUG o.h.p.w.spi.MetamodelGraphWalker - Visiting attribute path : paper
18:19:18.964 [main] DEBUG o.h.p.w.spi.MetamodelGraphWalker - Visiting attribute path : question
18:19:18.965 [main] DEBUG o.h.p.w.spi.MetamodelGraphWalker - Visiting attribute path : createdOn
18:19:18.965 [main] DEBUG o.h.p.w.spi.MetamodelGraphWalker - Visiting attribute path : updatedOn
18:19:18.965 [main] DEBUG o.h.p.w.spi.MetamodelGraphWalker - Visiting attribute path : paper
18:19:18.965 [main] DEBUG o.h.p.w.spi.MetamodelGraphWalker - Visiting attribute path : question
18:19:18.965 [main] DEBUG o.h.p.w.spi.MetamodelGraphWalker - Visiting attribute path : createdOn
18:19:18.965 [main] DEBUG o.h.p.w.spi.MetamodelGraphWalker - Visiting attribute path : updatedOn
18:19:18.965 [main] DEBUG o.h.p.w.spi.MetamodelGraphWalker - Visiting attribute path : paper
18:19:18.966 [main] DEBUG o.h.p.w.spi.MetamodelGraphWalker - Visiting attribute path : question
18:19:18.966 [main] DEBUG o.h.p.w.spi.MetamodelGraphWalker - Visiting attribute path : createdOn
18:19:18.966 [main] DEBUG o.h.p.w.spi.MetamodelGraphWalker - Visiting attribute path : updatedOn
18:19:18.966 [main] DEBUG o.h.p.w.spi.MetamodelGraphWalker - Visiting attribute path : paper
18:19:18.966 [main] DEBUG o.h.p.w.spi.MetamodelGraphWalker - Visiting attribute path : question
18:19:18.967 [main] DEBUG o.h.p.w.spi.MetamodelGraphWalker - Visiting attribute path : createdOn
18:19:18.967 [main] DEBUG o.h.p.w.spi.MetamodelGraphWalker - Visiting attribute path : updatedOn
18:19:18.967 [main] DEBUG o.h.p.w.spi.MetamodelGraphWalker - Visiting attribute path : paper
18:19:18.967 [main] DEBUG o.h.p.w.spi.MetamodelGraphWalker - Visiting attribute path : question
18:19:18.967 [main] DEBUG o.h.p.w.spi.MetamodelGraphWalker - Visiting attribute path : createdOn
18:19:18.967 [main] DEBUG o.h.p.w.spi.MetamodelGraphWalker - Visiting attribute path : updatedOn
18:19:18.967 [main] DEBUG o.h.p.w.spi.MetamodelGraphWalker - Visiting attribute path : paper
18:19:18.968 [main] DEBUG o.h.p.w.spi.MetamodelGraphWalker - Visiting attribute path : question
18:19:18.968 [main] DEBUG o.h.p.w.spi.MetamodelGraphWalker - Visiting attribute path : createdOn
18:19:18.968 [main] DEBUG o.h.p.w.spi.MetamodelGraphWalker - Visiting attribute path : updatedOn
18:19:18.968 [main] DEBUG o.h.p.w.spi.MetamodelGraphWalker - Visiting attribute path : paper
18:19:18.968 [main] DEBUG o.h.p.w.spi.MetamodelGraphWalker - Visiting attribute path : question
18:19:18.969 [main] DEBUG o.h.p.w.spi.MetamodelGraphWalker - Visiting attribute path : createdOn
18:19:18.969 [main] DEBUG o.h.p.w.spi.MetamodelGraphWalker - Visiting attribute path : updatedOn
18:19:18.969 [main] DEBUG o.h.p.w.spi.MetamodelGraphWalker - Visiting attribute path : paper
18:19:18.969 [main] DEBUG o.h.p.w.spi.MetamodelGraphWalker - Visiting attribute path : question
18:19:18.987 [main] DEBUG o.h.p.entity.AbstractEntityPersister - Static SQL for entity: cn.cstqb.exam.testmaker.entities.KnowledgePoint
18:19:18.987 [main] DEBUG o.h.p.entity.AbstractEntityPersister -  Version select: select id from knowledge_point where id =?
18:19:18.987 [main] DEBUG o.h.p.entity.AbstractEntityPersister -  Snapshot select: select knowledgep_.id, knowledgep_.updated_on as updated_3_1_, knowledgep_.chapter_id as chapter_8_1_, knowledgep_.k_level as k_level4_1_, knowledgep_.number as number5_1_, knowledgep_.score as score6_1_, knowledgep_.title as title7_1_ from knowledge_point knowledgep_ where knowledgep_.id=?
18:19:18.987 [main] DEBUG o.h.p.entity.AbstractEntityPersister -  Insert 0: insert into knowledge_point (created_on, updated_on, chapter_id, k_level, number, score, title, id) values (?, ?, ?, ?, ?, ?, ?, ?)
18:19:18.987 [main] DEBUG o.h.p.entity.AbstractEntityPersister -  Update 0: update knowledge_point set updated_on=?, chapter_id=?, k_level=?, number=?, score=?, title=? where id=?
18:19:18.987 [main] DEBUG o.h.p.entity.AbstractEntityPersister -  Delete 0: delete from knowledge_point where id=?
18:19:18.987 [main] DEBUG o.h.p.entity.AbstractEntityPersister -  Identity insert: insert into knowledge_point (created_on, updated_on, chapter_id, k_level, number, score, title) values (?, ?, ?, ?, ?, ?, ?)
18:19:18.987 [main] DEBUG o.h.p.w.spi.MetamodelGraphWalker - Visiting attribute path : createdOn
18:19:18.987 [main] DEBUG o.h.p.w.spi.MetamodelGraphWalker - Visiting attribute path : updatedOn
18:19:18.987 [main] DEBUG o.h.p.w.spi.MetamodelGraphWalker - Visiting attribute path : chapter
18:19:18.988 [main] DEBUG o.h.p.w.spi.MetamodelGraphWalker - Visiting attribute path : chapter.createdOn
18:19:18.988 [main] DEBUG o.h.p.w.spi.MetamodelGraphWalker - Visiting attribute path : chapter.updatedOn
18:19:18.988 [main] DEBUG o.h.p.w.spi.MetamodelGraphWalker - Visiting attribute path : chapter.number
18:19:18.988 [main] DEBUG o.h.p.w.spi.MetamodelGraphWalker - Visiting attribute path : chapter.points
18:19:18.988 [main] DEBUG o.h.p.w.spi.MetamodelGraphWalker - Property path deemed to be circular : chapter.points
18:19:18.988 [main] DEBUG o.h.p.w.spi.MetamodelGraphWalker - Visiting attribute path : chapter.syllabus
18:19:18.988 [main] DEBUG o.h.p.w.spi.MetamodelGraphWalker - Visiting attribute path : chapter.syllabus.createdOn
18:19:18.988 [main] DEBUG o.h.p.w.spi.MetamodelGraphWalker - Visiting attribute path : chapter.syllabus.updatedOn
18:19:18.988 [main] DEBUG o.h.p.w.spi.MetamodelGraphWalker - Visiting attribute path : chapter.syllabus.chapters
18:19:18.988 [main] DEBUG o.h.p.w.spi.MetamodelGraphWalker - Property path deemed to be circular : chapter.syllabus.chapters
18:19:18.988 [main] DEBUG o.h.p.w.spi.MetamodelGraphWalker - Visiting attribute path : chapter.syllabus.isDisabled
18:19:18.988 [main] DEBUG o.h.p.w.spi.MetamodelGraphWalker - Visiting attribute path : chapter.syllabus.level
18:19:18.988 [main] DEBUG o.h.p.w.spi.MetamodelGraphWalker - Visiting attribute path : chapter.syllabus.version
18:19:18.988 [main] DEBUG o.h.p.w.spi.MetamodelGraphWalker - Visiting attribute path : chapter.title
18:19:18.988 [main] DEBUG o.h.p.w.spi.MetamodelGraphWalker - Visiting attribute path : kLevel
18:19:18.988 [main] DEBUG o.h.p.w.spi.MetamodelGraphWalker - Visiting attribute path : number
18:19:18.989 [main] DEBUG o.h.p.w.spi.MetamodelGraphWalker - Visiting attribute path : score
18:19:18.989 [main] DEBUG o.h.p.w.spi.MetamodelGraphWalker - Visiting attribute path : title
18:19:18.989 [main] DEBUG o.h.p.w.spi.MetamodelGraphWalker - Visiting attribute path : createdOn
18:19:18.989 [main] DEBUG o.h.p.w.spi.MetamodelGraphWalker - Visiting attribute path : updatedOn
18:19:18.989 [main] DEBUG o.h.p.w.spi.MetamodelGraphWalker - Visiting attribute path : chapter
18:19:18.989 [main] DEBUG o.h.p.w.spi.MetamodelGraphWalker - Visiting attribute path : chapter.createdOn
18:19:18.989 [main] DEBUG o.h.p.w.spi.MetamodelGraphWalker - Visiting attribute path : chapter.updatedOn
18:19:18.989 [main] DEBUG o.h.p.w.spi.MetamodelGraphWalker - Visiting attribute path : chapter.number
18:19:18.989 [main] DEBUG o.h.p.w.spi.MetamodelGraphWalker - Visiting attribute path : chapter.points
18:19:18.989 [main] DEBUG o.h.p.w.spi.MetamodelGraphWalker - Property path deemed to be circular : chapter.points
18:19:18.989 [main] DEBUG o.h.p.w.spi.MetamodelGraphWalker - Visiting attribute path : chapter.syllabus
18:19:18.990 [main] DEBUG o.h.p.w.spi.MetamodelGraphWalker - Visiting attribute path : chapter.syllabus.createdOn
18:19:18.990 [main] DEBUG o.h.p.w.spi.MetamodelGraphWalker - Visiting attribute path : chapter.syllabus.updatedOn
18:19:18.990 [main] DEBUG o.h.p.w.spi.MetamodelGraphWalker - Visiting attribute path : chapter.syllabus.chapters
18:19:18.990 [main] DEBUG o.h.p.w.spi.MetamodelGraphWalker - Property path deemed to be circular : chapter.syllabus.chapters
18:19:18.990 [main] DEBUG o.h.p.w.spi.MetamodelGraphWalker - Visiting attribute path : chapter.syllabus.isDisabled
18:19:18.990 [main] DEBUG o.h.p.w.spi.MetamodelGraphWalker - Visiting attribute path : chapter.syllabus.level
18:19:18.990 [main] DEBUG o.h.p.w.spi.MetamodelGraphWalker - Visiting attribute path : chapter.syllabus.version
18:19:18.990 [main] DEBUG o.h.p.w.spi.MetamodelGraphWalker - Visiting attribute path : chapter.title
18:19:18.990 [main] DEBUG o.h.p.w.spi.MetamodelGraphWalker - Visiting attribute path : kLevel
18:19:18.990 [main] DEBUG o.h.p.w.spi.MetamodelGraphWalker - Visiting attribute path : number
18:19:18.990 [main] DEBUG o.h.p.w.spi.MetamodelGraphWalker - Visiting attribute path : score
18:19:18.990 [main] DEBUG o.h.p.w.spi.MetamodelGraphWalker - Visiting attribute path : title
18:19:18.991 [main] DEBUG o.h.p.w.spi.MetamodelGraphWalker - Visiting attribute path : createdOn
18:19:18.991 [main] DEBUG o.h.p.w.spi.MetamodelGraphWalker - Visiting attribute path : updatedOn
18:19:18.991 [main] DEBUG o.h.p.w.spi.MetamodelGraphWalker - Visiting attribute path : chapter
18:19:18.991 [main] DEBUG o.h.p.w.spi.MetamodelGraphWalker - Visiting attribute path : kLevel
18:19:18.991 [main] DEBUG o.h.p.w.spi.MetamodelGraphWalker - Visiting attribute path : number
18:19:18.991 [main] DEBUG o.h.p.w.spi.MetamodelGraphWalker - Visiting attribute path : score
18:19:18.991 [main] DEBUG o.h.p.w.spi.MetamodelGraphWalker - Visiting attribute path : title
18:19:18.991 [main] DEBUG o.h.p.w.spi.MetamodelGraphWalker - Visiting attribute path : createdOn
18:19:18.991 [main] DEBUG o.h.p.w.spi.MetamodelGraphWalker - Visiting attribute path : updatedOn
18:19:18.991 [main] DEBUG o.h.p.w.spi.MetamodelGraphWalker - Visiting attribute path : chapter
18:19:18.991 [main] DEBUG o.h.p.w.spi.MetamodelGraphWalker - Visiting attribute path : kLevel
18:19:18.991 [main] DEBUG o.h.p.w.spi.MetamodelGraphWalker - Visiting attribute path : number
18:19:18.991 [main] DEBUG o.h.p.w.spi.MetamodelGraphWalker - Visiting attribute path : score
18:19:18.991 [main] DEBUG o.h.p.w.spi.MetamodelGraphWalker - Visiting attribute path : title
18:19:18.992 [main] DEBUG o.h.p.w.spi.MetamodelGraphWalker - Visiting attribute path : createdOn
18:19:18.992 [main] DEBUG o.h.p.w.spi.MetamodelGraphWalker - Visiting attribute path : updatedOn
18:19:18.992 [main] DEBUG o.h.p.w.spi.MetamodelGraphWalker - Visiting attribute path : chapter
18:19:18.992 [main] DEBUG o.h.p.w.spi.MetamodelGraphWalker - Visiting attribute path : kLevel
18:19:18.992 [main] DEBUG o.h.p.w.spi.MetamodelGraphWalker - Visiting attribute path : number
18:19:18.992 [main] DEBUG o.h.p.w.spi.MetamodelGraphWalker - Visiting attribute path : score
18:19:18.992 [main] DEBUG o.h.p.w.spi.MetamodelGraphWalker - Visiting attribute path : title
18:19:18.993 [main] DEBUG o.h.p.w.spi.MetamodelGraphWalker - Visiting attribute path : createdOn
18:19:18.993 [main] DEBUG o.h.p.w.spi.MetamodelGraphWalker - Visiting attribute path : updatedOn
18:19:18.993 [main] DEBUG o.h.p.w.spi.MetamodelGraphWalker - Visiting attribute path : chapter
18:19:18.993 [main] DEBUG o.h.p.w.spi.MetamodelGraphWalker - Visiting attribute path : kLevel
18:19:18.993 [main] DEBUG o.h.p.w.spi.MetamodelGraphWalker - Visiting attribute path : number
18:19:18.993 [main] DEBUG o.h.p.w.spi.MetamodelGraphWalker - Visiting attribute path : score
18:19:18.993 [main] DEBUG o.h.p.w.spi.MetamodelGraphWalker - Visiting attribute path : title
18:19:18.993 [main] DEBUG o.h.p.w.spi.MetamodelGraphWalker - Visiting attribute path : createdOn
18:19:18.993 [main] DEBUG o.h.p.w.spi.MetamodelGraphWalker - Visiting attribute path : updatedOn
18:19:18.993 [main] DEBUG o.h.p.w.spi.MetamodelGraphWalker - Visiting attribute path : chapter
18:19:18.993 [main] DEBUG o.h.p.w.spi.MetamodelGraphWalker - Visiting attribute path : kLevel
18:19:18.993 [main] DEBUG o.h.p.w.spi.MetamodelGraphWalker - Visiting attribute path : number
18:19:18.993 [main] DEBUG o.h.p.w.spi.MetamodelGraphWalker - Visiting attribute path : score
18:19:18.993 [main] DEBUG o.h.p.w.spi.MetamodelGraphWalker - Visiting attribute path : title
18:19:18.994 [main] DEBUG o.h.p.w.spi.MetamodelGraphWalker - Visiting attribute path : createdOn
18:19:18.994 [main] DEBUG o.h.p.w.spi.MetamodelGraphWalker - Visiting attribute path : updatedOn
18:19:18.994 [main] DEBUG o.h.p.w.spi.MetamodelGraphWalker - Visiting attribute path : chapter
18:19:18.994 [main] DEBUG o.h.p.w.spi.MetamodelGraphWalker - Visiting attribute path : kLevel
18:19:18.994 [main] DEBUG o.h.p.w.spi.MetamodelGraphWalker - Visiting attribute path : number
18:19:18.994 [main] DEBUG o.h.p.w.spi.MetamodelGraphWalker - Visiting attribute path : score
18:19:18.994 [main] DEBUG o.h.p.w.spi.MetamodelGraphWalker - Visiting attribute path : title
18:19:18.994 [main] DEBUG o.h.p.w.spi.MetamodelGraphWalker - Visiting attribute path : createdOn
18:19:18.994 [main] DEBUG o.h.p.w.spi.MetamodelGraphWalker - Visiting attribute path : updatedOn
18:19:18.994 [main] DEBUG o.h.p.w.spi.MetamodelGraphWalker - Visiting attribute path : chapter
18:19:18.994 [main] DEBUG o.h.p.w.spi.MetamodelGraphWalker - Visiting attribute path : kLevel
18:19:18.994 [main] DEBUG o.h.p.w.spi.MetamodelGraphWalker - Visiting attribute path : number
18:19:18.995 [main] DEBUG o.h.p.w.spi.MetamodelGraphWalker - Visiting attribute path : score
18:19:18.995 [main] DEBUG o.h.p.w.spi.MetamodelGraphWalker - Visiting attribute path : title
18:19:18.995 [main] DEBUG o.h.p.w.spi.MetamodelGraphWalker - Visiting attribute path : createdOn
18:19:18.995 [main] DEBUG o.h.p.w.spi.MetamodelGraphWalker - Visiting attribute path : updatedOn
18:19:18.995 [main] DEBUG o.h.p.w.spi.MetamodelGraphWalker - Visiting attribute path : chapter
18:19:18.995 [main] DEBUG o.h.p.w.spi.MetamodelGraphWalker - Visiting attribute path : kLevel
18:19:18.995 [main] DEBUG o.h.p.w.spi.MetamodelGraphWalker - Visiting attribute path : number
18:19:18.995 [main] DEBUG o.h.p.w.spi.MetamodelGraphWalker - Visiting attribute path : score
18:19:18.995 [main] DEBUG o.h.p.w.spi.MetamodelGraphWalker - Visiting attribute path : title
18:19:18.995 [main] DEBUG o.h.p.w.spi.MetamodelGraphWalker - Visiting attribute path : createdOn
18:19:18.995 [main] DEBUG o.h.p.w.spi.MetamodelGraphWalker - Visiting attribute path : updatedOn
18:19:18.995 [main] DEBUG o.h.p.w.spi.MetamodelGraphWalker - Visiting attribute path : chapter
18:19:18.996 [main] DEBUG o.h.p.w.spi.MetamodelGraphWalker - Visiting attribute path : kLevel
18:19:18.996 [main] DEBUG o.h.p.w.spi.MetamodelGraphWalker - Visiting attribute path : number
18:19:18.996 [main] DEBUG o.h.p.w.spi.MetamodelGraphWalker - Visiting attribute path : score
18:19:18.996 [main] DEBUG o.h.p.w.spi.MetamodelGraphWalker - Visiting attribute path : title
18:19:18.997 [main] DEBUG o.h.p.entity.AbstractEntityPersister - Static SQL for entity: cn.cstqb.exam.testmaker.entities.ProjectStatus
18:19:18.997 [main] DEBUG o.h.p.entity.AbstractEntityPersister -  Version select: select id from project_status where id =?
18:19:18.997 [main] DEBUG o.h.p.entity.AbstractEntityPersister -  Snapshot select: select projectsta_.id, projectsta_.updated_on as updated_3_5_, projectsta_.is_finish as is_finis4_5_, projectsta_.is_start as is_start5_5_, projectsta_.name as name6_5_ from project_status projectsta_ where projectsta_.id=?
18:19:18.997 [main] DEBUG o.h.p.entity.AbstractEntityPersister -  Insert 0: insert into project_status (created_on, updated_on, is_finish, is_start, name, id) values (?, ?, ?, ?, ?, ?)
18:19:18.997 [main] DEBUG o.h.p.entity.AbstractEntityPersister -  Update 0: update project_status set updated_on=?, is_finish=?, is_start=?, name=? where id=?
18:19:18.997 [main] DEBUG o.h.p.entity.AbstractEntityPersister -  Delete 0: delete from project_status where id=?
18:19:18.997 [main] DEBUG o.h.p.entity.AbstractEntityPersister -  Identity insert: insert into project_status (created_on, updated_on, is_finish, is_start, name) values (?, ?, ?, ?, ?)
18:19:18.997 [main] DEBUG o.h.p.w.spi.MetamodelGraphWalker - Visiting attribute path : createdOn
18:19:18.997 [main] DEBUG o.h.p.w.spi.MetamodelGraphWalker - Visiting attribute path : updatedOn
18:19:18.997 [main] DEBUG o.h.p.w.spi.MetamodelGraphWalker - Visiting attribute path : isFinish
18:19:18.997 [main] DEBUG o.h.p.w.spi.MetamodelGraphWalker - Visiting attribute path : isStart
18:19:18.997 [main] DEBUG o.h.p.w.spi.MetamodelGraphWalker - Visiting attribute path : name
18:19:18.998 [main] DEBUG o.h.p.w.spi.MetamodelGraphWalker - Visiting attribute path : createdOn
18:19:18.998 [main] DEBUG o.h.p.w.spi.MetamodelGraphWalker - Visiting attribute path : updatedOn
18:19:18.998 [main] DEBUG o.h.p.w.spi.MetamodelGraphWalker - Visiting attribute path : isFinish
18:19:18.998 [main] DEBUG o.h.p.w.spi.MetamodelGraphWalker - Visiting attribute path : isStart
18:19:18.998 [main] DEBUG o.h.p.w.spi.MetamodelGraphWalker - Visiting attribute path : name
18:19:18.998 [main] DEBUG o.h.p.w.spi.MetamodelGraphWalker - Visiting attribute path : createdOn
18:19:18.998 [main] DEBUG o.h.p.w.spi.MetamodelGraphWalker - Visiting attribute path : updatedOn
18:19:18.998 [main] DEBUG o.h.p.w.spi.MetamodelGraphWalker - Visiting attribute path : isFinish
18:19:18.998 [main] DEBUG o.h.p.w.spi.MetamodelGraphWalker - Visiting attribute path : isStart
18:19:18.998 [main] DEBUG o.h.p.w.spi.MetamodelGraphWalker - Visiting attribute path : name
18:19:18.999 [main] DEBUG o.h.p.w.spi.MetamodelGraphWalker - Visiting attribute path : createdOn
18:19:18.999 [main] DEBUG o.h.p.w.spi.MetamodelGraphWalker - Visiting attribute path : updatedOn
18:19:18.999 [main] DEBUG o.h.p.w.spi.MetamodelGraphWalker - Visiting attribute path : isFinish
18:19:18.999 [main] DEBUG o.h.p.w.spi.MetamodelGraphWalker - Visiting attribute path : isStart
18:19:18.999 [main] DEBUG o.h.p.w.spi.MetamodelGraphWalker - Visiting attribute path : name
18:19:18.999 [main] DEBUG o.h.p.w.spi.MetamodelGraphWalker - Visiting attribute path : createdOn
18:19:18.999 [main] DEBUG o.h.p.w.spi.MetamodelGraphWalker - Visiting attribute path : updatedOn
18:19:18.999 [main] DEBUG o.h.p.w.spi.MetamodelGraphWalker - Visiting attribute path : isFinish
18:19:19.000 [main] DEBUG o.h.p.w.spi.MetamodelGraphWalker - Visiting attribute path : isStart
18:19:19.000 [main] DEBUG o.h.p.w.spi.MetamodelGraphWalker - Visiting attribute path : name
18:19:19.000 [main] DEBUG o.h.p.w.spi.MetamodelGraphWalker - Visiting attribute path : createdOn
18:19:19.000 [main] DEBUG o.h.p.w.spi.MetamodelGraphWalker - Visiting attribute path : updatedOn
18:19:19.000 [main] DEBUG o.h.p.w.spi.MetamodelGraphWalker - Visiting attribute path : isFinish
18:19:19.000 [main] DEBUG o.h.p.w.spi.MetamodelGraphWalker - Visiting attribute path : isStart
18:19:19.000 [main] DEBUG o.h.p.w.spi.MetamodelGraphWalker - Visiting attribute path : name
18:19:19.000 [main] DEBUG o.h.p.w.spi.MetamodelGraphWalker - Visiting attribute path : createdOn
18:19:19.000 [main] DEBUG o.h.p.w.spi.MetamodelGraphWalker - Visiting attribute path : updatedOn
18:19:19.000 [main] DEBUG o.h.p.w.spi.MetamodelGraphWalker - Visiting attribute path : isFinish
18:19:19.000 [main] DEBUG o.h.p.w.spi.MetamodelGraphWalker - Visiting attribute path : isStart
18:19:19.000 [main] DEBUG o.h.p.w.spi.MetamodelGraphWalker - Visiting attribute path : name
18:19:19.001 [main] DEBUG o.h.p.w.spi.MetamodelGraphWalker - Visiting attribute path : createdOn
18:19:19.001 [main] DEBUG o.h.p.w.spi.MetamodelGraphWalker - Visiting attribute path : updatedOn
18:19:19.001 [main] DEBUG o.h.p.w.spi.MetamodelGraphWalker - Visiting attribute path : isFinish
18:19:19.001 [main] DEBUG o.h.p.w.spi.MetamodelGraphWalker - Visiting attribute path : isStart
18:19:19.001 [main] DEBUG o.h.p.w.spi.MetamodelGraphWalker - Visiting attribute path : name
18:19:19.002 [main] DEBUG o.h.p.w.spi.MetamodelGraphWalker - Visiting attribute path : createdOn
18:19:19.002 [main] DEBUG o.h.p.w.spi.MetamodelGraphWalker - Visiting attribute path : updatedOn
18:19:19.002 [main] DEBUG o.h.p.w.spi.MetamodelGraphWalker - Visiting attribute path : isFinish
18:19:19.002 [main] DEBUG o.h.p.w.spi.MetamodelGraphWalker - Visiting attribute path : isStart
18:19:19.002 [main] DEBUG o.h.p.w.spi.MetamodelGraphWalker - Visiting attribute path : name
18:19:19.003 [main] DEBUG o.h.p.w.spi.MetamodelGraphWalker - Visiting attribute path : createdOn
18:19:19.003 [main] DEBUG o.h.p.w.spi.MetamodelGraphWalker - Visiting attribute path : updatedOn
18:19:19.003 [main] DEBUG o.h.p.w.spi.MetamodelGraphWalker - Visiting attribute path : isFinish
18:19:19.003 [main] DEBUG o.h.p.w.spi.MetamodelGraphWalker - Visiting attribute path : isStart
18:19:19.003 [main] DEBUG o.h.p.w.spi.MetamodelGraphWalker - Visiting attribute path : name
18:19:19.003 [main] DEBUG o.h.p.w.spi.MetamodelGraphWalker - Visiting attribute path : createdOn
18:19:19.003 [main] DEBUG o.h.p.w.spi.MetamodelGraphWalker - Visiting attribute path : updatedOn
18:19:19.003 [main] DEBUG o.h.p.w.spi.MetamodelGraphWalker - Visiting attribute path : isFinish
18:19:19.004 [main] DEBUG o.h.p.w.spi.MetamodelGraphWalker - Visiting attribute path : isStart
18:19:19.004 [main] DEBUG o.h.p.w.spi.MetamodelGraphWalker - Visiting attribute path : name
18:19:19.005 [main] DEBUG o.h.p.entity.AbstractEntityPersister - Static SQL for entity: cn.cstqb.exam.testmaker.entities.ReviewAssessment
18:19:19.005 [main] DEBUG o.h.p.entity.AbstractEntityPersister -  Version select: select id from review_assessment where id =?
18:19:19.005 [main] DEBUG o.h.p.entity.AbstractEntityPersister -  Snapshot select: select reviewasse_.id, reviewasse_.updated_on as updated_3_16_, reviewasse_.name as name4_16_ from review_assessment reviewasse_ where reviewasse_.id=?
18:19:19.005 [main] DEBUG o.h.p.entity.AbstractEntityPersister -  Insert 0: insert into review_assessment (created_on, updated_on, name, id) values (?, ?, ?, ?)
18:19:19.005 [main] DEBUG o.h.p.entity.AbstractEntityPersister -  Update 0: update review_assessment set updated_on=?, name=? where id=?
18:19:19.005 [main] DEBUG o.h.p.entity.AbstractEntityPersister -  Delete 0: delete from review_assessment where id=?
18:19:19.005 [main] DEBUG o.h.p.entity.AbstractEntityPersister -  Identity insert: insert into review_assessment (created_on, updated_on, name) values (?, ?, ?)
18:19:19.005 [main] DEBUG o.h.p.w.spi.MetamodelGraphWalker - Visiting attribute path : createdOn
18:19:19.005 [main] DEBUG o.h.p.w.spi.MetamodelGraphWalker - Visiting attribute path : updatedOn
18:19:19.006 [main] DEBUG o.h.p.w.spi.MetamodelGraphWalker - Visiting attribute path : name
18:19:19.006 [main] DEBUG o.h.p.w.spi.MetamodelGraphWalker - Visiting attribute path : createdOn
18:19:19.006 [main] DEBUG o.h.p.w.spi.MetamodelGraphWalker - Visiting attribute path : updatedOn
18:19:19.006 [main] DEBUG o.h.p.w.spi.MetamodelGraphWalker - Visiting attribute path : name
18:19:19.007 [main] DEBUG o.h.p.w.spi.MetamodelGraphWalker - Visiting attribute path : createdOn
18:19:19.007 [main] DEBUG o.h.p.w.spi.MetamodelGraphWalker - Visiting attribute path : updatedOn
18:19:19.007 [main] DEBUG o.h.p.w.spi.MetamodelGraphWalker - Visiting attribute path : name
18:19:19.007 [main] DEBUG o.h.p.w.spi.MetamodelGraphWalker - Visiting attribute path : createdOn
18:19:19.008 [main] DEBUG o.h.p.w.spi.MetamodelGraphWalker - Visiting attribute path : updatedOn
18:19:19.008 [main] DEBUG o.h.p.w.spi.MetamodelGraphWalker - Visiting attribute path : name
18:19:19.008 [main] DEBUG o.h.p.w.spi.MetamodelGraphWalker - Visiting attribute path : createdOn
18:19:19.008 [main] DEBUG o.h.p.w.spi.MetamodelGraphWalker - Visiting attribute path : updatedOn
18:19:19.008 [main] DEBUG o.h.p.w.spi.MetamodelGraphWalker - Visiting attribute path : name
18:19:19.009 [main] DEBUG o.h.p.w.spi.MetamodelGraphWalker - Visiting attribute path : createdOn
18:19:19.009 [main] DEBUG o.h.p.w.spi.MetamodelGraphWalker - Visiting attribute path : updatedOn
18:19:19.009 [main] DEBUG o.h.p.w.spi.MetamodelGraphWalker - Visiting attribute path : name
18:19:19.009 [main] DEBUG o.h.p.w.spi.MetamodelGraphWalker - Visiting attribute path : createdOn
18:19:19.010 [main] DEBUG o.h.p.w.spi.MetamodelGraphWalker - Visiting attribute path : updatedOn
18:19:19.010 [main] DEBUG o.h.p.w.spi.MetamodelGraphWalker - Visiting attribute path : name
18:19:19.010 [main] DEBUG o.h.p.w.spi.MetamodelGraphWalker - Visiting attribute path : createdOn
18:19:19.010 [main] DEBUG o.h.p.w.spi.MetamodelGraphWalker - Visiting attribute path : updatedOn
18:19:19.010 [main] DEBUG o.h.p.w.spi.MetamodelGraphWalker - Visiting attribute path : name
18:19:19.010 [main] DEBUG o.h.p.w.spi.MetamodelGraphWalker - Visiting attribute path : createdOn
18:19:19.010 [main] DEBUG o.h.p.w.spi.MetamodelGraphWalker - Visiting attribute path : updatedOn
18:19:19.011 [main] DEBUG o.h.p.w.spi.MetamodelGraphWalker - Visiting attribute path : name
18:19:19.011 [main] DEBUG o.h.p.w.spi.MetamodelGraphWalker - Visiting attribute path : createdOn
18:19:19.011 [main] DEBUG o.h.p.w.spi.MetamodelGraphWalker - Visiting attribute path : updatedOn
18:19:19.011 [main] DEBUG o.h.p.w.spi.MetamodelGraphWalker - Visiting attribute path : name
18:19:19.011 [main] DEBUG o.h.p.w.spi.MetamodelGraphWalker - Visiting attribute path : createdOn
18:19:19.011 [main] DEBUG o.h.p.w.spi.MetamodelGraphWalker - Visiting attribute path : updatedOn
18:19:19.011 [main] DEBUG o.h.p.w.spi.MetamodelGraphWalker - Visiting attribute path : name
18:19:19.012 [main] DEBUG o.h.p.entity.AbstractEntityPersister - Static SQL for entity: cn.cstqb.exam.testmaker.entities.Paper
18:19:19.012 [main] DEBUG o.h.p.entity.AbstractEntityPersister -  Version select: select id from paper where id =?
18:19:19.012 [main] DEBUG o.h.p.entity.AbstractEntityPersister -  Snapshot select: select paper_.id, paper_.updated_on as updated_3_2_, paper_.author_id as author_i7_2_, paper_.description as descript4_2_, paper_.paper_name as paper_na5_2_, paper_.project_id as project_8_2_, paper_.score as score6_2_ from paper paper_ where paper_.id=?
18:19:19.012 [main] DEBUG o.h.p.entity.AbstractEntityPersister -  Insert 0: insert into paper (created_on, updated_on, author_id, description, paper_name, project_id, score, id) values (?, ?, ?, ?, ?, ?, ?, ?)
18:19:19.012 [main] DEBUG o.h.p.entity.AbstractEntityPersister -  Update 0: update paper set updated_on=?, author_id=?, description=?, paper_name=?, project_id=?, score=? where id=?
18:19:19.012 [main] DEBUG o.h.p.entity.AbstractEntityPersister -  Delete 0: delete from paper where id=?
18:19:19.012 [main] DEBUG o.h.p.entity.AbstractEntityPersister -  Identity insert: insert into paper (created_on, updated_on, author_id, description, paper_name, project_id, score) values (?, ?, ?, ?, ?, ?, ?)
18:19:19.013 [main] DEBUG o.h.p.w.spi.MetamodelGraphWalker - Visiting attribute path : createdOn
18:19:19.013 [main] DEBUG o.h.p.w.spi.MetamodelGraphWalker - Visiting attribute path : updatedOn
18:19:19.013 [main] DEBUG o.h.p.w.spi.MetamodelGraphWalker - Visiting attribute path : author
18:19:19.013 [main] DEBUG o.h.p.w.spi.MetamodelGraphWalker - Visiting attribute path : author.createdOn
18:19:19.013 [main] DEBUG o.h.p.w.spi.MetamodelGraphWalker - Visiting attribute path : author.updatedOn
18:19:19.013 [main] DEBUG o.h.p.w.spi.MetamodelGraphWalker - Visiting attribute path : author.email
18:19:19.013 [main] DEBUG o.h.p.w.spi.MetamodelGraphWalker - Visiting attribute path : author.enabled
18:19:19.013 [main] DEBUG o.h.p.w.spi.MetamodelGraphWalker - Visiting attribute path : author.fullName
18:19:19.013 [main] DEBUG o.h.p.w.spi.MetamodelGraphWalker - Visiting attribute path : author.isAdmin
18:19:19.013 [main] DEBUG o.h.p.w.spi.MetamodelGraphWalker - Visiting attribute path : author.lastLogin
18:19:19.013 [main] DEBUG o.h.p.w.spi.MetamodelGraphWalker - Visiting attribute path : author.loginCount
18:19:19.013 [main] DEBUG o.h.p.w.spi.MetamodelGraphWalker - Visiting attribute path : author.password
18:19:19.013 [main] DEBUG o.h.p.w.spi.MetamodelGraphWalker - Visiting attribute path : author.phone
18:19:19.013 [main] DEBUG o.h.p.w.spi.MetamodelGraphWalker - Visiting attribute path : author.projects
18:19:19.013 [main] DEBUG o.h.p.w.spi.MetamodelGraphWalker - Visiting attribute path : author.username
18:19:19.013 [main] DEBUG o.h.p.w.spi.MetamodelGraphWalker - Visiting attribute path : description
18:19:19.014 [main] DEBUG o.h.p.w.spi.MetamodelGraphWalker - Visiting attribute path : paper_name
18:19:19.014 [main] DEBUG o.h.p.w.spi.MetamodelGraphWalker - Visiting attribute path : project
18:19:19.014 [main] DEBUG o.h.p.w.spi.MetamodelGraphWalker - Visiting attribute path : project.createdOn
18:19:19.014 [main] DEBUG o.h.p.w.spi.MetamodelGraphWalker - Visiting attribute path : project.updatedOn
18:19:19.014 [main] DEBUG o.h.p.w.spi.MetamodelGraphWalker - Visiting attribute path : project.customField1
18:19:19.014 [main] DEBUG o.h.p.w.spi.MetamodelGraphWalker - Visiting attribute path : project.customField2
18:19:19.014 [main] DEBUG o.h.p.w.spi.MetamodelGraphWalker - Visiting attribute path : project.customField3
18:19:19.014 [main] DEBUG o.h.p.w.spi.MetamodelGraphWalker - Visiting attribute path : project.exportedBy
18:19:19.014 [main] DEBUG o.h.p.w.spi.MetamodelGraphWalker - Visiting attribute path : project.exportedBy.createdOn
18:19:19.014 [main] DEBUG o.h.p.w.spi.MetamodelGraphWalker - Visiting attribute path : project.exportedBy.updatedOn
18:19:19.015 [main] DEBUG o.h.p.w.spi.MetamodelGraphWalker - Visiting attribute path : project.exportedBy.email
18:19:19.015 [main] DEBUG o.h.p.w.spi.MetamodelGraphWalker - Visiting attribute path : project.exportedBy.enabled
18:19:19.015 [main] DEBUG o.h.p.w.spi.MetamodelGraphWalker - Visiting attribute path : project.exportedBy.fullName
18:19:19.015 [main] DEBUG o.h.p.w.spi.MetamodelGraphWalker - Visiting attribute path : project.exportedBy.isAdmin
18:19:19.015 [main] DEBUG o.h.p.w.spi.MetamodelGraphWalker - Visiting attribute path : project.exportedBy.lastLogin
18:19:19.015 [main] DEBUG o.h.p.w.spi.MetamodelGraphWalker - Visiting attribute path : project.exportedBy.loginCount
18:19:19.015 [main] DEBUG o.h.p.w.spi.MetamodelGraphWalker - Visiting attribute path : project.exportedBy.password
18:19:19.015 [main] DEBUG o.h.p.w.spi.MetamodelGraphWalker - Visiting attribute path : project.exportedBy.phone
18:19:19.015 [main] DEBUG o.h.p.w.spi.MetamodelGraphWalker - Visiting attribute path : project.exportedBy.projects
18:19:19.015 [main] DEBUG o.h.p.w.spi.MetamodelGraphWalker - Visiting attribute path : project.exportedBy.username
18:19:19.015 [main] DEBUG o.h.p.w.spi.MetamodelGraphWalker - Visiting attribute path : project.exportedOn
18:19:19.015 [main] DEBUG o.h.p.w.spi.MetamodelGraphWalker - Visiting attribute path : project.facilitator
18:19:19.016 [main] DEBUG o.h.p.w.spi.MetamodelGraphWalker - Visiting attribute path : project.facilitator.createdOn
18:19:19.016 [main] DEBUG o.h.p.w.spi.MetamodelGraphWalker - Visiting attribute path : project.facilitator.updatedOn
18:19:19.016 [main] DEBUG o.h.p.w.spi.MetamodelGraphWalker - Visiting attribute path : project.facilitator.email
18:19:19.016 [main] DEBUG o.h.p.w.spi.MetamodelGraphWalker - Visiting attribute path : project.facilitator.enabled
18:19:19.016 [main] DEBUG o.h.p.w.spi.MetamodelGraphWalker - Visiting attribute path : project.facilitator.fullName
18:19:19.016 [main] DEBUG o.h.p.w.spi.MetamodelGraphWalker - Visiting attribute path : project.facilitator.isAdmin
18:19:19.016 [main] DEBUG o.h.p.w.spi.MetamodelGraphWalker - Visiting attribute path : project.facilitator.lastLogin
18:19:19.016 [main] DEBUG o.h.p.w.spi.MetamodelGraphWalker - Visiting attribute path : project.facilitator.loginCount
18:19:19.016 [main] DEBUG o.h.p.w.spi.MetamodelGraphWalker - Visiting attribute path : project.facilitator.password
18:19:19.016 [main] DEBUG o.h.p.w.spi.MetamodelGraphWalker - Visiting attribute path : project.facilitator.phone
18:19:19.016 [main] DEBUG o.h.p.w.spi.MetamodelGraphWalker - Visiting attribute path : project.facilitator.projects
18:19:19.016 [main] DEBUG o.h.p.w.spi.MetamodelGraphWalker - Visiting attribute path : project.facilitator.username
18:19:19.017 [main] DEBUG o.h.p.w.spi.MetamodelGraphWalker - Visiting attribute path : project.finishDate
18:19:19.017 [main] DEBUG o.h.p.w.spi.MetamodelGraphWalker - Visiting attribute path : project.name
18:19:19.017 [main] DEBUG o.h.p.w.spi.MetamodelGraphWalker - Visiting attribute path : project.startDate
18:19:19.017 [main] DEBUG o.h.p.w.spi.MetamodelGraphWalker - Visiting attribute path : project.status
18:19:19.017 [main] DEBUG o.h.p.w.spi.MetamodelGraphWalker - Visiting attribute path : project.status.createdOn
18:19:19.017 [main] DEBUG o.h.p.w.spi.MetamodelGraphWalker - Visiting attribute path : project.status.updatedOn
18:19:19.017 [main] DEBUG o.h.p.w.spi.MetamodelGraphWalker - Visiting attribute path : project.status.isFinish
18:19:19.017 [main] DEBUG o.h.p.w.spi.MetamodelGraphWalker - Visiting attribute path : project.status.isStart
18:19:19.017 [main] DEBUG o.h.p.w.spi.MetamodelGraphWalker - Visiting attribute path : project.status.name
18:19:19.017 [main] DEBUG o.h.p.w.spi.MetamodelGraphWalker - Visiting attribute path : project.syllabus
18:19:19.017 [main] DEBUG o.h.p.w.spi.MetamodelGraphWalker - Visiting attribute path : project.syllabus.createdOn
18:19:19.017 [main] DEBUG o.h.p.w.spi.MetamodelGraphWalker - Visiting attribute path : project.syllabus.updatedOn
18:19:19.018 [main] DEBUG o.h.p.w.spi.MetamodelGraphWalker - Visiting attribute path : project.syllabus.chapters
18:19:19.018 [main] DEBUG o.h.p.w.spi.MetamodelGraphWalker - Visiting attribute path : project.syllabus.isDisabled
18:19:19.018 [main] DEBUG o.h.p.w.spi.MetamodelGraphWalker - Visiting attribute path : project.syllabus.level
18:19:19.018 [main] DEBUG o.h.p.w.spi.MetamodelGraphWalker - Visiting attribute path : project.syllabus.version
18:19:19.018 [main] DEBUG o.h.p.w.spi.MetamodelGraphWalker - Visiting attribute path : project.users
18:19:19.018 [main] DEBUG o.h.p.w.spi.MetamodelGraphWalker - Visiting attribute path : score
18:19:19.019 [main] DEBUG o.h.p.w.spi.MetamodelGraphWalker - Visiting attribute path : createdOn
18:19:19.019 [main] DEBUG o.h.p.w.spi.MetamodelGraphWalker - Visiting attribute path : updatedOn
18:19:19.019 [main] DEBUG o.h.p.w.spi.MetamodelGraphWalker - Visiting attribute path : author
18:19:19.020 [main] DEBUG o.h.p.w.spi.MetamodelGraphWalker - Visiting attribute path : author.createdOn
18:19:19.020 [main] DEBUG o.h.p.w.spi.MetamodelGraphWalker - Visiting attribute path : author.updatedOn
18:19:19.020 [main] DEBUG o.h.p.w.spi.MetamodelGraphWalker - Visiting attribute path : author.email
18:19:19.020 [main] DEBUG o.h.p.w.spi.MetamodelGraphWalker - Visiting attribute path : author.enabled
18:19:19.020 [main] DEBUG o.h.p.w.spi.MetamodelGraphWalker - Visiting attribute path : author.fullName
18:19:19.020 [main] DEBUG o.h.p.w.spi.MetamodelGraphWalker - Visiting attribute path : author.isAdmin
18:19:19.020 [main] DEBUG o.h.p.w.spi.MetamodelGraphWalker - Visiting attribute path : author.lastLogin
18:19:19.020 [main] DEBUG o.h.p.w.spi.MetamodelGraphWalker - Visiting attribute path : author.loginCount
18:19:19.020 [main] DEBUG o.h.p.w.spi.MetamodelGraphWalker - Visiting attribute path : author.password
18:19:19.020 [main] DEBUG o.h.p.w.spi.MetamodelGraphWalker - Visiting attribute path : author.phone
18:19:19.020 [main] DEBUG o.h.p.w.spi.MetamodelGraphWalker - Visiting attribute path : author.projects
18:19:19.020 [main] DEBUG o.h.p.w.spi.MetamodelGraphWalker - Visiting attribute path : author.username
18:19:19.021 [main] DEBUG o.h.p.w.spi.MetamodelGraphWalker - Visiting attribute path : description
18:19:19.021 [main] DEBUG o.h.p.w.spi.MetamodelGraphWalker - Visiting attribute path : paper_name
18:19:19.021 [main] DEBUG o.h.p.w.spi.MetamodelGraphWalker - Visiting attribute path : project
18:19:19.021 [main] DEBUG o.h.p.w.spi.MetamodelGraphWalker - Visiting attribute path : project.createdOn
18:19:19.021 [main] DEBUG o.h.p.w.spi.MetamodelGraphWalker - Visiting attribute path : project.updatedOn
18:19:19.021 [main] DEBUG o.h.p.w.spi.MetamodelGraphWalker - Visiting attribute path : project.customField1
18:19:19.021 [main] DEBUG o.h.p.w.spi.MetamodelGraphWalker - Visiting attribute path : project.customField2
18:19:19.021 [main] DEBUG o.h.p.w.spi.MetamodelGraphWalker - Visiting attribute path : project.customField3
18:19:19.021 [main] DEBUG o.h.p.w.spi.MetamodelGraphWalker - Visiting attribute path : project.exportedBy
18:19:19.021 [main] DEBUG o.h.p.w.spi.MetamodelGraphWalker - Visiting attribute path : project.exportedBy.createdOn
18:19:19.021 [main] DEBUG o.h.p.w.spi.MetamodelGraphWalker - Visiting attribute path : project.exportedBy.updatedOn
18:19:19.022 [main] DEBUG o.h.p.w.spi.MetamodelGraphWalker - Visiting attribute path : project.exportedBy.email
18:19:19.022 [main] DEBUG o.h.p.w.spi.MetamodelGraphWalker - Visiting attribute path : project.exportedBy.enabled
18:19:19.022 [main] DEBUG o.h.p.w.spi.MetamodelGraphWalker - Visiting attribute path : project.exportedBy.fullName
18:19:19.022 [main] DEBUG o.h.p.w.spi.MetamodelGraphWalker - Visiting attribute path : project.exportedBy.isAdmin
18:19:19.022 [main] DEBUG o.h.p.w.spi.MetamodelGraphWalker - Visiting attribute path : project.exportedBy.lastLogin
18:19:19.022 [main] DEBUG o.h.p.w.spi.MetamodelGraphWalker - Visiting attribute path : project.exportedBy.loginCount
18:19:19.022 [main] DEBUG o.h.p.w.spi.MetamodelGraphWalker - Visiting attribute path : project.exportedBy.password
18:19:19.022 [main] DEBUG o.h.p.w.spi.MetamodelGraphWalker - Visiting attribute path : project.exportedBy.phone
18:19:19.022 [main] DEBUG o.h.p.w.spi.MetamodelGraphWalker - Visiting attribute path : project.exportedBy.projects
18:19:19.022 [main] DEBUG o.h.p.w.spi.MetamodelGraphWalker - Visiting attribute path : project.exportedBy.username
18:19:19.022 [main] DEBUG o.h.p.w.spi.MetamodelGraphWalker - Visiting attribute path : project.exportedOn
18:19:19.022 [main] DEBUG o.h.p.w.spi.MetamodelGraphWalker - Visiting attribute path : project.facilitator
18:19:19.022 [main] DEBUG o.h.p.w.spi.MetamodelGraphWalker - Visiting attribute path : project.facilitator.createdOn
18:19:19.022 [main] DEBUG o.h.p.w.spi.MetamodelGraphWalker - Visiting attribute path : project.facilitator.updatedOn
18:19:19.022 [main] DEBUG o.h.p.w.spi.MetamodelGraphWalker - Visiting attribute path : project.facilitator.email
18:19:19.022 [main] DEBUG o.h.p.w.spi.MetamodelGraphWalker - Visiting attribute path : project.facilitator.enabled
18:19:19.022 [main] DEBUG o.h.p.w.spi.MetamodelGraphWalker - Visiting attribute path : project.facilitator.fullName
18:19:19.022 [main] DEBUG o.h.p.w.spi.MetamodelGraphWalker - Visiting attribute path : project.facilitator.isAdmin
18:19:19.023 [main] DEBUG o.h.p.w.spi.MetamodelGraphWalker - Visiting attribute path : project.facilitator.lastLogin
18:19:19.023 [main] DEBUG o.h.p.w.spi.MetamodelGraphWalker - Visiting attribute path : project.facilitator.loginCount
18:19:19.023 [main] DEBUG o.h.p.w.spi.MetamodelGraphWalker - Visiting attribute path : project.facilitator.password
18:19:19.023 [main] DEBUG o.h.p.w.spi.MetamodelGraphWalker - Visiting attribute path : project.facilitator.phone
18:19:19.029 [main] DEBUG o.h.p.w.spi.MetamodelGraphWalker - Visiting attribute path : project.facilitator.projects
18:19:19.029 [main] DEBUG o.h.p.w.spi.MetamodelGraphWalker - Visiting attribute path : project.facilitator.username
18:19:19.029 [main] DEBUG o.h.p.w.spi.MetamodelGraphWalker - Visiting attribute path : project.finishDate
18:19:19.029 [main] DEBUG o.h.p.w.spi.MetamodelGraphWalker - Visiting attribute path : project.name
18:19:19.029 [main] DEBUG o.h.p.w.spi.MetamodelGraphWalker - Visiting attribute path : project.startDate
18:19:19.029 [main] DEBUG o.h.p.w.spi.MetamodelGraphWalker - Visiting attribute path : project.status
18:19:19.029 [main] DEBUG o.h.p.w.spi.MetamodelGraphWalker - Visiting attribute path : project.status.createdOn
18:19:19.029 [main] DEBUG o.h.p.w.spi.MetamodelGraphWalker - Visiting attribute path : project.status.updatedOn
18:19:19.029 [main] DEBUG o.h.p.w.spi.MetamodelGraphWalker - Visiting attribute path : project.status.isFinish
18:19:19.030 [main] DEBUG o.h.p.w.spi.MetamodelGraphWalker - Visiting attribute path : project.status.isStart
18:19:19.030 [main] DEBUG o.h.p.w.spi.MetamodelGraphWalker - Visiting attribute path : project.status.name
18:19:19.030 [main] DEBUG o.h.p.w.spi.MetamodelGraphWalker - Visiting attribute path : project.syllabus
18:19:19.030 [main] DEBUG o.h.p.w.spi.MetamodelGraphWalker - Visiting attribute path : project.syllabus.createdOn
18:19:19.030 [main] DEBUG o.h.p.w.spi.MetamodelGraphWalker - Visiting attribute path : project.syllabus.updatedOn
18:19:19.030 [main] DEBUG o.h.p.w.spi.MetamodelGraphWalker - Visiting attribute path : project.syllabus.chapters
18:19:19.030 [main] DEBUG o.h.p.w.spi.MetamodelGraphWalker - Visiting attribute path : project.syllabus.isDisabled
18:19:19.030 [main] DEBUG o.h.p.w.spi.MetamodelGraphWalker - Visiting attribute path : project.syllabus.level
18:19:19.030 [main] DEBUG o.h.p.w.spi.MetamodelGraphWalker - Visiting attribute path : project.syllabus.version
18:19:19.030 [main] DEBUG o.h.p.w.spi.MetamodelGraphWalker - Visiting attribute path : project.users
18:19:19.030 [main] DEBUG o.h.p.w.spi.MetamodelGraphWalker - Visiting attribute path : score
18:19:19.031 [main] DEBUG o.h.p.w.spi.MetamodelGraphWalker - Visiting attribute path : createdOn
18:19:19.031 [main] DEBUG o.h.p.w.spi.MetamodelGraphWalker - Visiting attribute path : updatedOn
18:19:19.031 [main] DEBUG o.h.p.w.spi.MetamodelGraphWalker - Visiting attribute path : author
18:19:19.032 [main] DEBUG o.h.p.w.spi.MetamodelGraphWalker - Visiting attribute path : description
18:19:19.032 [main] DEBUG o.h.p.w.spi.MetamodelGraphWalker - Visiting attribute path : paper_name
18:19:19.032 [main] DEBUG o.h.p.w.spi.MetamodelGraphWalker - Visiting attribute path : project
18:19:19.032 [main] DEBUG o.h.p.w.spi.MetamodelGraphWalker - Visiting attribute path : score
18:19:19.033 [main] DEBUG o.h.p.w.spi.MetamodelGraphWalker - Visiting attribute path : createdOn
18:19:19.033 [main] DEBUG o.h.p.w.spi.MetamodelGraphWalker - Visiting attribute path : updatedOn
18:19:19.033 [main] DEBUG o.h.p.w.spi.MetamodelGraphWalker - Visiting attribute path : author
18:19:19.033 [main] DEBUG o.h.p.w.spi.MetamodelGraphWalker - Visiting attribute path : description
18:19:19.033 [main] DEBUG o.h.p.w.spi.MetamodelGraphWalker - Visiting attribute path : paper_name
18:19:19.033 [main] DEBUG o.h.p.w.spi.MetamodelGraphWalker - Visiting attribute path : project
18:19:19.033 [main] DEBUG o.h.p.w.spi.MetamodelGraphWalker - Visiting attribute path : score
18:19:19.034 [main] DEBUG o.h.p.w.spi.MetamodelGraphWalker - Visiting attribute path : createdOn
18:19:19.034 [main] DEBUG o.h.p.w.spi.MetamodelGraphWalker - Visiting attribute path : updatedOn
18:19:19.034 [main] DEBUG o.h.p.w.spi.MetamodelGraphWalker - Visiting attribute path : author
18:19:19.034 [main] DEBUG o.h.p.w.spi.MetamodelGraphWalker - Visiting attribute path : description
18:19:19.034 [main] DEBUG o.h.p.w.spi.MetamodelGraphWalker - Visiting attribute path : paper_name
18:19:19.034 [main] DEBUG o.h.p.w.spi.MetamodelGraphWalker - Visiting attribute path : project
18:19:19.034 [main] DEBUG o.h.p.w.spi.MetamodelGraphWalker - Visiting attribute path : score
18:19:19.035 [main] DEBUG o.h.p.w.spi.MetamodelGraphWalker - Visiting attribute path : createdOn
18:19:19.035 [main] DEBUG o.h.p.w.spi.MetamodelGraphWalker - Visiting attribute path : updatedOn
18:19:19.035 [main] DEBUG o.h.p.w.spi.MetamodelGraphWalker - Visiting attribute path : author
18:19:19.035 [main] DEBUG o.h.p.w.spi.MetamodelGraphWalker - Visiting attribute path : description
18:19:19.035 [main] DEBUG o.h.p.w.spi.MetamodelGraphWalker - Visiting attribute path : paper_name
18:19:19.035 [main] DEBUG o.h.p.w.spi.MetamodelGraphWalker - Visiting attribute path : project
18:19:19.035 [main] DEBUG o.h.p.w.spi.MetamodelGraphWalker - Visiting attribute path : score
18:19:19.036 [main] DEBUG o.h.p.w.spi.MetamodelGraphWalker - Visiting attribute path : createdOn
18:19:19.036 [main] DEBUG o.h.p.w.spi.MetamodelGraphWalker - Visiting attribute path : updatedOn
18:19:19.036 [main] DEBUG o.h.p.w.spi.MetamodelGraphWalker - Visiting attribute path : author
18:19:19.036 [main] DEBUG o.h.p.w.spi.MetamodelGraphWalker - Visiting attribute path : description
18:19:19.036 [main] DEBUG o.h.p.w.spi.MetamodelGraphWalker - Visiting attribute path : paper_name
18:19:19.036 [main] DEBUG o.h.p.w.spi.MetamodelGraphWalker - Visiting attribute path : project
18:19:19.036 [main] DEBUG o.h.p.w.spi.MetamodelGraphWalker - Visiting attribute path : score
18:19:19.037 [main] DEBUG o.h.p.w.spi.MetamodelGraphWalker - Visiting attribute path : createdOn
18:19:19.037 [main] DEBUG o.h.p.w.spi.MetamodelGraphWalker - Visiting attribute path : updatedOn
18:19:19.037 [main] DEBUG o.h.p.w.spi.MetamodelGraphWalker - Visiting attribute path : author
18:19:19.037 [main] DEBUG o.h.p.w.spi.MetamodelGraphWalker - Visiting attribute path : description
18:19:19.037 [main] DEBUG o.h.p.w.spi.MetamodelGraphWalker - Visiting attribute path : paper_name
18:19:19.037 [main] DEBUG o.h.p.w.spi.MetamodelGraphWalker - Visiting attribute path : project
18:19:19.037 [main] DEBUG o.h.p.w.spi.MetamodelGraphWalker - Visiting attribute path : score
18:19:19.038 [main] DEBUG o.h.p.w.spi.MetamodelGraphWalker - Visiting attribute path : createdOn
18:19:19.038 [main] DEBUG o.h.p.w.spi.MetamodelGraphWalker - Visiting attribute path : updatedOn
18:19:19.038 [main] DEBUG o.h.p.w.spi.MetamodelGraphWalker - Visiting attribute path : author
18:19:19.038 [main] DEBUG o.h.p.w.spi.MetamodelGraphWalker - Visiting attribute path : description
18:19:19.038 [main] DEBUG o.h.p.w.spi.MetamodelGraphWalker - Visiting attribute path : paper_name
18:19:19.038 [main] DEBUG o.h.p.w.spi.MetamodelGraphWalker - Visiting attribute path : project
18:19:19.038 [main] DEBUG o.h.p.w.spi.MetamodelGraphWalker - Visiting attribute path : score
18:19:19.039 [main] DEBUG o.h.p.w.spi.MetamodelGraphWalker - Visiting attribute path : createdOn
18:19:19.039 [main] DEBUG o.h.p.w.spi.MetamodelGraphWalker - Visiting attribute path : updatedOn
18:19:19.039 [main] DEBUG o.h.p.w.spi.MetamodelGraphWalker - Visiting attribute path : author
18:19:19.039 [main] DEBUG o.h.p.w.spi.MetamodelGraphWalker - Visiting attribute path : description
18:19:19.039 [main] DEBUG o.h.p.w.spi.MetamodelGraphWalker - Visiting attribute path : paper_name
18:19:19.039 [main] DEBUG o.h.p.w.spi.MetamodelGraphWalker - Visiting attribute path : project
18:19:19.039 [main] DEBUG o.h.p.w.spi.MetamodelGraphWalker - Visiting attribute path : score
18:19:19.040 [main] DEBUG o.h.p.w.spi.MetamodelGraphWalker - Visiting attribute path : createdOn
18:19:19.040 [main] DEBUG o.h.p.w.spi.MetamodelGraphWalker - Visiting attribute path : updatedOn
18:19:19.040 [main] DEBUG o.h.p.w.spi.MetamodelGraphWalker - Visiting attribute path : author
18:19:19.040 [main] DEBUG o.h.p.w.spi.MetamodelGraphWalker - Visiting attribute path : description
18:19:19.040 [main] DEBUG o.h.p.w.spi.MetamodelGraphWalker - Visiting attribute path : paper_name
18:19:19.040 [main] DEBUG o.h.p.w.spi.MetamodelGraphWalker - Visiting attribute path : project
18:19:19.040 [main] DEBUG o.h.p.w.spi.MetamodelGraphWalker - Visiting attribute path : score
18:19:19.041 [main] DEBUG o.h.p.entity.AbstractEntityPersister - Static SQL for entity: cn.cstqb.exam.testmaker.entities.QuestionType
18:19:19.041 [main] DEBUG o.h.p.entity.AbstractEntityPersister -  Version select: select id from question_type where id =?
18:19:19.041 [main] DEBUG o.h.p.entity.AbstractEntityPersister -  Snapshot select: select questionty_.id, questionty_.updated_on as updated_3_15_, questionty_.name as name4_15_ from question_type questionty_ where questionty_.id=?
18:19:19.041 [main] DEBUG o.h.p.entity.AbstractEntityPersister -  Insert 0: insert into question_type (created_on, updated_on, name, id) values (?, ?, ?, ?)
18:19:19.041 [main] DEBUG o.h.p.entity.AbstractEntityPersister -  Update 0: update question_type set updated_on=?, name=? where id=?
18:19:19.041 [main] DEBUG o.h.p.entity.AbstractEntityPersister -  Delete 0: delete from question_type where id=?
18:19:19.041 [main] DEBUG o.h.p.entity.AbstractEntityPersister -  Identity insert: insert into question_type (created_on, updated_on, name) values (?, ?, ?)
18:19:19.042 [main] DEBUG o.h.p.w.spi.MetamodelGraphWalker - Visiting attribute path : createdOn
18:19:19.042 [main] DEBUG o.h.p.w.spi.MetamodelGraphWalker - Visiting attribute path : updatedOn
18:19:19.042 [main] DEBUG o.h.p.w.spi.MetamodelGraphWalker - Visiting attribute path : name
18:19:19.042 [main] DEBUG o.h.p.w.spi.MetamodelGraphWalker - Visiting attribute path : createdOn
18:19:19.042 [main] DEBUG o.h.p.w.spi.MetamodelGraphWalker - Visiting attribute path : updatedOn
18:19:19.042 [main] DEBUG o.h.p.w.spi.MetamodelGraphWalker - Visiting attribute path : name
18:19:19.043 [main] DEBUG o.h.p.w.spi.MetamodelGraphWalker - Visiting attribute path : createdOn
18:19:19.043 [main] DEBUG o.h.p.w.spi.MetamodelGraphWalker - Visiting attribute path : updatedOn
18:19:19.043 [main] DEBUG o.h.p.w.spi.MetamodelGraphWalker - Visiting attribute path : name
18:19:19.043 [main] DEBUG o.h.p.w.spi.MetamodelGraphWalker - Visiting attribute path : createdOn
18:19:19.043 [main] DEBUG o.h.p.w.spi.MetamodelGraphWalker - Visiting attribute path : updatedOn
18:19:19.043 [main] DEBUG o.h.p.w.spi.MetamodelGraphWalker - Visiting attribute path : name
18:19:19.043 [main] DEBUG o.h.p.w.spi.MetamodelGraphWalker - Visiting attribute path : createdOn
18:19:19.043 [main] DEBUG o.h.p.w.spi.MetamodelGraphWalker - Visiting attribute path : updatedOn
18:19:19.043 [main] DEBUG o.h.p.w.spi.MetamodelGraphWalker - Visiting attribute path : name
18:19:19.044 [main] DEBUG o.h.p.w.spi.MetamodelGraphWalker - Visiting attribute path : createdOn
18:19:19.044 [main] DEBUG o.h.p.w.spi.MetamodelGraphWalker - Visiting attribute path : updatedOn
18:19:19.044 [main] DEBUG o.h.p.w.spi.MetamodelGraphWalker - Visiting attribute path : name
18:19:19.044 [main] DEBUG o.h.p.w.spi.MetamodelGraphWalker - Visiting attribute path : createdOn
18:19:19.044 [main] DEBUG o.h.p.w.spi.MetamodelGraphWalker - Visiting attribute path : updatedOn
18:19:19.044 [main] DEBUG o.h.p.w.spi.MetamodelGraphWalker - Visiting attribute path : name
18:19:19.044 [main] DEBUG o.h.p.w.spi.MetamodelGraphWalker - Visiting attribute path : createdOn
18:19:19.044 [main] DEBUG o.h.p.w.spi.MetamodelGraphWalker - Visiting attribute path : updatedOn
18:19:19.044 [main] DEBUG o.h.p.w.spi.MetamodelGraphWalker - Visiting attribute path : name
18:19:19.045 [main] DEBUG o.h.p.w.spi.MetamodelGraphWalker - Visiting attribute path : createdOn
18:19:19.045 [main] DEBUG o.h.p.w.spi.MetamodelGraphWalker - Visiting attribute path : updatedOn
18:19:19.045 [main] DEBUG o.h.p.w.spi.MetamodelGraphWalker - Visiting attribute path : name
18:19:19.045 [main] DEBUG o.h.p.w.spi.MetamodelGraphWalker - Visiting attribute path : createdOn
18:19:19.045 [main] DEBUG o.h.p.w.spi.MetamodelGraphWalker - Visiting attribute path : updatedOn
18:19:19.045 [main] DEBUG o.h.p.w.spi.MetamodelGraphWalker - Visiting attribute path : name
18:19:19.045 [main] DEBUG o.h.p.w.spi.MetamodelGraphWalker - Visiting attribute path : createdOn
18:19:19.045 [main] DEBUG o.h.p.w.spi.MetamodelGraphWalker - Visiting attribute path : updatedOn
18:19:19.045 [main] DEBUG o.h.p.w.spi.MetamodelGraphWalker - Visiting attribute path : name
18:19:19.046 [main] DEBUG o.h.p.entity.AbstractEntityPersister - Static SQL for entity: cn.cstqb.exam.testmaker.entities.QuestionImage
18:19:19.046 [main] DEBUG o.h.p.entity.AbstractEntityPersister -  Version select: select id from question_image where id =?
18:19:19.046 [main] DEBUG o.h.p.entity.AbstractEntityPersister -  Snapshot select: select questionim_.id, questionim_.updated_on as updated_3_10_, questionim_.path as path4_10_, questionim_.caption as caption5_10_, questionim_.question_id as question6_10_ from question_image questionim_ where questionim_.id=?
18:19:19.046 [main] DEBUG o.h.p.entity.AbstractEntityPersister -  Insert 0: insert into question_image (created_on, updated_on, path, caption, question_id, id) values (?, ?, ?, ?, ?, ?)
18:19:19.046 [main] DEBUG o.h.p.entity.AbstractEntityPersister -  Update 0: update question_image set updated_on=?, path=?, caption=?, question_id=? where id=?
18:19:19.046 [main] DEBUG o.h.p.entity.AbstractEntityPersister -  Delete 0: delete from question_image where id=?
18:19:19.046 [main] DEBUG o.h.p.entity.AbstractEntityPersister -  Identity insert: insert into question_image (created_on, updated_on, path, caption, question_id) values (?, ?, ?, ?, ?)
18:19:19.047 [main] DEBUG o.h.p.w.spi.MetamodelGraphWalker - Visiting attribute path : createdOn
18:19:19.047 [main] DEBUG o.h.p.w.spi.MetamodelGraphWalker - Visiting attribute path : updatedOn
18:19:19.047 [main] DEBUG o.h.p.w.spi.MetamodelGraphWalker - Visiting attribute path : path
18:19:19.047 [main] DEBUG o.h.p.w.spi.MetamodelGraphWalker - Visiting attribute path : caption
18:19:19.047 [main] DEBUG o.h.p.w.spi.MetamodelGraphWalker - Visiting attribute path : question
18:19:19.047 [main] DEBUG o.h.p.w.spi.MetamodelGraphWalker - Visiting attribute path : question.createdOn
18:19:19.047 [main] DEBUG o.h.p.w.spi.MetamodelGraphWalker - Visiting attribute path : question.updatedOn
18:19:19.047 [main] DEBUG o.h.p.w.spi.MetamodelGraphWalker - Visiting attribute path : question.author
18:19:19.047 [main] DEBUG o.h.p.w.spi.MetamodelGraphWalker - Visiting attribute path : question.author.createdOn
18:19:19.047 [main] DEBUG o.h.p.w.spi.MetamodelGraphWalker - Visiting attribute path : question.author.updatedOn
18:19:19.047 [main] DEBUG o.h.p.w.spi.MetamodelGraphWalker - Visiting attribute path : question.author.email
18:19:19.047 [main] DEBUG o.h.p.w.spi.MetamodelGraphWalker - Visiting attribute path : question.author.enabled
18:19:19.047 [main] DEBUG o.h.p.w.spi.MetamodelGraphWalker - Visiting attribute path : question.author.fullName
18:19:19.047 [main] DEBUG o.h.p.w.spi.MetamodelGraphWalker - Visiting attribute path : question.author.isAdmin
18:19:19.047 [main] DEBUG o.h.p.w.spi.MetamodelGraphWalker - Visiting attribute path : question.author.lastLogin
18:19:19.047 [main] DEBUG o.h.p.w.spi.MetamodelGraphWalker - Visiting attribute path : question.author.loginCount
18:19:19.047 [main] DEBUG o.h.p.w.spi.MetamodelGraphWalker - Visiting attribute path : question.author.password
18:19:19.047 [main] DEBUG o.h.p.w.spi.MetamodelGraphWalker - Visiting attribute path : question.author.phone
18:19:19.047 [main] DEBUG o.h.p.w.spi.MetamodelGraphWalker - Visiting attribute path : question.author.projects
18:19:19.048 [main] DEBUG o.h.p.w.spi.MetamodelGraphWalker - Visiting attribute path : question.author.username
18:19:19.048 [main] DEBUG o.h.p.w.spi.MetamodelGraphWalker - Visiting attribute path : question.authoringFinishDate
18:19:19.048 [main] DEBUG o.h.p.w.spi.MetamodelGraphWalker - Visiting attribute path : question.authoringStartDate
18:19:19.048 [main] DEBUG o.h.p.w.spi.MetamodelGraphWalker - Visiting attribute path : question.customField2
18:19:19.048 [main] DEBUG o.h.p.w.spi.MetamodelGraphWalker - Visiting attribute path : question.customField3
18:19:19.048 [main] DEBUG o.h.p.w.spi.MetamodelGraphWalker - Visiting attribute path : question.customFiled1
18:19:19.048 [main] DEBUG o.h.p.w.spi.MetamodelGraphWalker - Visiting attribute path : question.description
18:19:19.048 [main] DEBUG o.h.p.w.spi.MetamodelGraphWalker - Visiting attribute path : question.difficulty
18:19:19.048 [main] DEBUG o.h.p.w.spi.MetamodelGraphWalker - Visiting attribute path : question.images
18:19:19.048 [main] DEBUG o.h.p.w.spi.MetamodelGraphWalker - Property path deemed to be circular : question.images
18:19:19.048 [main] DEBUG o.h.p.w.spi.MetamodelGraphWalker - Visiting attribute path : question.knowledgePoint
18:19:19.048 [main] DEBUG o.h.p.w.spi.MetamodelGraphWalker - Visiting attribute path : question.knowledgePoint.createdOn
18:19:19.048 [main] DEBUG o.h.p.w.spi.MetamodelGraphWalker - Visiting attribute path : question.knowledgePoint.updatedOn
18:19:19.048 [main] DEBUG o.h.p.w.spi.MetamodelGraphWalker - Visiting attribute path : question.knowledgePoint.chapter
18:19:19.048 [main] DEBUG o.h.p.w.spi.MetamodelGraphWalker - Visiting attribute path : question.knowledgePoint.kLevel
18:19:19.048 [main] DEBUG o.h.p.w.spi.MetamodelGraphWalker - Visiting attribute path : question.knowledgePoint.number
18:19:19.048 [main] DEBUG o.h.p.w.spi.MetamodelGraphWalker - Visiting attribute path : question.knowledgePoint.score
18:19:19.049 [main] DEBUG o.h.p.w.spi.MetamodelGraphWalker - Visiting attribute path : question.knowledgePoint.title
18:19:19.049 [main] DEBUG o.h.p.w.spi.MetamodelGraphWalker - Visiting attribute path : question.language
18:19:19.049 [main] DEBUG o.h.p.w.spi.MetamodelGraphWalker - Visiting attribute path : question.language.createdOn
18:19:19.049 [main] DEBUG o.h.p.w.spi.MetamodelGraphWalker - Visiting attribute path : question.language.updatedOn
18:19:19.049 [main] DEBUG o.h.p.w.spi.MetamodelGraphWalker - Visiting attribute path : question.language.name
18:19:19.049 [main] DEBUG o.h.p.w.spi.MetamodelGraphWalker - Visiting attribute path : question.memo
18:19:19.049 [main] DEBUG o.h.p.w.spi.MetamodelGraphWalker - Visiting attribute path : question.multipleChoice
18:19:19.049 [main] DEBUG o.h.p.w.spi.MetamodelGraphWalker - Visiting attribute path : question.project
18:19:19.049 [main] DEBUG o.h.p.w.spi.MetamodelGraphWalker - Visiting attribute path : question.project.createdOn
18:19:19.049 [main] DEBUG o.h.p.w.spi.MetamodelGraphWalker - Visiting attribute path : question.project.updatedOn
18:19:19.049 [main] DEBUG o.h.p.w.spi.MetamodelGraphWalker - Visiting attribute path : question.project.customField1
18:19:19.049 [main] DEBUG o.h.p.w.spi.MetamodelGraphWalker - Visiting attribute path : question.project.customField2
18:19:19.049 [main] DEBUG o.h.p.w.spi.MetamodelGraphWalker - Visiting attribute path : question.project.customField3
18:19:19.049 [main] DEBUG o.h.p.w.spi.MetamodelGraphWalker - Visiting attribute path : question.project.exportedBy
18:19:19.049 [main] DEBUG o.h.p.w.spi.MetamodelGraphWalker - Visiting attribute path : question.project.exportedOn
18:19:19.049 [main] DEBUG o.h.p.w.spi.MetamodelGraphWalker - Visiting attribute path : question.project.facilitator
18:19:19.050 [main] DEBUG o.h.p.w.spi.MetamodelGraphWalker - Visiting attribute path : question.project.finishDate
18:19:19.050 [main] DEBUG o.h.p.w.spi.MetamodelGraphWalker - Visiting attribute path : question.project.name
18:19:19.050 [main] DEBUG o.h.p.w.spi.MetamodelGraphWalker - Visiting attribute path : question.project.startDate
18:19:19.050 [main] DEBUG o.h.p.w.spi.MetamodelGraphWalker - Visiting attribute path : question.project.status
18:19:19.050 [main] DEBUG o.h.p.w.spi.MetamodelGraphWalker - Visiting attribute path : question.project.syllabus
18:19:19.050 [main] DEBUG o.h.p.w.spi.MetamodelGraphWalker - Visiting attribute path : question.project.users
18:19:19.050 [main] DEBUG o.h.p.w.spi.MetamodelGraphWalker - Visiting attribute path : question.published
18:19:19.050 [main] DEBUG o.h.p.w.spi.MetamodelGraphWalker - Visiting attribute path : question.qualityAdmin
18:19:19.050 [main] DEBUG o.h.p.w.spi.MetamodelGraphWalker - Visiting attribute path : question.qualityAdmin.createdOn
18:19:19.050 [main] DEBUG o.h.p.w.spi.MetamodelGraphWalker - Visiting attribute path : question.qualityAdmin.updatedOn
18:19:19.050 [main] DEBUG o.h.p.w.spi.MetamodelGraphWalker - Visiting attribute path : question.qualityAdmin.email
18:19:19.050 [main] DEBUG o.h.p.w.spi.MetamodelGraphWalker - Visiting attribute path : question.qualityAdmin.enabled
18:19:19.050 [main] DEBUG o.h.p.w.spi.MetamodelGraphWalker - Visiting attribute path : question.qualityAdmin.fullName
18:19:19.050 [main] DEBUG o.h.p.w.spi.MetamodelGraphWalker - Visiting attribute path : question.qualityAdmin.isAdmin
18:19:19.050 [main] DEBUG o.h.p.w.spi.MetamodelGraphWalker - Visiting attribute path : question.qualityAdmin.lastLogin
18:19:19.050 [main] DEBUG o.h.p.w.spi.MetamodelGraphWalker - Visiting attribute path : question.qualityAdmin.loginCount
18:19:19.050 [main] DEBUG o.h.p.w.spi.MetamodelGraphWalker - Visiting attribute path : question.qualityAdmin.password
18:19:19.050 [main] DEBUG o.h.p.w.spi.MetamodelGraphWalker - Visiting attribute path : question.qualityAdmin.phone
18:19:19.050 [main] DEBUG o.h.p.w.spi.MetamodelGraphWalker - Visiting attribute path : question.qualityAdmin.projects
18:19:19.051 [main] DEBUG o.h.p.w.spi.MetamodelGraphWalker - Visiting attribute path : question.qualityAdmin.username
18:19:19.051 [main] DEBUG o.h.p.w.spi.MetamodelGraphWalker - Visiting attribute path : question.remark
18:19:19.051 [main] DEBUG o.h.p.w.spi.MetamodelGraphWalker - Visiting attribute path : question.reviewers
18:19:19.051 [main] DEBUG o.h.p.w.spi.MetamodelGraphWalker - Visiting attribute path : question.reviewingFinishDate
18:19:19.051 [main] DEBUG o.h.p.w.spi.MetamodelGraphWalker - Visiting attribute path : question.reviewingStartDate
18:19:19.051 [main] DEBUG o.h.p.w.spi.MetamodelGraphWalker - Visiting attribute path : question.scenario
18:19:19.051 [main] DEBUG o.h.p.w.spi.MetamodelGraphWalker - Visiting attribute path : question.score
18:19:19.051 [main] DEBUG o.h.p.w.spi.MetamodelGraphWalker - Visiting attribute path : question.status
18:19:19.051 [main] DEBUG o.h.p.w.spi.MetamodelGraphWalker - Visiting attribute path : question.status.createdOn
18:19:19.051 [main] DEBUG o.h.p.w.spi.MetamodelGraphWalker - Visiting attribute path : question.status.updatedOn
18:19:19.051 [main] DEBUG o.h.p.w.spi.MetamodelGraphWalker - Visiting attribute path : question.status.isFinish
18:19:19.051 [main] DEBUG o.h.p.w.spi.MetamodelGraphWalker - Visiting attribute path : question.status.isStart
18:19:19.051 [main] DEBUG o.h.p.w.spi.MetamodelGraphWalker - Visiting attribute path : question.status.name
18:19:19.051 [main] DEBUG o.h.p.w.spi.MetamodelGraphWalker - Visiting attribute path : question.status.accessibleByAuthor
18:19:19.052 [main] DEBUG o.h.p.w.spi.MetamodelGraphWalker - Visiting attribute path : question.status.accessibleByFacilitator
18:19:19.052 [main] DEBUG o.h.p.w.spi.MetamodelGraphWalker - Visiting attribute path : question.status.accessibleByQualityAdmin
18:19:19.052 [main] DEBUG o.h.p.w.spi.MetamodelGraphWalker - Visiting attribute path : question.status.accessibleByReviewer
18:19:19.052 [main] DEBUG o.h.p.w.spi.MetamodelGraphWalker - Visiting attribute path : question.stem
18:19:19.052 [main] DEBUG o.h.p.w.spi.MetamodelGraphWalker - Visiting attribute path : question.type
18:19:19.052 [main] DEBUG o.h.p.w.spi.MetamodelGraphWalker - Visiting attribute path : question.type.createdOn
18:19:19.052 [main] DEBUG o.h.p.w.spi.MetamodelGraphWalker - Visiting attribute path : question.type.updatedOn
18:19:19.052 [main] DEBUG o.h.p.w.spi.MetamodelGraphWalker - Visiting attribute path : question.type.name
18:19:19.054 [main] DEBUG o.h.p.w.spi.MetamodelGraphWalker - Visiting attribute path : createdOn
18:19:19.054 [main] DEBUG o.h.p.w.spi.MetamodelGraphWalker - Visiting attribute path : updatedOn
18:19:19.054 [main] DEBUG o.h.p.w.spi.MetamodelGraphWalker - Visiting attribute path : path
18:19:19.054 [main] DEBUG o.h.p.w.spi.MetamodelGraphWalker - Visiting attribute path : caption
18:19:19.054 [main] DEBUG o.h.p.w.spi.MetamodelGraphWalker - Visiting attribute path : question
18:19:19.054 [main] DEBUG o.h.p.w.spi.MetamodelGraphWalker - Visiting attribute path : question.createdOn
18:19:19.054 [main] DEBUG o.h.p.w.spi.MetamodelGraphWalker - Visiting attribute path : question.updatedOn
18:19:19.054 [main] DEBUG o.h.p.w.spi.MetamodelGraphWalker - Visiting attribute path : question.author
18:19:19.055 [main] DEBUG o.h.p.w.spi.MetamodelGraphWalker - Visiting attribute path : question.author.createdOn
18:19:19.055 [main] DEBUG o.h.p.w.spi.MetamodelGraphWalker - Visiting attribute path : question.author.updatedOn
18:19:19.055 [main] DEBUG o.h.p.w.spi.MetamodelGraphWalker - Visiting attribute path : question.author.email
18:19:19.055 [main] DEBUG o.h.p.w.spi.MetamodelGraphWalker - Visiting attribute path : question.author.enabled
18:19:19.055 [main] DEBUG o.h.p.w.spi.MetamodelGraphWalker - Visiting attribute path : question.author.fullName
18:19:19.055 [main] DEBUG o.h.p.w.spi.MetamodelGraphWalker - Visiting attribute path : question.author.isAdmin
18:19:19.055 [main] DEBUG o.h.p.w.spi.MetamodelGraphWalker - Visiting attribute path : question.author.lastLogin
18:19:19.055 [main] DEBUG o.h.p.w.spi.MetamodelGraphWalker - Visiting attribute path : question.author.loginCount
18:19:19.055 [main] DEBUG o.h.p.w.spi.MetamodelGraphWalker - Visiting attribute path : question.author.password
18:19:19.055 [main] DEBUG o.h.p.w.spi.MetamodelGraphWalker - Visiting attribute path : question.author.phone
18:19:19.055 [main] DEBUG o.h.p.w.spi.MetamodelGraphWalker - Visiting attribute path : question.author.projects
18:19:19.055 [main] DEBUG o.h.p.w.spi.MetamodelGraphWalker - Visiting attribute path : question.author.username
18:19:19.055 [main] DEBUG o.h.p.w.spi.MetamodelGraphWalker - Visiting attribute path : question.authoringFinishDate
18:19:19.055 [main] DEBUG o.h.p.w.spi.MetamodelGraphWalker - Visiting attribute path : question.authoringStartDate
18:19:19.055 [main] DEBUG o.h.p.w.spi.MetamodelGraphWalker - Visiting attribute path : question.customField2
18:19:19.055 [main] DEBUG o.h.p.w.spi.MetamodelGraphWalker - Visiting attribute path : question.customField3
18:19:19.055 [main] DEBUG o.h.p.w.spi.MetamodelGraphWalker - Visiting attribute path : question.customFiled1
18:19:19.055 [main] DEBUG o.h.p.w.spi.MetamodelGraphWalker - Visiting attribute path : question.description
18:19:19.056 [main] DEBUG o.h.p.w.spi.MetamodelGraphWalker - Visiting attribute path : question.difficulty
18:19:19.056 [main] DEBUG o.h.p.w.spi.MetamodelGraphWalker - Visiting attribute path : question.images
18:19:19.056 [main] DEBUG o.h.p.w.spi.MetamodelGraphWalker - Property path deemed to be circular : question.images
18:19:19.056 [main] DEBUG o.h.p.w.spi.MetamodelGraphWalker - Visiting attribute path : question.knowledgePoint
18:19:19.056 [main] DEBUG o.h.p.w.spi.MetamodelGraphWalker - Visiting attribute path : question.knowledgePoint.createdOn
18:19:19.056 [main] DEBUG o.h.p.w.spi.MetamodelGraphWalker - Visiting attribute path : question.knowledgePoint.updatedOn
18:19:19.056 [main] DEBUG o.h.p.w.spi.MetamodelGraphWalker - Visiting attribute path : question.knowledgePoint.chapter
18:19:19.056 [main] DEBUG o.h.p.w.spi.MetamodelGraphWalker - Visiting attribute path : question.knowledgePoint.kLevel
18:19:19.056 [main] DEBUG o.h.p.w.spi.MetamodelGraphWalker - Visiting attribute path : question.knowledgePoint.number
18:19:19.056 [main] DEBUG o.h.p.w.spi.MetamodelGraphWalker - Visiting attribute path : question.knowledgePoint.score
18:19:19.056 [main] DEBUG o.h.p.w.spi.MetamodelGraphWalker - Visiting attribute path : question.knowledgePoint.title
18:19:19.056 [main] DEBUG o.h.p.w.spi.MetamodelGraphWalker - Visiting attribute path : question.language
18:19:19.056 [main] DEBUG o.h.p.w.spi.MetamodelGraphWalker - Visiting attribute path : question.language.createdOn
18:19:19.056 [main] DEBUG o.h.p.w.spi.MetamodelGraphWalker - Visiting attribute path : question.language.updatedOn
18:19:19.057 [main] DEBUG o.h.p.w.spi.MetamodelGraphWalker - Visiting attribute path : question.language.name
18:19:19.057 [main] DEBUG o.h.p.w.spi.MetamodelGraphWalker - Visiting attribute path : question.memo
18:19:19.057 [main] DEBUG o.h.p.w.spi.MetamodelGraphWalker - Visiting attribute path : question.multipleChoice
18:19:19.057 [main] DEBUG o.h.p.w.spi.MetamodelGraphWalker - Visiting attribute path : question.project
18:19:19.057 [main] DEBUG o.h.p.w.spi.MetamodelGraphWalker - Visiting attribute path : question.project.createdOn
18:19:19.057 [main] DEBUG o.h.p.w.spi.MetamodelGraphWalker - Visiting attribute path : question.project.updatedOn
18:19:19.057 [main] DEBUG o.h.p.w.spi.MetamodelGraphWalker - Visiting attribute path : question.project.customField1
18:19:19.057 [main] DEBUG o.h.p.w.spi.MetamodelGraphWalker - Visiting attribute path : question.project.customField2
18:19:19.057 [main] DEBUG o.h.p.w.spi.MetamodelGraphWalker - Visiting attribute path : question.project.customField3
18:19:19.057 [main] DEBUG o.h.p.w.spi.MetamodelGraphWalker - Visiting attribute path : question.project.exportedBy
18:19:19.057 [main] DEBUG o.h.p.w.spi.MetamodelGraphWalker - Visiting attribute path : question.project.exportedOn
18:19:19.057 [main] DEBUG o.h.p.w.spi.MetamodelGraphWalker - Visiting attribute path : question.project.facilitator
18:19:19.057 [main] DEBUG o.h.p.w.spi.MetamodelGraphWalker - Visiting attribute path : question.project.finishDate
18:19:19.057 [main] DEBUG o.h.p.w.spi.MetamodelGraphWalker - Visiting attribute path : question.project.name
18:19:19.057 [main] DEBUG o.h.p.w.spi.MetamodelGraphWalker - Visiting attribute path : question.project.startDate
18:19:19.057 [main] DEBUG o.h.p.w.spi.MetamodelGraphWalker - Visiting attribute path : question.project.status
18:19:19.058 [main] DEBUG o.h.p.w.spi.MetamodelGraphWalker - Visiting attribute path : question.project.syllabus
18:19:19.058 [main] DEBUG o.h.p.w.spi.MetamodelGraphWalker - Visiting attribute path : question.project.users
18:19:19.058 [main] DEBUG o.h.p.w.spi.MetamodelGraphWalker - Visiting attribute path : question.published
18:19:19.058 [main] DEBUG o.h.p.w.spi.MetamodelGraphWalker - Visiting attribute path : question.qualityAdmin
18:19:19.058 [main] DEBUG o.h.p.w.spi.MetamodelGraphWalker - Visiting attribute path : question.qualityAdmin.createdOn
18:19:19.058 [main] DEBUG o.h.p.w.spi.MetamodelGraphWalker - Visiting attribute path : question.qualityAdmin.updatedOn
18:19:19.058 [main] DEBUG o.h.p.w.spi.MetamodelGraphWalker - Visiting attribute path : question.qualityAdmin.email
18:19:19.058 [main] DEBUG o.h.p.w.spi.MetamodelGraphWalker - Visiting attribute path : question.qualityAdmin.enabled
18:19:19.058 [main] DEBUG o.h.p.w.spi.MetamodelGraphWalker - Visiting attribute path : question.qualityAdmin.fullName
18:19:19.058 [main] DEBUG o.h.p.w.spi.MetamodelGraphWalker - Visiting attribute path : question.qualityAdmin.isAdmin
18:19:19.058 [main] DEBUG o.h.p.w.spi.MetamodelGraphWalker - Visiting attribute path : question.qualityAdmin.lastLogin
18:19:19.058 [main] DEBUG o.h.p.w.spi.MetamodelGraphWalker - Visiting attribute path : question.qualityAdmin.loginCount
18:19:19.058 [main] DEBUG o.h.p.w.spi.MetamodelGraphWalker - Visiting attribute path : question.qualityAdmin.password
18:19:19.058 [main] DEBUG o.h.p.w.spi.MetamodelGraphWalker - Visiting attribute path : question.qualityAdmin.phone
18:19:19.058 [main] DEBUG o.h.p.w.spi.MetamodelGraphWalker - Visiting attribute path : question.qualityAdmin.projects
18:19:19.059 [main] DEBUG o.h.p.w.spi.MetamodelGraphWalker - Visiting attribute path : question.qualityAdmin.username
18:19:19.059 [main] DEBUG o.h.p.w.spi.MetamodelGraphWalker - Visiting attribute path : question.remark
18:19:19.059 [main] DEBUG o.h.p.w.spi.MetamodelGraphWalker - Visiting attribute path : question.reviewers
18:19:19.059 [main] DEBUG o.h.p.w.spi.MetamodelGraphWalker - Visiting attribute path : question.reviewingFinishDate
18:19:19.059 [main] DEBUG o.h.p.w.spi.MetamodelGraphWalker - Visiting attribute path : question.reviewingStartDate
18:19:19.059 [main] DEBUG o.h.p.w.spi.MetamodelGraphWalker - Visiting attribute path : question.scenario
18:19:19.059 [main] DEBUG o.h.p.w.spi.MetamodelGraphWalker - Visiting attribute path : question.score
18:19:19.059 [main] DEBUG o.h.p.w.spi.MetamodelGraphWalker - Visiting attribute path : question.status
18:19:19.059 [main] DEBUG o.h.p.w.spi.MetamodelGraphWalker - Visiting attribute path : question.status.createdOn
18:19:19.059 [main] DEBUG o.h.p.w.spi.MetamodelGraphWalker - Visiting attribute path : question.status.updatedOn
18:19:19.059 [main] DEBUG o.h.p.w.spi.MetamodelGraphWalker - Visiting attribute path : question.status.isFinish
18:19:19.059 [main] DEBUG o.h.p.w.spi.MetamodelGraphWalker - Visiting attribute path : question.status.isStart
18:19:19.059 [main] DEBUG o.h.p.w.spi.MetamodelGraphWalker - Visiting attribute path : question.status.name
18:19:19.059 [main] DEBUG o.h.p.w.spi.MetamodelGraphWalker - Visiting attribute path : question.status.accessibleByAuthor
18:19:19.059 [main] DEBUG o.h.p.w.spi.MetamodelGraphWalker - Visiting attribute path : question.status.accessibleByFacilitator
18:19:19.059 [main] DEBUG o.h.p.w.spi.MetamodelGraphWalker - Visiting attribute path : question.status.accessibleByQualityAdmin
18:19:19.060 [main] DEBUG o.h.p.w.spi.MetamodelGraphWalker - Visiting attribute path : question.status.accessibleByReviewer
18:19:19.060 [main] DEBUG o.h.p.w.spi.MetamodelGraphWalker - Visiting attribute path : question.stem
18:19:19.060 [main] DEBUG o.h.p.w.spi.MetamodelGraphWalker - Visiting attribute path : question.type
18:19:19.060 [main] DEBUG o.h.p.w.spi.MetamodelGraphWalker - Visiting attribute path : question.type.createdOn
18:19:19.060 [main] DEBUG o.h.p.w.spi.MetamodelGraphWalker - Visiting attribute path : question.type.updatedOn
18:19:19.060 [main] DEBUG o.h.p.w.spi.MetamodelGraphWalker - Visiting attribute path : question.type.name
18:19:19.062 [main] DEBUG o.h.p.w.spi.MetamodelGraphWalker - Visiting attribute path : createdOn
18:19:19.062 [main] DEBUG o.h.p.w.spi.MetamodelGraphWalker - Visiting attribute path : updatedOn
18:19:19.062 [main] DEBUG o.h.p.w.spi.MetamodelGraphWalker - Visiting attribute path : path
18:19:19.062 [main] DEBUG o.h.p.w.spi.MetamodelGraphWalker - Visiting attribute path : caption
18:19:19.062 [main] DEBUG o.h.p.w.spi.MetamodelGraphWalker - Visiting attribute path : question
18:19:19.062 [main] DEBUG o.h.p.w.spi.MetamodelGraphWalker - Visiting attribute path : createdOn
18:19:19.063 [main] DEBUG o.h.p.w.spi.MetamodelGraphWalker - Visiting attribute path : updatedOn
18:19:19.063 [main] DEBUG o.h.p.w.spi.MetamodelGraphWalker - Visiting attribute path : path
18:19:19.063 [main] DEBUG o.h.p.w.spi.MetamodelGraphWalker - Visiting attribute path : caption
18:19:19.063 [main] DEBUG o.h.p.w.spi.MetamodelGraphWalker - Visiting attribute path : question
18:19:19.063 [main] DEBUG o.h.p.w.spi.MetamodelGraphWalker - Visiting attribute path : createdOn
18:19:19.063 [main] DEBUG o.h.p.w.spi.MetamodelGraphWalker - Visiting attribute path : updatedOn
18:19:19.063 [main] DEBUG o.h.p.w.spi.MetamodelGraphWalker - Visiting attribute path : path
18:19:19.063 [main] DEBUG o.h.p.w.spi.MetamodelGraphWalker - Visiting attribute path : caption
18:19:19.063 [main] DEBUG o.h.p.w.spi.MetamodelGraphWalker - Visiting attribute path : question
18:19:19.064 [main] DEBUG o.h.p.w.spi.MetamodelGraphWalker - Visiting attribute path : createdOn
18:19:19.064 [main] DEBUG o.h.p.w.spi.MetamodelGraphWalker - Visiting attribute path : updatedOn
18:19:19.064 [main] DEBUG o.h.p.w.spi.MetamodelGraphWalker - Visiting attribute path : path
18:19:19.064 [main] DEBUG o.h.p.w.spi.MetamodelGraphWalker - Visiting attribute path : caption
18:19:19.064 [main] DEBUG o.h.p.w.spi.MetamodelGraphWalker - Visiting attribute path : question
18:19:19.064 [main] DEBUG o.h.p.w.spi.MetamodelGraphWalker - Visiting attribute path : createdOn
18:19:19.065 [main] DEBUG o.h.p.w.spi.MetamodelGraphWalker - Visiting attribute path : updatedOn
18:19:19.065 [main] DEBUG o.h.p.w.spi.MetamodelGraphWalker - Visiting attribute path : path
18:19:19.065 [main] DEBUG o.h.p.w.spi.MetamodelGraphWalker - Visiting attribute path : caption
18:19:19.065 [main] DEBUG o.h.p.w.spi.MetamodelGraphWalker - Visiting attribute path : question
18:19:19.065 [main] DEBUG o.h.p.w.spi.MetamodelGraphWalker - Visiting attribute path : createdOn
18:19:19.065 [main] DEBUG o.h.p.w.spi.MetamodelGraphWalker - Visiting attribute path : updatedOn
18:19:19.065 [main] DEBUG o.h.p.w.spi.MetamodelGraphWalker - Visiting attribute path : path
18:19:19.065 [main] DEBUG o.h.p.w.spi.MetamodelGraphWalker - Visiting attribute path : caption
18:19:19.065 [main] DEBUG o.h.p.w.spi.MetamodelGraphWalker - Visiting attribute path : question
18:19:19.066 [main] DEBUG o.h.p.w.spi.MetamodelGraphWalker - Visiting attribute path : createdOn
18:19:19.066 [main] DEBUG o.h.p.w.spi.MetamodelGraphWalker - Visiting attribute path : updatedOn
18:19:19.066 [main] DEBUG o.h.p.w.spi.MetamodelGraphWalker - Visiting attribute path : path
18:19:19.066 [main] DEBUG o.h.p.w.spi.MetamodelGraphWalker - Visiting attribute path : caption
18:19:19.066 [main] DEBUG o.h.p.w.spi.MetamodelGraphWalker - Visiting attribute path : question
18:19:19.066 [main] DEBUG o.h.p.w.spi.MetamodelGraphWalker - Visiting attribute path : createdOn
18:19:19.066 [main] DEBUG o.h.p.w.spi.MetamodelGraphWalker - Visiting attribute path : updatedOn
18:19:19.066 [main] DEBUG o.h.p.w.spi.MetamodelGraphWalker - Visiting attribute path : path
18:19:19.066 [main] DEBUG o.h.p.w.spi.MetamodelGraphWalker - Visiting attribute path : caption
18:19:19.066 [main] DEBUG o.h.p.w.spi.MetamodelGraphWalker - Visiting attribute path : question
18:19:19.067 [main] DEBUG o.h.p.w.spi.MetamodelGraphWalker - Visiting attribute path : createdOn
18:19:19.067 [main] DEBUG o.h.p.w.spi.MetamodelGraphWalker - Visiting attribute path : updatedOn
18:19:19.067 [main] DEBUG o.h.p.w.spi.MetamodelGraphWalker - Visiting attribute path : path
18:19:19.067 [main] DEBUG o.h.p.w.spi.MetamodelGraphWalker - Visiting attribute path : caption
18:19:19.067 [main] DEBUG o.h.p.w.spi.MetamodelGraphWalker - Visiting attribute path : question
18:19:19.067 [main] DEBUG o.h.p.entity.AbstractEntityPersister - Static SQL for entity: cn.cstqb.exam.testmaker.entities.User
18:19:19.068 [main] DEBUG o.h.p.entity.AbstractEntityPersister -  Version select: select id from user where id =?
18:19:19.068 [main] DEBUG o.h.p.entity.AbstractEntityPersister -  Snapshot select: select user_.id, user_.updated_on as updated_3_20_, user_.email as email4_20_, user_.enabled as enabled5_20_, user_.full_name as full_nam6_20_, user_.is_admin as is_admin7_20_, user_.last_login as last_log8_20_, user_.login_count as login_co9_20_, user_.password as passwor10_20_, user_.phone as phone11_20_ from user user_ where user_.id=?
18:19:19.068 [main] DEBUG o.h.p.entity.AbstractEntityPersister -  Insert 0: insert into user (created_on, updated_on, email, enabled, full_name, is_admin, last_login, login_count, password, phone, username, id) values (?, ?, ?, ?, ?, ?, ?, ?, ?, ?, ?, ?)
18:19:19.068 [main] DEBUG o.h.p.entity.AbstractEntityPersister -  Update 0: update user set updated_on=?, email=?, enabled=?, full_name=?, is_admin=?, last_login=?, login_count=?, password=?, phone=? where id=?
18:19:19.068 [main] DEBUG o.h.p.entity.AbstractEntityPersister -  Delete 0: delete from user where id=?
18:19:19.068 [main] DEBUG o.h.p.entity.AbstractEntityPersister -  Identity insert: insert into user (created_on, updated_on, email, enabled, full_name, is_admin, last_login, login_count, password, phone, username) values (?, ?, ?, ?, ?, ?, ?, ?, ?, ?, ?)
18:19:19.068 [main] DEBUG o.h.p.w.spi.MetamodelGraphWalker - Visiting attribute path : createdOn
18:19:19.068 [main] DEBUG o.h.p.w.spi.MetamodelGraphWalker - Visiting attribute path : updatedOn
18:19:19.068 [main] DEBUG o.h.p.w.spi.MetamodelGraphWalker - Visiting attribute path : email
18:19:19.068 [main] DEBUG o.h.p.w.spi.MetamodelGraphWalker - Visiting attribute path : enabled
18:19:19.068 [main] DEBUG o.h.p.w.spi.MetamodelGraphWalker - Visiting attribute path : fullName
18:19:19.068 [main] DEBUG o.h.p.w.spi.MetamodelGraphWalker - Visiting attribute path : isAdmin
18:19:19.068 [main] DEBUG o.h.p.w.spi.MetamodelGraphWalker - Visiting attribute path : lastLogin
18:19:19.068 [main] DEBUG o.h.p.w.spi.MetamodelGraphWalker - Visiting attribute path : loginCount
18:19:19.068 [main] DEBUG o.h.p.w.spi.MetamodelGraphWalker - Visiting attribute path : password
18:19:19.068 [main] DEBUG o.h.p.w.spi.MetamodelGraphWalker - Visiting attribute path : phone
18:19:19.068 [main] DEBUG o.h.p.w.spi.MetamodelGraphWalker - Visiting attribute path : projects
18:19:19.068 [main] DEBUG o.h.p.w.spi.MetamodelGraphWalker - Visiting attribute path : username
18:19:19.069 [main] DEBUG o.h.p.w.spi.MetamodelGraphWalker - Visiting attribute path : createdOn
18:19:19.069 [main] DEBUG o.h.p.w.spi.MetamodelGraphWalker - Visiting attribute path : updatedOn
18:19:19.069 [main] DEBUG o.h.p.w.spi.MetamodelGraphWalker - Visiting attribute path : email
18:19:19.069 [main] DEBUG o.h.p.w.spi.MetamodelGraphWalker - Visiting attribute path : enabled
18:19:19.069 [main] DEBUG o.h.p.w.spi.MetamodelGraphWalker - Visiting attribute path : fullName
18:19:19.069 [main] DEBUG o.h.p.w.spi.MetamodelGraphWalker - Visiting attribute path : isAdmin
18:19:19.069 [main] DEBUG o.h.p.w.spi.MetamodelGraphWalker - Visiting attribute path : lastLogin
18:19:19.069 [main] DEBUG o.h.p.w.spi.MetamodelGraphWalker - Visiting attribute path : loginCount
18:19:19.069 [main] DEBUG o.h.p.w.spi.MetamodelGraphWalker - Visiting attribute path : password
18:19:19.069 [main] DEBUG o.h.p.w.spi.MetamodelGraphWalker - Visiting attribute path : phone
18:19:19.069 [main] DEBUG o.h.p.w.spi.MetamodelGraphWalker - Visiting attribute path : projects
18:19:19.069 [main] DEBUG o.h.p.w.spi.MetamodelGraphWalker - Visiting attribute path : username
18:19:19.070 [main] DEBUG o.h.p.w.spi.MetamodelGraphWalker - Visiting attribute path : createdOn
18:19:19.070 [main] DEBUG o.h.p.w.spi.MetamodelGraphWalker - Visiting attribute path : updatedOn
18:19:19.070 [main] DEBUG o.h.p.w.spi.MetamodelGraphWalker - Visiting attribute path : email
18:19:19.070 [main] DEBUG o.h.p.w.spi.MetamodelGraphWalker - Visiting attribute path : enabled
18:19:19.070 [main] DEBUG o.h.p.w.spi.MetamodelGraphWalker - Visiting attribute path : fullName
18:19:19.070 [main] DEBUG o.h.p.w.spi.MetamodelGraphWalker - Visiting attribute path : isAdmin
18:19:19.070 [main] DEBUG o.h.p.w.spi.MetamodelGraphWalker - Visiting attribute path : lastLogin
18:19:19.070 [main] DEBUG o.h.p.w.spi.MetamodelGraphWalker - Visiting attribute path : loginCount
18:19:19.070 [main] DEBUG o.h.p.w.spi.MetamodelGraphWalker - Visiting attribute path : password
18:19:19.070 [main] DEBUG o.h.p.w.spi.MetamodelGraphWalker - Visiting attribute path : phone
18:19:19.070 [main] DEBUG o.h.p.w.spi.MetamodelGraphWalker - Visiting attribute path : projects
18:19:19.070 [main] DEBUG o.h.p.w.spi.MetamodelGraphWalker - Visiting attribute path : username
18:19:19.071 [main] DEBUG o.h.p.w.spi.MetamodelGraphWalker - Visiting attribute path : createdOn
18:19:19.071 [main] DEBUG o.h.p.w.spi.MetamodelGraphWalker - Visiting attribute path : updatedOn
18:19:19.071 [main] DEBUG o.h.p.w.spi.MetamodelGraphWalker - Visiting attribute path : email
18:19:19.071 [main] DEBUG o.h.p.w.spi.MetamodelGraphWalker - Visiting attribute path : enabled
18:19:19.071 [main] DEBUG o.h.p.w.spi.MetamodelGraphWalker - Visiting attribute path : fullName
18:19:19.071 [main] DEBUG o.h.p.w.spi.MetamodelGraphWalker - Visiting attribute path : isAdmin
18:19:19.071 [main] DEBUG o.h.p.w.spi.MetamodelGraphWalker - Visiting attribute path : lastLogin
18:19:19.071 [main] DEBUG o.h.p.w.spi.MetamodelGraphWalker - Visiting attribute path : loginCount
18:19:19.071 [main] DEBUG o.h.p.w.spi.MetamodelGraphWalker - Visiting attribute path : password
18:19:19.071 [main] DEBUG o.h.p.w.spi.MetamodelGraphWalker - Visiting attribute path : phone
18:19:19.071 [main] DEBUG o.h.p.w.spi.MetamodelGraphWalker - Visiting attribute path : projects
18:19:19.071 [main] DEBUG o.h.p.w.spi.MetamodelGraphWalker - Visiting attribute path : username
18:19:19.072 [main] DEBUG o.h.p.w.spi.MetamodelGraphWalker - Visiting attribute path : createdOn
18:19:19.072 [main] DEBUG o.h.p.w.spi.MetamodelGraphWalker - Visiting attribute path : updatedOn
18:19:19.072 [main] DEBUG o.h.p.w.spi.MetamodelGraphWalker - Visiting attribute path : email
18:19:19.072 [main] DEBUG o.h.p.w.spi.MetamodelGraphWalker - Visiting attribute path : enabled
18:19:19.072 [main] DEBUG o.h.p.w.spi.MetamodelGraphWalker - Visiting attribute path : fullName
18:19:19.072 [main] DEBUG o.h.p.w.spi.MetamodelGraphWalker - Visiting attribute path : isAdmin
18:19:19.072 [main] DEBUG o.h.p.w.spi.MetamodelGraphWalker - Visiting attribute path : lastLogin
18:19:19.072 [main] DEBUG o.h.p.w.spi.MetamodelGraphWalker - Visiting attribute path : loginCount
18:19:19.072 [main] DEBUG o.h.p.w.spi.MetamodelGraphWalker - Visiting attribute path : password
18:19:19.072 [main] DEBUG o.h.p.w.spi.MetamodelGraphWalker - Visiting attribute path : phone
18:19:19.072 [main] DEBUG o.h.p.w.spi.MetamodelGraphWalker - Visiting attribute path : projects
18:19:19.072 [main] DEBUG o.h.p.w.spi.MetamodelGraphWalker - Visiting attribute path : username
18:19:19.073 [main] DEBUG o.h.p.w.spi.MetamodelGraphWalker - Visiting attribute path : createdOn
18:19:19.073 [main] DEBUG o.h.p.w.spi.MetamodelGraphWalker - Visiting attribute path : updatedOn
18:19:19.073 [main] DEBUG o.h.p.w.spi.MetamodelGraphWalker - Visiting attribute path : email
18:19:19.073 [main] DEBUG o.h.p.w.spi.MetamodelGraphWalker - Visiting attribute path : enabled
18:19:19.073 [main] DEBUG o.h.p.w.spi.MetamodelGraphWalker - Visiting attribute path : fullName
18:19:19.073 [main] DEBUG o.h.p.w.spi.MetamodelGraphWalker - Visiting attribute path : isAdmin
18:19:19.073 [main] DEBUG o.h.p.w.spi.MetamodelGraphWalker - Visiting attribute path : lastLogin
18:19:19.073 [main] DEBUG o.h.p.w.spi.MetamodelGraphWalker - Visiting attribute path : loginCount
18:19:19.073 [main] DEBUG o.h.p.w.spi.MetamodelGraphWalker - Visiting attribute path : password
18:19:19.073 [main] DEBUG o.h.p.w.spi.MetamodelGraphWalker - Visiting attribute path : phone
18:19:19.073 [main] DEBUG o.h.p.w.spi.MetamodelGraphWalker - Visiting attribute path : projects
18:19:19.073 [main] DEBUG o.h.p.w.spi.MetamodelGraphWalker - Visiting attribute path : username
18:19:19.074 [main] DEBUG o.h.p.w.spi.MetamodelGraphWalker - Visiting attribute path : createdOn
18:19:19.074 [main] DEBUG o.h.p.w.spi.MetamodelGraphWalker - Visiting attribute path : updatedOn
18:19:19.074 [main] DEBUG o.h.p.w.spi.MetamodelGraphWalker - Visiting attribute path : email
18:19:19.074 [main] DEBUG o.h.p.w.spi.MetamodelGraphWalker - Visiting attribute path : enabled
18:19:19.074 [main] DEBUG o.h.p.w.spi.MetamodelGraphWalker - Visiting attribute path : fullName
18:19:19.074 [main] DEBUG o.h.p.w.spi.MetamodelGraphWalker - Visiting attribute path : isAdmin
18:19:19.074 [main] DEBUG o.h.p.w.spi.MetamodelGraphWalker - Visiting attribute path : lastLogin
18:19:19.074 [main] DEBUG o.h.p.w.spi.MetamodelGraphWalker - Visiting attribute path : loginCount
18:19:19.074 [main] DEBUG o.h.p.w.spi.MetamodelGraphWalker - Visiting attribute path : password
18:19:19.075 [main] DEBUG o.h.p.w.spi.MetamodelGraphWalker - Visiting attribute path : phone
18:19:19.075 [main] DEBUG o.h.p.w.spi.MetamodelGraphWalker - Visiting attribute path : projects
18:19:19.075 [main] DEBUG o.h.p.w.spi.MetamodelGraphWalker - Visiting attribute path : username
18:19:19.075 [main] DEBUG o.h.p.w.spi.MetamodelGraphWalker - Visiting attribute path : createdOn
18:19:19.075 [main] DEBUG o.h.p.w.spi.MetamodelGraphWalker - Visiting attribute path : updatedOn
18:19:19.075 [main] DEBUG o.h.p.w.spi.MetamodelGraphWalker - Visiting attribute path : email
18:19:19.075 [main] DEBUG o.h.p.w.spi.MetamodelGraphWalker - Visiting attribute path : enabled
18:19:19.075 [main] DEBUG o.h.p.w.spi.MetamodelGraphWalker - Visiting attribute path : fullName
18:19:19.075 [main] DEBUG o.h.p.w.spi.MetamodelGraphWalker - Visiting attribute path : isAdmin
18:19:19.075 [main] DEBUG o.h.p.w.spi.MetamodelGraphWalker - Visiting attribute path : lastLogin
18:19:19.075 [main] DEBUG o.h.p.w.spi.MetamodelGraphWalker - Visiting attribute path : loginCount
18:19:19.075 [main] DEBUG o.h.p.w.spi.MetamodelGraphWalker - Visiting attribute path : password
18:19:19.075 [main] DEBUG o.h.p.w.spi.MetamodelGraphWalker - Visiting attribute path : phone
18:19:19.076 [main] DEBUG o.h.p.w.spi.MetamodelGraphWalker - Visiting attribute path : projects
18:19:19.076 [main] DEBUG o.h.p.w.spi.MetamodelGraphWalker - Visiting attribute path : username
18:19:19.076 [main] DEBUG o.h.p.w.spi.MetamodelGraphWalker - Visiting attribute path : createdOn
18:19:19.076 [main] DEBUG o.h.p.w.spi.MetamodelGraphWalker - Visiting attribute path : updatedOn
18:19:19.076 [main] DEBUG o.h.p.w.spi.MetamodelGraphWalker - Visiting attribute path : email
18:19:19.076 [main] DEBUG o.h.p.w.spi.MetamodelGraphWalker - Visiting attribute path : enabled
18:19:19.076 [main] DEBUG o.h.p.w.spi.MetamodelGraphWalker - Visiting attribute path : fullName
18:19:19.076 [main] DEBUG o.h.p.w.spi.MetamodelGraphWalker - Visiting attribute path : isAdmin
18:19:19.076 [main] DEBUG o.h.p.w.spi.MetamodelGraphWalker - Visiting attribute path : lastLogin
18:19:19.077 [main] DEBUG o.h.p.w.spi.MetamodelGraphWalker - Visiting attribute path : loginCount
18:19:19.077 [main] DEBUG o.h.p.w.spi.MetamodelGraphWalker - Visiting attribute path : password
18:19:19.077 [main] DEBUG o.h.p.w.spi.MetamodelGraphWalker - Visiting attribute path : phone
18:19:19.077 [main] DEBUG o.h.p.w.spi.MetamodelGraphWalker - Visiting attribute path : projects
18:19:19.077 [main] DEBUG o.h.p.w.spi.MetamodelGraphWalker - Visiting attribute path : username
18:19:19.077 [main] DEBUG o.h.p.w.spi.MetamodelGraphWalker - Visiting attribute path : createdOn
18:19:19.077 [main] DEBUG o.h.p.w.spi.MetamodelGraphWalker - Visiting attribute path : updatedOn
18:19:19.077 [main] DEBUG o.h.p.w.spi.MetamodelGraphWalker - Visiting attribute path : email
18:19:19.077 [main] DEBUG o.h.p.w.spi.MetamodelGraphWalker - Visiting attribute path : enabled
18:19:19.078 [main] DEBUG o.h.p.w.spi.MetamodelGraphWalker - Visiting attribute path : fullName
18:19:19.078 [main] DEBUG o.h.p.w.spi.MetamodelGraphWalker - Visiting attribute path : isAdmin
18:19:19.078 [main] DEBUG o.h.p.w.spi.MetamodelGraphWalker - Visiting attribute path : lastLogin
18:19:19.078 [main] DEBUG o.h.p.w.spi.MetamodelGraphWalker - Visiting attribute path : loginCount
18:19:19.078 [main] DEBUG o.h.p.w.spi.MetamodelGraphWalker - Visiting attribute path : password
18:19:19.078 [main] DEBUG o.h.p.w.spi.MetamodelGraphWalker - Visiting attribute path : phone
18:19:19.078 [main] DEBUG o.h.p.w.spi.MetamodelGraphWalker - Visiting attribute path : projects
18:19:19.078 [main] DEBUG o.h.p.w.spi.MetamodelGraphWalker - Visiting attribute path : username
18:19:19.078 [main] DEBUG o.h.p.w.spi.MetamodelGraphWalker - Visiting attribute path : createdOn
18:19:19.078 [main] DEBUG o.h.p.w.spi.MetamodelGraphWalker - Visiting attribute path : updatedOn
18:19:19.078 [main] DEBUG o.h.p.w.spi.MetamodelGraphWalker - Visiting attribute path : email
18:19:19.079 [main] DEBUG o.h.p.w.spi.MetamodelGraphWalker - Visiting attribute path : enabled
18:19:19.079 [main] DEBUG o.h.p.w.spi.MetamodelGraphWalker - Visiting attribute path : fullName
18:19:19.079 [main] DEBUG o.h.p.w.spi.MetamodelGraphWalker - Visiting attribute path : isAdmin
18:19:19.079 [main] DEBUG o.h.p.w.spi.MetamodelGraphWalker - Visiting attribute path : lastLogin
18:19:19.079 [main] DEBUG o.h.p.w.spi.MetamodelGraphWalker - Visiting attribute path : loginCount
18:19:19.079 [main] DEBUG o.h.p.w.spi.MetamodelGraphWalker - Visiting attribute path : password
18:19:19.079 [main] DEBUG o.h.p.w.spi.MetamodelGraphWalker - Visiting attribute path : phone
18:19:19.079 [main] DEBUG o.h.p.w.spi.MetamodelGraphWalker - Visiting attribute path : projects
18:19:19.079 [main] DEBUG o.h.p.w.spi.MetamodelGraphWalker - Visiting attribute path : username
18:19:19.080 [main] DEBUG o.h.p.entity.AbstractEntityPersister - Static SQL for entity: cn.cstqb.exam.testmaker.entities.Chapter
18:19:19.080 [main] DEBUG o.h.p.entity.AbstractEntityPersister -  Version select: select id from chapter where id =?
18:19:19.080 [main] DEBUG o.h.p.entity.AbstractEntityPersister -  Snapshot select: select chapter_.id, chapter_.updated_on as updated_3_0_, chapter_.number as number4_0_, chapter_.syllabus_id as syllabus6_0_, chapter_.title as title5_0_ from chapter chapter_ where chapter_.id=?
18:19:19.080 [main] DEBUG o.h.p.entity.AbstractEntityPersister -  Insert 0: insert into chapter (created_on, updated_on, number, syllabus_id, title, id) values (?, ?, ?, ?, ?, ?)
18:19:19.080 [main] DEBUG o.h.p.entity.AbstractEntityPersister -  Update 0: update chapter set updated_on=?, number=?, syllabus_id=?, title=? where id=?
18:19:19.080 [main] DEBUG o.h.p.entity.AbstractEntityPersister -  Delete 0: delete from chapter where id=?
18:19:19.080 [main] DEBUG o.h.p.entity.AbstractEntityPersister -  Identity insert: insert into chapter (created_on, updated_on, number, syllabus_id, title) values (?, ?, ?, ?, ?)
18:19:19.080 [main] DEBUG o.h.p.w.spi.MetamodelGraphWalker - Visiting attribute path : createdOn
18:19:19.081 [main] DEBUG o.h.p.w.spi.MetamodelGraphWalker - Visiting attribute path : updatedOn
18:19:19.081 [main] DEBUG o.h.p.w.spi.MetamodelGraphWalker - Visiting attribute path : number
18:19:19.081 [main] DEBUG o.h.p.w.spi.MetamodelGraphWalker - Visiting attribute path : points
18:19:19.081 [main] DEBUG o.h.p.w.spi.MetamodelGraphWalker - Visiting attribute path : syllabus
18:19:19.081 [main] DEBUG o.h.p.w.spi.MetamodelGraphWalker - Visiting attribute path : syllabus.createdOn
18:19:19.081 [main] DEBUG o.h.p.w.spi.MetamodelGraphWalker - Visiting attribute path : syllabus.updatedOn
18:19:19.081 [main] DEBUG o.h.p.w.spi.MetamodelGraphWalker - Visiting attribute path : syllabus.chapters
18:19:19.081 [main] DEBUG o.h.p.w.spi.MetamodelGraphWalker - Property path deemed to be circular : syllabus.chapters
18:19:19.081 [main] DEBUG o.h.p.w.spi.MetamodelGraphWalker - Visiting attribute path : syllabus.isDisabled
18:19:19.081 [main] DEBUG o.h.p.w.spi.MetamodelGraphWalker - Visiting attribute path : syllabus.level
18:19:19.081 [main] DEBUG o.h.p.w.spi.MetamodelGraphWalker - Visiting attribute path : syllabus.version
18:19:19.081 [main] DEBUG o.h.p.w.spi.MetamodelGraphWalker - Visiting attribute path : title
18:19:19.082 [main] DEBUG o.h.p.w.spi.MetamodelGraphWalker - Visiting attribute path : createdOn
18:19:19.082 [main] DEBUG o.h.p.w.spi.MetamodelGraphWalker - Visiting attribute path : updatedOn
18:19:19.082 [main] DEBUG o.h.p.w.spi.MetamodelGraphWalker - Visiting attribute path : number
18:19:19.082 [main] DEBUG o.h.p.w.spi.MetamodelGraphWalker - Visiting attribute path : points
18:19:19.082 [main] DEBUG o.h.p.w.spi.MetamodelGraphWalker - Visiting attribute path : syllabus
18:19:19.082 [main] DEBUG o.h.p.w.spi.MetamodelGraphWalker - Visiting attribute path : syllabus.createdOn
18:19:19.082 [main] DEBUG o.h.p.w.spi.MetamodelGraphWalker - Visiting attribute path : syllabus.updatedOn
18:19:19.082 [main] DEBUG o.h.p.w.spi.MetamodelGraphWalker - Visiting attribute path : syllabus.chapters
18:19:19.082 [main] DEBUG o.h.p.w.spi.MetamodelGraphWalker - Property path deemed to be circular : syllabus.chapters
18:19:19.082 [main] DEBUG o.h.p.w.spi.MetamodelGraphWalker - Visiting attribute path : syllabus.isDisabled
18:19:19.083 [main] DEBUG o.h.p.w.spi.MetamodelGraphWalker - Visiting attribute path : syllabus.level
18:19:19.083 [main] DEBUG o.h.p.w.spi.MetamodelGraphWalker - Visiting attribute path : syllabus.version
18:19:19.083 [main] DEBUG o.h.p.w.spi.MetamodelGraphWalker - Visiting attribute path : title
18:19:19.083 [main] DEBUG o.h.p.w.spi.MetamodelGraphWalker - Visiting attribute path : createdOn
18:19:19.083 [main] DEBUG o.h.p.w.spi.MetamodelGraphWalker - Visiting attribute path : updatedOn
18:19:19.084 [main] DEBUG o.h.p.w.spi.MetamodelGraphWalker - Visiting attribute path : number
18:19:19.084 [main] DEBUG o.h.p.w.spi.MetamodelGraphWalker - Visiting attribute path : points
18:19:19.084 [main] DEBUG o.h.p.w.spi.MetamodelGraphWalker - Visiting attribute path : syllabus
18:19:19.084 [main] DEBUG o.h.p.w.spi.MetamodelGraphWalker - Visiting attribute path : title
18:19:19.084 [main] DEBUG o.h.p.w.spi.MetamodelGraphWalker - Visiting attribute path : createdOn
18:19:19.084 [main] DEBUG o.h.p.w.spi.MetamodelGraphWalker - Visiting attribute path : updatedOn
18:19:19.084 [main] DEBUG o.h.p.w.spi.MetamodelGraphWalker - Visiting attribute path : number
18:19:19.084 [main] DEBUG o.h.p.w.spi.MetamodelGraphWalker - Visiting attribute path : points
18:19:19.084 [main] DEBUG o.h.p.w.spi.MetamodelGraphWalker - Visiting attribute path : syllabus
18:19:19.084 [main] DEBUG o.h.p.w.spi.MetamodelGraphWalker - Visiting attribute path : title
18:19:19.084 [main] DEBUG o.h.p.w.spi.MetamodelGraphWalker - Visiting attribute path : createdOn
18:19:19.084 [main] DEBUG o.h.p.w.spi.MetamodelGraphWalker - Visiting attribute path : updatedOn
18:19:19.084 [main] DEBUG o.h.p.w.spi.MetamodelGraphWalker - Visiting attribute path : number
18:19:19.084 [main] DEBUG o.h.p.w.spi.MetamodelGraphWalker - Visiting attribute path : points
18:19:19.084 [main] DEBUG o.h.p.w.spi.MetamodelGraphWalker - Visiting attribute path : syllabus
18:19:19.085 [main] DEBUG o.h.p.w.spi.MetamodelGraphWalker - Visiting attribute path : title
18:19:19.085 [main] DEBUG o.h.p.w.spi.MetamodelGraphWalker - Visiting attribute path : createdOn
18:19:19.085 [main] DEBUG o.h.p.w.spi.MetamodelGraphWalker - Visiting attribute path : updatedOn
18:19:19.085 [main] DEBUG o.h.p.w.spi.MetamodelGraphWalker - Visiting attribute path : number
18:19:19.085 [main] DEBUG o.h.p.w.spi.MetamodelGraphWalker - Visiting attribute path : points
18:19:19.085 [main] DEBUG o.h.p.w.spi.MetamodelGraphWalker - Visiting attribute path : syllabus
18:19:19.085 [main] DEBUG o.h.p.w.spi.MetamodelGraphWalker - Visiting attribute path : title
18:19:19.086 [main] DEBUG o.h.p.w.spi.MetamodelGraphWalker - Visiting attribute path : createdOn
18:19:19.086 [main] DEBUG o.h.p.w.spi.MetamodelGraphWalker - Visiting attribute path : updatedOn
18:19:19.086 [main] DEBUG o.h.p.w.spi.MetamodelGraphWalker - Visiting attribute path : number
18:19:19.086 [main] DEBUG o.h.p.w.spi.MetamodelGraphWalker - Visiting attribute path : points
18:19:19.086 [main] DEBUG o.h.p.w.spi.MetamodelGraphWalker - Visiting attribute path : syllabus
18:19:19.086 [main] DEBUG o.h.p.w.spi.MetamodelGraphWalker - Visiting attribute path : title
18:19:19.086 [main] DEBUG o.h.p.w.spi.MetamodelGraphWalker - Visiting attribute path : createdOn
18:19:19.087 [main] DEBUG o.h.p.w.spi.MetamodelGraphWalker - Visiting attribute path : updatedOn
18:19:19.087 [main] DEBUG o.h.p.w.spi.MetamodelGraphWalker - Visiting attribute path : number
18:19:19.087 [main] DEBUG o.h.p.w.spi.MetamodelGraphWalker - Visiting attribute path : points
18:19:19.087 [main] DEBUG o.h.p.w.spi.MetamodelGraphWalker - Visiting attribute path : syllabus
18:19:19.087 [main] DEBUG o.h.p.w.spi.MetamodelGraphWalker - Visiting attribute path : title
18:19:19.087 [main] DEBUG o.h.p.w.spi.MetamodelGraphWalker - Visiting attribute path : createdOn
18:19:19.087 [main] DEBUG o.h.p.w.spi.MetamodelGraphWalker - Visiting attribute path : updatedOn
18:19:19.087 [main] DEBUG o.h.p.w.spi.MetamodelGraphWalker - Visiting attribute path : number
18:19:19.087 [main] DEBUG o.h.p.w.spi.MetamodelGraphWalker - Visiting attribute path : points
18:19:19.088 [main] DEBUG o.h.p.w.spi.MetamodelGraphWalker - Visiting attribute path : syllabus
18:19:19.088 [main] DEBUG o.h.p.w.spi.MetamodelGraphWalker - Visiting attribute path : title
18:19:19.088 [main] DEBUG o.h.p.w.spi.MetamodelGraphWalker - Visiting attribute path : createdOn
18:19:19.088 [main] DEBUG o.h.p.w.spi.MetamodelGraphWalker - Visiting attribute path : updatedOn
18:19:19.088 [main] DEBUG o.h.p.w.spi.MetamodelGraphWalker - Visiting attribute path : number
18:19:19.088 [main] DEBUG o.h.p.w.spi.MetamodelGraphWalker - Visiting attribute path : points
18:19:19.088 [main] DEBUG o.h.p.w.spi.MetamodelGraphWalker - Visiting attribute path : syllabus
18:19:19.088 [main] DEBUG o.h.p.w.spi.MetamodelGraphWalker - Visiting attribute path : title
18:19:19.089 [main] DEBUG o.h.p.w.spi.MetamodelGraphWalker - Visiting attribute path : createdOn
18:19:19.089 [main] DEBUG o.h.p.w.spi.MetamodelGraphWalker - Visiting attribute path : updatedOn
18:19:19.089 [main] DEBUG o.h.p.w.spi.MetamodelGraphWalker - Visiting attribute path : number
18:19:19.089 [main] DEBUG o.h.p.w.spi.MetamodelGraphWalker - Visiting attribute path : points
18:19:19.089 [main] DEBUG o.h.p.w.spi.MetamodelGraphWalker - Visiting attribute path : syllabus
18:19:19.089 [main] DEBUG o.h.p.w.spi.MetamodelGraphWalker - Visiting attribute path : title
18:19:19.091 [main] DEBUG o.h.p.entity.AbstractEntityPersister - Static SQL for entity: cn.cstqb.exam.testmaker.entities.QuestionChoiceImage
18:19:19.092 [main] DEBUG o.h.p.entity.AbstractEntityPersister -  Version select: select id from question_choice_image where id =?
18:19:19.092 [main] DEBUG o.h.p.entity.AbstractEntityPersister -  Snapshot select: select questionch_.id, questionch_.updated_on as updated_3_9_, questionch_.path as path4_9_, questionch_.caption as caption5_9_, questionch_.question_choice_id as question6_9_ from question_choice_image questionch_ where questionch_.id=?
18:19:19.092 [main] DEBUG o.h.p.entity.AbstractEntityPersister -  Insert 0: insert into question_choice_image (created_on, updated_on, path, caption, question_choice_id, id) values (?, ?, ?, ?, ?, ?)
18:19:19.092 [main] DEBUG o.h.p.entity.AbstractEntityPersister -  Update 0: update question_choice_image set updated_on=?, path=?, caption=?, question_choice_id=? where id=?
18:19:19.092 [main] DEBUG o.h.p.entity.AbstractEntityPersister -  Delete 0: delete from question_choice_image where id=?
18:19:19.092 [main] DEBUG o.h.p.entity.AbstractEntityPersister -  Identity insert: insert into question_choice_image (created_on, updated_on, path, caption, question_choice_id) values (?, ?, ?, ?, ?)
18:19:19.092 [main] DEBUG o.h.p.w.spi.MetamodelGraphWalker - Visiting attribute path : createdOn
18:19:19.092 [main] DEBUG o.h.p.w.spi.MetamodelGraphWalker - Visiting attribute path : updatedOn
18:19:19.092 [main] DEBUG o.h.p.w.spi.MetamodelGraphWalker - Visiting attribute path : path
18:19:19.092 [main] DEBUG o.h.p.w.spi.MetamodelGraphWalker - Visiting attribute path : caption
18:19:19.092 [main] DEBUG o.h.p.w.spi.MetamodelGraphWalker - Visiting attribute path : choice
18:19:19.093 [main] DEBUG o.h.p.w.spi.MetamodelGraphWalker - Visiting attribute path : choice.createdOn
18:19:19.093 [main] DEBUG o.h.p.w.spi.MetamodelGraphWalker - Visiting attribute path : choice.updatedOn
18:19:19.093 [main] DEBUG o.h.p.w.spi.MetamodelGraphWalker - Visiting attribute path : choice.choiceLabel
18:19:19.093 [main] DEBUG o.h.p.w.spi.MetamodelGraphWalker - Visiting attribute path : choice.content
18:19:19.093 [main] DEBUG o.h.p.w.spi.MetamodelGraphWalker - Visiting attribute path : choice.images
18:19:19.093 [main] DEBUG o.h.p.w.spi.MetamodelGraphWalker - Property path deemed to be circular : choice.images
18:19:19.093 [main] DEBUG o.h.p.w.spi.MetamodelGraphWalker - Visiting attribute path : choice.isCorrectAnswer
18:19:19.093 [main] DEBUG o.h.p.w.spi.MetamodelGraphWalker - Visiting attribute path : choice.question
18:19:19.093 [main] DEBUG o.h.p.w.spi.MetamodelGraphWalker - Visiting attribute path : choice.question.createdOn
18:19:19.093 [main] DEBUG o.h.p.w.spi.MetamodelGraphWalker - Visiting attribute path : choice.question.updatedOn
18:19:19.093 [main] DEBUG o.h.p.w.spi.MetamodelGraphWalker - Visiting attribute path : choice.question.author
18:19:19.094 [main] DEBUG o.h.p.w.spi.MetamodelGraphWalker - Visiting attribute path : choice.question.authoringFinishDate
18:19:19.094 [main] DEBUG o.h.p.w.spi.MetamodelGraphWalker - Visiting attribute path : choice.question.authoringStartDate
18:19:19.094 [main] DEBUG o.h.p.w.spi.MetamodelGraphWalker - Visiting attribute path : choice.question.customField2
18:19:19.094 [main] DEBUG o.h.p.w.spi.MetamodelGraphWalker - Visiting attribute path : choice.question.customField3
18:19:19.094 [main] DEBUG o.h.p.w.spi.MetamodelGraphWalker - Visiting attribute path : choice.question.customFiled1
18:19:19.094 [main] DEBUG o.h.p.w.spi.MetamodelGraphWalker - Visiting attribute path : choice.question.description
18:19:19.094 [main] DEBUG o.h.p.w.spi.MetamodelGraphWalker - Visiting attribute path : choice.question.difficulty
18:19:19.094 [main] DEBUG o.h.p.w.spi.MetamodelGraphWalker - Visiting attribute path : choice.question.images
18:19:19.094 [main] DEBUG o.h.p.w.spi.MetamodelGraphWalker - Visiting attribute path : choice.question.knowledgePoint
18:19:19.094 [main] DEBUG o.h.p.w.spi.MetamodelGraphWalker - Visiting attribute path : choice.question.language
18:19:19.094 [main] DEBUG o.h.p.w.spi.MetamodelGraphWalker - Visiting attribute path : choice.question.memo
18:19:19.094 [main] DEBUG o.h.p.w.spi.MetamodelGraphWalker - Visiting attribute path : choice.question.multipleChoice
18:19:19.095 [main] DEBUG o.h.p.w.spi.MetamodelGraphWalker - Visiting attribute path : choice.question.project
18:19:19.095 [main] DEBUG o.h.p.w.spi.MetamodelGraphWalker - Visiting attribute path : choice.question.published
18:19:19.095 [main] DEBUG o.h.p.w.spi.MetamodelGraphWalker - Visiting attribute path : choice.question.qualityAdmin
18:19:19.095 [main] DEBUG o.h.p.w.spi.MetamodelGraphWalker - Visiting attribute path : choice.question.remark
18:19:19.095 [main] DEBUG o.h.p.w.spi.MetamodelGraphWalker - Visiting attribute path : choice.question.reviewers
18:19:19.095 [main] DEBUG o.h.p.w.spi.MetamodelGraphWalker - Visiting attribute path : choice.question.reviewingFinishDate
18:19:19.095 [main] DEBUG o.h.p.w.spi.MetamodelGraphWalker - Visiting attribute path : choice.question.reviewingStartDate
18:19:19.095 [main] DEBUG o.h.p.w.spi.MetamodelGraphWalker - Visiting attribute path : choice.question.scenario
18:19:19.095 [main] DEBUG o.h.p.w.spi.MetamodelGraphWalker - Visiting attribute path : choice.question.score
18:19:19.095 [main] DEBUG o.h.p.w.spi.MetamodelGraphWalker - Visiting attribute path : choice.question.status
18:19:19.096 [main] DEBUG o.h.p.w.spi.MetamodelGraphWalker - Visiting attribute path : choice.question.stem
18:19:19.096 [main] DEBUG o.h.p.w.spi.MetamodelGraphWalker - Visiting attribute path : choice.question.type
18:19:19.096 [main] DEBUG o.h.p.w.spi.MetamodelGraphWalker - Visiting attribute path : createdOn
18:19:19.096 [main] DEBUG o.h.p.w.spi.MetamodelGraphWalker - Visiting attribute path : updatedOn
18:19:19.096 [main] DEBUG o.h.p.w.spi.MetamodelGraphWalker - Visiting attribute path : path
18:19:19.097 [main] DEBUG o.h.p.w.spi.MetamodelGraphWalker - Visiting attribute path : caption
18:19:19.097 [main] DEBUG o.h.p.w.spi.MetamodelGraphWalker - Visiting attribute path : choice
18:19:19.097 [main] DEBUG o.h.p.w.spi.MetamodelGraphWalker - Visiting attribute path : choice.createdOn
18:19:19.097 [main] DEBUG o.h.p.w.spi.MetamodelGraphWalker - Visiting attribute path : choice.updatedOn
18:19:19.097 [main] DEBUG o.h.p.w.spi.MetamodelGraphWalker - Visiting attribute path : choice.choiceLabel
18:19:19.097 [main] DEBUG o.h.p.w.spi.MetamodelGraphWalker - Visiting attribute path : choice.content
18:19:19.097 [main] DEBUG o.h.p.w.spi.MetamodelGraphWalker - Visiting attribute path : choice.images
18:19:19.097 [main] DEBUG o.h.p.w.spi.MetamodelGraphWalker - Property path deemed to be circular : choice.images
18:19:19.097 [main] DEBUG o.h.p.w.spi.MetamodelGraphWalker - Visiting attribute path : choice.isCorrectAnswer
18:19:19.097 [main] DEBUG o.h.p.w.spi.MetamodelGraphWalker - Visiting attribute path : choice.question
18:19:19.098 [main] DEBUG o.h.p.w.spi.MetamodelGraphWalker - Visiting attribute path : choice.question.createdOn
18:19:19.098 [main] DEBUG o.h.p.w.spi.MetamodelGraphWalker - Visiting attribute path : choice.question.updatedOn
18:19:19.098 [main] DEBUG o.h.p.w.spi.MetamodelGraphWalker - Visiting attribute path : choice.question.author
18:19:19.098 [main] DEBUG o.h.p.w.spi.MetamodelGraphWalker - Visiting attribute path : choice.question.authoringFinishDate
18:19:19.098 [main] DEBUG o.h.p.w.spi.MetamodelGraphWalker - Visiting attribute path : choice.question.authoringStartDate
18:19:19.098 [main] DEBUG o.h.p.w.spi.MetamodelGraphWalker - Visiting attribute path : choice.question.customField2
18:19:19.098 [main] DEBUG o.h.p.w.spi.MetamodelGraphWalker - Visiting attribute path : choice.question.customField3
18:19:19.098 [main] DEBUG o.h.p.w.spi.MetamodelGraphWalker - Visiting attribute path : choice.question.customFiled1
18:19:19.098 [main] DEBUG o.h.p.w.spi.MetamodelGraphWalker - Visiting attribute path : choice.question.description
18:19:19.098 [main] DEBUG o.h.p.w.spi.MetamodelGraphWalker - Visiting attribute path : choice.question.difficulty
18:19:19.098 [main] DEBUG o.h.p.w.spi.MetamodelGraphWalker - Visiting attribute path : choice.question.images
18:19:19.098 [main] DEBUG o.h.p.w.spi.MetamodelGraphWalker - Visiting attribute path : choice.question.knowledgePoint
18:19:19.098 [main] DEBUG o.h.p.w.spi.MetamodelGraphWalker - Visiting attribute path : choice.question.language
18:19:19.098 [main] DEBUG o.h.p.w.spi.MetamodelGraphWalker - Visiting attribute path : choice.question.memo
18:19:19.098 [main] DEBUG o.h.p.w.spi.MetamodelGraphWalker - Visiting attribute path : choice.question.multipleChoice
18:19:19.098 [main] DEBUG o.h.p.w.spi.MetamodelGraphWalker - Visiting attribute path : choice.question.project
18:19:19.098 [main] DEBUG o.h.p.w.spi.MetamodelGraphWalker - Visiting attribute path : choice.question.published
18:19:19.098 [main] DEBUG o.h.p.w.spi.MetamodelGraphWalker - Visiting attribute path : choice.question.qualityAdmin
18:19:19.099 [main] DEBUG o.h.p.w.spi.MetamodelGraphWalker - Visiting attribute path : choice.question.remark
18:19:19.099 [main] DEBUG o.h.p.w.spi.MetamodelGraphWalker - Visiting attribute path : choice.question.reviewers
18:19:19.099 [main] DEBUG o.h.p.w.spi.MetamodelGraphWalker - Visiting attribute path : choice.question.reviewingFinishDate
18:19:19.099 [main] DEBUG o.h.p.w.spi.MetamodelGraphWalker - Visiting attribute path : choice.question.reviewingStartDate
18:19:19.099 [main] DEBUG o.h.p.w.spi.MetamodelGraphWalker - Visiting attribute path : choice.question.scenario
18:19:19.099 [main] DEBUG o.h.p.w.spi.MetamodelGraphWalker - Visiting attribute path : choice.question.score
18:19:19.099 [main] DEBUG o.h.p.w.spi.MetamodelGraphWalker - Visiting attribute path : choice.question.status
18:19:19.099 [main] DEBUG o.h.p.w.spi.MetamodelGraphWalker - Visiting attribute path : choice.question.stem
18:19:19.099 [main] DEBUG o.h.p.w.spi.MetamodelGraphWalker - Visiting attribute path : choice.question.type
18:19:19.099 [main] DEBUG o.h.p.w.spi.MetamodelGraphWalker - Visiting attribute path : createdOn
18:19:19.100 [main] DEBUG o.h.p.w.spi.MetamodelGraphWalker - Visiting attribute path : updatedOn
18:19:19.100 [main] DEBUG o.h.p.w.spi.MetamodelGraphWalker - Visiting attribute path : path
18:19:19.100 [main] DEBUG o.h.p.w.spi.MetamodelGraphWalker - Visiting attribute path : caption
18:19:19.100 [main] DEBUG o.h.p.w.spi.MetamodelGraphWalker - Visiting attribute path : choice
18:19:19.100 [main] DEBUG o.h.p.w.spi.MetamodelGraphWalker - Visiting attribute path : createdOn
18:19:19.100 [main] DEBUG o.h.p.w.spi.MetamodelGraphWalker - Visiting attribute path : updatedOn
18:19:19.100 [main] DEBUG o.h.p.w.spi.MetamodelGraphWalker - Visiting attribute path : path
18:19:19.100 [main] DEBUG o.h.p.w.spi.MetamodelGraphWalker - Visiting attribute path : caption
18:19:19.100 [main] DEBUG o.h.p.w.spi.MetamodelGraphWalker - Visiting attribute path : choice
18:19:19.100 [main] DEBUG o.h.p.w.spi.MetamodelGraphWalker - Visiting attribute path : createdOn
18:19:19.100 [main] DEBUG o.h.p.w.spi.MetamodelGraphWalker - Visiting attribute path : updatedOn
18:19:19.100 [main] DEBUG o.h.p.w.spi.MetamodelGraphWalker - Visiting attribute path : path
18:19:19.101 [main] DEBUG o.h.p.w.spi.MetamodelGraphWalker - Visiting attribute path : caption
18:19:19.101 [main] DEBUG o.h.p.w.spi.MetamodelGraphWalker - Visiting attribute path : choice
18:19:19.101 [main] DEBUG o.h.p.w.spi.MetamodelGraphWalker - Visiting attribute path : createdOn
18:19:19.101 [main] DEBUG o.h.p.w.spi.MetamodelGraphWalker - Visiting attribute path : updatedOn
18:19:19.101 [main] DEBUG o.h.p.w.spi.MetamodelGraphWalker - Visiting attribute path : path
18:19:19.101 [main] DEBUG o.h.p.w.spi.MetamodelGraphWalker - Visiting attribute path : caption
18:19:19.101 [main] DEBUG o.h.p.w.spi.MetamodelGraphWalker - Visiting attribute path : choice
18:19:19.101 [main] DEBUG o.h.p.w.spi.MetamodelGraphWalker - Visiting attribute path : createdOn
18:19:19.101 [main] DEBUG o.h.p.w.spi.MetamodelGraphWalker - Visiting attribute path : updatedOn
18:19:19.101 [main] DEBUG o.h.p.w.spi.MetamodelGraphWalker - Visiting attribute path : path
18:19:19.101 [main] DEBUG o.h.p.w.spi.MetamodelGraphWalker - Visiting attribute path : caption
18:19:19.101 [main] DEBUG o.h.p.w.spi.MetamodelGraphWalker - Visiting attribute path : choice
18:19:19.102 [main] DEBUG o.h.p.w.spi.MetamodelGraphWalker - Visiting attribute path : createdOn
18:19:19.102 [main] DEBUG o.h.p.w.spi.MetamodelGraphWalker - Visiting attribute path : updatedOn
18:19:19.102 [main] DEBUG o.h.p.w.spi.MetamodelGraphWalker - Visiting attribute path : path
18:19:19.102 [main] DEBUG o.h.p.w.spi.MetamodelGraphWalker - Visiting attribute path : caption
18:19:19.102 [main] DEBUG o.h.p.w.spi.MetamodelGraphWalker - Visiting attribute path : choice
18:19:19.102 [main] DEBUG o.h.p.w.spi.MetamodelGraphWalker - Visiting attribute path : createdOn
18:19:19.102 [main] DEBUG o.h.p.w.spi.MetamodelGraphWalker - Visiting attribute path : updatedOn
18:19:19.102 [main] DEBUG o.h.p.w.spi.MetamodelGraphWalker - Visiting attribute path : path
18:19:19.102 [main] DEBUG o.h.p.w.spi.MetamodelGraphWalker - Visiting attribute path : caption
18:19:19.102 [main] DEBUG o.h.p.w.spi.MetamodelGraphWalker - Visiting attribute path : choice
18:19:19.103 [main] DEBUG o.h.p.w.spi.MetamodelGraphWalker - Visiting attribute path : createdOn
18:19:19.103 [main] DEBUG o.h.p.w.spi.MetamodelGraphWalker - Visiting attribute path : updatedOn
18:19:19.103 [main] DEBUG o.h.p.w.spi.MetamodelGraphWalker - Visiting attribute path : path
18:19:19.103 [main] DEBUG o.h.p.w.spi.MetamodelGraphWalker - Visiting attribute path : caption
18:19:19.103 [main] DEBUG o.h.p.w.spi.MetamodelGraphWalker - Visiting attribute path : choice
18:19:19.103 [main] DEBUG o.h.p.w.spi.MetamodelGraphWalker - Visiting attribute path : createdOn
18:19:19.103 [main] DEBUG o.h.p.w.spi.MetamodelGraphWalker - Visiting attribute path : updatedOn
18:19:19.103 [main] DEBUG o.h.p.w.spi.MetamodelGraphWalker - Visiting attribute path : path
18:19:19.103 [main] DEBUG o.h.p.w.spi.MetamodelGraphWalker - Visiting attribute path : caption
18:19:19.103 [main] DEBUG o.h.p.w.spi.MetamodelGraphWalker - Visiting attribute path : choice
18:19:19.104 [main] DEBUG o.h.p.entity.AbstractEntityPersister - Static SQL for entity: cn.cstqb.exam.testmaker.entities.QuestionLanguage
18:19:19.104 [main] DEBUG o.h.p.entity.AbstractEntityPersister -  Version select: select id from question_language where id =?
18:19:19.104 [main] DEBUG o.h.p.entity.AbstractEntityPersister -  Snapshot select: select questionla_.id, questionla_.updated_on as updated_3_11_, questionla_.name as name4_11_ from question_language questionla_ where questionla_.id=?
18:19:19.105 [main] DEBUG o.h.p.entity.AbstractEntityPersister -  Insert 0: insert into question_language (created_on, updated_on, name, id) values (?, ?, ?, ?)
18:19:19.105 [main] DEBUG o.h.p.entity.AbstractEntityPersister -  Update 0: update question_language set updated_on=?, name=? where id=?
18:19:19.105 [main] DEBUG o.h.p.entity.AbstractEntityPersister -  Delete 0: delete from question_language where id=?
18:19:19.105 [main] DEBUG o.h.p.entity.AbstractEntityPersister -  Identity insert: insert into question_language (created_on, updated_on, name) values (?, ?, ?)
18:19:19.105 [main] DEBUG o.h.p.w.spi.MetamodelGraphWalker - Visiting attribute path : createdOn
18:19:19.105 [main] DEBUG o.h.p.w.spi.MetamodelGraphWalker - Visiting attribute path : updatedOn
18:19:19.105 [main] DEBUG o.h.p.w.spi.MetamodelGraphWalker - Visiting attribute path : name
18:19:19.105 [main] DEBUG o.h.p.w.spi.MetamodelGraphWalker - Visiting attribute path : createdOn
18:19:19.105 [main] DEBUG o.h.p.w.spi.MetamodelGraphWalker - Visiting attribute path : updatedOn
18:19:19.105 [main] DEBUG o.h.p.w.spi.MetamodelGraphWalker - Visiting attribute path : name
18:19:19.106 [main] DEBUG o.h.p.w.spi.MetamodelGraphWalker - Visiting attribute path : createdOn
18:19:19.106 [main] DEBUG o.h.p.w.spi.MetamodelGraphWalker - Visiting attribute path : updatedOn
18:19:19.106 [main] DEBUG o.h.p.w.spi.MetamodelGraphWalker - Visiting attribute path : name
18:19:19.106 [main] DEBUG o.h.p.w.spi.MetamodelGraphWalker - Visiting attribute path : createdOn
18:19:19.106 [main] DEBUG o.h.p.w.spi.MetamodelGraphWalker - Visiting attribute path : updatedOn
18:19:19.106 [main] DEBUG o.h.p.w.spi.MetamodelGraphWalker - Visiting attribute path : name
18:19:19.107 [main] DEBUG o.h.p.w.spi.MetamodelGraphWalker - Visiting attribute path : createdOn
18:19:19.107 [main] DEBUG o.h.p.w.spi.MetamodelGraphWalker - Visiting attribute path : updatedOn
18:19:19.107 [main] DEBUG o.h.p.w.spi.MetamodelGraphWalker - Visiting attribute path : name
18:19:19.107 [main] DEBUG o.h.p.w.spi.MetamodelGraphWalker - Visiting attribute path : createdOn
18:19:19.107 [main] DEBUG o.h.p.w.spi.MetamodelGraphWalker - Visiting attribute path : updatedOn
18:19:19.107 [main] DEBUG o.h.p.w.spi.MetamodelGraphWalker - Visiting attribute path : name
18:19:19.107 [main] DEBUG o.h.p.w.spi.MetamodelGraphWalker - Visiting attribute path : createdOn
18:19:19.108 [main] DEBUG o.h.p.w.spi.MetamodelGraphWalker - Visiting attribute path : updatedOn
18:19:19.108 [main] DEBUG o.h.p.w.spi.MetamodelGraphWalker - Visiting attribute path : name
18:19:19.108 [main] DEBUG o.h.p.w.spi.MetamodelGraphWalker - Visiting attribute path : createdOn
18:19:19.108 [main] DEBUG o.h.p.w.spi.MetamodelGraphWalker - Visiting attribute path : updatedOn
18:19:19.108 [main] DEBUG o.h.p.w.spi.MetamodelGraphWalker - Visiting attribute path : name
18:19:19.108 [main] DEBUG o.h.p.w.spi.MetamodelGraphWalker - Visiting attribute path : createdOn
18:19:19.108 [main] DEBUG o.h.p.w.spi.MetamodelGraphWalker - Visiting attribute path : updatedOn
18:19:19.108 [main] DEBUG o.h.p.w.spi.MetamodelGraphWalker - Visiting attribute path : name
18:19:19.109 [main] DEBUG o.h.p.w.spi.MetamodelGraphWalker - Visiting attribute path : createdOn
18:19:19.109 [main] DEBUG o.h.p.w.spi.MetamodelGraphWalker - Visiting attribute path : updatedOn
18:19:19.109 [main] DEBUG o.h.p.w.spi.MetamodelGraphWalker - Visiting attribute path : name
18:19:19.109 [main] DEBUG o.h.p.w.spi.MetamodelGraphWalker - Visiting attribute path : createdOn
18:19:19.109 [main] DEBUG o.h.p.w.spi.MetamodelGraphWalker - Visiting attribute path : updatedOn
18:19:19.109 [main] DEBUG o.h.p.w.spi.MetamodelGraphWalker - Visiting attribute path : name
18:19:19.110 [main] DEBUG o.h.p.entity.AbstractEntityPersister - Static SQL for entity: cn.cstqb.exam.testmaker.entities.Syllabus
18:19:19.110 [main] DEBUG o.h.p.entity.AbstractEntityPersister -  Version select: select id from syllabus where id =?
18:19:19.110 [main] DEBUG o.h.p.entity.AbstractEntityPersister -  Snapshot select: select syllabus_.id, syllabus_.updated_on as updated_3_19_, syllabus_.is_disabled as is_disab4_19_, syllabus_.level as level5_19_, syllabus_.version as version6_19_ from syllabus syllabus_ where syllabus_.id=?
18:19:19.110 [main] DEBUG o.h.p.entity.AbstractEntityPersister -  Insert 0: insert into syllabus (created_on, updated_on, is_disabled, level, version, id) values (?, ?, ?, ?, ?, ?)
18:19:19.110 [main] DEBUG o.h.p.entity.AbstractEntityPersister -  Update 0: update syllabus set updated_on=?, is_disabled=?, level=?, version=? where id=?
18:19:19.110 [main] DEBUG o.h.p.entity.AbstractEntityPersister -  Delete 0: delete from syllabus where id=?
18:19:19.111 [main] DEBUG o.h.p.entity.AbstractEntityPersister -  Identity insert: insert into syllabus (created_on, updated_on, is_disabled, level, version) values (?, ?, ?, ?, ?)
18:19:19.111 [main] DEBUG o.h.p.w.spi.MetamodelGraphWalker - Visiting attribute path : createdOn
18:19:19.111 [main] DEBUG o.h.p.w.spi.MetamodelGraphWalker - Visiting attribute path : updatedOn
18:19:19.111 [main] DEBUG o.h.p.w.spi.MetamodelGraphWalker - Visiting attribute path : chapters
18:19:19.111 [main] DEBUG o.h.p.w.spi.MetamodelGraphWalker - Visiting attribute path : isDisabled
18:19:19.111 [main] DEBUG o.h.p.w.spi.MetamodelGraphWalker - Visiting attribute path : level
18:19:19.111 [main] DEBUG o.h.p.w.spi.MetamodelGraphWalker - Visiting attribute path : version
18:19:19.112 [main] DEBUG o.h.p.w.spi.MetamodelGraphWalker - Visiting attribute path : createdOn
18:19:19.112 [main] DEBUG o.h.p.w.spi.MetamodelGraphWalker - Visiting attribute path : updatedOn
18:19:19.112 [main] DEBUG o.h.p.w.spi.MetamodelGraphWalker - Visiting attribute path : chapters
18:19:19.112 [main] DEBUG o.h.p.w.spi.MetamodelGraphWalker - Visiting attribute path : isDisabled
18:19:19.112 [main] DEBUG o.h.p.w.spi.MetamodelGraphWalker - Visiting attribute path : level
18:19:19.112 [main] DEBUG o.h.p.w.spi.MetamodelGraphWalker - Visiting attribute path : version
18:19:19.112 [main] DEBUG o.h.p.w.spi.MetamodelGraphWalker - Visiting attribute path : createdOn
18:19:19.112 [main] DEBUG o.h.p.w.spi.MetamodelGraphWalker - Visiting attribute path : updatedOn
18:19:19.112 [main] DEBUG o.h.p.w.spi.MetamodelGraphWalker - Visiting attribute path : chapters
18:19:19.112 [main] DEBUG o.h.p.w.spi.MetamodelGraphWalker - Visiting attribute path : isDisabled
18:19:19.112 [main] DEBUG o.h.p.w.spi.MetamodelGraphWalker - Visiting attribute path : level
18:19:19.112 [main] DEBUG o.h.p.w.spi.MetamodelGraphWalker - Visiting attribute path : version
18:19:19.113 [main] DEBUG o.h.p.w.spi.MetamodelGraphWalker - Visiting attribute path : createdOn
18:19:19.113 [main] DEBUG o.h.p.w.spi.MetamodelGraphWalker - Visiting attribute path : updatedOn
18:19:19.113 [main] DEBUG o.h.p.w.spi.MetamodelGraphWalker - Visiting attribute path : chapters
18:19:19.113 [main] DEBUG o.h.p.w.spi.MetamodelGraphWalker - Visiting attribute path : isDisabled
18:19:19.113 [main] DEBUG o.h.p.w.spi.MetamodelGraphWalker - Visiting attribute path : level
18:19:19.113 [main] DEBUG o.h.p.w.spi.MetamodelGraphWalker - Visiting attribute path : version
18:19:19.113 [main] DEBUG o.h.p.w.spi.MetamodelGraphWalker - Visiting attribute path : createdOn
18:19:19.113 [main] DEBUG o.h.p.w.spi.MetamodelGraphWalker - Visiting attribute path : updatedOn
18:19:19.113 [main] DEBUG o.h.p.w.spi.MetamodelGraphWalker - Visiting attribute path : chapters
18:19:19.114 [main] DEBUG o.h.p.w.spi.MetamodelGraphWalker - Visiting attribute path : isDisabled
18:19:19.114 [main] DEBUG o.h.p.w.spi.MetamodelGraphWalker - Visiting attribute path : level
18:19:19.114 [main] DEBUG o.h.p.w.spi.MetamodelGraphWalker - Visiting attribute path : version
18:19:19.114 [main] DEBUG o.h.p.w.spi.MetamodelGraphWalker - Visiting attribute path : createdOn
18:19:19.114 [main] DEBUG o.h.p.w.spi.MetamodelGraphWalker - Visiting attribute path : updatedOn
18:19:19.114 [main] DEBUG o.h.p.w.spi.MetamodelGraphWalker - Visiting attribute path : chapters
18:19:19.114 [main] DEBUG o.h.p.w.spi.MetamodelGraphWalker - Visiting attribute path : isDisabled
18:19:19.114 [main] DEBUG o.h.p.w.spi.MetamodelGraphWalker - Visiting attribute path : level
18:19:19.114 [main] DEBUG o.h.p.w.spi.MetamodelGraphWalker - Visiting attribute path : version
18:19:19.115 [main] DEBUG o.h.p.w.spi.MetamodelGraphWalker - Visiting attribute path : createdOn
18:19:19.115 [main] DEBUG o.h.p.w.spi.MetamodelGraphWalker - Visiting attribute path : updatedOn
18:19:19.115 [main] DEBUG o.h.p.w.spi.MetamodelGraphWalker - Visiting attribute path : chapters
18:19:19.115 [main] DEBUG o.h.p.w.spi.MetamodelGraphWalker - Visiting attribute path : isDisabled
18:19:19.115 [main] DEBUG o.h.p.w.spi.MetamodelGraphWalker - Visiting attribute path : level
18:19:19.115 [main] DEBUG o.h.p.w.spi.MetamodelGraphWalker - Visiting attribute path : version
18:19:19.115 [main] DEBUG o.h.p.w.spi.MetamodelGraphWalker - Visiting attribute path : createdOn
18:19:19.115 [main] DEBUG o.h.p.w.spi.MetamodelGraphWalker - Visiting attribute path : updatedOn
18:19:19.115 [main] DEBUG o.h.p.w.spi.MetamodelGraphWalker - Visiting attribute path : chapters
18:19:19.115 [main] DEBUG o.h.p.w.spi.MetamodelGraphWalker - Visiting attribute path : isDisabled
18:19:19.116 [main] DEBUG o.h.p.w.spi.MetamodelGraphWalker - Visiting attribute path : level
18:19:19.116 [main] DEBUG o.h.p.w.spi.MetamodelGraphWalker - Visiting attribute path : version
18:19:19.116 [main] DEBUG o.h.p.w.spi.MetamodelGraphWalker - Visiting attribute path : createdOn
18:19:19.116 [main] DEBUG o.h.p.w.spi.MetamodelGraphWalker - Visiting attribute path : updatedOn
18:19:19.116 [main] DEBUG o.h.p.w.spi.MetamodelGraphWalker - Visiting attribute path : chapters
18:19:19.116 [main] DEBUG o.h.p.w.spi.MetamodelGraphWalker - Visiting attribute path : isDisabled
18:19:19.116 [main] DEBUG o.h.p.w.spi.MetamodelGraphWalker - Visiting attribute path : level
18:19:19.116 [main] DEBUG o.h.p.w.spi.MetamodelGraphWalker - Visiting attribute path : version
18:19:19.116 [main] DEBUG o.h.p.w.spi.MetamodelGraphWalker - Visiting attribute path : createdOn
18:19:19.117 [main] DEBUG o.h.p.w.spi.MetamodelGraphWalker - Visiting attribute path : updatedOn
18:19:19.117 [main] DEBUG o.h.p.w.spi.MetamodelGraphWalker - Visiting attribute path : chapters
18:19:19.117 [main] DEBUG o.h.p.w.spi.MetamodelGraphWalker - Visiting attribute path : isDisabled
18:19:19.117 [main] DEBUG o.h.p.w.spi.MetamodelGraphWalker - Visiting attribute path : level
18:19:19.117 [main] DEBUG o.h.p.w.spi.MetamodelGraphWalker - Visiting attribute path : version
18:19:19.117 [main] DEBUG o.h.p.w.spi.MetamodelGraphWalker - Visiting attribute path : createdOn
18:19:19.117 [main] DEBUG o.h.p.w.spi.MetamodelGraphWalker - Visiting attribute path : updatedOn
18:19:19.118 [main] DEBUG o.h.p.w.spi.MetamodelGraphWalker - Visiting attribute path : chapters
18:19:19.118 [main] DEBUG o.h.p.w.spi.MetamodelGraphWalker - Visiting attribute path : isDisabled
18:19:19.118 [main] DEBUG o.h.p.w.spi.MetamodelGraphWalker - Visiting attribute path : level
18:19:19.118 [main] DEBUG o.h.p.w.spi.MetamodelGraphWalker - Visiting attribute path : version
18:19:19.119 [main] DEBUG o.h.p.entity.AbstractEntityPersister - Static SQL for entity: cn.cstqb.exam.testmaker.entities.Question
18:19:19.119 [main] DEBUG o.h.p.entity.AbstractEntityPersister -  Version select: select id from question where id =?
18:19:19.119 [main] DEBUG o.h.p.entity.AbstractEntityPersister -  Snapshot select: select question_.id, question_.updated_on as updated_3_7_, question_.author_id as author_20_7_, question_.authoring_finish_date as authorin4_7_, question_.authoring_start_date as authorin5_7_, question_.custom_field2 as custom_f6_7_, question_.custom_field3 as custom_f7_7_, question_.custom_filed1 as custom_f8_7_, question_.description as descript9_7_, question_.difficulty as difficu10_7_, question_.knowledge_point as knowled21_7_, question_.language as languag22_7_, question_.memo as memo11_7_, question_.multiple_choice as multipl12_7_, question_.project_id as project23_7_, question_.published as publish13_7_, question_.quality_admin_id as quality24_7_, question_.remark as remark14_7_, question_.reviewing_finish_date as reviewi15_7_, question_.reviewing_start_date as reviewi16_7_, question_.scenario as scenari17_7_, question_.score as score18_7_, question_.status as status25_7_, question_.stem as stem19_7_, question_.type as type26_7_ from question question_ where question_.id=?
18:19:19.119 [main] DEBUG o.h.p.entity.AbstractEntityPersister -  Insert 0: insert into question (created_on, updated_on, author_id, authoring_finish_date, authoring_start_date, custom_field2, custom_field3, custom_filed1, description, difficulty, knowledge_point, language, memo, multiple_choice, project_id, published, quality_admin_id, remark, reviewing_finish_date, reviewing_start_date, scenario, score, status, stem, type, id) values (?, ?, ?, ?, ?, ?, ?, ?, ?, ?, ?, ?, ?, ?, ?, ?, ?, ?, ?, ?, ?, ?, ?, ?, ?, ?)
18:19:19.119 [main] DEBUG o.h.p.entity.AbstractEntityPersister -  Update 0: update question set updated_on=?, author_id=?, authoring_finish_date=?, authoring_start_date=?, custom_field2=?, custom_field3=?, custom_filed1=?, description=?, difficulty=?, knowledge_point=?, language=?, memo=?, multiple_choice=?, project_id=?, published=?, quality_admin_id=?, remark=?, reviewing_finish_date=?, reviewing_start_date=?, scenario=?, score=?, status=?, stem=?, type=? where id=?
18:19:19.119 [main] DEBUG o.h.p.entity.AbstractEntityPersister -  Delete 0: delete from question where id=?
18:19:19.119 [main] DEBUG o.h.p.entity.AbstractEntityPersister -  Identity insert: insert into question (created_on, updated_on, author_id, authoring_finish_date, authoring_start_date, custom_field2, custom_field3, custom_filed1, description, difficulty, knowledge_point, language, memo, multiple_choice, project_id, published, quality_admin_id, remark, reviewing_finish_date, reviewing_start_date, scenario, score, status, stem, type) values (?, ?, ?, ?, ?, ?, ?, ?, ?, ?, ?, ?, ?, ?, ?, ?, ?, ?, ?, ?, ?, ?, ?, ?, ?)
18:19:19.120 [main] DEBUG o.h.p.w.spi.MetamodelGraphWalker - Visiting attribute path : createdOn
18:19:19.120 [main] DEBUG o.h.p.w.spi.MetamodelGraphWalker - Visiting attribute path : updatedOn
18:19:19.120 [main] DEBUG o.h.p.w.spi.MetamodelGraphWalker - Visiting attribute path : author
18:19:19.120 [main] DEBUG o.h.p.w.spi.MetamodelGraphWalker - Visiting attribute path : author.createdOn
18:19:19.120 [main] DEBUG o.h.p.w.spi.MetamodelGraphWalker - Visiting attribute path : author.updatedOn
18:19:19.120 [main] DEBUG o.h.p.w.spi.MetamodelGraphWalker - Visiting attribute path : author.email
18:19:19.120 [main] DEBUG o.h.p.w.spi.MetamodelGraphWalker - Visiting attribute path : author.enabled
18:19:19.120 [main] DEBUG o.h.p.w.spi.MetamodelGraphWalker - Visiting attribute path : author.fullName
18:19:19.120 [main] DEBUG o.h.p.w.spi.MetamodelGraphWalker - Visiting attribute path : author.isAdmin
18:19:19.120 [main] DEBUG o.h.p.w.spi.MetamodelGraphWalker - Visiting attribute path : author.lastLogin
18:19:19.120 [main] DEBUG o.h.p.w.spi.MetamodelGraphWalker - Visiting attribute path : author.loginCount
18:19:19.120 [main] DEBUG o.h.p.w.spi.MetamodelGraphWalker - Visiting attribute path : author.password
18:19:19.120 [main] DEBUG o.h.p.w.spi.MetamodelGraphWalker - Visiting attribute path : author.phone
18:19:19.120 [main] DEBUG o.h.p.w.spi.MetamodelGraphWalker - Visiting attribute path : author.projects
18:19:19.120 [main] DEBUG o.h.p.w.spi.MetamodelGraphWalker - Visiting attribute path : author.username
18:19:19.121 [main] DEBUG o.h.p.w.spi.MetamodelGraphWalker - Visiting attribute path : authoringFinishDate
18:19:19.121 [main] DEBUG o.h.p.w.spi.MetamodelGraphWalker - Visiting attribute path : authoringStartDate
18:19:19.121 [main] DEBUG o.h.p.w.spi.MetamodelGraphWalker - Visiting attribute path : customField2
18:19:19.121 [main] DEBUG o.h.p.w.spi.MetamodelGraphWalker - Visiting attribute path : customField3
18:19:19.121 [main] DEBUG o.h.p.w.spi.MetamodelGraphWalker - Visiting attribute path : customFiled1
18:19:19.121 [main] DEBUG o.h.p.w.spi.MetamodelGraphWalker - Visiting attribute path : description
18:19:19.121 [main] DEBUG o.h.p.w.spi.MetamodelGraphWalker - Visiting attribute path : difficulty
18:19:19.121 [main] DEBUG o.h.p.w.spi.MetamodelGraphWalker - Visiting attribute path : images
18:19:19.121 [main] DEBUG o.h.p.w.spi.MetamodelGraphWalker - Visiting attribute path : knowledgePoint
18:19:19.121 [main] DEBUG o.h.p.w.spi.MetamodelGraphWalker - Visiting attribute path : knowledgePoint.createdOn
18:19:19.121 [main] DEBUG o.h.p.w.spi.MetamodelGraphWalker - Visiting attribute path : knowledgePoint.updatedOn
18:19:19.121 [main] DEBUG o.h.p.w.spi.MetamodelGraphWalker - Visiting attribute path : knowledgePoint.chapter
18:19:19.121 [main] DEBUG o.h.p.w.spi.MetamodelGraphWalker - Visiting attribute path : knowledgePoint.chapter.createdOn
18:19:19.121 [main] DEBUG o.h.p.w.spi.MetamodelGraphWalker - Visiting attribute path : knowledgePoint.chapter.updatedOn
18:19:19.121 [main] DEBUG o.h.p.w.spi.MetamodelGraphWalker - Visiting attribute path : knowledgePoint.chapter.number
18:19:19.121 [main] DEBUG o.h.p.w.spi.MetamodelGraphWalker - Visiting attribute path : knowledgePoint.chapter.points
18:19:19.121 [main] DEBUG o.h.p.w.spi.MetamodelGraphWalker - Property path deemed to be circular : knowledgePoint.chapter.points
18:19:19.122 [main] DEBUG o.h.p.w.spi.MetamodelGraphWalker - Visiting attribute path : knowledgePoint.chapter.syllabus
18:19:19.122 [main] DEBUG o.h.p.w.spi.MetamodelGraphWalker - Visiting attribute path : knowledgePoint.chapter.title
18:19:19.122 [main] DEBUG o.h.p.w.spi.MetamodelGraphWalker - Visiting attribute path : knowledgePoint.kLevel
18:19:19.122 [main] DEBUG o.h.p.w.spi.MetamodelGraphWalker - Visiting attribute path : knowledgePoint.number
18:19:19.122 [main] DEBUG o.h.p.w.spi.MetamodelGraphWalker - Visiting attribute path : knowledgePoint.score
18:19:19.122 [main] DEBUG o.h.p.w.spi.MetamodelGraphWalker - Visiting attribute path : knowledgePoint.title
18:19:19.122 [main] DEBUG o.h.p.w.spi.MetamodelGraphWalker - Visiting attribute path : language
18:19:19.122 [main] DEBUG o.h.p.w.spi.MetamodelGraphWalker - Visiting attribute path : language.createdOn
18:19:19.122 [main] DEBUG o.h.p.w.spi.MetamodelGraphWalker - Visiting attribute path : language.updatedOn
18:19:19.122 [main] DEBUG o.h.p.w.spi.MetamodelGraphWalker - Visiting attribute path : language.name
18:19:19.122 [main] DEBUG o.h.p.w.spi.MetamodelGraphWalker - Visiting attribute path : memo
18:19:19.122 [main] DEBUG o.h.p.w.spi.MetamodelGraphWalker - Visiting attribute path : multipleChoice
18:19:19.122 [main] DEBUG o.h.p.w.spi.MetamodelGraphWalker - Visiting attribute path : project
18:19:19.122 [main] DEBUG o.h.p.w.spi.MetamodelGraphWalker - Visiting attribute path : project.createdOn
18:19:19.122 [main] DEBUG o.h.p.w.spi.MetamodelGraphWalker - Visiting attribute path : project.updatedOn
18:19:19.123 [main] DEBUG o.h.p.w.spi.MetamodelGraphWalker - Visiting attribute path : project.customField1
18:19:19.123 [main] DEBUG o.h.p.w.spi.MetamodelGraphWalker - Visiting attribute path : project.customField2
18:19:19.123 [main] DEBUG o.h.p.w.spi.MetamodelGraphWalker - Visiting attribute path : project.customField3
18:19:19.123 [main] DEBUG o.h.p.w.spi.MetamodelGraphWalker - Visiting attribute path : project.exportedBy
18:19:19.123 [main] DEBUG o.h.p.w.spi.MetamodelGraphWalker - Visiting attribute path : project.exportedBy.createdOn
18:19:19.123 [main] DEBUG o.h.p.w.spi.MetamodelGraphWalker - Visiting attribute path : project.exportedBy.updatedOn
18:19:19.123 [main] DEBUG o.h.p.w.spi.MetamodelGraphWalker - Visiting attribute path : project.exportedBy.email
18:19:19.123 [main] DEBUG o.h.p.w.spi.MetamodelGraphWalker - Visiting attribute path : project.exportedBy.enabled
18:19:19.123 [main] DEBUG o.h.p.w.spi.MetamodelGraphWalker - Visiting attribute path : project.exportedBy.fullName
18:19:19.123 [main] DEBUG o.h.p.w.spi.MetamodelGraphWalker - Visiting attribute path : project.exportedBy.isAdmin
18:19:19.123 [main] DEBUG o.h.p.w.spi.MetamodelGraphWalker - Visiting attribute path : project.exportedBy.lastLogin
18:19:19.123 [main] DEBUG o.h.p.w.spi.MetamodelGraphWalker - Visiting attribute path : project.exportedBy.loginCount
18:19:19.123 [main] DEBUG o.h.p.w.spi.MetamodelGraphWalker - Visiting attribute path : project.exportedBy.password
18:19:19.123 [main] DEBUG o.h.p.w.spi.MetamodelGraphWalker - Visiting attribute path : project.exportedBy.phone
18:19:19.123 [main] DEBUG o.h.p.w.spi.MetamodelGraphWalker - Visiting attribute path : project.exportedBy.projects
18:19:19.123 [main] DEBUG o.h.p.w.spi.MetamodelGraphWalker - Visiting attribute path : project.exportedBy.username
18:19:19.123 [main] DEBUG o.h.p.w.spi.MetamodelGraphWalker - Visiting attribute path : project.exportedOn
18:19:19.123 [main] DEBUG o.h.p.w.spi.MetamodelGraphWalker - Visiting attribute path : project.facilitator
18:19:19.124 [main] DEBUG o.h.p.w.spi.MetamodelGraphWalker - Visiting attribute path : project.facilitator.createdOn
18:19:19.124 [main] DEBUG o.h.p.w.spi.MetamodelGraphWalker - Visiting attribute path : project.facilitator.updatedOn
18:19:19.124 [main] DEBUG o.h.p.w.spi.MetamodelGraphWalker - Visiting attribute path : project.facilitator.email
18:19:19.124 [main] DEBUG o.h.p.w.spi.MetamodelGraphWalker - Visiting attribute path : project.facilitator.enabled
18:19:19.124 [main] DEBUG o.h.p.w.spi.MetamodelGraphWalker - Visiting attribute path : project.facilitator.fullName
18:19:19.124 [main] DEBUG o.h.p.w.spi.MetamodelGraphWalker - Visiting attribute path : project.facilitator.isAdmin
18:19:19.124 [main] DEBUG o.h.p.w.spi.MetamodelGraphWalker - Visiting attribute path : project.facilitator.lastLogin
18:19:19.124 [main] DEBUG o.h.p.w.spi.MetamodelGraphWalker - Visiting attribute path : project.facilitator.loginCount
18:19:19.124 [main] DEBUG o.h.p.w.spi.MetamodelGraphWalker - Visiting attribute path : project.facilitator.password
18:19:19.124 [main] DEBUG o.h.p.w.spi.MetamodelGraphWalker - Visiting attribute path : project.facilitator.phone
18:19:19.124 [main] DEBUG o.h.p.w.spi.MetamodelGraphWalker - Visiting attribute path : project.facilitator.projects
18:19:19.124 [main] DEBUG o.h.p.w.spi.MetamodelGraphWalker - Visiting attribute path : project.facilitator.username
18:19:19.124 [main] DEBUG o.h.p.w.spi.MetamodelGraphWalker - Visiting attribute path : project.finishDate
18:19:19.124 [main] DEBUG o.h.p.w.spi.MetamodelGraphWalker - Visiting attribute path : project.name
18:19:19.124 [main] DEBUG o.h.p.w.spi.MetamodelGraphWalker - Visiting attribute path : project.startDate
18:19:19.124 [main] DEBUG o.h.p.w.spi.MetamodelGraphWalker - Visiting attribute path : project.status
18:19:19.124 [main] DEBUG o.h.p.w.spi.MetamodelGraphWalker - Visiting attribute path : project.status.createdOn
18:19:19.125 [main] DEBUG o.h.p.w.spi.MetamodelGraphWalker - Visiting attribute path : project.status.updatedOn
18:19:19.125 [main] DEBUG o.h.p.w.spi.MetamodelGraphWalker - Visiting attribute path : project.status.isFinish
18:19:19.125 [main] DEBUG o.h.p.w.spi.MetamodelGraphWalker - Visiting attribute path : project.status.isStart
18:19:19.125 [main] DEBUG o.h.p.w.spi.MetamodelGraphWalker - Visiting attribute path : project.status.name
18:19:19.125 [main] DEBUG o.h.p.w.spi.MetamodelGraphWalker - Visiting attribute path : project.syllabus
18:19:19.125 [main] DEBUG o.h.p.w.spi.MetamodelGraphWalker - Visiting attribute path : project.syllabus.createdOn
18:19:19.125 [main] DEBUG o.h.p.w.spi.MetamodelGraphWalker - Visiting attribute path : project.syllabus.updatedOn
18:19:19.125 [main] DEBUG o.h.p.w.spi.MetamodelGraphWalker - Visiting attribute path : project.syllabus.chapters
18:19:19.125 [main] DEBUG o.h.p.w.spi.MetamodelGraphWalker - Visiting attribute path : project.syllabus.isDisabled
18:19:19.125 [main] DEBUG o.h.p.w.spi.MetamodelGraphWalker - Visiting attribute path : project.syllabus.level
18:19:19.125 [main] DEBUG o.h.p.w.spi.MetamodelGraphWalker - Visiting attribute path : project.syllabus.version
18:19:19.125 [main] DEBUG o.h.p.w.spi.MetamodelGraphWalker - Visiting attribute path : project.users
18:19:19.125 [main] DEBUG o.h.p.w.spi.MetamodelGraphWalker - Visiting attribute path : published
18:19:19.125 [main] DEBUG o.h.p.w.spi.MetamodelGraphWalker - Visiting attribute path : qualityAdmin
18:19:19.125 [main] DEBUG o.h.p.w.spi.MetamodelGraphWalker - Visiting attribute path : qualityAdmin.createdOn
18:19:19.125 [main] DEBUG o.h.p.w.spi.MetamodelGraphWalker - Visiting attribute path : qualityAdmin.updatedOn
18:19:19.126 [main] DEBUG o.h.p.w.spi.MetamodelGraphWalker - Visiting attribute path : qualityAdmin.email
18:19:19.126 [main] DEBUG o.h.p.w.spi.MetamodelGraphWalker - Visiting attribute path : qualityAdmin.enabled
18:19:19.126 [main] DEBUG o.h.p.w.spi.MetamodelGraphWalker - Visiting attribute path : qualityAdmin.fullName
18:19:19.126 [main] DEBUG o.h.p.w.spi.MetamodelGraphWalker - Visiting attribute path : qualityAdmin.isAdmin
18:19:19.126 [main] DEBUG o.h.p.w.spi.MetamodelGraphWalker - Visiting attribute path : qualityAdmin.lastLogin
18:19:19.126 [main] DEBUG o.h.p.w.spi.MetamodelGraphWalker - Visiting attribute path : qualityAdmin.loginCount
18:19:19.126 [main] DEBUG o.h.p.w.spi.MetamodelGraphWalker - Visiting attribute path : qualityAdmin.password
18:19:19.126 [main] DEBUG o.h.p.w.spi.MetamodelGraphWalker - Visiting attribute path : qualityAdmin.phone
18:19:19.126 [main] DEBUG o.h.p.w.spi.MetamodelGraphWalker - Visiting attribute path : qualityAdmin.projects
18:19:19.126 [main] DEBUG o.h.p.w.spi.MetamodelGraphWalker - Visiting attribute path : qualityAdmin.username
18:19:19.126 [main] DEBUG o.h.p.w.spi.MetamodelGraphWalker - Visiting attribute path : remark
18:19:19.126 [main] DEBUG o.h.p.w.spi.MetamodelGraphWalker - Visiting attribute path : reviewers
18:19:19.126 [main] DEBUG o.h.p.w.spi.MetamodelGraphWalker - Visiting attribute path : reviewingFinishDate
18:19:19.126 [main] DEBUG o.h.p.w.spi.MetamodelGraphWalker - Visiting attribute path : reviewingStartDate
18:19:19.126 [main] DEBUG o.h.p.w.spi.MetamodelGraphWalker - Visiting attribute path : scenario
18:19:19.126 [main] DEBUG o.h.p.w.spi.MetamodelGraphWalker - Visiting attribute path : score
18:19:19.126 [main] DEBUG o.h.p.w.spi.MetamodelGraphWalker - Visiting attribute path : status
18:19:19.126 [main] DEBUG o.h.p.w.spi.MetamodelGraphWalker - Visiting attribute path : status.createdOn
18:19:19.126 [main] DEBUG o.h.p.w.spi.MetamodelGraphWalker - Visiting attribute path : status.updatedOn
18:19:19.127 [main] DEBUG o.h.p.w.spi.MetamodelGraphWalker - Visiting attribute path : status.isFinish
18:19:19.127 [main] DEBUG o.h.p.w.spi.MetamodelGraphWalker - Visiting attribute path : status.isStart
18:19:19.127 [main] DEBUG o.h.p.w.spi.MetamodelGraphWalker - Visiting attribute path : status.name
18:19:19.127 [main] DEBUG o.h.p.w.spi.MetamodelGraphWalker - Visiting attribute path : status.accessibleByAuthor
18:19:19.127 [main] DEBUG o.h.p.w.spi.MetamodelGraphWalker - Visiting attribute path : status.accessibleByFacilitator
18:19:19.127 [main] DEBUG o.h.p.w.spi.MetamodelGraphWalker - Visiting attribute path : status.accessibleByQualityAdmin
18:19:19.127 [main] DEBUG o.h.p.w.spi.MetamodelGraphWalker - Visiting attribute path : status.accessibleByReviewer
18:19:19.127 [main] DEBUG o.h.p.w.spi.MetamodelGraphWalker - Visiting attribute path : stem
18:19:19.127 [main] DEBUG o.h.p.w.spi.MetamodelGraphWalker - Visiting attribute path : type
18:19:19.127 [main] DEBUG o.h.p.w.spi.MetamodelGraphWalker - Visiting attribute path : type.createdOn
18:19:19.127 [main] DEBUG o.h.p.w.spi.MetamodelGraphWalker - Visiting attribute path : type.updatedOn
18:19:19.127 [main] DEBUG o.h.p.w.spi.MetamodelGraphWalker - Visiting attribute path : type.name
18:19:19.128 [main] DEBUG o.h.p.w.spi.MetamodelGraphWalker - Visiting attribute path : createdOn
18:19:19.128 [main] DEBUG o.h.p.w.spi.MetamodelGraphWalker - Visiting attribute path : updatedOn
18:19:19.128 [main] DEBUG o.h.p.w.spi.MetamodelGraphWalker - Visiting attribute path : author
18:19:19.128 [main] DEBUG o.h.p.w.spi.MetamodelGraphWalker - Visiting attribute path : author.createdOn
18:19:19.128 [main] DEBUG o.h.p.w.spi.MetamodelGraphWalker - Visiting attribute path : author.updatedOn
18:19:19.128 [main] DEBUG o.h.p.w.spi.MetamodelGraphWalker - Visiting attribute path : author.email
18:19:19.128 [main] DEBUG o.h.p.w.spi.MetamodelGraphWalker - Visiting attribute path : author.enabled
18:19:19.128 [main] DEBUG o.h.p.w.spi.MetamodelGraphWalker - Visiting attribute path : author.fullName
18:19:19.128 [main] DEBUG o.h.p.w.spi.MetamodelGraphWalker - Visiting attribute path : author.isAdmin
18:19:19.129 [main] DEBUG o.h.p.w.spi.MetamodelGraphWalker - Visiting attribute path : author.lastLogin
18:19:19.129 [main] DEBUG o.h.p.w.spi.MetamodelGraphWalker - Visiting attribute path : author.loginCount
18:19:19.129 [main] DEBUG o.h.p.w.spi.MetamodelGraphWalker - Visiting attribute path : author.password
18:19:19.129 [main] DEBUG o.h.p.w.spi.MetamodelGraphWalker - Visiting attribute path : author.phone
18:19:19.129 [main] DEBUG o.h.p.w.spi.MetamodelGraphWalker - Visiting attribute path : author.projects
18:19:19.129 [main] DEBUG o.h.p.w.spi.MetamodelGraphWalker - Visiting attribute path : author.username
18:19:19.129 [main] DEBUG o.h.p.w.spi.MetamodelGraphWalker - Visiting attribute path : authoringFinishDate
18:19:19.129 [main] DEBUG o.h.p.w.spi.MetamodelGraphWalker - Visiting attribute path : authoringStartDate
18:19:19.129 [main] DEBUG o.h.p.w.spi.MetamodelGraphWalker - Visiting attribute path : customField2
18:19:19.129 [main] DEBUG o.h.p.w.spi.MetamodelGraphWalker - Visiting attribute path : customField3
18:19:19.129 [main] DEBUG o.h.p.w.spi.MetamodelGraphWalker - Visiting attribute path : customFiled1
18:19:19.129 [main] DEBUG o.h.p.w.spi.MetamodelGraphWalker - Visiting attribute path : description
18:19:19.129 [main] DEBUG o.h.p.w.spi.MetamodelGraphWalker - Visiting attribute path : difficulty
18:19:19.129 [main] DEBUG o.h.p.w.spi.MetamodelGraphWalker - Visiting attribute path : images
18:19:19.129 [main] DEBUG o.h.p.w.spi.MetamodelGraphWalker - Visiting attribute path : knowledgePoint
18:19:19.129 [main] DEBUG o.h.p.w.spi.MetamodelGraphWalker - Visiting attribute path : knowledgePoint.createdOn
18:19:19.129 [main] DEBUG o.h.p.w.spi.MetamodelGraphWalker - Visiting attribute path : knowledgePoint.updatedOn
18:19:19.129 [main] DEBUG o.h.p.w.spi.MetamodelGraphWalker - Visiting attribute path : knowledgePoint.chapter
18:19:19.130 [main] DEBUG o.h.p.w.spi.MetamodelGraphWalker - Visiting attribute path : knowledgePoint.chapter.createdOn
18:19:19.130 [main] DEBUG o.h.p.w.spi.MetamodelGraphWalker - Visiting attribute path : knowledgePoint.chapter.updatedOn
18:19:19.130 [main] DEBUG o.h.p.w.spi.MetamodelGraphWalker - Visiting attribute path : knowledgePoint.chapter.number
18:19:19.130 [main] DEBUG o.h.p.w.spi.MetamodelGraphWalker - Visiting attribute path : knowledgePoint.chapter.points
18:19:19.130 [main] DEBUG o.h.p.w.spi.MetamodelGraphWalker - Property path deemed to be circular : knowledgePoint.chapter.points
18:19:19.130 [main] DEBUG o.h.p.w.spi.MetamodelGraphWalker - Visiting attribute path : knowledgePoint.chapter.syllabus
18:19:19.130 [main] DEBUG o.h.p.w.spi.MetamodelGraphWalker - Visiting attribute path : knowledgePoint.chapter.title
18:19:19.130 [main] DEBUG o.h.p.w.spi.MetamodelGraphWalker - Visiting attribute path : knowledgePoint.kLevel
18:19:19.130 [main] DEBUG o.h.p.w.spi.MetamodelGraphWalker - Visiting attribute path : knowledgePoint.number
18:19:19.130 [main] DEBUG o.h.p.w.spi.MetamodelGraphWalker - Visiting attribute path : knowledgePoint.score
18:19:19.130 [main] DEBUG o.h.p.w.spi.MetamodelGraphWalker - Visiting attribute path : knowledgePoint.title
18:19:19.130 [main] DEBUG o.h.p.w.spi.MetamodelGraphWalker - Visiting attribute path : language
18:19:19.130 [main] DEBUG o.h.p.w.spi.MetamodelGraphWalker - Visiting attribute path : language.createdOn
18:19:19.130 [main] DEBUG o.h.p.w.spi.MetamodelGraphWalker - Visiting attribute path : language.updatedOn
18:19:19.130 [main] DEBUG o.h.p.w.spi.MetamodelGraphWalker - Visiting attribute path : language.name
18:19:19.131 [main] DEBUG o.h.p.w.spi.MetamodelGraphWalker - Visiting attribute path : memo
18:19:19.131 [main] DEBUG o.h.p.w.spi.MetamodelGraphWalker - Visiting attribute path : multipleChoice
18:19:19.131 [main] DEBUG o.h.p.w.spi.MetamodelGraphWalker - Visiting attribute path : project
18:19:19.131 [main] DEBUG o.h.p.w.spi.MetamodelGraphWalker - Visiting attribute path : project.createdOn
18:19:19.131 [main] DEBUG o.h.p.w.spi.MetamodelGraphWalker - Visiting attribute path : project.updatedOn
18:19:19.131 [main] DEBUG o.h.p.w.spi.MetamodelGraphWalker - Visiting attribute path : project.customField1
18:19:19.131 [main] DEBUG o.h.p.w.spi.MetamodelGraphWalker - Visiting attribute path : project.customField2
18:19:19.131 [main] DEBUG o.h.p.w.spi.MetamodelGraphWalker - Visiting attribute path : project.customField3
18:19:19.131 [main] DEBUG o.h.p.w.spi.MetamodelGraphWalker - Visiting attribute path : project.exportedBy
18:19:19.131 [main] DEBUG o.h.p.w.spi.MetamodelGraphWalker - Visiting attribute path : project.exportedBy.createdOn
18:19:19.131 [main] DEBUG o.h.p.w.spi.MetamodelGraphWalker - Visiting attribute path : project.exportedBy.updatedOn
18:19:19.131 [main] DEBUG o.h.p.w.spi.MetamodelGraphWalker - Visiting attribute path : project.exportedBy.email
18:19:19.131 [main] DEBUG o.h.p.w.spi.MetamodelGraphWalker - Visiting attribute path : project.exportedBy.enabled
18:19:19.131 [main] DEBUG o.h.p.w.spi.MetamodelGraphWalker - Visiting attribute path : project.exportedBy.fullName
18:19:19.131 [main] DEBUG o.h.p.w.spi.MetamodelGraphWalker - Visiting attribute path : project.exportedBy.isAdmin
18:19:19.131 [main] DEBUG o.h.p.w.spi.MetamodelGraphWalker - Visiting attribute path : project.exportedBy.lastLogin
18:19:19.131 [main] DEBUG o.h.p.w.spi.MetamodelGraphWalker - Visiting attribute path : project.exportedBy.loginCount
18:19:19.132 [main] DEBUG o.h.p.w.spi.MetamodelGraphWalker - Visiting attribute path : project.exportedBy.password
18:19:19.132 [main] DEBUG o.h.p.w.spi.MetamodelGraphWalker - Visiting attribute path : project.exportedBy.phone
18:19:19.132 [main] DEBUG o.h.p.w.spi.MetamodelGraphWalker - Visiting attribute path : project.exportedBy.projects
18:19:19.132 [main] DEBUG o.h.p.w.spi.MetamodelGraphWalker - Visiting attribute path : project.exportedBy.username
18:19:19.132 [main] DEBUG o.h.p.w.spi.MetamodelGraphWalker - Visiting attribute path : project.exportedOn
18:19:19.132 [main] DEBUG o.h.p.w.spi.MetamodelGraphWalker - Visiting attribute path : project.facilitator
18:19:19.132 [main] DEBUG o.h.p.w.spi.MetamodelGraphWalker - Visiting attribute path : project.facilitator.createdOn
18:19:19.132 [main] DEBUG o.h.p.w.spi.MetamodelGraphWalker - Visiting attribute path : project.facilitator.updatedOn
18:19:19.132 [main] DEBUG o.h.p.w.spi.MetamodelGraphWalker - Visiting attribute path : project.facilitator.email
18:19:19.132 [main] DEBUG o.h.p.w.spi.MetamodelGraphWalker - Visiting attribute path : project.facilitator.enabled
18:19:19.132 [main] DEBUG o.h.p.w.spi.MetamodelGraphWalker - Visiting attribute path : project.facilitator.fullName
18:19:19.132 [main] DEBUG o.h.p.w.spi.MetamodelGraphWalker - Visiting attribute path : project.facilitator.isAdmin
18:19:19.132 [main] DEBUG o.h.p.w.spi.MetamodelGraphWalker - Visiting attribute path : project.facilitator.lastLogin
18:19:19.132 [main] DEBUG o.h.p.w.spi.MetamodelGraphWalker - Visiting attribute path : project.facilitator.loginCount
18:19:19.132 [main] DEBUG o.h.p.w.spi.MetamodelGraphWalker - Visiting attribute path : project.facilitator.password
18:19:19.132 [main] DEBUG o.h.p.w.spi.MetamodelGraphWalker - Visiting attribute path : project.facilitator.phone
18:19:19.132 [main] DEBUG o.h.p.w.spi.MetamodelGraphWalker - Visiting attribute path : project.facilitator.projects
18:19:19.132 [main] DEBUG o.h.p.w.spi.MetamodelGraphWalker - Visiting attribute path : project.facilitator.username
18:19:19.133 [main] DEBUG o.h.p.w.spi.MetamodelGraphWalker - Visiting attribute path : project.finishDate
18:19:19.133 [main] DEBUG o.h.p.w.spi.MetamodelGraphWalker - Visiting attribute path : project.name
18:19:19.133 [main] DEBUG o.h.p.w.spi.MetamodelGraphWalker - Visiting attribute path : project.startDate
18:19:19.133 [main] DEBUG o.h.p.w.spi.MetamodelGraphWalker - Visiting attribute path : project.status
18:19:19.133 [main] DEBUG o.h.p.w.spi.MetamodelGraphWalker - Visiting attribute path : project.status.createdOn
18:19:19.133 [main] DEBUG o.h.p.w.spi.MetamodelGraphWalker - Visiting attribute path : project.status.updatedOn
18:19:19.133 [main] DEBUG o.h.p.w.spi.MetamodelGraphWalker - Visiting attribute path : project.status.isFinish
18:19:19.133 [main] DEBUG o.h.p.w.spi.MetamodelGraphWalker - Visiting attribute path : project.status.isStart
18:19:19.133 [main] DEBUG o.h.p.w.spi.MetamodelGraphWalker - Visiting attribute path : project.status.name
18:19:19.133 [main] DEBUG o.h.p.w.spi.MetamodelGraphWalker - Visiting attribute path : project.syllabus
18:19:19.133 [main] DEBUG o.h.p.w.spi.MetamodelGraphWalker - Visiting attribute path : project.syllabus.createdOn
18:19:19.133 [main] DEBUG o.h.p.w.spi.MetamodelGraphWalker - Visiting attribute path : project.syllabus.updatedOn
18:19:19.133 [main] DEBUG o.h.p.w.spi.MetamodelGraphWalker - Visiting attribute path : project.syllabus.chapters
18:19:19.134 [main] DEBUG o.h.p.w.spi.MetamodelGraphWalker - Visiting attribute path : project.syllabus.isDisabled
18:19:19.134 [main] DEBUG o.h.p.w.spi.MetamodelGraphWalker - Visiting attribute path : project.syllabus.level
18:19:19.134 [main] DEBUG o.h.p.w.spi.MetamodelGraphWalker - Visiting attribute path : project.syllabus.version
18:19:19.134 [main] DEBUG o.h.p.w.spi.MetamodelGraphWalker - Visiting attribute path : project.users
18:19:19.134 [main] DEBUG o.h.p.w.spi.MetamodelGraphWalker - Visiting attribute path : published
18:19:19.134 [main] DEBUG o.h.p.w.spi.MetamodelGraphWalker - Visiting attribute path : qualityAdmin
18:19:19.134 [main] DEBUG o.h.p.w.spi.MetamodelGraphWalker - Visiting attribute path : qualityAdmin.createdOn
18:19:19.134 [main] DEBUG o.h.p.w.spi.MetamodelGraphWalker - Visiting attribute path : qualityAdmin.updatedOn
18:19:19.134 [main] DEBUG o.h.p.w.spi.MetamodelGraphWalker - Visiting attribute path : qualityAdmin.email
18:19:19.134 [main] DEBUG o.h.p.w.spi.MetamodelGraphWalker - Visiting attribute path : qualityAdmin.enabled
18:19:19.134 [main] DEBUG o.h.p.w.spi.MetamodelGraphWalker - Visiting attribute path : qualityAdmin.fullName
18:19:19.134 [main] DEBUG o.h.p.w.spi.MetamodelGraphWalker - Visiting attribute path : qualityAdmin.isAdmin
18:19:19.134 [main] DEBUG o.h.p.w.spi.MetamodelGraphWalker - Visiting attribute path : qualityAdmin.lastLogin
18:19:19.134 [main] DEBUG o.h.p.w.spi.MetamodelGraphWalker - Visiting attribute path : qualityAdmin.loginCount
18:19:19.134 [main] DEBUG o.h.p.w.spi.MetamodelGraphWalker - Visiting attribute path : qualityAdmin.password
18:19:19.134 [main] DEBUG o.h.p.w.spi.MetamodelGraphWalker - Visiting attribute path : qualityAdmin.phone
18:19:19.134 [main] DEBUG o.h.p.w.spi.MetamodelGraphWalker - Visiting attribute path : qualityAdmin.projects
18:19:19.134 [main] DEBUG o.h.p.w.spi.MetamodelGraphWalker - Visiting attribute path : qualityAdmin.username
18:19:19.134 [main] DEBUG o.h.p.w.spi.MetamodelGraphWalker - Visiting attribute path : remark
18:19:19.134 [main] DEBUG o.h.p.w.spi.MetamodelGraphWalker - Visiting attribute path : reviewers
18:19:19.134 [main] DEBUG o.h.p.w.spi.MetamodelGraphWalker - Visiting attribute path : reviewingFinishDate
18:19:19.134 [main] DEBUG o.h.p.w.spi.MetamodelGraphWalker - Visiting attribute path : reviewingStartDate
18:19:19.134 [main] DEBUG o.h.p.w.spi.MetamodelGraphWalker - Visiting attribute path : scenario
18:19:19.134 [main] DEBUG o.h.p.w.spi.MetamodelGraphWalker - Visiting attribute path : score
18:19:19.135 [main] DEBUG o.h.p.w.spi.MetamodelGraphWalker - Visiting attribute path : status
18:19:19.135 [main] DEBUG o.h.p.w.spi.MetamodelGraphWalker - Visiting attribute path : status.createdOn
18:19:19.135 [main] DEBUG o.h.p.w.spi.MetamodelGraphWalker - Visiting attribute path : status.updatedOn
18:19:19.135 [main] DEBUG o.h.p.w.spi.MetamodelGraphWalker - Visiting attribute path : status.isFinish
18:19:19.135 [main] DEBUG o.h.p.w.spi.MetamodelGraphWalker - Visiting attribute path : status.isStart
18:19:19.135 [main] DEBUG o.h.p.w.spi.MetamodelGraphWalker - Visiting attribute path : status.name
18:19:19.135 [main] DEBUG o.h.p.w.spi.MetamodelGraphWalker - Visiting attribute path : status.accessibleByAuthor
18:19:19.135 [main] DEBUG o.h.p.w.spi.MetamodelGraphWalker - Visiting attribute path : status.accessibleByFacilitator
18:19:19.135 [main] DEBUG o.h.p.w.spi.MetamodelGraphWalker - Visiting attribute path : status.accessibleByQualityAdmin
18:19:19.135 [main] DEBUG o.h.p.w.spi.MetamodelGraphWalker - Visiting attribute path : status.accessibleByReviewer
18:19:19.135 [main] DEBUG o.h.p.w.spi.MetamodelGraphWalker - Visiting attribute path : stem
18:19:19.135 [main] DEBUG o.h.p.w.spi.MetamodelGraphWalker - Visiting attribute path : type
18:19:19.135 [main] DEBUG o.h.p.w.spi.MetamodelGraphWalker - Visiting attribute path : type.createdOn
18:19:19.135 [main] DEBUG o.h.p.w.spi.MetamodelGraphWalker - Visiting attribute path : type.updatedOn
18:19:19.135 [main] DEBUG o.h.p.w.spi.MetamodelGraphWalker - Visiting attribute path : type.name
18:19:19.136 [main] DEBUG o.h.p.w.spi.MetamodelGraphWalker - Visiting attribute path : createdOn
18:19:19.136 [main] DEBUG o.h.p.w.spi.MetamodelGraphWalker - Visiting attribute path : updatedOn
18:19:19.136 [main] DEBUG o.h.p.w.spi.MetamodelGraphWalker - Visiting attribute path : author
18:19:19.136 [main] DEBUG o.h.p.w.spi.MetamodelGraphWalker - Visiting attribute path : authoringFinishDate
18:19:19.136 [main] DEBUG o.h.p.w.spi.MetamodelGraphWalker - Visiting attribute path : authoringStartDate
18:19:19.136 [main] DEBUG o.h.p.w.spi.MetamodelGraphWalker - Visiting attribute path : customField2
18:19:19.136 [main] DEBUG o.h.p.w.spi.MetamodelGraphWalker - Visiting attribute path : customField3
18:19:19.136 [main] DEBUG o.h.p.w.spi.MetamodelGraphWalker - Visiting attribute path : customFiled1
18:19:19.136 [main] DEBUG o.h.p.w.spi.MetamodelGraphWalker - Visiting attribute path : description
18:19:19.136 [main] DEBUG o.h.p.w.spi.MetamodelGraphWalker - Visiting attribute path : difficulty
18:19:19.136 [main] DEBUG o.h.p.w.spi.MetamodelGraphWalker - Visiting attribute path : images
18:19:19.137 [main] DEBUG o.h.p.w.spi.MetamodelGraphWalker - Visiting attribute path : knowledgePoint
18:19:19.137 [main] DEBUG o.h.p.w.spi.MetamodelGraphWalker - Visiting attribute path : language
18:19:19.137 [main] DEBUG o.h.p.w.spi.MetamodelGraphWalker - Visiting attribute path : memo
18:19:19.137 [main] DEBUG o.h.p.w.spi.MetamodelGraphWalker - Visiting attribute path : multipleChoice
18:19:19.137 [main] DEBUG o.h.p.w.spi.MetamodelGraphWalker - Visiting attribute path : project
18:19:19.137 [main] DEBUG o.h.p.w.spi.MetamodelGraphWalker - Visiting attribute path : published
18:19:19.137 [main] DEBUG o.h.p.w.spi.MetamodelGraphWalker - Visiting attribute path : qualityAdmin
18:19:19.137 [main] DEBUG o.h.p.w.spi.MetamodelGraphWalker - Visiting attribute path : remark
18:19:19.137 [main] DEBUG o.h.p.w.spi.MetamodelGraphWalker - Visiting attribute path : reviewers
18:19:19.137 [main] DEBUG o.h.p.w.spi.MetamodelGraphWalker - Visiting attribute path : reviewingFinishDate
18:19:19.137 [main] DEBUG o.h.p.w.spi.MetamodelGraphWalker - Visiting attribute path : reviewingStartDate
18:19:19.137 [main] DEBUG o.h.p.w.spi.MetamodelGraphWalker - Visiting attribute path : scenario
18:19:19.137 [main] DEBUG o.h.p.w.spi.MetamodelGraphWalker - Visiting attribute path : score
18:19:19.137 [main] DEBUG o.h.p.w.spi.MetamodelGraphWalker - Visiting attribute path : status
18:19:19.137 [main] DEBUG o.h.p.w.spi.MetamodelGraphWalker - Visiting attribute path : stem
18:19:19.137 [main] DEBUG o.h.p.w.spi.MetamodelGraphWalker - Visiting attribute path : type
18:19:19.138 [main] DEBUG o.h.p.w.spi.MetamodelGraphWalker - Visiting attribute path : createdOn
18:19:19.138 [main] DEBUG o.h.p.w.spi.MetamodelGraphWalker - Visiting attribute path : updatedOn
18:19:19.138 [main] DEBUG o.h.p.w.spi.MetamodelGraphWalker - Visiting attribute path : author
18:19:19.138 [main] DEBUG o.h.p.w.spi.MetamodelGraphWalker - Visiting attribute path : authoringFinishDate
18:19:19.138 [main] DEBUG o.h.p.w.spi.MetamodelGraphWalker - Visiting attribute path : authoringStartDate
18:19:19.138 [main] DEBUG o.h.p.w.spi.MetamodelGraphWalker - Visiting attribute path : customField2
18:19:19.138 [main] DEBUG o.h.p.w.spi.MetamodelGraphWalker - Visiting attribute path : customField3
18:19:19.138 [main] DEBUG o.h.p.w.spi.MetamodelGraphWalker - Visiting attribute path : customFiled1
18:19:19.138 [main] DEBUG o.h.p.w.spi.MetamodelGraphWalker - Visiting attribute path : description
18:19:19.138 [main] DEBUG o.h.p.w.spi.MetamodelGraphWalker - Visiting attribute path : difficulty
18:19:19.138 [main] DEBUG o.h.p.w.spi.MetamodelGraphWalker - Visiting attribute path : images
18:19:19.138 [main] DEBUG o.h.p.w.spi.MetamodelGraphWalker - Visiting attribute path : knowledgePoint
18:19:19.138 [main] DEBUG o.h.p.w.spi.MetamodelGraphWalker - Visiting attribute path : language
18:19:19.138 [main] DEBUG o.h.p.w.spi.MetamodelGraphWalker - Visiting attribute path : memo
18:19:19.138 [main] DEBUG o.h.p.w.spi.MetamodelGraphWalker - Visiting attribute path : multipleChoice
18:19:19.138 [main] DEBUG o.h.p.w.spi.MetamodelGraphWalker - Visiting attribute path : project
18:19:19.138 [main] DEBUG o.h.p.w.spi.MetamodelGraphWalker - Visiting attribute path : published
18:19:19.138 [main] DEBUG o.h.p.w.spi.MetamodelGraphWalker - Visiting attribute path : qualityAdmin
18:19:19.139 [main] DEBUG o.h.p.w.spi.MetamodelGraphWalker - Visiting attribute path : remark
18:19:19.139 [main] DEBUG o.h.p.w.spi.MetamodelGraphWalker - Visiting attribute path : reviewers
18:19:19.139 [main] DEBUG o.h.p.w.spi.MetamodelGraphWalker - Visiting attribute path : reviewingFinishDate
18:19:19.139 [main] DEBUG o.h.p.w.spi.MetamodelGraphWalker - Visiting attribute path : reviewingStartDate
18:19:19.139 [main] DEBUG o.h.p.w.spi.MetamodelGraphWalker - Visiting attribute path : scenario
18:19:19.139 [main] DEBUG o.h.p.w.spi.MetamodelGraphWalker - Visiting attribute path : score
18:19:19.139 [main] DEBUG o.h.p.w.spi.MetamodelGraphWalker - Visiting attribute path : status
18:19:19.139 [main] DEBUG o.h.p.w.spi.MetamodelGraphWalker - Visiting attribute path : stem
18:19:19.139 [main] DEBUG o.h.p.w.spi.MetamodelGraphWalker - Visiting attribute path : type
18:19:19.139 [main] DEBUG o.h.p.w.spi.MetamodelGraphWalker - Visiting attribute path : createdOn
18:19:19.139 [main] DEBUG o.h.p.w.spi.MetamodelGraphWalker - Visiting attribute path : updatedOn
18:19:19.139 [main] DEBUG o.h.p.w.spi.MetamodelGraphWalker - Visiting attribute path : author
18:19:19.139 [main] DEBUG o.h.p.w.spi.MetamodelGraphWalker - Visiting attribute path : authoringFinishDate
18:19:19.139 [main] DEBUG o.h.p.w.spi.MetamodelGraphWalker - Visiting attribute path : authoringStartDate
18:19:19.139 [main] DEBUG o.h.p.w.spi.MetamodelGraphWalker - Visiting attribute path : customField2
18:19:19.139 [main] DEBUG o.h.p.w.spi.MetamodelGraphWalker - Visiting attribute path : customField3
18:19:19.139 [main] DEBUG o.h.p.w.spi.MetamodelGraphWalker - Visiting attribute path : customFiled1
18:19:19.139 [main] DEBUG o.h.p.w.spi.MetamodelGraphWalker - Visiting attribute path : description
18:19:19.139 [main] DEBUG o.h.p.w.spi.MetamodelGraphWalker - Visiting attribute path : difficulty
18:19:19.139 [main] DEBUG o.h.p.w.spi.MetamodelGraphWalker - Visiting attribute path : images
18:19:19.140 [main] DEBUG o.h.p.w.spi.MetamodelGraphWalker - Visiting attribute path : knowledgePoint
18:19:19.140 [main] DEBUG o.h.p.w.spi.MetamodelGraphWalker - Visiting attribute path : language
18:19:19.140 [main] DEBUG o.h.p.w.spi.MetamodelGraphWalker - Visiting attribute path : memo
18:19:19.140 [main] DEBUG o.h.p.w.spi.MetamodelGraphWalker - Visiting attribute path : multipleChoice
18:19:19.140 [main] DEBUG o.h.p.w.spi.MetamodelGraphWalker - Visiting attribute path : project
18:19:19.140 [main] DEBUG o.h.p.w.spi.MetamodelGraphWalker - Visiting attribute path : published
18:19:19.140 [main] DEBUG o.h.p.w.spi.MetamodelGraphWalker - Visiting attribute path : qualityAdmin
18:19:19.140 [main] DEBUG o.h.p.w.spi.MetamodelGraphWalker - Visiting attribute path : remark
18:19:19.140 [main] DEBUG o.h.p.w.spi.MetamodelGraphWalker - Visiting attribute path : reviewers
18:19:19.140 [main] DEBUG o.h.p.w.spi.MetamodelGraphWalker - Visiting attribute path : reviewingFinishDate
18:19:19.140 [main] DEBUG o.h.p.w.spi.MetamodelGraphWalker - Visiting attribute path : reviewingStartDate
18:19:19.140 [main] DEBUG o.h.p.w.spi.MetamodelGraphWalker - Visiting attribute path : scenario
18:19:19.140 [main] DEBUG o.h.p.w.spi.MetamodelGraphWalker - Visiting attribute path : score
18:19:19.140 [main] DEBUG o.h.p.w.spi.MetamodelGraphWalker - Visiting attribute path : status
18:19:19.140 [main] DEBUG o.h.p.w.spi.MetamodelGraphWalker - Visiting attribute path : stem
18:19:19.140 [main] DEBUG o.h.p.w.spi.MetamodelGraphWalker - Visiting attribute path : type
18:19:19.141 [main] DEBUG o.h.p.w.spi.MetamodelGraphWalker - Visiting attribute path : createdOn
18:19:19.141 [main] DEBUG o.h.p.w.spi.MetamodelGraphWalker - Visiting attribute path : updatedOn
18:19:19.141 [main] DEBUG o.h.p.w.spi.MetamodelGraphWalker - Visiting attribute path : author
18:19:19.141 [main] DEBUG o.h.p.w.spi.MetamodelGraphWalker - Visiting attribute path : authoringFinishDate
18:19:19.141 [main] DEBUG o.h.p.w.spi.MetamodelGraphWalker - Visiting attribute path : authoringStartDate
18:19:19.141 [main] DEBUG o.h.p.w.spi.MetamodelGraphWalker - Visiting attribute path : customField2
18:19:19.141 [main] DEBUG o.h.p.w.spi.MetamodelGraphWalker - Visiting attribute path : customField3
18:19:19.141 [main] DEBUG o.h.p.w.spi.MetamodelGraphWalker - Visiting attribute path : customFiled1
18:19:19.141 [main] DEBUG o.h.p.w.spi.MetamodelGraphWalker - Visiting attribute path : description
18:19:19.141 [main] DEBUG o.h.p.w.spi.MetamodelGraphWalker - Visiting attribute path : difficulty
18:19:19.141 [main] DEBUG o.h.p.w.spi.MetamodelGraphWalker - Visiting attribute path : images
18:19:19.141 [main] DEBUG o.h.p.w.spi.MetamodelGraphWalker - Visiting attribute path : knowledgePoint
18:19:19.141 [main] DEBUG o.h.p.w.spi.MetamodelGraphWalker - Visiting attribute path : language
18:19:19.141 [main] DEBUG o.h.p.w.spi.MetamodelGraphWalker - Visiting attribute path : memo
18:19:19.141 [main] DEBUG o.h.p.w.spi.MetamodelGraphWalker - Visiting attribute path : multipleChoice
18:19:19.141 [main] DEBUG o.h.p.w.spi.MetamodelGraphWalker - Visiting attribute path : project
18:19:19.141 [main] DEBUG o.h.p.w.spi.MetamodelGraphWalker - Visiting attribute path : published
18:19:19.142 [main] DEBUG o.h.p.w.spi.MetamodelGraphWalker - Visiting attribute path : qualityAdmin
18:19:19.142 [main] DEBUG o.h.p.w.spi.MetamodelGraphWalker - Visiting attribute path : remark
18:19:19.142 [main] DEBUG o.h.p.w.spi.MetamodelGraphWalker - Visiting attribute path : reviewers
18:19:19.142 [main] DEBUG o.h.p.w.spi.MetamodelGraphWalker - Visiting attribute path : reviewingFinishDate
18:19:19.142 [main] DEBUG o.h.p.w.spi.MetamodelGraphWalker - Visiting attribute path : reviewingStartDate
18:19:19.142 [main] DEBUG o.h.p.w.spi.MetamodelGraphWalker - Visiting attribute path : scenario
18:19:19.142 [main] DEBUG o.h.p.w.spi.MetamodelGraphWalker - Visiting attribute path : score
18:19:19.142 [main] DEBUG o.h.p.w.spi.MetamodelGraphWalker - Visiting attribute path : status
18:19:19.142 [main] DEBUG o.h.p.w.spi.MetamodelGraphWalker - Visiting attribute path : stem
18:19:19.142 [main] DEBUG o.h.p.w.spi.MetamodelGraphWalker - Visiting attribute path : type
18:19:19.142 [main] DEBUG o.h.p.w.spi.MetamodelGraphWalker - Visiting attribute path : createdOn
18:19:19.143 [main] DEBUG o.h.p.w.spi.MetamodelGraphWalker - Visiting attribute path : updatedOn
18:19:19.143 [main] DEBUG o.h.p.w.spi.MetamodelGraphWalker - Visiting attribute path : author
18:19:19.143 [main] DEBUG o.h.p.w.spi.MetamodelGraphWalker - Visiting attribute path : authoringFinishDate
18:19:19.143 [main] DEBUG o.h.p.w.spi.MetamodelGraphWalker - Visiting attribute path : authoringStartDate
18:19:19.143 [main] DEBUG o.h.p.w.spi.MetamodelGraphWalker - Visiting attribute path : customField2
18:19:19.143 [main] DEBUG o.h.p.w.spi.MetamodelGraphWalker - Visiting attribute path : customField3
18:19:19.143 [main] DEBUG o.h.p.w.spi.MetamodelGraphWalker - Visiting attribute path : customFiled1
18:19:19.143 [main] DEBUG o.h.p.w.spi.MetamodelGraphWalker - Visiting attribute path : description
18:19:19.143 [main] DEBUG o.h.p.w.spi.MetamodelGraphWalker - Visiting attribute path : difficulty
18:19:19.143 [main] DEBUG o.h.p.w.spi.MetamodelGraphWalker - Visiting attribute path : images
18:19:19.143 [main] DEBUG o.h.p.w.spi.MetamodelGraphWalker - Visiting attribute path : knowledgePoint
18:19:19.143 [main] DEBUG o.h.p.w.spi.MetamodelGraphWalker - Visiting attribute path : language
18:19:19.143 [main] DEBUG o.h.p.w.spi.MetamodelGraphWalker - Visiting attribute path : memo
18:19:19.143 [main] DEBUG o.h.p.w.spi.MetamodelGraphWalker - Visiting attribute path : multipleChoice
18:19:19.143 [main] DEBUG o.h.p.w.spi.MetamodelGraphWalker - Visiting attribute path : project
18:19:19.144 [main] DEBUG o.h.p.w.spi.MetamodelGraphWalker - Visiting attribute path : published
18:19:19.144 [main] DEBUG o.h.p.w.spi.MetamodelGraphWalker - Visiting attribute path : qualityAdmin
18:19:19.144 [main] DEBUG o.h.p.w.spi.MetamodelGraphWalker - Visiting attribute path : remark
18:19:19.144 [main] DEBUG o.h.p.w.spi.MetamodelGraphWalker - Visiting attribute path : reviewers
18:19:19.144 [main] DEBUG o.h.p.w.spi.MetamodelGraphWalker - Visiting attribute path : reviewingFinishDate
18:19:19.144 [main] DEBUG o.h.p.w.spi.MetamodelGraphWalker - Visiting attribute path : reviewingStartDate
18:19:19.144 [main] DEBUG o.h.p.w.spi.MetamodelGraphWalker - Visiting attribute path : scenario
18:19:19.144 [main] DEBUG o.h.p.w.spi.MetamodelGraphWalker - Visiting attribute path : score
18:19:19.144 [main] DEBUG o.h.p.w.spi.MetamodelGraphWalker - Visiting attribute path : status
18:19:19.144 [main] DEBUG o.h.p.w.spi.MetamodelGraphWalker - Visiting attribute path : stem
18:19:19.144 [main] DEBUG o.h.p.w.spi.MetamodelGraphWalker - Visiting attribute path : type
18:19:19.144 [main] DEBUG o.h.p.w.spi.MetamodelGraphWalker - Visiting attribute path : createdOn
18:19:19.145 [main] DEBUG o.h.p.w.spi.MetamodelGraphWalker - Visiting attribute path : updatedOn
18:19:19.145 [main] DEBUG o.h.p.w.spi.MetamodelGraphWalker - Visiting attribute path : author
18:19:19.145 [main] DEBUG o.h.p.w.spi.MetamodelGraphWalker - Visiting attribute path : authoringFinishDate
18:19:19.145 [main] DEBUG o.h.p.w.spi.MetamodelGraphWalker - Visiting attribute path : authoringStartDate
18:19:19.145 [main] DEBUG o.h.p.w.spi.MetamodelGraphWalker - Visiting attribute path : customField2
18:19:19.145 [main] DEBUG o.h.p.w.spi.MetamodelGraphWalker - Visiting attribute path : customField3
18:19:19.145 [main] DEBUG o.h.p.w.spi.MetamodelGraphWalker - Visiting attribute path : customFiled1
18:19:19.145 [main] DEBUG o.h.p.w.spi.MetamodelGraphWalker - Visiting attribute path : description
18:19:19.145 [main] DEBUG o.h.p.w.spi.MetamodelGraphWalker - Visiting attribute path : difficulty
18:19:19.145 [main] DEBUG o.h.p.w.spi.MetamodelGraphWalker - Visiting attribute path : images
18:19:19.145 [main] DEBUG o.h.p.w.spi.MetamodelGraphWalker - Visiting attribute path : knowledgePoint
18:19:19.145 [main] DEBUG o.h.p.w.spi.MetamodelGraphWalker - Visiting attribute path : language
18:19:19.145 [main] DEBUG o.h.p.w.spi.MetamodelGraphWalker - Visiting attribute path : memo
18:19:19.145 [main] DEBUG o.h.p.w.spi.MetamodelGraphWalker - Visiting attribute path : multipleChoice
18:19:19.146 [main] DEBUG o.h.p.w.spi.MetamodelGraphWalker - Visiting attribute path : project
18:19:19.146 [main] DEBUG o.h.p.w.spi.MetamodelGraphWalker - Visiting attribute path : published
18:19:19.146 [main] DEBUG o.h.p.w.spi.MetamodelGraphWalker - Visiting attribute path : qualityAdmin
18:19:19.146 [main] DEBUG o.h.p.w.spi.MetamodelGraphWalker - Visiting attribute path : remark
18:19:19.146 [main] DEBUG o.h.p.w.spi.MetamodelGraphWalker - Visiting attribute path : reviewers
18:19:19.146 [main] DEBUG o.h.p.w.spi.MetamodelGraphWalker - Visiting attribute path : reviewingFinishDate
18:19:19.146 [main] DEBUG o.h.p.w.spi.MetamodelGraphWalker - Visiting attribute path : reviewingStartDate
18:19:19.146 [main] DEBUG o.h.p.w.spi.MetamodelGraphWalker - Visiting attribute path : scenario
18:19:19.146 [main] DEBUG o.h.p.w.spi.MetamodelGraphWalker - Visiting attribute path : score
18:19:19.146 [main] DEBUG o.h.p.w.spi.MetamodelGraphWalker - Visiting attribute path : status
18:19:19.146 [main] DEBUG o.h.p.w.spi.MetamodelGraphWalker - Visiting attribute path : stem
18:19:19.146 [main] DEBUG o.h.p.w.spi.MetamodelGraphWalker - Visiting attribute path : type
18:19:19.147 [main] DEBUG o.h.p.w.spi.MetamodelGraphWalker - Visiting attribute path : createdOn
18:19:19.147 [main] DEBUG o.h.p.w.spi.MetamodelGraphWalker - Visiting attribute path : updatedOn
18:19:19.147 [main] DEBUG o.h.p.w.spi.MetamodelGraphWalker - Visiting attribute path : author
18:19:19.147 [main] DEBUG o.h.p.w.spi.MetamodelGraphWalker - Visiting attribute path : authoringFinishDate
18:19:19.147 [main] DEBUG o.h.p.w.spi.MetamodelGraphWalker - Visiting attribute path : authoringStartDate
18:19:19.147 [main] DEBUG o.h.p.w.spi.MetamodelGraphWalker - Visiting attribute path : customField2
18:19:19.147 [main] DEBUG o.h.p.w.spi.MetamodelGraphWalker - Visiting attribute path : customField3
18:19:19.147 [main] DEBUG o.h.p.w.spi.MetamodelGraphWalker - Visiting attribute path : customFiled1
18:19:19.147 [main] DEBUG o.h.p.w.spi.MetamodelGraphWalker - Visiting attribute path : description
18:19:19.147 [main] DEBUG o.h.p.w.spi.MetamodelGraphWalker - Visiting attribute path : difficulty
18:19:19.147 [main] DEBUG o.h.p.w.spi.MetamodelGraphWalker - Visiting attribute path : images
18:19:19.147 [main] DEBUG o.h.p.w.spi.MetamodelGraphWalker - Visiting attribute path : knowledgePoint
18:19:19.147 [main] DEBUG o.h.p.w.spi.MetamodelGraphWalker - Visiting attribute path : language
18:19:19.147 [main] DEBUG o.h.p.w.spi.MetamodelGraphWalker - Visiting attribute path : memo
18:19:19.147 [main] DEBUG o.h.p.w.spi.MetamodelGraphWalker - Visiting attribute path : multipleChoice
18:19:19.147 [main] DEBUG o.h.p.w.spi.MetamodelGraphWalker - Visiting attribute path : project
18:19:19.147 [main] DEBUG o.h.p.w.spi.MetamodelGraphWalker - Visiting attribute path : published
18:19:19.147 [main] DEBUG o.h.p.w.spi.MetamodelGraphWalker - Visiting attribute path : qualityAdmin
18:19:19.148 [main] DEBUG o.h.p.w.spi.MetamodelGraphWalker - Visiting attribute path : remark
18:19:19.148 [main] DEBUG o.h.p.w.spi.MetamodelGraphWalker - Visiting attribute path : reviewers
18:19:19.148 [main] DEBUG o.h.p.w.spi.MetamodelGraphWalker - Visiting attribute path : reviewingFinishDate
18:19:19.148 [main] DEBUG o.h.p.w.spi.MetamodelGraphWalker - Visiting attribute path : reviewingStartDate
18:19:19.148 [main] DEBUG o.h.p.w.spi.MetamodelGraphWalker - Visiting attribute path : scenario
18:19:19.148 [main] DEBUG o.h.p.w.spi.MetamodelGraphWalker - Visiting attribute path : score
18:19:19.148 [main] DEBUG o.h.p.w.spi.MetamodelGraphWalker - Visiting attribute path : status
18:19:19.148 [main] DEBUG o.h.p.w.spi.MetamodelGraphWalker - Visiting attribute path : stem
18:19:19.148 [main] DEBUG o.h.p.w.spi.MetamodelGraphWalker - Visiting attribute path : type
18:19:19.148 [main] DEBUG o.h.p.w.spi.MetamodelGraphWalker - Visiting attribute path : createdOn
18:19:19.148 [main] DEBUG o.h.p.w.spi.MetamodelGraphWalker - Visiting attribute path : updatedOn
18:19:19.148 [main] DEBUG o.h.p.w.spi.MetamodelGraphWalker - Visiting attribute path : author
18:19:19.148 [main] DEBUG o.h.p.w.spi.MetamodelGraphWalker - Visiting attribute path : authoringFinishDate
18:19:19.149 [main] DEBUG o.h.p.w.spi.MetamodelGraphWalker - Visiting attribute path : authoringStartDate
18:19:19.149 [main] DEBUG o.h.p.w.spi.MetamodelGraphWalker - Visiting attribute path : customField2
18:19:19.149 [main] DEBUG o.h.p.w.spi.MetamodelGraphWalker - Visiting attribute path : customField3
18:19:19.149 [main] DEBUG o.h.p.w.spi.MetamodelGraphWalker - Visiting attribute path : customFiled1
18:19:19.149 [main] DEBUG o.h.p.w.spi.MetamodelGraphWalker - Visiting attribute path : description
18:19:19.149 [main] DEBUG o.h.p.w.spi.MetamodelGraphWalker - Visiting attribute path : difficulty
18:19:19.149 [main] DEBUG o.h.p.w.spi.MetamodelGraphWalker - Visiting attribute path : images
18:19:19.149 [main] DEBUG o.h.p.w.spi.MetamodelGraphWalker - Visiting attribute path : knowledgePoint
18:19:19.149 [main] DEBUG o.h.p.w.spi.MetamodelGraphWalker - Visiting attribute path : language
18:19:19.149 [main] DEBUG o.h.p.w.spi.MetamodelGraphWalker - Visiting attribute path : memo
18:19:19.149 [main] DEBUG o.h.p.w.spi.MetamodelGraphWalker - Visiting attribute path : multipleChoice
18:19:19.149 [main] DEBUG o.h.p.w.spi.MetamodelGraphWalker - Visiting attribute path : project
18:19:19.149 [main] DEBUG o.h.p.w.spi.MetamodelGraphWalker - Visiting attribute path : published
18:19:19.149 [main] DEBUG o.h.p.w.spi.MetamodelGraphWalker - Visiting attribute path : qualityAdmin
18:19:19.149 [main] DEBUG o.h.p.w.spi.MetamodelGraphWalker - Visiting attribute path : remark
18:19:19.149 [main] DEBUG o.h.p.w.spi.MetamodelGraphWalker - Visiting attribute path : reviewers
18:19:19.149 [main] DEBUG o.h.p.w.spi.MetamodelGraphWalker - Visiting attribute path : reviewingFinishDate
18:19:19.149 [main] DEBUG o.h.p.w.spi.MetamodelGraphWalker - Visiting attribute path : reviewingStartDate
18:19:19.149 [main] DEBUG o.h.p.w.spi.MetamodelGraphWalker - Visiting attribute path : scenario
18:19:19.149 [main] DEBUG o.h.p.w.spi.MetamodelGraphWalker - Visiting attribute path : score
18:19:19.149 [main] DEBUG o.h.p.w.spi.MetamodelGraphWalker - Visiting attribute path : status
18:19:19.149 [main] DEBUG o.h.p.w.spi.MetamodelGraphWalker - Visiting attribute path : stem
18:19:19.149 [main] DEBUG o.h.p.w.spi.MetamodelGraphWalker - Visiting attribute path : type
18:19:19.150 [main] DEBUG o.h.p.w.spi.MetamodelGraphWalker - Visiting attribute path : createdOn
18:19:19.150 [main] DEBUG o.h.p.w.spi.MetamodelGraphWalker - Visiting attribute path : updatedOn
18:19:19.150 [main] DEBUG o.h.p.w.spi.MetamodelGraphWalker - Visiting attribute path : author
18:19:19.150 [main] DEBUG o.h.p.w.spi.MetamodelGraphWalker - Visiting attribute path : authoringFinishDate
18:19:19.150 [main] DEBUG o.h.p.w.spi.MetamodelGraphWalker - Visiting attribute path : authoringStartDate
18:19:19.150 [main] DEBUG o.h.p.w.spi.MetamodelGraphWalker - Visiting attribute path : customField2
18:19:19.150 [main] DEBUG o.h.p.w.spi.MetamodelGraphWalker - Visiting attribute path : customField3
18:19:19.150 [main] DEBUG o.h.p.w.spi.MetamodelGraphWalker - Visiting attribute path : customFiled1
18:19:19.150 [main] DEBUG o.h.p.w.spi.MetamodelGraphWalker - Visiting attribute path : description
18:19:19.150 [main] DEBUG o.h.p.w.spi.MetamodelGraphWalker - Visiting attribute path : difficulty
18:19:19.150 [main] DEBUG o.h.p.w.spi.MetamodelGraphWalker - Visiting attribute path : images
18:19:19.150 [main] DEBUG o.h.p.w.spi.MetamodelGraphWalker - Visiting attribute path : knowledgePoint
18:19:19.150 [main] DEBUG o.h.p.w.spi.MetamodelGraphWalker - Visiting attribute path : language
18:19:19.150 [main] DEBUG o.h.p.w.spi.MetamodelGraphWalker - Visiting attribute path : memo
18:19:19.150 [main] DEBUG o.h.p.w.spi.MetamodelGraphWalker - Visiting attribute path : multipleChoice
18:19:19.150 [main] DEBUG o.h.p.w.spi.MetamodelGraphWalker - Visiting attribute path : project
18:19:19.150 [main] DEBUG o.h.p.w.spi.MetamodelGraphWalker - Visiting attribute path : published
18:19:19.150 [main] DEBUG o.h.p.w.spi.MetamodelGraphWalker - Visiting attribute path : qualityAdmin
18:19:19.150 [main] DEBUG o.h.p.w.spi.MetamodelGraphWalker - Visiting attribute path : remark
18:19:19.150 [main] DEBUG o.h.p.w.spi.MetamodelGraphWalker - Visiting attribute path : reviewers
18:19:19.150 [main] DEBUG o.h.p.w.spi.MetamodelGraphWalker - Visiting attribute path : reviewingFinishDate
18:19:19.150 [main] DEBUG o.h.p.w.spi.MetamodelGraphWalker - Visiting attribute path : reviewingStartDate
18:19:19.150 [main] DEBUG o.h.p.w.spi.MetamodelGraphWalker - Visiting attribute path : scenario
18:19:19.150 [main] DEBUG o.h.p.w.spi.MetamodelGraphWalker - Visiting attribute path : score
18:19:19.150 [main] DEBUG o.h.p.w.spi.MetamodelGraphWalker - Visiting attribute path : status
18:19:19.151 [main] DEBUG o.h.p.w.spi.MetamodelGraphWalker - Visiting attribute path : stem
18:19:19.151 [main] DEBUG o.h.p.w.spi.MetamodelGraphWalker - Visiting attribute path : type
18:19:19.152 [main] DEBUG o.h.p.entity.AbstractEntityPersister - Static SQL for entity: cn.cstqb.exam.testmaker.entities.Role
18:19:19.152 [main] DEBUG o.h.p.entity.AbstractEntityPersister -  Version select: select id from role where id =?
18:19:19.152 [main] DEBUG o.h.p.entity.AbstractEntityPersister -  Snapshot select: select role_.id, role_.updated_on as updated_3_18_, role_.name as name4_18_ from role role_ where role_.id=?
18:19:19.152 [main] DEBUG o.h.p.entity.AbstractEntityPersister -  Insert 0: insert into role (created_on, updated_on, name, id) values (?, ?, ?, ?)
18:19:19.152 [main] DEBUG o.h.p.entity.AbstractEntityPersister -  Update 0: update role set updated_on=?, name=? where id=?
18:19:19.152 [main] DEBUG o.h.p.entity.AbstractEntityPersister -  Delete 0: delete from role where id=?
18:19:19.152 [main] DEBUG o.h.p.entity.AbstractEntityPersister -  Identity insert: insert into role (created_on, updated_on, name) values (?, ?, ?)
18:19:19.152 [main] DEBUG o.h.p.w.spi.MetamodelGraphWalker - Visiting attribute path : createdOn
18:19:19.152 [main] DEBUG o.h.p.w.spi.MetamodelGraphWalker - Visiting attribute path : updatedOn
18:19:19.152 [main] DEBUG o.h.p.w.spi.MetamodelGraphWalker - Visiting attribute path : name
18:19:19.152 [main] DEBUG o.h.p.w.spi.MetamodelGraphWalker - Visiting attribute path : createdOn
18:19:19.153 [main] DEBUG o.h.p.w.spi.MetamodelGraphWalker - Visiting attribute path : updatedOn
18:19:19.153 [main] DEBUG o.h.p.w.spi.MetamodelGraphWalker - Visiting attribute path : name
18:19:19.153 [main] DEBUG o.h.p.w.spi.MetamodelGraphWalker - Visiting attribute path : createdOn
18:19:19.153 [main] DEBUG o.h.p.w.spi.MetamodelGraphWalker - Visiting attribute path : updatedOn
18:19:19.153 [main] DEBUG o.h.p.w.spi.MetamodelGraphWalker - Visiting attribute path : name
18:19:19.153 [main] DEBUG o.h.p.w.spi.MetamodelGraphWalker - Visiting attribute path : createdOn
18:19:19.153 [main] DEBUG o.h.p.w.spi.MetamodelGraphWalker - Visiting attribute path : updatedOn
18:19:19.153 [main] DEBUG o.h.p.w.spi.MetamodelGraphWalker - Visiting attribute path : name
18:19:19.154 [main] DEBUG o.h.p.w.spi.MetamodelGraphWalker - Visiting attribute path : createdOn
18:19:19.154 [main] DEBUG o.h.p.w.spi.MetamodelGraphWalker - Visiting attribute path : updatedOn
18:19:19.154 [main] DEBUG o.h.p.w.spi.MetamodelGraphWalker - Visiting attribute path : name
18:19:19.154 [main] DEBUG o.h.p.w.spi.MetamodelGraphWalker - Visiting attribute path : createdOn
18:19:19.154 [main] DEBUG o.h.p.w.spi.MetamodelGraphWalker - Visiting attribute path : updatedOn
18:19:19.154 [main] DEBUG o.h.p.w.spi.MetamodelGraphWalker - Visiting attribute path : name
18:19:19.154 [main] DEBUG o.h.p.w.spi.MetamodelGraphWalker - Visiting attribute path : createdOn
18:19:19.154 [main] DEBUG o.h.p.w.spi.MetamodelGraphWalker - Visiting attribute path : updatedOn
18:19:19.154 [main] DEBUG o.h.p.w.spi.MetamodelGraphWalker - Visiting attribute path : name
18:19:19.154 [main] DEBUG o.h.p.w.spi.MetamodelGraphWalker - Visiting attribute path : createdOn
18:19:19.154 [main] DEBUG o.h.p.w.spi.MetamodelGraphWalker - Visiting attribute path : updatedOn
18:19:19.154 [main] DEBUG o.h.p.w.spi.MetamodelGraphWalker - Visiting attribute path : name
18:19:19.154 [main] DEBUG o.h.p.w.spi.MetamodelGraphWalker - Visiting attribute path : createdOn
18:19:19.155 [main] DEBUG o.h.p.w.spi.MetamodelGraphWalker - Visiting attribute path : updatedOn
18:19:19.155 [main] DEBUG o.h.p.w.spi.MetamodelGraphWalker - Visiting attribute path : name
18:19:19.155 [main] DEBUG o.h.p.w.spi.MetamodelGraphWalker - Visiting attribute path : createdOn
18:19:19.155 [main] DEBUG o.h.p.w.spi.MetamodelGraphWalker - Visiting attribute path : updatedOn
18:19:19.155 [main] DEBUG o.h.p.w.spi.MetamodelGraphWalker - Visiting attribute path : name
18:19:19.155 [main] DEBUG o.h.p.w.spi.MetamodelGraphWalker - Visiting attribute path : createdOn
18:19:19.155 [main] DEBUG o.h.p.w.spi.MetamodelGraphWalker - Visiting attribute path : updatedOn
18:19:19.155 [main] DEBUG o.h.p.w.spi.MetamodelGraphWalker - Visiting attribute path : name
18:19:19.156 [main] DEBUG o.h.p.entity.AbstractEntityPersister - Static SQL for entity: cn.cstqb.exam.testmaker.entities.Project
18:19:19.156 [main] DEBUG o.h.p.entity.AbstractEntityPersister -  Version select: select id from project where id =?
18:19:19.156 [main] DEBUG o.h.p.entity.AbstractEntityPersister -  Snapshot select: select project_.id, project_.updated_on as updated_3_4_, project_.custom_field1 as custom_f4_4_, project_.custom_field2 as custom_f5_4_, project_.custom_field3 as custom_f6_4_, project_.exported_by as exporte11_4_, project_.exported_on as exported7_4_, project_.facilitator_id as facilit12_4_, project_.finish_date as finish_d8_4_, project_.name as name9_4_, project_.start_date as start_d10_4_, project_.status_id as status_13_4_, project_.syllabus_id as syllabu14_4_ from project project_ where project_.id=?
18:19:19.157 [main] DEBUG o.h.p.entity.AbstractEntityPersister -  Insert 0: insert into project (created_on, updated_on, custom_field1, custom_field2, custom_field3, exported_by, exported_on, facilitator_id, finish_date, name, start_date, status_id, syllabus_id, id) values (?, ?, ?, ?, ?, ?, ?, ?, ?, ?, ?, ?, ?, ?)
18:19:19.157 [main] DEBUG o.h.p.entity.AbstractEntityPersister -  Update 0: update project set updated_on=?, custom_field1=?, custom_field2=?, custom_field3=?, exported_by=?, exported_on=?, facilitator_id=?, finish_date=?, name=?, start_date=?, status_id=?, syllabus_id=? where id=?
18:19:19.157 [main] DEBUG o.h.p.entity.AbstractEntityPersister -  Delete 0: delete from project where id=?
18:19:19.157 [main] DEBUG o.h.p.entity.AbstractEntityPersister -  Identity insert: insert into project (created_on, updated_on, custom_field1, custom_field2, custom_field3, exported_by, exported_on, facilitator_id, finish_date, name, start_date, status_id, syllabus_id) values (?, ?, ?, ?, ?, ?, ?, ?, ?, ?, ?, ?, ?)
18:19:19.157 [main] DEBUG o.h.p.w.spi.MetamodelGraphWalker - Visiting attribute path : createdOn
18:19:19.157 [main] DEBUG o.h.p.w.spi.MetamodelGraphWalker - Visiting attribute path : updatedOn
18:19:19.157 [main] DEBUG o.h.p.w.spi.MetamodelGraphWalker - Visiting attribute path : customField1
18:19:19.157 [main] DEBUG o.h.p.w.spi.MetamodelGraphWalker - Visiting attribute path : customField2
18:19:19.157 [main] DEBUG o.h.p.w.spi.MetamodelGraphWalker - Visiting attribute path : customField3
18:19:19.157 [main] DEBUG o.h.p.w.spi.MetamodelGraphWalker - Visiting attribute path : exportedBy
18:19:19.157 [main] DEBUG o.h.p.w.spi.MetamodelGraphWalker - Visiting attribute path : exportedBy.createdOn
18:19:19.157 [main] DEBUG o.h.p.w.spi.MetamodelGraphWalker - Visiting attribute path : exportedBy.updatedOn
18:19:19.157 [main] DEBUG o.h.p.w.spi.MetamodelGraphWalker - Visiting attribute path : exportedBy.email
18:19:19.157 [main] DEBUG o.h.p.w.spi.MetamodelGraphWalker - Visiting attribute path : exportedBy.enabled
18:19:19.158 [main] DEBUG o.h.p.w.spi.MetamodelGraphWalker - Visiting attribute path : exportedBy.fullName
18:19:19.158 [main] DEBUG o.h.p.w.spi.MetamodelGraphWalker - Visiting attribute path : exportedBy.isAdmin
18:19:19.158 [main] DEBUG o.h.p.w.spi.MetamodelGraphWalker - Visiting attribute path : exportedBy.lastLogin
18:19:19.158 [main] DEBUG o.h.p.w.spi.MetamodelGraphWalker - Visiting attribute path : exportedBy.loginCount
18:19:19.158 [main] DEBUG o.h.p.w.spi.MetamodelGraphWalker - Visiting attribute path : exportedBy.password
18:19:19.158 [main] DEBUG o.h.p.w.spi.MetamodelGraphWalker - Visiting attribute path : exportedBy.phone
18:19:19.158 [main] DEBUG o.h.p.w.spi.MetamodelGraphWalker - Visiting attribute path : exportedBy.projects
18:19:19.158 [main] DEBUG o.h.p.w.spi.MetamodelGraphWalker - Visiting attribute path : exportedBy.username
18:19:19.158 [main] DEBUG o.h.p.w.spi.MetamodelGraphWalker - Visiting attribute path : exportedOn
18:19:19.158 [main] DEBUG o.h.p.w.spi.MetamodelGraphWalker - Visiting attribute path : facilitator
18:19:19.158 [main] DEBUG o.h.p.w.spi.MetamodelGraphWalker - Visiting attribute path : facilitator.createdOn
18:19:19.158 [main] DEBUG o.h.p.w.spi.MetamodelGraphWalker - Visiting attribute path : facilitator.updatedOn
18:19:19.158 [main] DEBUG o.h.p.w.spi.MetamodelGraphWalker - Visiting attribute path : facilitator.email
18:19:19.158 [main] DEBUG o.h.p.w.spi.MetamodelGraphWalker - Visiting attribute path : facilitator.enabled
18:19:19.158 [main] DEBUG o.h.p.w.spi.MetamodelGraphWalker - Visiting attribute path : facilitator.fullName
18:19:19.158 [main] DEBUG o.h.p.w.spi.MetamodelGraphWalker - Visiting attribute path : facilitator.isAdmin
18:19:19.158 [main] DEBUG o.h.p.w.spi.MetamodelGraphWalker - Visiting attribute path : facilitator.lastLogin
18:19:19.158 [main] DEBUG o.h.p.w.spi.MetamodelGraphWalker - Visiting attribute path : facilitator.loginCount
18:19:19.158 [main] DEBUG o.h.p.w.spi.MetamodelGraphWalker - Visiting attribute path : facilitator.password
18:19:19.158 [main] DEBUG o.h.p.w.spi.MetamodelGraphWalker - Visiting attribute path : facilitator.phone
18:19:19.158 [main] DEBUG o.h.p.w.spi.MetamodelGraphWalker - Visiting attribute path : facilitator.projects
18:19:19.159 [main] DEBUG o.h.p.w.spi.MetamodelGraphWalker - Visiting attribute path : facilitator.username
18:19:19.159 [main] DEBUG o.h.p.w.spi.MetamodelGraphWalker - Visiting attribute path : finishDate
18:19:19.159 [main] DEBUG o.h.p.w.spi.MetamodelGraphWalker - Visiting attribute path : name
18:19:19.159 [main] DEBUG o.h.p.w.spi.MetamodelGraphWalker - Visiting attribute path : startDate
18:19:19.159 [main] DEBUG o.h.p.w.spi.MetamodelGraphWalker - Visiting attribute path : status
18:19:19.159 [main] DEBUG o.h.p.w.spi.MetamodelGraphWalker - Visiting attribute path : status.createdOn
18:19:19.159 [main] DEBUG o.h.p.w.spi.MetamodelGraphWalker - Visiting attribute path : status.updatedOn
18:19:19.159 [main] DEBUG o.h.p.w.spi.MetamodelGraphWalker - Visiting attribute path : status.isFinish
18:19:19.159 [main] DEBUG o.h.p.w.spi.MetamodelGraphWalker - Visiting attribute path : status.isStart
18:19:19.159 [main] DEBUG o.h.p.w.spi.MetamodelGraphWalker - Visiting attribute path : status.name
18:19:19.159 [main] DEBUG o.h.p.w.spi.MetamodelGraphWalker - Visiting attribute path : syllabus
18:19:19.159 [main] DEBUG o.h.p.w.spi.MetamodelGraphWalker - Visiting attribute path : syllabus.createdOn
18:19:19.159 [main] DEBUG o.h.p.w.spi.MetamodelGraphWalker - Visiting attribute path : syllabus.updatedOn
18:19:19.159 [main] DEBUG o.h.p.w.spi.MetamodelGraphWalker - Visiting attribute path : syllabus.chapters
18:19:19.159 [main] DEBUG o.h.p.w.spi.MetamodelGraphWalker - Visiting attribute path : syllabus.isDisabled
18:19:19.159 [main] DEBUG o.h.p.w.spi.MetamodelGraphWalker - Visiting attribute path : syllabus.level
18:19:19.159 [main] DEBUG o.h.p.w.spi.MetamodelGraphWalker - Visiting attribute path : syllabus.version
18:19:19.159 [main] DEBUG o.h.p.w.spi.MetamodelGraphWalker - Visiting attribute path : users
18:19:19.160 [main] DEBUG o.h.p.w.spi.MetamodelGraphWalker - Visiting attribute path : createdOn
18:19:19.160 [main] DEBUG o.h.p.w.spi.MetamodelGraphWalker - Visiting attribute path : updatedOn
18:19:19.160 [main] DEBUG o.h.p.w.spi.MetamodelGraphWalker - Visiting attribute path : customField1
18:19:19.160 [main] DEBUG o.h.p.w.spi.MetamodelGraphWalker - Visiting attribute path : customField2
18:19:19.160 [main] DEBUG o.h.p.w.spi.MetamodelGraphWalker - Visiting attribute path : customField3
18:19:19.160 [main] DEBUG o.h.p.w.spi.MetamodelGraphWalker - Visiting attribute path : exportedBy
18:19:19.160 [main] DEBUG o.h.p.w.spi.MetamodelGraphWalker - Visiting attribute path : exportedBy.createdOn
18:19:19.160 [main] DEBUG o.h.p.w.spi.MetamodelGraphWalker - Visiting attribute path : exportedBy.updatedOn
18:19:19.160 [main] DEBUG o.h.p.w.spi.MetamodelGraphWalker - Visiting attribute path : exportedBy.email
18:19:19.160 [main] DEBUG o.h.p.w.spi.MetamodelGraphWalker - Visiting attribute path : exportedBy.enabled
18:19:19.160 [main] DEBUG o.h.p.w.spi.MetamodelGraphWalker - Visiting attribute path : exportedBy.fullName
18:19:19.160 [main] DEBUG o.h.p.w.spi.MetamodelGraphWalker - Visiting attribute path : exportedBy.isAdmin
18:19:19.160 [main] DEBUG o.h.p.w.spi.MetamodelGraphWalker - Visiting attribute path : exportedBy.lastLogin
18:19:19.160 [main] DEBUG o.h.p.w.spi.MetamodelGraphWalker - Visiting attribute path : exportedBy.loginCount
18:19:19.160 [main] DEBUG o.h.p.w.spi.MetamodelGraphWalker - Visiting attribute path : exportedBy.password
18:19:19.161 [main] DEBUG o.h.p.w.spi.MetamodelGraphWalker - Visiting attribute path : exportedBy.phone
18:19:19.161 [main] DEBUG o.h.p.w.spi.MetamodelGraphWalker - Visiting attribute path : exportedBy.projects
18:19:19.161 [main] DEBUG o.h.p.w.spi.MetamodelGraphWalker - Visiting attribute path : exportedBy.username
18:19:19.161 [main] DEBUG o.h.p.w.spi.MetamodelGraphWalker - Visiting attribute path : exportedOn
18:19:19.161 [main] DEBUG o.h.p.w.spi.MetamodelGraphWalker - Visiting attribute path : facilitator
18:19:19.161 [main] DEBUG o.h.p.w.spi.MetamodelGraphWalker - Visiting attribute path : facilitator.createdOn
18:19:19.161 [main] DEBUG o.h.p.w.spi.MetamodelGraphWalker - Visiting attribute path : facilitator.updatedOn
18:19:19.161 [main] DEBUG o.h.p.w.spi.MetamodelGraphWalker - Visiting attribute path : facilitator.email
18:19:19.161 [main] DEBUG o.h.p.w.spi.MetamodelGraphWalker - Visiting attribute path : facilitator.enabled
18:19:19.161 [main] DEBUG o.h.p.w.spi.MetamodelGraphWalker - Visiting attribute path : facilitator.fullName
18:19:19.161 [main] DEBUG o.h.p.w.spi.MetamodelGraphWalker - Visiting attribute path : facilitator.isAdmin
18:19:19.161 [main] DEBUG o.h.p.w.spi.MetamodelGraphWalker - Visiting attribute path : facilitator.lastLogin
18:19:19.161 [main] DEBUG o.h.p.w.spi.MetamodelGraphWalker - Visiting attribute path : facilitator.loginCount
18:19:19.161 [main] DEBUG o.h.p.w.spi.MetamodelGraphWalker - Visiting attribute path : facilitator.password
18:19:19.161 [main] DEBUG o.h.p.w.spi.MetamodelGraphWalker - Visiting attribute path : facilitator.phone
18:19:19.161 [main] DEBUG o.h.p.w.spi.MetamodelGraphWalker - Visiting attribute path : facilitator.projects
18:19:19.161 [main] DEBUG o.h.p.w.spi.MetamodelGraphWalker - Visiting attribute path : facilitator.username
18:19:19.161 [main] DEBUG o.h.p.w.spi.MetamodelGraphWalker - Visiting attribute path : finishDate
18:19:19.161 [main] DEBUG o.h.p.w.spi.MetamodelGraphWalker - Visiting attribute path : name
18:19:19.161 [main] DEBUG o.h.p.w.spi.MetamodelGraphWalker - Visiting attribute path : startDate
18:19:19.161 [main] DEBUG o.h.p.w.spi.MetamodelGraphWalker - Visiting attribute path : status
18:19:19.161 [main] DEBUG o.h.p.w.spi.MetamodelGraphWalker - Visiting attribute path : status.createdOn
18:19:19.161 [main] DEBUG o.h.p.w.spi.MetamodelGraphWalker - Visiting attribute path : status.updatedOn
18:19:19.161 [main] DEBUG o.h.p.w.spi.MetamodelGraphWalker - Visiting attribute path : status.isFinish
18:19:19.162 [main] DEBUG o.h.p.w.spi.MetamodelGraphWalker - Visiting attribute path : status.isStart
18:19:19.162 [main] DEBUG o.h.p.w.spi.MetamodelGraphWalker - Visiting attribute path : status.name
18:19:19.162 [main] DEBUG o.h.p.w.spi.MetamodelGraphWalker - Visiting attribute path : syllabus
18:19:19.162 [main] DEBUG o.h.p.w.spi.MetamodelGraphWalker - Visiting attribute path : syllabus.createdOn
18:19:19.162 [main] DEBUG o.h.p.w.spi.MetamodelGraphWalker - Visiting attribute path : syllabus.updatedOn
18:19:19.162 [main] DEBUG o.h.p.w.spi.MetamodelGraphWalker - Visiting attribute path : syllabus.chapters
18:19:19.162 [main] DEBUG o.h.p.w.spi.MetamodelGraphWalker - Visiting attribute path : syllabus.isDisabled
18:19:19.162 [main] DEBUG o.h.p.w.spi.MetamodelGraphWalker - Visiting attribute path : syllabus.level
18:19:19.162 [main] DEBUG o.h.p.w.spi.MetamodelGraphWalker - Visiting attribute path : syllabus.version
18:19:19.162 [main] DEBUG o.h.p.w.spi.MetamodelGraphWalker - Visiting attribute path : users
18:19:19.162 [main] DEBUG o.h.p.w.spi.MetamodelGraphWalker - Visiting attribute path : createdOn
18:19:19.162 [main] DEBUG o.h.p.w.spi.MetamodelGraphWalker - Visiting attribute path : updatedOn
18:19:19.162 [main] DEBUG o.h.p.w.spi.MetamodelGraphWalker - Visiting attribute path : customField1
18:19:19.162 [main] DEBUG o.h.p.w.spi.MetamodelGraphWalker - Visiting attribute path : customField2
18:19:19.162 [main] DEBUG o.h.p.w.spi.MetamodelGraphWalker - Visiting attribute path : customField3
18:19:19.163 [main] DEBUG o.h.p.w.spi.MetamodelGraphWalker - Visiting attribute path : exportedBy
18:19:19.163 [main] DEBUG o.h.p.w.spi.MetamodelGraphWalker - Visiting attribute path : exportedOn
18:19:19.163 [main] DEBUG o.h.p.w.spi.MetamodelGraphWalker - Visiting attribute path : facilitator
18:19:19.163 [main] DEBUG o.h.p.w.spi.MetamodelGraphWalker - Visiting attribute path : finishDate
18:19:19.163 [main] DEBUG o.h.p.w.spi.MetamodelGraphWalker - Visiting attribute path : name
18:19:19.163 [main] DEBUG o.h.p.w.spi.MetamodelGraphWalker - Visiting attribute path : startDate
18:19:19.163 [main] DEBUG o.h.p.w.spi.MetamodelGraphWalker - Visiting attribute path : status
18:19:19.163 [main] DEBUG o.h.p.w.spi.MetamodelGraphWalker - Visiting attribute path : syllabus
18:19:19.163 [main] DEBUG o.h.p.w.spi.MetamodelGraphWalker - Visiting attribute path : users
18:19:19.163 [main] DEBUG o.h.p.w.spi.MetamodelGraphWalker - Visiting attribute path : createdOn
18:19:19.163 [main] DEBUG o.h.p.w.spi.MetamodelGraphWalker - Visiting attribute path : updatedOn
18:19:19.163 [main] DEBUG o.h.p.w.spi.MetamodelGraphWalker - Visiting attribute path : customField1
18:19:19.163 [main] DEBUG o.h.p.w.spi.MetamodelGraphWalker - Visiting attribute path : customField2
18:19:19.163 [main] DEBUG o.h.p.w.spi.MetamodelGraphWalker - Visiting attribute path : customField3
18:19:19.163 [main] DEBUG o.h.p.w.spi.MetamodelGraphWalker - Visiting attribute path : exportedBy
18:19:19.164 [main] DEBUG o.h.p.w.spi.MetamodelGraphWalker - Visiting attribute path : exportedOn
18:19:19.164 [main] DEBUG o.h.p.w.spi.MetamodelGraphWalker - Visiting attribute path : facilitator
18:19:19.164 [main] DEBUG o.h.p.w.spi.MetamodelGraphWalker - Visiting attribute path : finishDate
18:19:19.164 [main] DEBUG o.h.p.w.spi.MetamodelGraphWalker - Visiting attribute path : name
18:19:19.164 [main] DEBUG o.h.p.w.spi.MetamodelGraphWalker - Visiting attribute path : startDate
18:19:19.164 [main] DEBUG o.h.p.w.spi.MetamodelGraphWalker - Visiting attribute path : status
18:19:19.164 [main] DEBUG o.h.p.w.spi.MetamodelGraphWalker - Visiting attribute path : syllabus
18:19:19.164 [main] DEBUG o.h.p.w.spi.MetamodelGraphWalker - Visiting attribute path : users
18:19:19.164 [main] DEBUG o.h.p.w.spi.MetamodelGraphWalker - Visiting attribute path : createdOn
18:19:19.164 [main] DEBUG o.h.p.w.spi.MetamodelGraphWalker - Visiting attribute path : updatedOn
18:19:19.164 [main] DEBUG o.h.p.w.spi.MetamodelGraphWalker - Visiting attribute path : customField1
18:19:19.164 [main] DEBUG o.h.p.w.spi.MetamodelGraphWalker - Visiting attribute path : customField2
18:19:19.164 [main] DEBUG o.h.p.w.spi.MetamodelGraphWalker - Visiting attribute path : customField3
18:19:19.164 [main] DEBUG o.h.p.w.spi.MetamodelGraphWalker - Visiting attribute path : exportedBy
18:19:19.164 [main] DEBUG o.h.p.w.spi.MetamodelGraphWalker - Visiting attribute path : exportedOn
18:19:19.164 [main] DEBUG o.h.p.w.spi.MetamodelGraphWalker - Visiting attribute path : facilitator
18:19:19.164 [main] DEBUG o.h.p.w.spi.MetamodelGraphWalker - Visiting attribute path : finishDate
18:19:19.164 [main] DEBUG o.h.p.w.spi.MetamodelGraphWalker - Visiting attribute path : name
18:19:19.164 [main] DEBUG o.h.p.w.spi.MetamodelGraphWalker - Visiting attribute path : startDate
18:19:19.164 [main] DEBUG o.h.p.w.spi.MetamodelGraphWalker - Visiting attribute path : status
18:19:19.164 [main] DEBUG o.h.p.w.spi.MetamodelGraphWalker - Visiting attribute path : syllabus
18:19:19.165 [main] DEBUG o.h.p.w.spi.MetamodelGraphWalker - Visiting attribute path : users
18:19:19.165 [main] DEBUG o.h.p.w.spi.MetamodelGraphWalker - Visiting attribute path : createdOn
18:19:19.165 [main] DEBUG o.h.p.w.spi.MetamodelGraphWalker - Visiting attribute path : updatedOn
18:19:19.165 [main] DEBUG o.h.p.w.spi.MetamodelGraphWalker - Visiting attribute path : customField1
18:19:19.165 [main] DEBUG o.h.p.w.spi.MetamodelGraphWalker - Visiting attribute path : customField2
18:19:19.165 [main] DEBUG o.h.p.w.spi.MetamodelGraphWalker - Visiting attribute path : customField3
18:19:19.165 [main] DEBUG o.h.p.w.spi.MetamodelGraphWalker - Visiting attribute path : exportedBy
18:19:19.165 [main] DEBUG o.h.p.w.spi.MetamodelGraphWalker - Visiting attribute path : exportedOn
18:19:19.165 [main] DEBUG o.h.p.w.spi.MetamodelGraphWalker - Visiting attribute path : facilitator
18:19:19.165 [main] DEBUG o.h.p.w.spi.MetamodelGraphWalker - Visiting attribute path : finishDate
18:19:19.165 [main] DEBUG o.h.p.w.spi.MetamodelGraphWalker - Visiting attribute path : name
18:19:19.165 [main] DEBUG o.h.p.w.spi.MetamodelGraphWalker - Visiting attribute path : startDate
18:19:19.165 [main] DEBUG o.h.p.w.spi.MetamodelGraphWalker - Visiting attribute path : status
18:19:19.165 [main] DEBUG o.h.p.w.spi.MetamodelGraphWalker - Visiting attribute path : syllabus
18:19:19.165 [main] DEBUG o.h.p.w.spi.MetamodelGraphWalker - Visiting attribute path : users
18:19:19.166 [main] DEBUG o.h.p.w.spi.MetamodelGraphWalker - Visiting attribute path : createdOn
18:19:19.166 [main] DEBUG o.h.p.w.spi.MetamodelGraphWalker - Visiting attribute path : updatedOn
18:19:19.166 [main] DEBUG o.h.p.w.spi.MetamodelGraphWalker - Visiting attribute path : customField1
18:19:19.166 [main] DEBUG o.h.p.w.spi.MetamodelGraphWalker - Visiting attribute path : customField2
18:19:19.166 [main] DEBUG o.h.p.w.spi.MetamodelGraphWalker - Visiting attribute path : customField3
18:19:19.166 [main] DEBUG o.h.p.w.spi.MetamodelGraphWalker - Visiting attribute path : exportedBy
18:19:19.166 [main] DEBUG o.h.p.w.spi.MetamodelGraphWalker - Visiting attribute path : exportedOn
18:19:19.166 [main] DEBUG o.h.p.w.spi.MetamodelGraphWalker - Visiting attribute path : facilitator
18:19:19.166 [main] DEBUG o.h.p.w.spi.MetamodelGraphWalker - Visiting attribute path : finishDate
18:19:19.166 [main] DEBUG o.h.p.w.spi.MetamodelGraphWalker - Visiting attribute path : name
18:19:19.166 [main] DEBUG o.h.p.w.spi.MetamodelGraphWalker - Visiting attribute path : startDate
18:19:19.166 [main] DEBUG o.h.p.w.spi.MetamodelGraphWalker - Visiting attribute path : status
18:19:19.166 [main] DEBUG o.h.p.w.spi.MetamodelGraphWalker - Visiting attribute path : syllabus
18:19:19.166 [main] DEBUG o.h.p.w.spi.MetamodelGraphWalker - Visiting attribute path : users
18:19:19.167 [main] DEBUG o.h.p.w.spi.MetamodelGraphWalker - Visiting attribute path : createdOn
18:19:19.167 [main] DEBUG o.h.p.w.spi.MetamodelGraphWalker - Visiting attribute path : updatedOn
18:19:19.167 [main] DEBUG o.h.p.w.spi.MetamodelGraphWalker - Visiting attribute path : customField1
18:19:19.167 [main] DEBUG o.h.p.w.spi.MetamodelGraphWalker - Visiting attribute path : customField2
18:19:19.167 [main] DEBUG o.h.p.w.spi.MetamodelGraphWalker - Visiting attribute path : customField3
18:19:19.167 [main] DEBUG o.h.p.w.spi.MetamodelGraphWalker - Visiting attribute path : exportedBy
18:19:19.167 [main] DEBUG o.h.p.w.spi.MetamodelGraphWalker - Visiting attribute path : exportedOn
18:19:19.167 [main] DEBUG o.h.p.w.spi.MetamodelGraphWalker - Visiting attribute path : facilitator
18:19:19.167 [main] DEBUG o.h.p.w.spi.MetamodelGraphWalker - Visiting attribute path : finishDate
18:19:19.167 [main] DEBUG o.h.p.w.spi.MetamodelGraphWalker - Visiting attribute path : name
18:19:19.167 [main] DEBUG o.h.p.w.spi.MetamodelGraphWalker - Visiting attribute path : startDate
18:19:19.167 [main] DEBUG o.h.p.w.spi.MetamodelGraphWalker - Visiting attribute path : status
18:19:19.167 [main] DEBUG o.h.p.w.spi.MetamodelGraphWalker - Visiting attribute path : syllabus
18:19:19.167 [main] DEBUG o.h.p.w.spi.MetamodelGraphWalker - Visiting attribute path : users
18:19:19.167 [main] DEBUG o.h.p.w.spi.MetamodelGraphWalker - Visiting attribute path : createdOn
18:19:19.167 [main] DEBUG o.h.p.w.spi.MetamodelGraphWalker - Visiting attribute path : updatedOn
18:19:19.167 [main] DEBUG o.h.p.w.spi.MetamodelGraphWalker - Visiting attribute path : customField1
18:19:19.167 [main] DEBUG o.h.p.w.spi.MetamodelGraphWalker - Visiting attribute path : customField2
18:19:19.167 [main] DEBUG o.h.p.w.spi.MetamodelGraphWalker - Visiting attribute path : customField3
18:19:19.168 [main] DEBUG o.h.p.w.spi.MetamodelGraphWalker - Visiting attribute path : exportedBy
18:19:19.168 [main] DEBUG o.h.p.w.spi.MetamodelGraphWalker - Visiting attribute path : exportedOn
18:19:19.168 [main] DEBUG o.h.p.w.spi.MetamodelGraphWalker - Visiting attribute path : facilitator
18:19:19.168 [main] DEBUG o.h.p.w.spi.MetamodelGraphWalker - Visiting attribute path : finishDate
18:19:19.168 [main] DEBUG o.h.p.w.spi.MetamodelGraphWalker - Visiting attribute path : name
18:19:19.168 [main] DEBUG o.h.p.w.spi.MetamodelGraphWalker - Visiting attribute path : startDate
18:19:19.168 [main] DEBUG o.h.p.w.spi.MetamodelGraphWalker - Visiting attribute path : status
18:19:19.168 [main] DEBUG o.h.p.w.spi.MetamodelGraphWalker - Visiting attribute path : syllabus
18:19:19.168 [main] DEBUG o.h.p.w.spi.MetamodelGraphWalker - Visiting attribute path : users
18:19:19.168 [main] DEBUG o.h.p.w.spi.MetamodelGraphWalker - Visiting attribute path : createdOn
18:19:19.168 [main] DEBUG o.h.p.w.spi.MetamodelGraphWalker - Visiting attribute path : updatedOn
18:19:19.168 [main] DEBUG o.h.p.w.spi.MetamodelGraphWalker - Visiting attribute path : customField1
18:19:19.168 [main] DEBUG o.h.p.w.spi.MetamodelGraphWalker - Visiting attribute path : customField2
18:19:19.168 [main] DEBUG o.h.p.w.spi.MetamodelGraphWalker - Visiting attribute path : customField3
18:19:19.168 [main] DEBUG o.h.p.w.spi.MetamodelGraphWalker - Visiting attribute path : exportedBy
18:19:19.168 [main] DEBUG o.h.p.w.spi.MetamodelGraphWalker - Visiting attribute path : exportedOn
18:19:19.168 [main] DEBUG o.h.p.w.spi.MetamodelGraphWalker - Visiting attribute path : facilitator
18:19:19.169 [main] DEBUG o.h.p.w.spi.MetamodelGraphWalker - Visiting attribute path : finishDate
18:19:19.169 [main] DEBUG o.h.p.w.spi.MetamodelGraphWalker - Visiting attribute path : name
18:19:19.169 [main] DEBUG o.h.p.w.spi.MetamodelGraphWalker - Visiting attribute path : startDate
18:19:19.169 [main] DEBUG o.h.p.w.spi.MetamodelGraphWalker - Visiting attribute path : status
18:19:19.169 [main] DEBUG o.h.p.w.spi.MetamodelGraphWalker - Visiting attribute path : syllabus
18:19:19.169 [main] DEBUG o.h.p.w.spi.MetamodelGraphWalker - Visiting attribute path : users
18:19:19.169 [main] DEBUG o.h.p.w.spi.MetamodelGraphWalker - Visiting attribute path : createdOn
18:19:19.169 [main] DEBUG o.h.p.w.spi.MetamodelGraphWalker - Visiting attribute path : updatedOn
18:19:19.169 [main] DEBUG o.h.p.w.spi.MetamodelGraphWalker - Visiting attribute path : customField1
18:19:19.169 [main] DEBUG o.h.p.w.spi.MetamodelGraphWalker - Visiting attribute path : customField2
18:19:19.169 [main] DEBUG o.h.p.w.spi.MetamodelGraphWalker - Visiting attribute path : customField3
18:19:19.169 [main] DEBUG o.h.p.w.spi.MetamodelGraphWalker - Visiting attribute path : exportedBy
18:19:19.169 [main] DEBUG o.h.p.w.spi.MetamodelGraphWalker - Visiting attribute path : exportedOn
18:19:19.169 [main] DEBUG o.h.p.w.spi.MetamodelGraphWalker - Visiting attribute path : facilitator
18:19:19.169 [main] DEBUG o.h.p.w.spi.MetamodelGraphWalker - Visiting attribute path : finishDate
18:19:19.169 [main] DEBUG o.h.p.w.spi.MetamodelGraphWalker - Visiting attribute path : name
18:19:19.169 [main] DEBUG o.h.p.w.spi.MetamodelGraphWalker - Visiting attribute path : startDate
18:19:19.169 [main] DEBUG o.h.p.w.spi.MetamodelGraphWalker - Visiting attribute path : status
18:19:19.169 [main] DEBUG o.h.p.w.spi.MetamodelGraphWalker - Visiting attribute path : syllabus
18:19:19.169 [main] DEBUG o.h.p.w.spi.MetamodelGraphWalker - Visiting attribute path : users
18:19:19.170 [main] DEBUG o.h.p.entity.AbstractEntityPersister - Static SQL for entity: cn.cstqb.exam.testmaker.entities.QuestionStatus
18:19:19.170 [main] DEBUG o.h.p.entity.AbstractEntityPersister -  Version select: select id from question_status where id =?
18:19:19.170 [main] DEBUG o.h.p.entity.AbstractEntityPersister -  Snapshot select: select questionst_.id, questionst_.updated_on as updated_3_13_, questionst_.is_finish as is_finis4_13_, questionst_.is_start as is_start5_13_, questionst_.name as name6_13_, questionst_.accessible_by_author as accessib7_13_, questionst_.accessible_by_facilitator as accessib8_13_, questionst_.accessible_by_quality_admin as accessib9_13_, questionst_.accessible_by_reviewer as accessi10_13_ from question_status questionst_ where questionst_.id=?
18:19:19.170 [main] DEBUG o.h.p.entity.AbstractEntityPersister -  Insert 0: insert into question_status (created_on, updated_on, is_finish, is_start, name, accessible_by_author, accessible_by_facilitator, accessible_by_quality_admin, accessible_by_reviewer, id) values (?, ?, ?, ?, ?, ?, ?, ?, ?, ?)
18:19:19.170 [main] DEBUG o.h.p.entity.AbstractEntityPersister -  Update 0: update question_status set updated_on=?, is_finish=?, is_start=?, name=?, accessible_by_author=?, accessible_by_facilitator=?, accessible_by_quality_admin=?, accessible_by_reviewer=? where id=?
18:19:19.170 [main] DEBUG o.h.p.entity.AbstractEntityPersister -  Delete 0: delete from question_status where id=?
18:19:19.170 [main] DEBUG o.h.p.entity.AbstractEntityPersister -  Identity insert: insert into question_status (created_on, updated_on, is_finish, is_start, name, accessible_by_author, accessible_by_facilitator, accessible_by_quality_admin, accessible_by_reviewer) values (?, ?, ?, ?, ?, ?, ?, ?, ?)
18:19:19.171 [main] DEBUG o.h.p.w.spi.MetamodelGraphWalker - Visiting attribute path : createdOn
18:19:19.171 [main] DEBUG o.h.p.w.spi.MetamodelGraphWalker - Visiting attribute path : updatedOn
18:19:19.171 [main] DEBUG o.h.p.w.spi.MetamodelGraphWalker - Visiting attribute path : isFinish
18:19:19.171 [main] DEBUG o.h.p.w.spi.MetamodelGraphWalker - Visiting attribute path : isStart
18:19:19.171 [main] DEBUG o.h.p.w.spi.MetamodelGraphWalker - Visiting attribute path : name
18:19:19.171 [main] DEBUG o.h.p.w.spi.MetamodelGraphWalker - Visiting attribute path : accessibleByAuthor
18:19:19.171 [main] DEBUG o.h.p.w.spi.MetamodelGraphWalker - Visiting attribute path : accessibleByFacilitator
18:19:19.171 [main] DEBUG o.h.p.w.spi.MetamodelGraphWalker - Visiting attribute path : accessibleByQualityAdmin
18:19:19.171 [main] DEBUG o.h.p.w.spi.MetamodelGraphWalker - Visiting attribute path : accessibleByReviewer
18:19:19.171 [main] DEBUG o.h.p.w.spi.MetamodelGraphWalker - Visiting attribute path : createdOn
18:19:19.171 [main] DEBUG o.h.p.w.spi.MetamodelGraphWalker - Visiting attribute path : updatedOn
18:19:19.172 [main] DEBUG o.h.p.w.spi.MetamodelGraphWalker - Visiting attribute path : isFinish
18:19:19.172 [main] DEBUG o.h.p.w.spi.MetamodelGraphWalker - Visiting attribute path : isStart
18:19:19.172 [main] DEBUG o.h.p.w.spi.MetamodelGraphWalker - Visiting attribute path : name
18:19:19.172 [main] DEBUG o.h.p.w.spi.MetamodelGraphWalker - Visiting attribute path : accessibleByAuthor
18:19:19.172 [main] DEBUG o.h.p.w.spi.MetamodelGraphWalker - Visiting attribute path : accessibleByFacilitator
18:19:19.172 [main] DEBUG o.h.p.w.spi.MetamodelGraphWalker - Visiting attribute path : accessibleByQualityAdmin
18:19:19.172 [main] DEBUG o.h.p.w.spi.MetamodelGraphWalker - Visiting attribute path : accessibleByReviewer
18:19:19.172 [main] DEBUG o.h.p.w.spi.MetamodelGraphWalker - Visiting attribute path : createdOn
18:19:19.172 [main] DEBUG o.h.p.w.spi.MetamodelGraphWalker - Visiting attribute path : updatedOn
18:19:19.172 [main] DEBUG o.h.p.w.spi.MetamodelGraphWalker - Visiting attribute path : isFinish
18:19:19.172 [main] DEBUG o.h.p.w.spi.MetamodelGraphWalker - Visiting attribute path : isStart
18:19:19.172 [main] DEBUG o.h.p.w.spi.MetamodelGraphWalker - Visiting attribute path : name
18:19:19.172 [main] DEBUG o.h.p.w.spi.MetamodelGraphWalker - Visiting attribute path : accessibleByAuthor
18:19:19.172 [main] DEBUG o.h.p.w.spi.MetamodelGraphWalker - Visiting attribute path : accessibleByFacilitator
18:19:19.172 [main] DEBUG o.h.p.w.spi.MetamodelGraphWalker - Visiting attribute path : accessibleByQualityAdmin
18:19:19.172 [main] DEBUG o.h.p.w.spi.MetamodelGraphWalker - Visiting attribute path : accessibleByReviewer
18:19:19.173 [main] DEBUG o.h.p.w.spi.MetamodelGraphWalker - Visiting attribute path : createdOn
18:19:19.173 [main] DEBUG o.h.p.w.spi.MetamodelGraphWalker - Visiting attribute path : updatedOn
18:19:19.173 [main] DEBUG o.h.p.w.spi.MetamodelGraphWalker - Visiting attribute path : isFinish
18:19:19.173 [main] DEBUG o.h.p.w.spi.MetamodelGraphWalker - Visiting attribute path : isStart
18:19:19.173 [main] DEBUG o.h.p.w.spi.MetamodelGraphWalker - Visiting attribute path : name
18:19:19.173 [main] DEBUG o.h.p.w.spi.MetamodelGraphWalker - Visiting attribute path : accessibleByAuthor
18:19:19.173 [main] DEBUG o.h.p.w.spi.MetamodelGraphWalker - Visiting attribute path : accessibleByFacilitator
18:19:19.173 [main] DEBUG o.h.p.w.spi.MetamodelGraphWalker - Visiting attribute path : accessibleByQualityAdmin
18:19:19.173 [main] DEBUG o.h.p.w.spi.MetamodelGraphWalker - Visiting attribute path : accessibleByReviewer
18:19:19.174 [main] DEBUG o.h.p.w.spi.MetamodelGraphWalker - Visiting attribute path : createdOn
18:19:19.174 [main] DEBUG o.h.p.w.spi.MetamodelGraphWalker - Visiting attribute path : updatedOn
18:19:19.174 [main] DEBUG o.h.p.w.spi.MetamodelGraphWalker - Visiting attribute path : isFinish
18:19:19.174 [main] DEBUG o.h.p.w.spi.MetamodelGraphWalker - Visiting attribute path : isStart
18:19:19.174 [main] DEBUG o.h.p.w.spi.MetamodelGraphWalker - Visiting attribute path : name
18:19:19.174 [main] DEBUG o.h.p.w.spi.MetamodelGraphWalker - Visiting attribute path : accessibleByAuthor
18:19:19.174 [main] DEBUG o.h.p.w.spi.MetamodelGraphWalker - Visiting attribute path : accessibleByFacilitator
18:19:19.174 [main] DEBUG o.h.p.w.spi.MetamodelGraphWalker - Visiting attribute path : accessibleByQualityAdmin
18:19:19.174 [main] DEBUG o.h.p.w.spi.MetamodelGraphWalker - Visiting attribute path : accessibleByReviewer
18:19:19.174 [main] DEBUG o.h.p.w.spi.MetamodelGraphWalker - Visiting attribute path : createdOn
18:19:19.174 [main] DEBUG o.h.p.w.spi.MetamodelGraphWalker - Visiting attribute path : updatedOn
18:19:19.174 [main] DEBUG o.h.p.w.spi.MetamodelGraphWalker - Visiting attribute path : isFinish
18:19:19.174 [main] DEBUG o.h.p.w.spi.MetamodelGraphWalker - Visiting attribute path : isStart
18:19:19.174 [main] DEBUG o.h.p.w.spi.MetamodelGraphWalker - Visiting attribute path : name
18:19:19.175 [main] DEBUG o.h.p.w.spi.MetamodelGraphWalker - Visiting attribute path : accessibleByAuthor
18:19:19.175 [main] DEBUG o.h.p.w.spi.MetamodelGraphWalker - Visiting attribute path : accessibleByFacilitator
18:19:19.175 [main] DEBUG o.h.p.w.spi.MetamodelGraphWalker - Visiting attribute path : accessibleByQualityAdmin
18:19:19.175 [main] DEBUG o.h.p.w.spi.MetamodelGraphWalker - Visiting attribute path : accessibleByReviewer
18:19:19.175 [main] DEBUG o.h.p.w.spi.MetamodelGraphWalker - Visiting attribute path : createdOn
18:19:19.175 [main] DEBUG o.h.p.w.spi.MetamodelGraphWalker - Visiting attribute path : updatedOn
18:19:19.175 [main] DEBUG o.h.p.w.spi.MetamodelGraphWalker - Visiting attribute path : isFinish
18:19:19.175 [main] DEBUG o.h.p.w.spi.MetamodelGraphWalker - Visiting attribute path : isStart
18:19:19.175 [main] DEBUG o.h.p.w.spi.MetamodelGraphWalker - Visiting attribute path : name
18:19:19.175 [main] DEBUG o.h.p.w.spi.MetamodelGraphWalker - Visiting attribute path : accessibleByAuthor
18:19:19.175 [main] DEBUG o.h.p.w.spi.MetamodelGraphWalker - Visiting attribute path : accessibleByFacilitator
18:19:19.175 [main] DEBUG o.h.p.w.spi.MetamodelGraphWalker - Visiting attribute path : accessibleByQualityAdmin
18:19:19.175 [main] DEBUG o.h.p.w.spi.MetamodelGraphWalker - Visiting attribute path : accessibleByReviewer
18:19:19.176 [main] DEBUG o.h.p.w.spi.MetamodelGraphWalker - Visiting attribute path : createdOn
18:19:19.176 [main] DEBUG o.h.p.w.spi.MetamodelGraphWalker - Visiting attribute path : updatedOn
18:19:19.176 [main] DEBUG o.h.p.w.spi.MetamodelGraphWalker - Visiting attribute path : isFinish
18:19:19.176 [main] DEBUG o.h.p.w.spi.MetamodelGraphWalker - Visiting attribute path : isStart
18:19:19.176 [main] DEBUG o.h.p.w.spi.MetamodelGraphWalker - Visiting attribute path : name
18:19:19.176 [main] DEBUG o.h.p.w.spi.MetamodelGraphWalker - Visiting attribute path : accessibleByAuthor
18:19:19.176 [main] DEBUG o.h.p.w.spi.MetamodelGraphWalker - Visiting attribute path : accessibleByFacilitator
18:19:19.176 [main] DEBUG o.h.p.w.spi.MetamodelGraphWalker - Visiting attribute path : accessibleByQualityAdmin
18:19:19.176 [main] DEBUG o.h.p.w.spi.MetamodelGraphWalker - Visiting attribute path : accessibleByReviewer
18:19:19.177 [main] DEBUG o.h.p.w.spi.MetamodelGraphWalker - Visiting attribute path : createdOn
18:19:19.177 [main] DEBUG o.h.p.w.spi.MetamodelGraphWalker - Visiting attribute path : updatedOn
18:19:19.177 [main] DEBUG o.h.p.w.spi.MetamodelGraphWalker - Visiting attribute path : isFinish
18:19:19.177 [main] DEBUG o.h.p.w.spi.MetamodelGraphWalker - Visiting attribute path : isStart
18:19:19.177 [main] DEBUG o.h.p.w.spi.MetamodelGraphWalker - Visiting attribute path : name
18:19:19.177 [main] DEBUG o.h.p.w.spi.MetamodelGraphWalker - Visiting attribute path : accessibleByAuthor
18:19:19.177 [main] DEBUG o.h.p.w.spi.MetamodelGraphWalker - Visiting attribute path : accessibleByFacilitator
18:19:19.177 [main] DEBUG o.h.p.w.spi.MetamodelGraphWalker - Visiting attribute path : accessibleByQualityAdmin
18:19:19.177 [main] DEBUG o.h.p.w.spi.MetamodelGraphWalker - Visiting attribute path : accessibleByReviewer
18:19:19.177 [main] DEBUG o.h.p.w.spi.MetamodelGraphWalker - Visiting attribute path : createdOn
18:19:19.177 [main] DEBUG o.h.p.w.spi.MetamodelGraphWalker - Visiting attribute path : updatedOn
18:19:19.177 [main] DEBUG o.h.p.w.spi.MetamodelGraphWalker - Visiting attribute path : isFinish
18:19:19.177 [main] DEBUG o.h.p.w.spi.MetamodelGraphWalker - Visiting attribute path : isStart
18:19:19.177 [main] DEBUG o.h.p.w.spi.MetamodelGraphWalker - Visiting attribute path : name
18:19:19.177 [main] DEBUG o.h.p.w.spi.MetamodelGraphWalker - Visiting attribute path : accessibleByAuthor
18:19:19.177 [main] DEBUG o.h.p.w.spi.MetamodelGraphWalker - Visiting attribute path : accessibleByFacilitator
18:19:19.178 [main] DEBUG o.h.p.w.spi.MetamodelGraphWalker - Visiting attribute path : accessibleByQualityAdmin
18:19:19.178 [main] DEBUG o.h.p.w.spi.MetamodelGraphWalker - Visiting attribute path : accessibleByReviewer
18:19:19.178 [main] DEBUG o.h.p.w.spi.MetamodelGraphWalker - Visiting attribute path : createdOn
18:19:19.178 [main] DEBUG o.h.p.w.spi.MetamodelGraphWalker - Visiting attribute path : updatedOn
18:19:19.178 [main] DEBUG o.h.p.w.spi.MetamodelGraphWalker - Visiting attribute path : isFinish
18:19:19.178 [main] DEBUG o.h.p.w.spi.MetamodelGraphWalker - Visiting attribute path : isStart
18:19:19.178 [main] DEBUG o.h.p.w.spi.MetamodelGraphWalker - Visiting attribute path : name
18:19:19.178 [main] DEBUG o.h.p.w.spi.MetamodelGraphWalker - Visiting attribute path : accessibleByAuthor
18:19:19.178 [main] DEBUG o.h.p.w.spi.MetamodelGraphWalker - Visiting attribute path : accessibleByFacilitator
18:19:19.178 [main] DEBUG o.h.p.w.spi.MetamodelGraphWalker - Visiting attribute path : accessibleByQualityAdmin
18:19:19.178 [main] DEBUG o.h.p.w.spi.MetamodelGraphWalker - Visiting attribute path : accessibleByReviewer
18:19:19.179 [main] DEBUG o.h.p.entity.AbstractEntityPersister - Static SQL for entity: cn.cstqb.exam.testmaker.entities.QuestionStatusTransition
18:19:19.179 [main] DEBUG o.h.p.entity.AbstractEntityPersister -  Version select: select next_status_id, status_id from question_status_transition where next_status_id =? and status_id =?
18:19:19.179 [main] DEBUG o.h.p.entity.AbstractEntityPersister -  Snapshot select: select questionst_.next_status_id, questionst_.status_id, questionst_.updated_on as updated_2_14_, questionst_.sequence as sequence3_14_ from question_status_transition questionst_ where questionst_.next_status_id=? and questionst_.status_id=?
18:19:19.179 [main] DEBUG o.h.p.entity.AbstractEntityPersister -  Insert 0: insert into question_status_transition (created_on, updated_on, sequence, next_status_id, status_id) values (?, ?, ?, ?, ?)
18:19:19.179 [main] DEBUG o.h.p.entity.AbstractEntityPersister -  Update 0: update question_status_transition set updated_on=?, sequence=? where next_status_id=? and status_id=?
18:19:19.179 [main] DEBUG o.h.p.entity.AbstractEntityPersister -  Delete 0: delete from question_status_transition where next_status_id=? and status_id=?
18:19:19.184 [main] DEBUG o.h.p.w.spi.MetamodelGraphWalker - Visiting attribute path : nextStatus
18:19:19.184 [main] DEBUG o.h.p.w.spi.MetamodelGraphWalker - Visiting attribute path : nextStatus.createdOn
18:19:19.184 [main] DEBUG o.h.p.w.spi.MetamodelGraphWalker - Visiting attribute path : nextStatus.updatedOn
18:19:19.184 [main] DEBUG o.h.p.w.spi.MetamodelGraphWalker - Visiting attribute path : nextStatus.isFinish
18:19:19.184 [main] DEBUG o.h.p.w.spi.MetamodelGraphWalker - Visiting attribute path : nextStatus.isStart
18:19:19.184 [main] DEBUG o.h.p.w.spi.MetamodelGraphWalker - Visiting attribute path : nextStatus.name
18:19:19.184 [main] DEBUG o.h.p.w.spi.MetamodelGraphWalker - Visiting attribute path : nextStatus.accessibleByAuthor
18:19:19.184 [main] DEBUG o.h.p.w.spi.MetamodelGraphWalker - Visiting attribute path : nextStatus.accessibleByFacilitator
18:19:19.184 [main] DEBUG o.h.p.w.spi.MetamodelGraphWalker - Visiting attribute path : nextStatus.accessibleByQualityAdmin
18:19:19.184 [main] DEBUG o.h.p.w.spi.MetamodelGraphWalker - Visiting attribute path : nextStatus.accessibleByReviewer
18:19:19.184 [main] DEBUG o.h.p.w.spi.MetamodelGraphWalker - Visiting attribute path : status
18:19:19.185 [main] DEBUG o.h.p.w.spi.MetamodelGraphWalker - Visiting attribute path : status.createdOn
18:19:19.185 [main] DEBUG o.h.p.w.spi.MetamodelGraphWalker - Visiting attribute path : status.updatedOn
18:19:19.185 [main] DEBUG o.h.p.w.spi.MetamodelGraphWalker - Visiting attribute path : status.isFinish
18:19:19.185 [main] DEBUG o.h.p.w.spi.MetamodelGraphWalker - Visiting attribute path : status.isStart
18:19:19.185 [main] DEBUG o.h.p.w.spi.MetamodelGraphWalker - Visiting attribute path : status.name
18:19:19.185 [main] DEBUG o.h.p.w.spi.MetamodelGraphWalker - Visiting attribute path : status.accessibleByAuthor
18:19:19.185 [main] DEBUG o.h.p.w.spi.MetamodelGraphWalker - Visiting attribute path : status.accessibleByFacilitator
18:19:19.185 [main] DEBUG o.h.p.w.spi.MetamodelGraphWalker - Visiting attribute path : status.accessibleByQualityAdmin
18:19:19.185 [main] DEBUG o.h.p.w.spi.MetamodelGraphWalker - Visiting attribute path : status.accessibleByReviewer
18:19:19.185 [main] DEBUG o.h.p.w.spi.MetamodelGraphWalker - Visiting attribute path : createdOn
18:19:19.185 [main] DEBUG o.h.p.w.spi.MetamodelGraphWalker - Visiting attribute path : updatedOn
18:19:19.185 [main] DEBUG o.h.p.w.spi.MetamodelGraphWalker - Visiting attribute path : sequence
18:19:19.186 [main] DEBUG o.h.p.w.spi.MetamodelGraphWalker - Visiting attribute path : nextStatus
18:19:19.187 [main] DEBUG o.h.p.w.spi.MetamodelGraphWalker - Visiting attribute path : nextStatus.createdOn
18:19:19.187 [main] DEBUG o.h.p.w.spi.MetamodelGraphWalker - Visiting attribute path : nextStatus.updatedOn
18:19:19.187 [main] DEBUG o.h.p.w.spi.MetamodelGraphWalker - Visiting attribute path : nextStatus.isFinish
18:19:19.187 [main] DEBUG o.h.p.w.spi.MetamodelGraphWalker - Visiting attribute path : nextStatus.isStart
18:19:19.187 [main] DEBUG o.h.p.w.spi.MetamodelGraphWalker - Visiting attribute path : nextStatus.name
18:19:19.187 [main] DEBUG o.h.p.w.spi.MetamodelGraphWalker - Visiting attribute path : nextStatus.accessibleByAuthor
18:19:19.187 [main] DEBUG o.h.p.w.spi.MetamodelGraphWalker - Visiting attribute path : nextStatus.accessibleByFacilitator
18:19:19.187 [main] DEBUG o.h.p.w.spi.MetamodelGraphWalker - Visiting attribute path : nextStatus.accessibleByQualityAdmin
18:19:19.187 [main] DEBUG o.h.p.w.spi.MetamodelGraphWalker - Visiting attribute path : nextStatus.accessibleByReviewer
18:19:19.187 [main] DEBUG o.h.p.w.spi.MetamodelGraphWalker - Visiting attribute path : status
18:19:19.187 [main] DEBUG o.h.p.w.spi.MetamodelGraphWalker - Visiting attribute path : status.createdOn
18:19:19.187 [main] DEBUG o.h.p.w.spi.MetamodelGraphWalker - Visiting attribute path : status.updatedOn
18:19:19.187 [main] DEBUG o.h.p.w.spi.MetamodelGraphWalker - Visiting attribute path : status.isFinish
18:19:19.187 [main] DEBUG o.h.p.w.spi.MetamodelGraphWalker - Visiting attribute path : status.isStart
18:19:19.187 [main] DEBUG o.h.p.w.spi.MetamodelGraphWalker - Visiting attribute path : status.name
18:19:19.187 [main] DEBUG o.h.p.w.spi.MetamodelGraphWalker - Visiting attribute path : status.accessibleByAuthor
18:19:19.187 [main] DEBUG o.h.p.w.spi.MetamodelGraphWalker - Visiting attribute path : status.accessibleByFacilitator
18:19:19.188 [main] DEBUG o.h.p.w.spi.MetamodelGraphWalker - Visiting attribute path : status.accessibleByQualityAdmin
18:19:19.188 [main] DEBUG o.h.p.w.spi.MetamodelGraphWalker - Visiting attribute path : status.accessibleByReviewer
18:19:19.188 [main] DEBUG o.h.p.w.spi.MetamodelGraphWalker - Visiting attribute path : createdOn
18:19:19.188 [main] DEBUG o.h.p.w.spi.MetamodelGraphWalker - Visiting attribute path : updatedOn
18:19:19.188 [main] DEBUG o.h.p.w.spi.MetamodelGraphWalker - Visiting attribute path : sequence
18:19:19.188 [main] DEBUG o.h.p.w.spi.MetamodelGraphWalker - Visiting attribute path : nextStatus
18:19:19.188 [main] DEBUG o.h.p.w.spi.MetamodelGraphWalker - Visiting attribute path : status
18:19:19.188 [main] DEBUG o.h.p.w.spi.MetamodelGraphWalker - Visiting attribute path : createdOn
18:19:19.189 [main] DEBUG o.h.p.w.spi.MetamodelGraphWalker - Visiting attribute path : updatedOn
18:19:19.189 [main] DEBUG o.h.p.w.spi.MetamodelGraphWalker - Visiting attribute path : sequence
18:19:19.189 [main] DEBUG o.h.p.w.spi.MetamodelGraphWalker - Visiting attribute path : nextStatus
18:19:19.189 [main] DEBUG o.h.p.w.spi.MetamodelGraphWalker - Visiting attribute path : status
18:19:19.189 [main] DEBUG o.h.p.w.spi.MetamodelGraphWalker - Visiting attribute path : createdOn
18:19:19.189 [main] DEBUG o.h.p.w.spi.MetamodelGraphWalker - Visiting attribute path : updatedOn
18:19:19.189 [main] DEBUG o.h.p.w.spi.MetamodelGraphWalker - Visiting attribute path : sequence
18:19:19.189 [main] DEBUG o.h.p.w.spi.MetamodelGraphWalker - Visiting attribute path : nextStatus
18:19:19.190 [main] DEBUG o.h.p.w.spi.MetamodelGraphWalker - Visiting attribute path : status
18:19:19.190 [main] DEBUG o.h.p.w.spi.MetamodelGraphWalker - Visiting attribute path : createdOn
18:19:19.190 [main] DEBUG o.h.p.w.spi.MetamodelGraphWalker - Visiting attribute path : updatedOn
18:19:19.190 [main] DEBUG o.h.p.w.spi.MetamodelGraphWalker - Visiting attribute path : sequence
18:19:19.190 [main] DEBUG o.h.p.w.spi.MetamodelGraphWalker - Visiting attribute path : nextStatus
18:19:19.190 [main] DEBUG o.h.p.w.spi.MetamodelGraphWalker - Visiting attribute path : status
18:19:19.190 [main] DEBUG o.h.p.w.spi.MetamodelGraphWalker - Visiting attribute path : createdOn
18:19:19.190 [main] DEBUG o.h.p.w.spi.MetamodelGraphWalker - Visiting attribute path : updatedOn
18:19:19.190 [main] DEBUG o.h.p.w.spi.MetamodelGraphWalker - Visiting attribute path : sequence
18:19:19.191 [main] DEBUG o.h.p.w.spi.MetamodelGraphWalker - Visiting attribute path : nextStatus
18:19:19.191 [main] DEBUG o.h.p.w.spi.MetamodelGraphWalker - Visiting attribute path : status
18:19:19.191 [main] DEBUG o.h.p.w.spi.MetamodelGraphWalker - Visiting attribute path : createdOn
18:19:19.191 [main] DEBUG o.h.p.w.spi.MetamodelGraphWalker - Visiting attribute path : updatedOn
18:19:19.191 [main] DEBUG o.h.p.w.spi.MetamodelGraphWalker - Visiting attribute path : sequence
18:19:19.191 [main] DEBUG o.h.p.w.spi.MetamodelGraphWalker - Visiting attribute path : nextStatus
18:19:19.191 [main] DEBUG o.h.p.w.spi.MetamodelGraphWalker - Visiting attribute path : status
18:19:19.191 [main] DEBUG o.h.p.w.spi.MetamodelGraphWalker - Visiting attribute path : createdOn
18:19:19.191 [main] DEBUG o.h.p.w.spi.MetamodelGraphWalker - Visiting attribute path : updatedOn
18:19:19.191 [main] DEBUG o.h.p.w.spi.MetamodelGraphWalker - Visiting attribute path : sequence
18:19:19.192 [main] DEBUG o.h.p.w.spi.MetamodelGraphWalker - Visiting attribute path : nextStatus
18:19:19.192 [main] DEBUG o.h.p.w.spi.MetamodelGraphWalker - Visiting attribute path : status
18:19:19.192 [main] DEBUG o.h.p.w.spi.MetamodelGraphWalker - Visiting attribute path : createdOn
18:19:19.192 [main] DEBUG o.h.p.w.spi.MetamodelGraphWalker - Visiting attribute path : updatedOn
18:19:19.192 [main] DEBUG o.h.p.w.spi.MetamodelGraphWalker - Visiting attribute path : sequence
18:19:19.192 [main] DEBUG o.h.p.w.spi.MetamodelGraphWalker - Visiting attribute path : nextStatus
18:19:19.192 [main] DEBUG o.h.p.w.spi.MetamodelGraphWalker - Visiting attribute path : status
18:19:19.192 [main] DEBUG o.h.p.w.spi.MetamodelGraphWalker - Visiting attribute path : createdOn
18:19:19.192 [main] DEBUG o.h.p.w.spi.MetamodelGraphWalker - Visiting attribute path : updatedOn
18:19:19.192 [main] DEBUG o.h.p.w.spi.MetamodelGraphWalker - Visiting attribute path : sequence
18:19:19.193 [main] DEBUG o.h.p.w.spi.MetamodelGraphWalker - Visiting attribute path : nextStatus
18:19:19.193 [main] DEBUG o.h.p.w.spi.MetamodelGraphWalker - Visiting attribute path : status
18:19:19.193 [main] DEBUG o.h.p.w.spi.MetamodelGraphWalker - Visiting attribute path : createdOn
18:19:19.193 [main] DEBUG o.h.p.w.spi.MetamodelGraphWalker - Visiting attribute path : updatedOn
18:19:19.193 [main] DEBUG o.h.p.w.spi.MetamodelGraphWalker - Visiting attribute path : sequence
18:19:19.194 [main] DEBUG o.h.p.entity.AbstractEntityPersister - Static SQL for entity: cn.cstqb.exam.testmaker.entities.ReviewComment
18:19:19.194 [main] DEBUG o.h.p.entity.AbstractEntityPersister -  Version select: select id from review_comment where id =?
18:19:19.194 [main] DEBUG o.h.p.entity.AbstractEntityPersister -  Snapshot select: select reviewcomm_.id, reviewcomm_.updated_on as updated_3_17_, reviewcomm_.content as content4_17_, reviewcomm_.is_final_review as is_final5_17_, reviewcomm_.question_id as question6_17_, reviewcomm_.reviewer_id as reviewer7_17_ from review_comment reviewcomm_ where reviewcomm_.id=?
18:19:19.194 [main] DEBUG o.h.p.entity.AbstractEntityPersister -  Insert 0: insert into review_comment (created_on, updated_on, content, is_final_review, question_id, reviewer_id, id) values (?, ?, ?, ?, ?, ?, ?)
18:19:19.194 [main] DEBUG o.h.p.entity.AbstractEntityPersister -  Update 0: update review_comment set updated_on=?, content=?, is_final_review=?, question_id=?, reviewer_id=? where id=?
18:19:19.194 [main] DEBUG o.h.p.entity.AbstractEntityPersister -  Delete 0: delete from review_comment where id=?
18:19:19.194 [main] DEBUG o.h.p.entity.AbstractEntityPersister -  Identity insert: insert into review_comment (created_on, updated_on, content, is_final_review, question_id, reviewer_id) values (?, ?, ?, ?, ?, ?)
18:19:19.194 [main] DEBUG o.h.p.w.spi.MetamodelGraphWalker - Visiting attribute path : createdOn
18:19:19.194 [main] DEBUG o.h.p.w.spi.MetamodelGraphWalker - Visiting attribute path : updatedOn
18:19:19.194 [main] DEBUG o.h.p.w.spi.MetamodelGraphWalker - Visiting attribute path : content
18:19:19.194 [main] DEBUG o.h.p.w.spi.MetamodelGraphWalker - Visiting attribute path : isFinalReview
18:19:19.194 [main] DEBUG o.h.p.w.spi.MetamodelGraphWalker - Visiting attribute path : question
18:19:19.195 [main] DEBUG o.h.p.w.spi.MetamodelGraphWalker - Visiting attribute path : question.createdOn
18:19:19.195 [main] DEBUG o.h.p.w.spi.MetamodelGraphWalker - Visiting attribute path : question.updatedOn
18:19:19.195 [main] DEBUG o.h.p.w.spi.MetamodelGraphWalker - Visiting attribute path : question.author
18:19:19.195 [main] DEBUG o.h.p.w.spi.MetamodelGraphWalker - Visiting attribute path : question.author.createdOn
18:19:19.195 [main] DEBUG o.h.p.w.spi.MetamodelGraphWalker - Visiting attribute path : question.author.updatedOn
18:19:19.195 [main] DEBUG o.h.p.w.spi.MetamodelGraphWalker - Visiting attribute path : question.author.email
18:19:19.195 [main] DEBUG o.h.p.w.spi.MetamodelGraphWalker - Visiting attribute path : question.author.enabled
18:19:19.195 [main] DEBUG o.h.p.w.spi.MetamodelGraphWalker - Visiting attribute path : question.author.fullName
18:19:19.195 [main] DEBUG o.h.p.w.spi.MetamodelGraphWalker - Visiting attribute path : question.author.isAdmin
18:19:19.195 [main] DEBUG o.h.p.w.spi.MetamodelGraphWalker - Visiting attribute path : question.author.lastLogin
18:19:19.195 [main] DEBUG o.h.p.w.spi.MetamodelGraphWalker - Visiting attribute path : question.author.loginCount
18:19:19.195 [main] DEBUG o.h.p.w.spi.MetamodelGraphWalker - Visiting attribute path : question.author.password
18:19:19.195 [main] DEBUG o.h.p.w.spi.MetamodelGraphWalker - Visiting attribute path : question.author.phone
18:19:19.195 [main] DEBUG o.h.p.w.spi.MetamodelGraphWalker - Visiting attribute path : question.author.projects
18:19:19.195 [main] DEBUG o.h.p.w.spi.MetamodelGraphWalker - Visiting attribute path : question.author.username
18:19:19.195 [main] DEBUG o.h.p.w.spi.MetamodelGraphWalker - Visiting attribute path : question.authoringFinishDate
18:19:19.195 [main] DEBUG o.h.p.w.spi.MetamodelGraphWalker - Visiting attribute path : question.authoringStartDate
18:19:19.195 [main] DEBUG o.h.p.w.spi.MetamodelGraphWalker - Visiting attribute path : question.customField2
18:19:19.196 [main] DEBUG o.h.p.w.spi.MetamodelGraphWalker - Visiting attribute path : question.customField3
18:19:19.196 [main] DEBUG o.h.p.w.spi.MetamodelGraphWalker - Visiting attribute path : question.customFiled1
18:19:19.196 [main] DEBUG o.h.p.w.spi.MetamodelGraphWalker - Visiting attribute path : question.description
18:19:19.196 [main] DEBUG o.h.p.w.spi.MetamodelGraphWalker - Visiting attribute path : question.difficulty
18:19:19.196 [main] DEBUG o.h.p.w.spi.MetamodelGraphWalker - Visiting attribute path : question.images
18:19:19.196 [main] DEBUG o.h.p.w.spi.MetamodelGraphWalker - Visiting attribute path : question.knowledgePoint
18:19:19.196 [main] DEBUG o.h.p.w.spi.MetamodelGraphWalker - Visiting attribute path : question.knowledgePoint.createdOn
18:19:19.196 [main] DEBUG o.h.p.w.spi.MetamodelGraphWalker - Visiting attribute path : question.knowledgePoint.updatedOn
18:19:19.196 [main] DEBUG o.h.p.w.spi.MetamodelGraphWalker - Visiting attribute path : question.knowledgePoint.chapter
18:19:19.196 [main] DEBUG o.h.p.w.spi.MetamodelGraphWalker - Visiting attribute path : question.knowledgePoint.kLevel
18:19:19.196 [main] DEBUG o.h.p.w.spi.MetamodelGraphWalker - Visiting attribute path : question.knowledgePoint.number
18:19:19.196 [main] DEBUG o.h.p.w.spi.MetamodelGraphWalker - Visiting attribute path : question.knowledgePoint.score
18:19:19.197 [main] DEBUG o.h.p.w.spi.MetamodelGraphWalker - Visiting attribute path : question.knowledgePoint.title
18:19:19.197 [main] DEBUG o.h.p.w.spi.MetamodelGraphWalker - Visiting attribute path : question.language
18:19:19.197 [main] DEBUG o.h.p.w.spi.MetamodelGraphWalker - Visiting attribute path : question.language.createdOn
18:19:19.197 [main] DEBUG o.h.p.w.spi.MetamodelGraphWalker - Visiting attribute path : question.language.updatedOn
18:19:19.197 [main] DEBUG o.h.p.w.spi.MetamodelGraphWalker - Visiting attribute path : question.language.name
18:19:19.197 [main] DEBUG o.h.p.w.spi.MetamodelGraphWalker - Visiting attribute path : question.memo
18:19:19.197 [main] DEBUG o.h.p.w.spi.MetamodelGraphWalker - Visiting attribute path : question.multipleChoice
18:19:19.197 [main] DEBUG o.h.p.w.spi.MetamodelGraphWalker - Visiting attribute path : question.project
18:19:19.197 [main] DEBUG o.h.p.w.spi.MetamodelGraphWalker - Visiting attribute path : question.project.createdOn
18:19:19.197 [main] DEBUG o.h.p.w.spi.MetamodelGraphWalker - Visiting attribute path : question.project.updatedOn
18:19:19.197 [main] DEBUG o.h.p.w.spi.MetamodelGraphWalker - Visiting attribute path : question.project.customField1
18:19:19.197 [main] DEBUG o.h.p.w.spi.MetamodelGraphWalker - Visiting attribute path : question.project.customField2
18:19:19.197 [main] DEBUG o.h.p.w.spi.MetamodelGraphWalker - Visiting attribute path : question.project.customField3
18:19:19.197 [main] DEBUG o.h.p.w.spi.MetamodelGraphWalker - Visiting attribute path : question.project.exportedBy
18:19:19.198 [main] DEBUG o.h.p.w.spi.MetamodelGraphWalker - Visiting attribute path : question.project.exportedOn
18:19:19.198 [main] DEBUG o.h.p.w.spi.MetamodelGraphWalker - Visiting attribute path : question.project.facilitator
18:19:19.198 [main] DEBUG o.h.p.w.spi.MetamodelGraphWalker - Visiting attribute path : question.project.finishDate
18:19:19.198 [main] DEBUG o.h.p.w.spi.MetamodelGraphWalker - Visiting attribute path : question.project.name
18:19:19.198 [main] DEBUG o.h.p.w.spi.MetamodelGraphWalker - Visiting attribute path : question.project.startDate
18:19:19.198 [main] DEBUG o.h.p.w.spi.MetamodelGraphWalker - Visiting attribute path : question.project.status
18:19:19.198 [main] DEBUG o.h.p.w.spi.MetamodelGraphWalker - Visiting attribute path : question.project.syllabus
18:19:19.198 [main] DEBUG o.h.p.w.spi.MetamodelGraphWalker - Visiting attribute path : question.project.users
18:19:19.198 [main] DEBUG o.h.p.w.spi.MetamodelGraphWalker - Visiting attribute path : question.published
18:19:19.198 [main] DEBUG o.h.p.w.spi.MetamodelGraphWalker - Visiting attribute path : question.qualityAdmin
18:19:19.198 [main] DEBUG o.h.p.w.spi.MetamodelGraphWalker - Visiting attribute path : question.qualityAdmin.createdOn
18:19:19.198 [main] DEBUG o.h.p.w.spi.MetamodelGraphWalker - Visiting attribute path : question.qualityAdmin.updatedOn
18:19:19.198 [main] DEBUG o.h.p.w.spi.MetamodelGraphWalker - Visiting attribute path : question.qualityAdmin.email
18:19:19.198 [main] DEBUG o.h.p.w.spi.MetamodelGraphWalker - Visiting attribute path : question.qualityAdmin.enabled
18:19:19.198 [main] DEBUG o.h.p.w.spi.MetamodelGraphWalker - Visiting attribute path : question.qualityAdmin.fullName
18:19:19.199 [main] DEBUG o.h.p.w.spi.MetamodelGraphWalker - Visiting attribute path : question.qualityAdmin.isAdmin
18:19:19.199 [main] DEBUG o.h.p.w.spi.MetamodelGraphWalker - Visiting attribute path : question.qualityAdmin.lastLogin
18:19:19.199 [main] DEBUG o.h.p.w.spi.MetamodelGraphWalker - Visiting attribute path : question.qualityAdmin.loginCount
18:19:19.199 [main] DEBUG o.h.p.w.spi.MetamodelGraphWalker - Visiting attribute path : question.qualityAdmin.password
18:19:19.199 [main] DEBUG o.h.p.w.spi.MetamodelGraphWalker - Visiting attribute path : question.qualityAdmin.phone
18:19:19.199 [main] DEBUG o.h.p.w.spi.MetamodelGraphWalker - Visiting attribute path : question.qualityAdmin.projects
18:19:19.199 [main] DEBUG o.h.p.w.spi.MetamodelGraphWalker - Visiting attribute path : question.qualityAdmin.username
18:19:19.199 [main] DEBUG o.h.p.w.spi.MetamodelGraphWalker - Visiting attribute path : question.remark
18:19:19.199 [main] DEBUG o.h.p.w.spi.MetamodelGraphWalker - Visiting attribute path : question.reviewers
18:19:19.199 [main] DEBUG o.h.p.w.spi.MetamodelGraphWalker - Visiting attribute path : question.reviewingFinishDate
18:19:19.199 [main] DEBUG o.h.p.w.spi.MetamodelGraphWalker - Visiting attribute path : question.reviewingStartDate
18:19:19.199 [main] DEBUG o.h.p.w.spi.MetamodelGraphWalker - Visiting attribute path : question.scenario
18:19:19.199 [main] DEBUG o.h.p.w.spi.MetamodelGraphWalker - Visiting attribute path : question.score
18:19:19.199 [main] DEBUG o.h.p.w.spi.MetamodelGraphWalker - Visiting attribute path : question.status
18:19:19.199 [main] DEBUG o.h.p.w.spi.MetamodelGraphWalker - Visiting attribute path : question.status.createdOn
18:19:19.199 [main] DEBUG o.h.p.w.spi.MetamodelGraphWalker - Visiting attribute path : question.status.updatedOn
18:19:19.199 [main] DEBUG o.h.p.w.spi.MetamodelGraphWalker - Visiting attribute path : question.status.isFinish
18:19:19.199 [main] DEBUG o.h.p.w.spi.MetamodelGraphWalker - Visiting attribute path : question.status.isStart
18:19:19.200 [main] DEBUG o.h.p.w.spi.MetamodelGraphWalker - Visiting attribute path : question.status.name
18:19:19.200 [main] DEBUG o.h.p.w.spi.MetamodelGraphWalker - Visiting attribute path : question.status.accessibleByAuthor
18:19:19.200 [main] DEBUG o.h.p.w.spi.MetamodelGraphWalker - Visiting attribute path : question.status.accessibleByFacilitator
18:19:19.200 [main] DEBUG o.h.p.w.spi.MetamodelGraphWalker - Visiting attribute path : question.status.accessibleByQualityAdmin
18:19:19.200 [main] DEBUG o.h.p.w.spi.MetamodelGraphWalker - Visiting attribute path : question.status.accessibleByReviewer
18:19:19.200 [main] DEBUG o.h.p.w.spi.MetamodelGraphWalker - Visiting attribute path : question.stem
18:19:19.200 [main] DEBUG o.h.p.w.spi.MetamodelGraphWalker - Visiting attribute path : question.type
18:19:19.200 [main] DEBUG o.h.p.w.spi.MetamodelGraphWalker - Visiting attribute path : question.type.createdOn
18:19:19.200 [main] DEBUG o.h.p.w.spi.MetamodelGraphWalker - Visiting attribute path : question.type.updatedOn
18:19:19.200 [main] DEBUG o.h.p.w.spi.MetamodelGraphWalker - Visiting attribute path : question.type.name
18:19:19.200 [main] DEBUG o.h.p.w.spi.MetamodelGraphWalker - Visiting attribute path : reviewer
18:19:19.200 [main] DEBUG o.h.p.w.spi.MetamodelGraphWalker - Visiting attribute path : reviewer.createdOn
18:19:19.200 [main] DEBUG o.h.p.w.spi.MetamodelGraphWalker - Visiting attribute path : reviewer.updatedOn
18:19:19.200 [main] DEBUG o.h.p.w.spi.MetamodelGraphWalker - Visiting attribute path : reviewer.email
18:19:19.200 [main] DEBUG o.h.p.w.spi.MetamodelGraphWalker - Visiting attribute path : reviewer.enabled
18:19:19.200 [main] DEBUG o.h.p.w.spi.MetamodelGraphWalker - Visiting attribute path : reviewer.fullName
18:19:19.200 [main] DEBUG o.h.p.w.spi.MetamodelGraphWalker - Visiting attribute path : reviewer.isAdmin
18:19:19.200 [main] DEBUG o.h.p.w.spi.MetamodelGraphWalker - Visiting attribute path : reviewer.lastLogin
18:19:19.200 [main] DEBUG o.h.p.w.spi.MetamodelGraphWalker - Visiting attribute path : reviewer.loginCount
18:19:19.200 [main] DEBUG o.h.p.w.spi.MetamodelGraphWalker - Visiting attribute path : reviewer.password
18:19:19.200 [main] DEBUG o.h.p.w.spi.MetamodelGraphWalker - Visiting attribute path : reviewer.phone
18:19:19.200 [main] DEBUG o.h.p.w.spi.MetamodelGraphWalker - Visiting attribute path : reviewer.projects
18:19:19.200 [main] DEBUG o.h.p.w.spi.MetamodelGraphWalker - Visiting attribute path : reviewer.username
18:19:19.201 [main] DEBUG o.h.p.w.spi.MetamodelGraphWalker - Visiting attribute path : createdOn
18:19:19.201 [main] DEBUG o.h.p.w.spi.MetamodelGraphWalker - Visiting attribute path : updatedOn
18:19:19.201 [main] DEBUG o.h.p.w.spi.MetamodelGraphWalker - Visiting attribute path : content
18:19:19.201 [main] DEBUG o.h.p.w.spi.MetamodelGraphWalker - Visiting attribute path : isFinalReview
18:19:19.201 [main] DEBUG o.h.p.w.spi.MetamodelGraphWalker - Visiting attribute path : question
18:19:19.202 [main] DEBUG o.h.p.w.spi.MetamodelGraphWalker - Visiting attribute path : question.createdOn
18:19:19.202 [main] DEBUG o.h.p.w.spi.MetamodelGraphWalker - Visiting attribute path : question.updatedOn
18:19:19.202 [main] DEBUG o.h.p.w.spi.MetamodelGraphWalker - Visiting attribute path : question.author
18:19:19.202 [main] DEBUG o.h.p.w.spi.MetamodelGraphWalker - Visiting attribute path : question.author.createdOn
18:19:19.202 [main] DEBUG o.h.p.w.spi.MetamodelGraphWalker - Visiting attribute path : question.author.updatedOn
18:19:19.202 [main] DEBUG o.h.p.w.spi.MetamodelGraphWalker - Visiting attribute path : question.author.email
18:19:19.202 [main] DEBUG o.h.p.w.spi.MetamodelGraphWalker - Visiting attribute path : question.author.enabled
18:19:19.202 [main] DEBUG o.h.p.w.spi.MetamodelGraphWalker - Visiting attribute path : question.author.fullName
18:19:19.202 [main] DEBUG o.h.p.w.spi.MetamodelGraphWalker - Visiting attribute path : question.author.isAdmin
18:19:19.202 [main] DEBUG o.h.p.w.spi.MetamodelGraphWalker - Visiting attribute path : question.author.lastLogin
18:19:19.202 [main] DEBUG o.h.p.w.spi.MetamodelGraphWalker - Visiting attribute path : question.author.loginCount
18:19:19.202 [main] DEBUG o.h.p.w.spi.MetamodelGraphWalker - Visiting attribute path : question.author.password
18:19:19.202 [main] DEBUG o.h.p.w.spi.MetamodelGraphWalker - Visiting attribute path : question.author.phone
18:19:19.202 [main] DEBUG o.h.p.w.spi.MetamodelGraphWalker - Visiting attribute path : question.author.projects
18:19:19.202 [main] DEBUG o.h.p.w.spi.MetamodelGraphWalker - Visiting attribute path : question.author.username
18:19:19.202 [main] DEBUG o.h.p.w.spi.MetamodelGraphWalker - Visiting attribute path : question.authoringFinishDate
18:19:19.202 [main] DEBUG o.h.p.w.spi.MetamodelGraphWalker - Visiting attribute path : question.authoringStartDate
18:19:19.202 [main] DEBUG o.h.p.w.spi.MetamodelGraphWalker - Visiting attribute path : question.customField2
18:19:19.202 [main] DEBUG o.h.p.w.spi.MetamodelGraphWalker - Visiting attribute path : question.customField3
18:19:19.202 [main] DEBUG o.h.p.w.spi.MetamodelGraphWalker - Visiting attribute path : question.customFiled1
18:19:19.202 [main] DEBUG o.h.p.w.spi.MetamodelGraphWalker - Visiting attribute path : question.description
18:19:19.202 [main] DEBUG o.h.p.w.spi.MetamodelGraphWalker - Visiting attribute path : question.difficulty
18:19:19.203 [main] DEBUG o.h.p.w.spi.MetamodelGraphWalker - Visiting attribute path : question.images
18:19:19.203 [main] DEBUG o.h.p.w.spi.MetamodelGraphWalker - Visiting attribute path : question.knowledgePoint
18:19:19.203 [main] DEBUG o.h.p.w.spi.MetamodelGraphWalker - Visiting attribute path : question.knowledgePoint.createdOn
18:19:19.203 [main] DEBUG o.h.p.w.spi.MetamodelGraphWalker - Visiting attribute path : question.knowledgePoint.updatedOn
18:19:19.203 [main] DEBUG o.h.p.w.spi.MetamodelGraphWalker - Visiting attribute path : question.knowledgePoint.chapter
18:19:19.203 [main] DEBUG o.h.p.w.spi.MetamodelGraphWalker - Visiting attribute path : question.knowledgePoint.kLevel
18:19:19.203 [main] DEBUG o.h.p.w.spi.MetamodelGraphWalker - Visiting attribute path : question.knowledgePoint.number
18:19:19.203 [main] DEBUG o.h.p.w.spi.MetamodelGraphWalker - Visiting attribute path : question.knowledgePoint.score
18:19:19.203 [main] DEBUG o.h.p.w.spi.MetamodelGraphWalker - Visiting attribute path : question.knowledgePoint.title
18:19:19.203 [main] DEBUG o.h.p.w.spi.MetamodelGraphWalker - Visiting attribute path : question.language
18:19:19.203 [main] DEBUG o.h.p.w.spi.MetamodelGraphWalker - Visiting attribute path : question.language.createdOn
18:19:19.203 [main] DEBUG o.h.p.w.spi.MetamodelGraphWalker - Visiting attribute path : question.language.updatedOn
18:19:19.203 [main] DEBUG o.h.p.w.spi.MetamodelGraphWalker - Visiting attribute path : question.language.name
18:19:19.203 [main] DEBUG o.h.p.w.spi.MetamodelGraphWalker - Visiting attribute path : question.memo
18:19:19.203 [main] DEBUG o.h.p.w.spi.MetamodelGraphWalker - Visiting attribute path : question.multipleChoice
18:19:19.203 [main] DEBUG o.h.p.w.spi.MetamodelGraphWalker - Visiting attribute path : question.project
18:19:19.203 [main] DEBUG o.h.p.w.spi.MetamodelGraphWalker - Visiting attribute path : question.project.createdOn
18:19:19.203 [main] DEBUG o.h.p.w.spi.MetamodelGraphWalker - Visiting attribute path : question.project.updatedOn
18:19:19.204 [main] DEBUG o.h.p.w.spi.MetamodelGraphWalker - Visiting attribute path : question.project.customField1
18:19:19.204 [main] DEBUG o.h.p.w.spi.MetamodelGraphWalker - Visiting attribute path : question.project.customField2
18:19:19.204 [main] DEBUG o.h.p.w.spi.MetamodelGraphWalker - Visiting attribute path : question.project.customField3
18:19:19.204 [main] DEBUG o.h.p.w.spi.MetamodelGraphWalker - Visiting attribute path : question.project.exportedBy
18:19:19.204 [main] DEBUG o.h.p.w.spi.MetamodelGraphWalker - Visiting attribute path : question.project.exportedOn
18:19:19.204 [main] DEBUG o.h.p.w.spi.MetamodelGraphWalker - Visiting attribute path : question.project.facilitator
18:19:19.204 [main] DEBUG o.h.p.w.spi.MetamodelGraphWalker - Visiting attribute path : question.project.finishDate
18:19:19.204 [main] DEBUG o.h.p.w.spi.MetamodelGraphWalker - Visiting attribute path : question.project.name
18:19:19.204 [main] DEBUG o.h.p.w.spi.MetamodelGraphWalker - Visiting attribute path : question.project.startDate
18:19:19.204 [main] DEBUG o.h.p.w.spi.MetamodelGraphWalker - Visiting attribute path : question.project.status
18:19:19.204 [main] DEBUG o.h.p.w.spi.MetamodelGraphWalker - Visiting attribute path : question.project.syllabus
18:19:19.204 [main] DEBUG o.h.p.w.spi.MetamodelGraphWalker - Visiting attribute path : question.project.users
18:19:19.204 [main] DEBUG o.h.p.w.spi.MetamodelGraphWalker - Visiting attribute path : question.published
18:19:19.204 [main] DEBUG o.h.p.w.spi.MetamodelGraphWalker - Visiting attribute path : question.qualityAdmin
18:19:19.204 [main] DEBUG o.h.p.w.spi.MetamodelGraphWalker - Visiting attribute path : question.qualityAdmin.createdOn
18:19:19.204 [main] DEBUG o.h.p.w.spi.MetamodelGraphWalker - Visiting attribute path : question.qualityAdmin.updatedOn
18:19:19.204 [main] DEBUG o.h.p.w.spi.MetamodelGraphWalker - Visiting attribute path : question.qualityAdmin.email
18:19:19.204 [main] DEBUG o.h.p.w.spi.MetamodelGraphWalker - Visiting attribute path : question.qualityAdmin.enabled
18:19:19.204 [main] DEBUG o.h.p.w.spi.MetamodelGraphWalker - Visiting attribute path : question.qualityAdmin.fullName
18:19:19.204 [main] DEBUG o.h.p.w.spi.MetamodelGraphWalker - Visiting attribute path : question.qualityAdmin.isAdmin
18:19:19.204 [main] DEBUG o.h.p.w.spi.MetamodelGraphWalker - Visiting attribute path : question.qualityAdmin.lastLogin
18:19:19.204 [main] DEBUG o.h.p.w.spi.MetamodelGraphWalker - Visiting attribute path : question.qualityAdmin.loginCount
18:19:19.204 [main] DEBUG o.h.p.w.spi.MetamodelGraphWalker - Visiting attribute path : question.qualityAdmin.password
18:19:19.204 [main] DEBUG o.h.p.w.spi.MetamodelGraphWalker - Visiting attribute path : question.qualityAdmin.phone
18:19:19.204 [main] DEBUG o.h.p.w.spi.MetamodelGraphWalker - Visiting attribute path : question.qualityAdmin.projects
18:19:19.204 [main] DEBUG o.h.p.w.spi.MetamodelGraphWalker - Visiting attribute path : question.qualityAdmin.username
18:19:19.205 [main] DEBUG o.h.p.w.spi.MetamodelGraphWalker - Visiting attribute path : question.remark
18:19:19.205 [main] DEBUG o.h.p.w.spi.MetamodelGraphWalker - Visiting attribute path : question.reviewers
18:19:19.205 [main] DEBUG o.h.p.w.spi.MetamodelGraphWalker - Visiting attribute path : question.reviewingFinishDate
18:19:19.205 [main] DEBUG o.h.p.w.spi.MetamodelGraphWalker - Visiting attribute path : question.reviewingStartDate
18:19:19.205 [main] DEBUG o.h.p.w.spi.MetamodelGraphWalker - Visiting attribute path : question.scenario
18:19:19.205 [main] DEBUG o.h.p.w.spi.MetamodelGraphWalker - Visiting attribute path : question.score
18:19:19.205 [main] DEBUG o.h.p.w.spi.MetamodelGraphWalker - Visiting attribute path : question.status
18:19:19.205 [main] DEBUG o.h.p.w.spi.MetamodelGraphWalker - Visiting attribute path : question.status.createdOn
18:19:19.205 [main] DEBUG o.h.p.w.spi.MetamodelGraphWalker - Visiting attribute path : question.status.updatedOn
18:19:19.205 [main] DEBUG o.h.p.w.spi.MetamodelGraphWalker - Visiting attribute path : question.status.isFinish
18:19:19.205 [main] DEBUG o.h.p.w.spi.MetamodelGraphWalker - Visiting attribute path : question.status.isStart
18:19:19.205 [main] DEBUG o.h.p.w.spi.MetamodelGraphWalker - Visiting attribute path : question.status.name
18:19:19.205 [main] DEBUG o.h.p.w.spi.MetamodelGraphWalker - Visiting attribute path : question.status.accessibleByAuthor
18:19:19.205 [main] DEBUG o.h.p.w.spi.MetamodelGraphWalker - Visiting attribute path : question.status.accessibleByFacilitator
18:19:19.205 [main] DEBUG o.h.p.w.spi.MetamodelGraphWalker - Visiting attribute path : question.status.accessibleByQualityAdmin
18:19:19.205 [main] DEBUG o.h.p.w.spi.MetamodelGraphWalker - Visiting attribute path : question.status.accessibleByReviewer
18:19:19.205 [main] DEBUG o.h.p.w.spi.MetamodelGraphWalker - Visiting attribute path : question.stem
18:19:19.205 [main] DEBUG o.h.p.w.spi.MetamodelGraphWalker - Visiting attribute path : question.type
18:19:19.205 [main] DEBUG o.h.p.w.spi.MetamodelGraphWalker - Visiting attribute path : question.type.createdOn
18:19:19.205 [main] DEBUG o.h.p.w.spi.MetamodelGraphWalker - Visiting attribute path : question.type.updatedOn
18:19:19.205 [main] DEBUG o.h.p.w.spi.MetamodelGraphWalker - Visiting attribute path : question.type.name
18:19:19.205 [main] DEBUG o.h.p.w.spi.MetamodelGraphWalker - Visiting attribute path : reviewer
18:19:19.205 [main] DEBUG o.h.p.w.spi.MetamodelGraphWalker - Visiting attribute path : reviewer.createdOn
18:19:19.205 [main] DEBUG o.h.p.w.spi.MetamodelGraphWalker - Visiting attribute path : reviewer.updatedOn
18:19:19.206 [main] DEBUG o.h.p.w.spi.MetamodelGraphWalker - Visiting attribute path : reviewer.email
18:19:19.206 [main] DEBUG o.h.p.w.spi.MetamodelGraphWalker - Visiting attribute path : reviewer.enabled
18:19:19.206 [main] DEBUG o.h.p.w.spi.MetamodelGraphWalker - Visiting attribute path : reviewer.fullName
18:19:19.206 [main] DEBUG o.h.p.w.spi.MetamodelGraphWalker - Visiting attribute path : reviewer.isAdmin
18:19:19.206 [main] DEBUG o.h.p.w.spi.MetamodelGraphWalker - Visiting attribute path : reviewer.lastLogin
18:19:19.206 [main] DEBUG o.h.p.w.spi.MetamodelGraphWalker - Visiting attribute path : reviewer.loginCount
18:19:19.206 [main] DEBUG o.h.p.w.spi.MetamodelGraphWalker - Visiting attribute path : reviewer.password
18:19:19.206 [main] DEBUG o.h.p.w.spi.MetamodelGraphWalker - Visiting attribute path : reviewer.phone
18:19:19.206 [main] DEBUG o.h.p.w.spi.MetamodelGraphWalker - Visiting attribute path : reviewer.projects
18:19:19.206 [main] DEBUG o.h.p.w.spi.MetamodelGraphWalker - Visiting attribute path : reviewer.username
18:19:19.206 [main] DEBUG o.h.p.w.spi.MetamodelGraphWalker - Visiting attribute path : createdOn
18:19:19.207 [main] DEBUG o.h.p.w.spi.MetamodelGraphWalker - Visiting attribute path : updatedOn
18:19:19.207 [main] DEBUG o.h.p.w.spi.MetamodelGraphWalker - Visiting attribute path : content
18:19:19.207 [main] DEBUG o.h.p.w.spi.MetamodelGraphWalker - Visiting attribute path : isFinalReview
18:19:19.207 [main] DEBUG o.h.p.w.spi.MetamodelGraphWalker - Visiting attribute path : question
18:19:19.207 [main] DEBUG o.h.p.w.spi.MetamodelGraphWalker - Visiting attribute path : reviewer
18:19:19.207 [main] DEBUG o.h.p.w.spi.MetamodelGraphWalker - Visiting attribute path : createdOn
18:19:19.207 [main] DEBUG o.h.p.w.spi.MetamodelGraphWalker - Visiting attribute path : updatedOn
18:19:19.207 [main] DEBUG o.h.p.w.spi.MetamodelGraphWalker - Visiting attribute path : content
18:19:19.207 [main] DEBUG o.h.p.w.spi.MetamodelGraphWalker - Visiting attribute path : isFinalReview
18:19:19.207 [main] DEBUG o.h.p.w.spi.MetamodelGraphWalker - Visiting attribute path : question
18:19:19.207 [main] DEBUG o.h.p.w.spi.MetamodelGraphWalker - Visiting attribute path : reviewer
18:19:19.207 [main] DEBUG o.h.p.w.spi.MetamodelGraphWalker - Visiting attribute path : createdOn
18:19:19.207 [main] DEBUG o.h.p.w.spi.MetamodelGraphWalker - Visiting attribute path : updatedOn
18:19:19.207 [main] DEBUG o.h.p.w.spi.MetamodelGraphWalker - Visiting attribute path : content
18:19:19.208 [main] DEBUG o.h.p.w.spi.MetamodelGraphWalker - Visiting attribute path : isFinalReview
18:19:19.208 [main] DEBUG o.h.p.w.spi.MetamodelGraphWalker - Visiting attribute path : question
18:19:19.208 [main] DEBUG o.h.p.w.spi.MetamodelGraphWalker - Visiting attribute path : reviewer
18:19:19.208 [main] DEBUG o.h.p.w.spi.MetamodelGraphWalker - Visiting attribute path : createdOn
18:19:19.208 [main] DEBUG o.h.p.w.spi.MetamodelGraphWalker - Visiting attribute path : updatedOn
18:19:19.208 [main] DEBUG o.h.p.w.spi.MetamodelGraphWalker - Visiting attribute path : content
18:19:19.208 [main] DEBUG o.h.p.w.spi.MetamodelGraphWalker - Visiting attribute path : isFinalReview
18:19:19.208 [main] DEBUG o.h.p.w.spi.MetamodelGraphWalker - Visiting attribute path : question
18:19:19.208 [main] DEBUG o.h.p.w.spi.MetamodelGraphWalker - Visiting attribute path : reviewer
18:19:19.208 [main] DEBUG o.h.p.w.spi.MetamodelGraphWalker - Visiting attribute path : createdOn
18:19:19.208 [main] DEBUG o.h.p.w.spi.MetamodelGraphWalker - Visiting attribute path : updatedOn
18:19:19.208 [main] DEBUG o.h.p.w.spi.MetamodelGraphWalker - Visiting attribute path : content
18:19:19.208 [main] DEBUG o.h.p.w.spi.MetamodelGraphWalker - Visiting attribute path : isFinalReview
18:19:19.208 [main] DEBUG o.h.p.w.spi.MetamodelGraphWalker - Visiting attribute path : question
18:19:19.208 [main] DEBUG o.h.p.w.spi.MetamodelGraphWalker - Visiting attribute path : reviewer
18:19:19.208 [main] DEBUG o.h.p.w.spi.MetamodelGraphWalker - Visiting attribute path : createdOn
18:19:19.208 [main] DEBUG o.h.p.w.spi.MetamodelGraphWalker - Visiting attribute path : updatedOn
18:19:19.208 [main] DEBUG o.h.p.w.spi.MetamodelGraphWalker - Visiting attribute path : content
18:19:19.208 [main] DEBUG o.h.p.w.spi.MetamodelGraphWalker - Visiting attribute path : isFinalReview
18:19:19.208 [main] DEBUG o.h.p.w.spi.MetamodelGraphWalker - Visiting attribute path : question
18:19:19.209 [main] DEBUG o.h.p.w.spi.MetamodelGraphWalker - Visiting attribute path : reviewer
18:19:19.209 [main] DEBUG o.h.p.w.spi.MetamodelGraphWalker - Visiting attribute path : createdOn
18:19:19.209 [main] DEBUG o.h.p.w.spi.MetamodelGraphWalker - Visiting attribute path : updatedOn
18:19:19.209 [main] DEBUG o.h.p.w.spi.MetamodelGraphWalker - Visiting attribute path : content
18:19:19.209 [main] DEBUG o.h.p.w.spi.MetamodelGraphWalker - Visiting attribute path : isFinalReview
18:19:19.209 [main] DEBUG o.h.p.w.spi.MetamodelGraphWalker - Visiting attribute path : question
18:19:19.209 [main] DEBUG o.h.p.w.spi.MetamodelGraphWalker - Visiting attribute path : reviewer
18:19:19.209 [main] DEBUG o.h.p.w.spi.MetamodelGraphWalker - Visiting attribute path : createdOn
18:19:19.209 [main] DEBUG o.h.p.w.spi.MetamodelGraphWalker - Visiting attribute path : updatedOn
18:19:19.209 [main] DEBUG o.h.p.w.spi.MetamodelGraphWalker - Visiting attribute path : content
18:19:19.209 [main] DEBUG o.h.p.w.spi.MetamodelGraphWalker - Visiting attribute path : isFinalReview
18:19:19.209 [main] DEBUG o.h.p.w.spi.MetamodelGraphWalker - Visiting attribute path : question
18:19:19.209 [main] DEBUG o.h.p.w.spi.MetamodelGraphWalker - Visiting attribute path : reviewer
18:19:19.209 [main] DEBUG o.h.p.w.spi.MetamodelGraphWalker - Visiting attribute path : createdOn
18:19:19.209 [main] DEBUG o.h.p.w.spi.MetamodelGraphWalker - Visiting attribute path : updatedOn
18:19:19.209 [main] DEBUG o.h.p.w.spi.MetamodelGraphWalker - Visiting attribute path : content
18:19:19.209 [main] DEBUG o.h.p.w.spi.MetamodelGraphWalker - Visiting attribute path : isFinalReview
18:19:19.210 [main] DEBUG o.h.p.w.spi.MetamodelGraphWalker - Visiting attribute path : question
18:19:19.210 [main] DEBUG o.h.p.w.spi.MetamodelGraphWalker - Visiting attribute path : reviewer
18:19:19.210 [main] DEBUG o.h.p.entity.AbstractEntityPersister - Static SQL for entity: cn.cstqb.exam.testmaker.entities.QuestionChoice
18:19:19.210 [main] DEBUG o.h.p.entity.AbstractEntityPersister -  Version select: select id from question_choice where id =?
18:19:19.210 [main] DEBUG o.h.p.entity.AbstractEntityPersister -  Snapshot select: select questionch_.id, questionch_.updated_on as updated_3_8_, questionch_.choice_label as choice_l4_8_, questionch_.content as content5_8_, questionch_.is_correct_answer as is_corre6_8_, questionch_.question_id as question7_8_ from question_choice questionch_ where questionch_.id=?
18:19:19.210 [main] DEBUG o.h.p.entity.AbstractEntityPersister -  Insert 0: insert into question_choice (created_on, updated_on, choice_label, content, is_correct_answer, question_id, id) values (?, ?, ?, ?, ?, ?, ?)
18:19:19.210 [main] DEBUG o.h.p.entity.AbstractEntityPersister -  Update 0: update question_choice set updated_on=?, choice_label=?, content=?, is_correct_answer=?, question_id=? where id=?
18:19:19.210 [main] DEBUG o.h.p.entity.AbstractEntityPersister -  Delete 0: delete from question_choice where id=?
18:19:19.210 [main] DEBUG o.h.p.entity.AbstractEntityPersister -  Identity insert: insert into question_choice (created_on, updated_on, choice_label, content, is_correct_answer, question_id) values (?, ?, ?, ?, ?, ?)
18:19:19.210 [main] DEBUG o.h.p.w.spi.MetamodelGraphWalker - Visiting attribute path : createdOn
18:19:19.210 [main] DEBUG o.h.p.w.spi.MetamodelGraphWalker - Visiting attribute path : updatedOn
18:19:19.210 [main] DEBUG o.h.p.w.spi.MetamodelGraphWalker - Visiting attribute path : choiceLabel
18:19:19.210 [main] DEBUG o.h.p.w.spi.MetamodelGraphWalker - Visiting attribute path : content
18:19:19.211 [main] DEBUG o.h.p.w.spi.MetamodelGraphWalker - Visiting attribute path : images
18:19:19.211 [main] DEBUG o.h.p.w.spi.MetamodelGraphWalker - Visiting attribute path : isCorrectAnswer
18:19:19.211 [main] DEBUG o.h.p.w.spi.MetamodelGraphWalker - Visiting attribute path : question
18:19:19.211 [main] DEBUG o.h.p.w.spi.MetamodelGraphWalker - Visiting attribute path : question.createdOn
18:19:19.211 [main] DEBUG o.h.p.w.spi.MetamodelGraphWalker - Visiting attribute path : question.updatedOn
18:19:19.211 [main] DEBUG o.h.p.w.spi.MetamodelGraphWalker - Visiting attribute path : question.author
18:19:19.211 [main] DEBUG o.h.p.w.spi.MetamodelGraphWalker - Visiting attribute path : question.author.createdOn
18:19:19.211 [main] DEBUG o.h.p.w.spi.MetamodelGraphWalker - Visiting attribute path : question.author.updatedOn
18:19:19.211 [main] DEBUG o.h.p.w.spi.MetamodelGraphWalker - Visiting attribute path : question.author.email
18:19:19.211 [main] DEBUG o.h.p.w.spi.MetamodelGraphWalker - Visiting attribute path : question.author.enabled
18:19:19.211 [main] DEBUG o.h.p.w.spi.MetamodelGraphWalker - Visiting attribute path : question.author.fullName
18:19:19.211 [main] DEBUG o.h.p.w.spi.MetamodelGraphWalker - Visiting attribute path : question.author.isAdmin
18:19:19.211 [main] DEBUG o.h.p.w.spi.MetamodelGraphWalker - Visiting attribute path : question.author.lastLogin
18:19:19.211 [main] DEBUG o.h.p.w.spi.MetamodelGraphWalker - Visiting attribute path : question.author.loginCount
18:19:19.211 [main] DEBUG o.h.p.w.spi.MetamodelGraphWalker - Visiting attribute path : question.author.password
18:19:19.211 [main] DEBUG o.h.p.w.spi.MetamodelGraphWalker - Visiting attribute path : question.author.phone
18:19:19.211 [main] DEBUG o.h.p.w.spi.MetamodelGraphWalker - Visiting attribute path : question.author.projects
18:19:19.211 [main] DEBUG o.h.p.w.spi.MetamodelGraphWalker - Visiting attribute path : question.author.username
18:19:19.211 [main] DEBUG o.h.p.w.spi.MetamodelGraphWalker - Visiting attribute path : question.authoringFinishDate
18:19:19.211 [main] DEBUG o.h.p.w.spi.MetamodelGraphWalker - Visiting attribute path : question.authoringStartDate
18:19:19.211 [main] DEBUG o.h.p.w.spi.MetamodelGraphWalker - Visiting attribute path : question.customField2
18:19:19.211 [main] DEBUG o.h.p.w.spi.MetamodelGraphWalker - Visiting attribute path : question.customField3
18:19:19.211 [main] DEBUG o.h.p.w.spi.MetamodelGraphWalker - Visiting attribute path : question.customFiled1
18:19:19.211 [main] DEBUG o.h.p.w.spi.MetamodelGraphWalker - Visiting attribute path : question.description
18:19:19.211 [main] DEBUG o.h.p.w.spi.MetamodelGraphWalker - Visiting attribute path : question.difficulty
18:19:19.211 [main] DEBUG o.h.p.w.spi.MetamodelGraphWalker - Visiting attribute path : question.images
18:19:19.211 [main] DEBUG o.h.p.w.spi.MetamodelGraphWalker - Visiting attribute path : question.knowledgePoint
18:19:19.211 [main] DEBUG o.h.p.w.spi.MetamodelGraphWalker - Visiting attribute path : question.knowledgePoint.createdOn
18:19:19.211 [main] DEBUG o.h.p.w.spi.MetamodelGraphWalker - Visiting attribute path : question.knowledgePoint.updatedOn
18:19:19.212 [main] DEBUG o.h.p.w.spi.MetamodelGraphWalker - Visiting attribute path : question.knowledgePoint.chapter
18:19:19.212 [main] DEBUG o.h.p.w.spi.MetamodelGraphWalker - Visiting attribute path : question.knowledgePoint.kLevel
18:19:19.212 [main] DEBUG o.h.p.w.spi.MetamodelGraphWalker - Visiting attribute path : question.knowledgePoint.number
18:19:19.212 [main] DEBUG o.h.p.w.spi.MetamodelGraphWalker - Visiting attribute path : question.knowledgePoint.score
18:19:19.212 [main] DEBUG o.h.p.w.spi.MetamodelGraphWalker - Visiting attribute path : question.knowledgePoint.title
18:19:19.212 [main] DEBUG o.h.p.w.spi.MetamodelGraphWalker - Visiting attribute path : question.language
18:19:19.212 [main] DEBUG o.h.p.w.spi.MetamodelGraphWalker - Visiting attribute path : question.language.createdOn
18:19:19.212 [main] DEBUG o.h.p.w.spi.MetamodelGraphWalker - Visiting attribute path : question.language.updatedOn
18:19:19.212 [main] DEBUG o.h.p.w.spi.MetamodelGraphWalker - Visiting attribute path : question.language.name
18:19:19.212 [main] DEBUG o.h.p.w.spi.MetamodelGraphWalker - Visiting attribute path : question.memo
18:19:19.212 [main] DEBUG o.h.p.w.spi.MetamodelGraphWalker - Visiting attribute path : question.multipleChoice
18:19:19.212 [main] DEBUG o.h.p.w.spi.MetamodelGraphWalker - Visiting attribute path : question.project
18:19:19.212 [main] DEBUG o.h.p.w.spi.MetamodelGraphWalker - Visiting attribute path : question.project.createdOn
18:19:19.212 [main] DEBUG o.h.p.w.spi.MetamodelGraphWalker - Visiting attribute path : question.project.updatedOn
18:19:19.212 [main] DEBUG o.h.p.w.spi.MetamodelGraphWalker - Visiting attribute path : question.project.customField1
18:19:19.212 [main] DEBUG o.h.p.w.spi.MetamodelGraphWalker - Visiting attribute path : question.project.customField2
18:19:19.212 [main] DEBUG o.h.p.w.spi.MetamodelGraphWalker - Visiting attribute path : question.project.customField3
18:19:19.212 [main] DEBUG o.h.p.w.spi.MetamodelGraphWalker - Visiting attribute path : question.project.exportedBy
18:19:19.212 [main] DEBUG o.h.p.w.spi.MetamodelGraphWalker - Visiting attribute path : question.project.exportedOn
18:19:19.212 [main] DEBUG o.h.p.w.spi.MetamodelGraphWalker - Visiting attribute path : question.project.facilitator
18:19:19.212 [main] DEBUG o.h.p.w.spi.MetamodelGraphWalker - Visiting attribute path : question.project.finishDate
18:19:19.212 [main] DEBUG o.h.p.w.spi.MetamodelGraphWalker - Visiting attribute path : question.project.name
18:19:19.212 [main] DEBUG o.h.p.w.spi.MetamodelGraphWalker - Visiting attribute path : question.project.startDate
18:19:19.212 [main] DEBUG o.h.p.w.spi.MetamodelGraphWalker - Visiting attribute path : question.project.status
18:19:19.212 [main] DEBUG o.h.p.w.spi.MetamodelGraphWalker - Visiting attribute path : question.project.syllabus
18:19:19.212 [main] DEBUG o.h.p.w.spi.MetamodelGraphWalker - Visiting attribute path : question.project.users
18:19:19.212 [main] DEBUG o.h.p.w.spi.MetamodelGraphWalker - Visiting attribute path : question.published
18:19:19.212 [main] DEBUG o.h.p.w.spi.MetamodelGraphWalker - Visiting attribute path : question.qualityAdmin
18:19:19.212 [main] DEBUG o.h.p.w.spi.MetamodelGraphWalker - Visiting attribute path : question.qualityAdmin.createdOn
18:19:19.212 [main] DEBUG o.h.p.w.spi.MetamodelGraphWalker - Visiting attribute path : question.qualityAdmin.updatedOn
18:19:19.212 [main] DEBUG o.h.p.w.spi.MetamodelGraphWalker - Visiting attribute path : question.qualityAdmin.email
18:19:19.213 [main] DEBUG o.h.p.w.spi.MetamodelGraphWalker - Visiting attribute path : question.qualityAdmin.enabled
18:19:19.213 [main] DEBUG o.h.p.w.spi.MetamodelGraphWalker - Visiting attribute path : question.qualityAdmin.fullName
18:19:19.213 [main] DEBUG o.h.p.w.spi.MetamodelGraphWalker - Visiting attribute path : question.qualityAdmin.isAdmin
18:19:19.213 [main] DEBUG o.h.p.w.spi.MetamodelGraphWalker - Visiting attribute path : question.qualityAdmin.lastLogin
18:19:19.213 [main] DEBUG o.h.p.w.spi.MetamodelGraphWalker - Visiting attribute path : question.qualityAdmin.loginCount
18:19:19.213 [main] DEBUG o.h.p.w.spi.MetamodelGraphWalker - Visiting attribute path : question.qualityAdmin.password
18:19:19.213 [main] DEBUG o.h.p.w.spi.MetamodelGraphWalker - Visiting attribute path : question.qualityAdmin.phone
18:19:19.213 [main] DEBUG o.h.p.w.spi.MetamodelGraphWalker - Visiting attribute path : question.qualityAdmin.projects
18:19:19.213 [main] DEBUG o.h.p.w.spi.MetamodelGraphWalker - Visiting attribute path : question.qualityAdmin.username
18:19:19.213 [main] DEBUG o.h.p.w.spi.MetamodelGraphWalker - Visiting attribute path : question.remark
18:19:19.213 [main] DEBUG o.h.p.w.spi.MetamodelGraphWalker - Visiting attribute path : question.reviewers
18:19:19.213 [main] DEBUG o.h.p.w.spi.MetamodelGraphWalker - Visiting attribute path : question.reviewingFinishDate
18:19:19.213 [main] DEBUG o.h.p.w.spi.MetamodelGraphWalker - Visiting attribute path : question.reviewingStartDate
18:19:19.213 [main] DEBUG o.h.p.w.spi.MetamodelGraphWalker - Visiting attribute path : question.scenario
18:19:19.213 [main] DEBUG o.h.p.w.spi.MetamodelGraphWalker - Visiting attribute path : question.score
18:19:19.213 [main] DEBUG o.h.p.w.spi.MetamodelGraphWalker - Visiting attribute path : question.status
18:19:19.213 [main] DEBUG o.h.p.w.spi.MetamodelGraphWalker - Visiting attribute path : question.status.createdOn
18:19:19.213 [main] DEBUG o.h.p.w.spi.MetamodelGraphWalker - Visiting attribute path : question.status.updatedOn
18:19:19.213 [main] DEBUG o.h.p.w.spi.MetamodelGraphWalker - Visiting attribute path : question.status.isFinish
18:19:19.213 [main] DEBUG o.h.p.w.spi.MetamodelGraphWalker - Visiting attribute path : question.status.isStart
18:19:19.213 [main] DEBUG o.h.p.w.spi.MetamodelGraphWalker - Visiting attribute path : question.status.name
18:19:19.213 [main] DEBUG o.h.p.w.spi.MetamodelGraphWalker - Visiting attribute path : question.status.accessibleByAuthor
18:19:19.213 [main] DEBUG o.h.p.w.spi.MetamodelGraphWalker - Visiting attribute path : question.status.accessibleByFacilitator
18:19:19.213 [main] DEBUG o.h.p.w.spi.MetamodelGraphWalker - Visiting attribute path : question.status.accessibleByQualityAdmin
18:19:19.213 [main] DEBUG o.h.p.w.spi.MetamodelGraphWalker - Visiting attribute path : question.status.accessibleByReviewer
18:19:19.213 [main] DEBUG o.h.p.w.spi.MetamodelGraphWalker - Visiting attribute path : question.stem
18:19:19.214 [main] DEBUG o.h.p.w.spi.MetamodelGraphWalker - Visiting attribute path : question.type
18:19:19.219 [main] DEBUG o.h.p.w.spi.MetamodelGraphWalker - Visiting attribute path : question.type.createdOn
18:19:19.219 [main] DEBUG o.h.p.w.spi.MetamodelGraphWalker - Visiting attribute path : question.type.updatedOn
18:19:19.219 [main] DEBUG o.h.p.w.spi.MetamodelGraphWalker - Visiting attribute path : question.type.name
18:19:19.220 [main] DEBUG o.h.p.w.spi.MetamodelGraphWalker - Visiting attribute path : createdOn
18:19:19.220 [main] DEBUG o.h.p.w.spi.MetamodelGraphWalker - Visiting attribute path : updatedOn
18:19:19.220 [main] DEBUG o.h.p.w.spi.MetamodelGraphWalker - Visiting attribute path : choiceLabel
18:19:19.220 [main] DEBUG o.h.p.w.spi.MetamodelGraphWalker - Visiting attribute path : content
18:19:19.220 [main] DEBUG o.h.p.w.spi.MetamodelGraphWalker - Visiting attribute path : images
18:19:19.220 [main] DEBUG o.h.p.w.spi.MetamodelGraphWalker - Visiting attribute path : isCorrectAnswer
18:19:19.220 [main] DEBUG o.h.p.w.spi.MetamodelGraphWalker - Visiting attribute path : question
18:19:19.220 [main] DEBUG o.h.p.w.spi.MetamodelGraphWalker - Visiting attribute path : question.createdOn
18:19:19.220 [main] DEBUG o.h.p.w.spi.MetamodelGraphWalker - Visiting attribute path : question.updatedOn
18:19:19.220 [main] DEBUG o.h.p.w.spi.MetamodelGraphWalker - Visiting attribute path : question.author
18:19:19.220 [main] DEBUG o.h.p.w.spi.MetamodelGraphWalker - Visiting attribute path : question.author.createdOn
18:19:19.220 [main] DEBUG o.h.p.w.spi.MetamodelGraphWalker - Visiting attribute path : question.author.updatedOn
18:19:19.220 [main] DEBUG o.h.p.w.spi.MetamodelGraphWalker - Visiting attribute path : question.author.email
18:19:19.220 [main] DEBUG o.h.p.w.spi.MetamodelGraphWalker - Visiting attribute path : question.author.enabled
18:19:19.220 [main] DEBUG o.h.p.w.spi.MetamodelGraphWalker - Visiting attribute path : question.author.fullName
18:19:19.220 [main] DEBUG o.h.p.w.spi.MetamodelGraphWalker - Visiting attribute path : question.author.isAdmin
18:19:19.221 [main] DEBUG o.h.p.w.spi.MetamodelGraphWalker - Visiting attribute path : question.author.lastLogin
18:19:19.221 [main] DEBUG o.h.p.w.spi.MetamodelGraphWalker - Visiting attribute path : question.author.loginCount
18:19:19.221 [main] DEBUG o.h.p.w.spi.MetamodelGraphWalker - Visiting attribute path : question.author.password
18:19:19.221 [main] DEBUG o.h.p.w.spi.MetamodelGraphWalker - Visiting attribute path : question.author.phone
18:19:19.221 [main] DEBUG o.h.p.w.spi.MetamodelGraphWalker - Visiting attribute path : question.author.projects
18:19:19.221 [main] DEBUG o.h.p.w.spi.MetamodelGraphWalker - Visiting attribute path : question.author.username
18:19:19.221 [main] DEBUG o.h.p.w.spi.MetamodelGraphWalker - Visiting attribute path : question.authoringFinishDate
18:19:19.221 [main] DEBUG o.h.p.w.spi.MetamodelGraphWalker - Visiting attribute path : question.authoringStartDate
18:19:19.221 [main] DEBUG o.h.p.w.spi.MetamodelGraphWalker - Visiting attribute path : question.customField2
18:19:19.221 [main] DEBUG o.h.p.w.spi.MetamodelGraphWalker - Visiting attribute path : question.customField3
18:19:19.221 [main] DEBUG o.h.p.w.spi.MetamodelGraphWalker - Visiting attribute path : question.customFiled1
18:19:19.221 [main] DEBUG o.h.p.w.spi.MetamodelGraphWalker - Visiting attribute path : question.description
18:19:19.221 [main] DEBUG o.h.p.w.spi.MetamodelGraphWalker - Visiting attribute path : question.difficulty
18:19:19.221 [main] DEBUG o.h.p.w.spi.MetamodelGraphWalker - Visiting attribute path : question.images
18:19:19.221 [main] DEBUG o.h.p.w.spi.MetamodelGraphWalker - Visiting attribute path : question.knowledgePoint
18:19:19.221 [main] DEBUG o.h.p.w.spi.MetamodelGraphWalker - Visiting attribute path : question.knowledgePoint.createdOn
18:19:19.221 [main] DEBUG o.h.p.w.spi.MetamodelGraphWalker - Visiting attribute path : question.knowledgePoint.updatedOn
18:19:19.222 [main] DEBUG o.h.p.w.spi.MetamodelGraphWalker - Visiting attribute path : question.knowledgePoint.chapter
18:19:19.222 [main] DEBUG o.h.p.w.spi.MetamodelGraphWalker - Visiting attribute path : question.knowledgePoint.kLevel
18:19:19.222 [main] DEBUG o.h.p.w.spi.MetamodelGraphWalker - Visiting attribute path : question.knowledgePoint.number
18:19:19.222 [main] DEBUG o.h.p.w.spi.MetamodelGraphWalker - Visiting attribute path : question.knowledgePoint.score
18:19:19.222 [main] DEBUG o.h.p.w.spi.MetamodelGraphWalker - Visiting attribute path : question.knowledgePoint.title
18:19:19.222 [main] DEBUG o.h.p.w.spi.MetamodelGraphWalker - Visiting attribute path : question.language
18:19:19.222 [main] DEBUG o.h.p.w.spi.MetamodelGraphWalker - Visiting attribute path : question.language.createdOn
18:19:19.222 [main] DEBUG o.h.p.w.spi.MetamodelGraphWalker - Visiting attribute path : question.language.updatedOn
18:19:19.222 [main] DEBUG o.h.p.w.spi.MetamodelGraphWalker - Visiting attribute path : question.language.name
18:19:19.222 [main] DEBUG o.h.p.w.spi.MetamodelGraphWalker - Visiting attribute path : question.memo
18:19:19.222 [main] DEBUG o.h.p.w.spi.MetamodelGraphWalker - Visiting attribute path : question.multipleChoice
18:19:19.222 [main] DEBUG o.h.p.w.spi.MetamodelGraphWalker - Visiting attribute path : question.project
18:19:19.222 [main] DEBUG o.h.p.w.spi.MetamodelGraphWalker - Visiting attribute path : question.project.createdOn
18:19:19.222 [main] DEBUG o.h.p.w.spi.MetamodelGraphWalker - Visiting attribute path : question.project.updatedOn
18:19:19.222 [main] DEBUG o.h.p.w.spi.MetamodelGraphWalker - Visiting attribute path : question.project.customField1
18:19:19.222 [main] DEBUG o.h.p.w.spi.MetamodelGraphWalker - Visiting attribute path : question.project.customField2
18:19:19.222 [main] DEBUG o.h.p.w.spi.MetamodelGraphWalker - Visiting attribute path : question.project.customField3
18:19:19.222 [main] DEBUG o.h.p.w.spi.MetamodelGraphWalker - Visiting attribute path : question.project.exportedBy
18:19:19.222 [main] DEBUG o.h.p.w.spi.MetamodelGraphWalker - Visiting attribute path : question.project.exportedOn
18:19:19.222 [main] DEBUG o.h.p.w.spi.MetamodelGraphWalker - Visiting attribute path : question.project.facilitator
18:19:19.223 [main] DEBUG o.h.p.w.spi.MetamodelGraphWalker - Visiting attribute path : question.project.finishDate
18:19:19.223 [main] DEBUG o.h.p.w.spi.MetamodelGraphWalker - Visiting attribute path : question.project.name
18:19:19.223 [main] DEBUG o.h.p.w.spi.MetamodelGraphWalker - Visiting attribute path : question.project.startDate
18:19:19.223 [main] DEBUG o.h.p.w.spi.MetamodelGraphWalker - Visiting attribute path : question.project.status
18:19:19.223 [main] DEBUG o.h.p.w.spi.MetamodelGraphWalker - Visiting attribute path : question.project.syllabus
18:19:19.223 [main] DEBUG o.h.p.w.spi.MetamodelGraphWalker - Visiting attribute path : question.project.users
18:19:19.223 [main] DEBUG o.h.p.w.spi.MetamodelGraphWalker - Visiting attribute path : question.published
18:19:19.223 [main] DEBUG o.h.p.w.spi.MetamodelGraphWalker - Visiting attribute path : question.qualityAdmin
18:19:19.223 [main] DEBUG o.h.p.w.spi.MetamodelGraphWalker - Visiting attribute path : question.qualityAdmin.createdOn
18:19:19.223 [main] DEBUG o.h.p.w.spi.MetamodelGraphWalker - Visiting attribute path : question.qualityAdmin.updatedOn
18:19:19.223 [main] DEBUG o.h.p.w.spi.MetamodelGraphWalker - Visiting attribute path : question.qualityAdmin.email
18:19:19.223 [main] DEBUG o.h.p.w.spi.MetamodelGraphWalker - Visiting attribute path : question.qualityAdmin.enabled
18:19:19.223 [main] DEBUG o.h.p.w.spi.MetamodelGraphWalker - Visiting attribute path : question.qualityAdmin.fullName
18:19:19.223 [main] DEBUG o.h.p.w.spi.MetamodelGraphWalker - Visiting attribute path : question.qualityAdmin.isAdmin
18:19:19.223 [main] DEBUG o.h.p.w.spi.MetamodelGraphWalker - Visiting attribute path : question.qualityAdmin.lastLogin
18:19:19.223 [main] DEBUG o.h.p.w.spi.MetamodelGraphWalker - Visiting attribute path : question.qualityAdmin.loginCount
18:19:19.223 [main] DEBUG o.h.p.w.spi.MetamodelGraphWalker - Visiting attribute path : question.qualityAdmin.password
18:19:19.223 [main] DEBUG o.h.p.w.spi.MetamodelGraphWalker - Visiting attribute path : question.qualityAdmin.phone
18:19:19.223 [main] DEBUG o.h.p.w.spi.MetamodelGraphWalker - Visiting attribute path : question.qualityAdmin.projects
18:19:19.223 [main] DEBUG o.h.p.w.spi.MetamodelGraphWalker - Visiting attribute path : question.qualityAdmin.username
18:19:19.224 [main] DEBUG o.h.p.w.spi.MetamodelGraphWalker - Visiting attribute path : question.remark
18:19:19.224 [main] DEBUG o.h.p.w.spi.MetamodelGraphWalker - Visiting attribute path : question.reviewers
18:19:19.224 [main] DEBUG o.h.p.w.spi.MetamodelGraphWalker - Visiting attribute path : question.reviewingFinishDate
18:19:19.224 [main] DEBUG o.h.p.w.spi.MetamodelGraphWalker - Visiting attribute path : question.reviewingStartDate
18:19:19.224 [main] DEBUG o.h.p.w.spi.MetamodelGraphWalker - Visiting attribute path : question.scenario
18:19:19.224 [main] DEBUG o.h.p.w.spi.MetamodelGraphWalker - Visiting attribute path : question.score
18:19:19.224 [main] DEBUG o.h.p.w.spi.MetamodelGraphWalker - Visiting attribute path : question.status
18:19:19.224 [main] DEBUG o.h.p.w.spi.MetamodelGraphWalker - Visiting attribute path : question.status.createdOn
18:19:19.224 [main] DEBUG o.h.p.w.spi.MetamodelGraphWalker - Visiting attribute path : question.status.updatedOn
18:19:19.224 [main] DEBUG o.h.p.w.spi.MetamodelGraphWalker - Visiting attribute path : question.status.isFinish
18:19:19.224 [main] DEBUG o.h.p.w.spi.MetamodelGraphWalker - Visiting attribute path : question.status.isStart
18:19:19.224 [main] DEBUG o.h.p.w.spi.MetamodelGraphWalker - Visiting attribute path : question.status.name
18:19:19.224 [main] DEBUG o.h.p.w.spi.MetamodelGraphWalker - Visiting attribute path : question.status.accessibleByAuthor
18:19:19.224 [main] DEBUG o.h.p.w.spi.MetamodelGraphWalker - Visiting attribute path : question.status.accessibleByFacilitator
18:19:19.224 [main] DEBUG o.h.p.w.spi.MetamodelGraphWalker - Visiting attribute path : question.status.accessibleByQualityAdmin
18:19:19.224 [main] DEBUG o.h.p.w.spi.MetamodelGraphWalker - Visiting attribute path : question.status.accessibleByReviewer
18:19:19.224 [main] DEBUG o.h.p.w.spi.MetamodelGraphWalker - Visiting attribute path : question.stem
18:19:19.224 [main] DEBUG o.h.p.w.spi.MetamodelGraphWalker - Visiting attribute path : question.type
18:19:19.224 [main] DEBUG o.h.p.w.spi.MetamodelGraphWalker - Visiting attribute path : question.type.createdOn
18:19:19.224 [main] DEBUG o.h.p.w.spi.MetamodelGraphWalker - Visiting attribute path : question.type.updatedOn
18:19:19.224 [main] DEBUG o.h.p.w.spi.MetamodelGraphWalker - Visiting attribute path : question.type.name
18:19:19.225 [main] DEBUG o.h.p.w.spi.MetamodelGraphWalker - Visiting attribute path : createdOn
18:19:19.226 [main] DEBUG o.h.p.w.spi.MetamodelGraphWalker - Visiting attribute path : updatedOn
18:19:19.226 [main] DEBUG o.h.p.w.spi.MetamodelGraphWalker - Visiting attribute path : choiceLabel
18:19:19.226 [main] DEBUG o.h.p.w.spi.MetamodelGraphWalker - Visiting attribute path : content
18:19:19.226 [main] DEBUG o.h.p.w.spi.MetamodelGraphWalker - Visiting attribute path : images
18:19:19.226 [main] DEBUG o.h.p.w.spi.MetamodelGraphWalker - Visiting attribute path : isCorrectAnswer
18:19:19.226 [main] DEBUG o.h.p.w.spi.MetamodelGraphWalker - Visiting attribute path : question
18:19:19.226 [main] DEBUG o.h.p.w.spi.MetamodelGraphWalker - Visiting attribute path : createdOn
18:19:19.226 [main] DEBUG o.h.p.w.spi.MetamodelGraphWalker - Visiting attribute path : updatedOn
18:19:19.226 [main] DEBUG o.h.p.w.spi.MetamodelGraphWalker - Visiting attribute path : choiceLabel
18:19:19.226 [main] DEBUG o.h.p.w.spi.MetamodelGraphWalker - Visiting attribute path : content
18:19:19.226 [main] DEBUG o.h.p.w.spi.MetamodelGraphWalker - Visiting attribute path : images
18:19:19.226 [main] DEBUG o.h.p.w.spi.MetamodelGraphWalker - Visiting attribute path : isCorrectAnswer
18:19:19.226 [main] DEBUG o.h.p.w.spi.MetamodelGraphWalker - Visiting attribute path : question
18:19:19.227 [main] DEBUG o.h.p.w.spi.MetamodelGraphWalker - Visiting attribute path : createdOn
18:19:19.227 [main] DEBUG o.h.p.w.spi.MetamodelGraphWalker - Visiting attribute path : updatedOn
18:19:19.227 [main] DEBUG o.h.p.w.spi.MetamodelGraphWalker - Visiting attribute path : choiceLabel
18:19:19.227 [main] DEBUG o.h.p.w.spi.MetamodelGraphWalker - Visiting attribute path : content
18:19:19.227 [main] DEBUG o.h.p.w.spi.MetamodelGraphWalker - Visiting attribute path : images
18:19:19.227 [main] DEBUG o.h.p.w.spi.MetamodelGraphWalker - Visiting attribute path : isCorrectAnswer
18:19:19.227 [main] DEBUG o.h.p.w.spi.MetamodelGraphWalker - Visiting attribute path : question
18:19:19.227 [main] DEBUG o.h.p.w.spi.MetamodelGraphWalker - Visiting attribute path : createdOn
18:19:19.227 [main] DEBUG o.h.p.w.spi.MetamodelGraphWalker - Visiting attribute path : updatedOn
18:19:19.227 [main] DEBUG o.h.p.w.spi.MetamodelGraphWalker - Visiting attribute path : choiceLabel
18:19:19.227 [main] DEBUG o.h.p.w.spi.MetamodelGraphWalker - Visiting attribute path : content
18:19:19.227 [main] DEBUG o.h.p.w.spi.MetamodelGraphWalker - Visiting attribute path : images
18:19:19.227 [main] DEBUG o.h.p.w.spi.MetamodelGraphWalker - Visiting attribute path : isCorrectAnswer
18:19:19.227 [main] DEBUG o.h.p.w.spi.MetamodelGraphWalker - Visiting attribute path : question
18:19:19.228 [main] DEBUG o.h.p.w.spi.MetamodelGraphWalker - Visiting attribute path : createdOn
18:19:19.228 [main] DEBUG o.h.p.w.spi.MetamodelGraphWalker - Visiting attribute path : updatedOn
18:19:19.228 [main] DEBUG o.h.p.w.spi.MetamodelGraphWalker - Visiting attribute path : choiceLabel
18:19:19.228 [main] DEBUG o.h.p.w.spi.MetamodelGraphWalker - Visiting attribute path : content
18:19:19.228 [main] DEBUG o.h.p.w.spi.MetamodelGraphWalker - Visiting attribute path : images
18:19:19.228 [main] DEBUG o.h.p.w.spi.MetamodelGraphWalker - Visiting attribute path : isCorrectAnswer
18:19:19.228 [main] DEBUG o.h.p.w.spi.MetamodelGraphWalker - Visiting attribute path : question
18:19:19.228 [main] DEBUG o.h.p.w.spi.MetamodelGraphWalker - Visiting attribute path : createdOn
18:19:19.228 [main] DEBUG o.h.p.w.spi.MetamodelGraphWalker - Visiting attribute path : updatedOn
18:19:19.228 [main] DEBUG o.h.p.w.spi.MetamodelGraphWalker - Visiting attribute path : choiceLabel
18:19:19.228 [main] DEBUG o.h.p.w.spi.MetamodelGraphWalker - Visiting attribute path : content
18:19:19.228 [main] DEBUG o.h.p.w.spi.MetamodelGraphWalker - Visiting attribute path : images
18:19:19.228 [main] DEBUG o.h.p.w.spi.MetamodelGraphWalker - Visiting attribute path : isCorrectAnswer
18:19:19.228 [main] DEBUG o.h.p.w.spi.MetamodelGraphWalker - Visiting attribute path : question
18:19:19.229 [main] DEBUG o.h.p.w.spi.MetamodelGraphWalker - Visiting attribute path : createdOn
18:19:19.229 [main] DEBUG o.h.p.w.spi.MetamodelGraphWalker - Visiting attribute path : updatedOn
18:19:19.229 [main] DEBUG o.h.p.w.spi.MetamodelGraphWalker - Visiting attribute path : choiceLabel
18:19:19.229 [main] DEBUG o.h.p.w.spi.MetamodelGraphWalker - Visiting attribute path : content
18:19:19.229 [main] DEBUG o.h.p.w.spi.MetamodelGraphWalker - Visiting attribute path : images
18:19:19.229 [main] DEBUG o.h.p.w.spi.MetamodelGraphWalker - Visiting attribute path : isCorrectAnswer
18:19:19.229 [main] DEBUG o.h.p.w.spi.MetamodelGraphWalker - Visiting attribute path : question
18:19:19.229 [main] DEBUG o.h.p.w.spi.MetamodelGraphWalker - Visiting attribute path : createdOn
18:19:19.229 [main] DEBUG o.h.p.w.spi.MetamodelGraphWalker - Visiting attribute path : updatedOn
18:19:19.229 [main] DEBUG o.h.p.w.spi.MetamodelGraphWalker - Visiting attribute path : choiceLabel
18:19:19.229 [main] DEBUG o.h.p.w.spi.MetamodelGraphWalker - Visiting attribute path : content
18:19:19.230 [main] DEBUG o.h.p.w.spi.MetamodelGraphWalker - Visiting attribute path : images
18:19:19.230 [main] DEBUG o.h.p.w.spi.MetamodelGraphWalker - Visiting attribute path : isCorrectAnswer
18:19:19.230 [main] DEBUG o.h.p.w.spi.MetamodelGraphWalker - Visiting attribute path : question
18:19:19.230 [main] DEBUG o.h.p.w.spi.MetamodelGraphWalker - Visiting attribute path : createdOn
18:19:19.230 [main] DEBUG o.h.p.w.spi.MetamodelGraphWalker - Visiting attribute path : updatedOn
18:19:19.230 [main] DEBUG o.h.p.w.spi.MetamodelGraphWalker - Visiting attribute path : choiceLabel
18:19:19.230 [main] DEBUG o.h.p.w.spi.MetamodelGraphWalker - Visiting attribute path : content
18:19:19.230 [main] DEBUG o.h.p.w.spi.MetamodelGraphWalker - Visiting attribute path : images
18:19:19.230 [main] DEBUG o.h.p.w.spi.MetamodelGraphWalker - Visiting attribute path : isCorrectAnswer
18:19:19.230 [main] DEBUG o.h.p.w.spi.MetamodelGraphWalker - Visiting attribute path : question
18:19:19.241 [main] DEBUG o.h.p.w.spi.MetamodelGraphWalker - Visiting attribute path : createdOn
18:19:19.241 [main] DEBUG o.h.p.w.spi.MetamodelGraphWalker - Visiting attribute path : updatedOn
18:19:19.242 [main] DEBUG o.h.p.w.spi.MetamodelGraphWalker - Visiting attribute path : number
18:19:19.242 [main] DEBUG o.h.p.w.spi.MetamodelGraphWalker - Visiting attribute path : points
18:19:19.242 [main] DEBUG o.h.p.w.spi.MetamodelGraphWalker - Visiting attribute path : syllabus
18:19:19.242 [main] DEBUG o.h.p.w.spi.MetamodelGraphWalker - Property path deemed to be circular : syllabus
18:19:19.242 [main] DEBUG o.h.p.w.spi.MetamodelGraphWalker - Visiting attribute path : title
18:19:19.245 [main] DEBUG o.h.p.w.spi.MetamodelGraphWalker - Visiting attribute path : createdOn
18:19:19.245 [main] DEBUG o.h.p.w.spi.MetamodelGraphWalker - Visiting attribute path : updatedOn
18:19:19.245 [main] DEBUG o.h.p.w.spi.MetamodelGraphWalker - Visiting attribute path : email
18:19:19.245 [main] DEBUG o.h.p.w.spi.MetamodelGraphWalker - Visiting attribute path : enabled
18:19:19.245 [main] DEBUG o.h.p.w.spi.MetamodelGraphWalker - Visiting attribute path : fullName
18:19:19.245 [main] DEBUG o.h.p.w.spi.MetamodelGraphWalker - Visiting attribute path : isAdmin
18:19:19.245 [main] DEBUG o.h.p.w.spi.MetamodelGraphWalker - Visiting attribute path : lastLogin
18:19:19.246 [main] DEBUG o.h.p.w.spi.MetamodelGraphWalker - Visiting attribute path : loginCount
18:19:19.246 [main] DEBUG o.h.p.w.spi.MetamodelGraphWalker - Visiting attribute path : password
18:19:19.246 [main] DEBUG o.h.p.w.spi.MetamodelGraphWalker - Visiting attribute path : phone
18:19:19.246 [main] DEBUG o.h.p.w.spi.MetamodelGraphWalker - Visiting attribute path : projects
18:19:19.246 [main] DEBUG o.h.p.w.spi.MetamodelGraphWalker - Visiting attribute path : username
18:19:19.247 [main] DEBUG o.h.p.w.spi.MetamodelGraphWalker - Visiting attribute path : createdOn
18:19:19.247 [main] DEBUG o.h.p.w.spi.MetamodelGraphWalker - Visiting attribute path : updatedOn
18:19:19.247 [main] DEBUG o.h.p.w.spi.MetamodelGraphWalker - Visiting attribute path : email
18:19:19.247 [main] DEBUG o.h.p.w.spi.MetamodelGraphWalker - Visiting attribute path : enabled
18:19:19.247 [main] DEBUG o.h.p.w.spi.MetamodelGraphWalker - Visiting attribute path : fullName
18:19:19.247 [main] DEBUG o.h.p.w.spi.MetamodelGraphWalker - Visiting attribute path : isAdmin
18:19:19.247 [main] DEBUG o.h.p.w.spi.MetamodelGraphWalker - Visiting attribute path : lastLogin
18:19:19.247 [main] DEBUG o.h.p.w.spi.MetamodelGraphWalker - Visiting attribute path : loginCount
18:19:19.247 [main] DEBUG o.h.p.w.spi.MetamodelGraphWalker - Visiting attribute path : password
18:19:19.247 [main] DEBUG o.h.p.w.spi.MetamodelGraphWalker - Visiting attribute path : phone
18:19:19.247 [main] DEBUG o.h.p.w.spi.MetamodelGraphWalker - Visiting attribute path : projects
18:19:19.248 [main] DEBUG o.h.p.w.spi.MetamodelGraphWalker - Property path deemed to be circular : projects
18:19:19.248 [main] DEBUG o.h.p.w.spi.MetamodelGraphWalker - Visiting attribute path : username
18:19:19.248 [main] DEBUG o.h.p.w.spi.MetamodelGraphWalker - Visiting attribute path : createdOn
18:19:19.248 [main] DEBUG o.h.p.w.spi.MetamodelGraphWalker - Visiting attribute path : updatedOn
18:19:19.248 [main] DEBUG o.h.p.w.spi.MetamodelGraphWalker - Visiting attribute path : path
18:19:19.248 [main] DEBUG o.h.p.w.spi.MetamodelGraphWalker - Visiting attribute path : caption
18:19:19.248 [main] DEBUG o.h.p.w.spi.MetamodelGraphWalker - Visiting attribute path : choice
18:19:19.248 [main] DEBUG o.h.p.w.spi.MetamodelGraphWalker - Property path deemed to be circular : choice
18:19:19.249 [main] DEBUG o.h.p.w.spi.MetamodelGraphWalker - Visiting attribute path : createdOn
18:19:19.249 [main] DEBUG o.h.p.w.spi.MetamodelGraphWalker - Visiting attribute path : updatedOn
18:19:19.249 [main] DEBUG o.h.p.w.spi.MetamodelGraphWalker - Visiting attribute path : path
18:19:19.249 [main] DEBUG o.h.p.w.spi.MetamodelGraphWalker - Visiting attribute path : caption
18:19:19.249 [main] DEBUG o.h.p.w.spi.MetamodelGraphWalker - Visiting attribute path : question
18:19:19.249 [main] DEBUG o.h.p.w.spi.MetamodelGraphWalker - Property path deemed to be circular : question
18:19:19.249 [main] DEBUG o.h.p.w.spi.MetamodelGraphWalker - Visiting attribute path : createdOn
18:19:19.250 [main] DEBUG o.h.p.w.spi.MetamodelGraphWalker - Visiting attribute path : updatedOn
18:19:19.250 [main] DEBUG o.h.p.w.spi.MetamodelGraphWalker - Visiting attribute path : customField1
18:19:19.250 [main] DEBUG o.h.p.w.spi.MetamodelGraphWalker - Visiting attribute path : customField2
18:19:19.250 [main] DEBUG o.h.p.w.spi.MetamodelGraphWalker - Visiting attribute path : customField3
18:19:19.250 [main] DEBUG o.h.p.w.spi.MetamodelGraphWalker - Visiting attribute path : exportedBy
18:19:19.250 [main] DEBUG o.h.p.w.spi.MetamodelGraphWalker - Visiting attribute path : exportedBy.createdOn
18:19:19.250 [main] DEBUG o.h.p.w.spi.MetamodelGraphWalker - Visiting attribute path : exportedBy.updatedOn
18:19:19.250 [main] DEBUG o.h.p.w.spi.MetamodelGraphWalker - Visiting attribute path : exportedBy.email
18:19:19.250 [main] DEBUG o.h.p.w.spi.MetamodelGraphWalker - Visiting attribute path : exportedBy.enabled
18:19:19.250 [main] DEBUG o.h.p.w.spi.MetamodelGraphWalker - Visiting attribute path : exportedBy.fullName
18:19:19.250 [main] DEBUG o.h.p.w.spi.MetamodelGraphWalker - Visiting attribute path : exportedBy.isAdmin
18:19:19.250 [main] DEBUG o.h.p.w.spi.MetamodelGraphWalker - Visiting attribute path : exportedBy.lastLogin
18:19:19.250 [main] DEBUG o.h.p.w.spi.MetamodelGraphWalker - Visiting attribute path : exportedBy.loginCount
18:19:19.250 [main] DEBUG o.h.p.w.spi.MetamodelGraphWalker - Visiting attribute path : exportedBy.password
18:19:19.250 [main] DEBUG o.h.p.w.spi.MetamodelGraphWalker - Visiting attribute path : exportedBy.phone
18:19:19.250 [main] DEBUG o.h.p.w.spi.MetamodelGraphWalker - Visiting attribute path : exportedBy.projects
18:19:19.250 [main] DEBUG o.h.p.w.spi.MetamodelGraphWalker - Property path deemed to be circular : exportedBy.projects
18:19:19.251 [main] DEBUG o.h.p.w.spi.MetamodelGraphWalker - Visiting attribute path : exportedBy.username
18:19:19.251 [main] DEBUG o.h.p.w.spi.MetamodelGraphWalker - Visiting attribute path : exportedOn
18:19:19.251 [main] DEBUG o.h.p.w.spi.MetamodelGraphWalker - Visiting attribute path : facilitator
18:19:19.251 [main] DEBUG o.h.p.w.spi.MetamodelGraphWalker - Visiting attribute path : facilitator.createdOn
18:19:19.251 [main] DEBUG o.h.p.w.spi.MetamodelGraphWalker - Visiting attribute path : facilitator.updatedOn
18:19:19.251 [main] DEBUG o.h.p.w.spi.MetamodelGraphWalker - Visiting attribute path : facilitator.email
18:19:19.251 [main] DEBUG o.h.p.w.spi.MetamodelGraphWalker - Visiting attribute path : facilitator.enabled
18:19:19.251 [main] DEBUG o.h.p.w.spi.MetamodelGraphWalker - Visiting attribute path : facilitator.fullName
18:19:19.251 [main] DEBUG o.h.p.w.spi.MetamodelGraphWalker - Visiting attribute path : facilitator.isAdmin
18:19:19.251 [main] DEBUG o.h.p.w.spi.MetamodelGraphWalker - Visiting attribute path : facilitator.lastLogin
18:19:19.251 [main] DEBUG o.h.p.w.spi.MetamodelGraphWalker - Visiting attribute path : facilitator.loginCount
18:19:19.251 [main] DEBUG o.h.p.w.spi.MetamodelGraphWalker - Visiting attribute path : facilitator.password
18:19:19.251 [main] DEBUG o.h.p.w.spi.MetamodelGraphWalker - Visiting attribute path : facilitator.phone
18:19:19.251 [main] DEBUG o.h.p.w.spi.MetamodelGraphWalker - Visiting attribute path : facilitator.projects
18:19:19.251 [main] DEBUG o.h.p.w.spi.MetamodelGraphWalker - Property path deemed to be circular : facilitator.projects
18:19:19.251 [main] DEBUG o.h.p.w.spi.MetamodelGraphWalker - Visiting attribute path : facilitator.username
18:19:19.251 [main] DEBUG o.h.p.w.spi.MetamodelGraphWalker - Visiting attribute path : finishDate
18:19:19.251 [main] DEBUG o.h.p.w.spi.MetamodelGraphWalker - Visiting attribute path : name
18:19:19.251 [main] DEBUG o.h.p.w.spi.MetamodelGraphWalker - Visiting attribute path : startDate
18:19:19.251 [main] DEBUG o.h.p.w.spi.MetamodelGraphWalker - Visiting attribute path : status
18:19:19.252 [main] DEBUG o.h.p.w.spi.MetamodelGraphWalker - Visiting attribute path : status.createdOn
18:19:19.252 [main] DEBUG o.h.p.w.spi.MetamodelGraphWalker - Visiting attribute path : status.updatedOn
18:19:19.252 [main] DEBUG o.h.p.w.spi.MetamodelGraphWalker - Visiting attribute path : status.isFinish
18:19:19.252 [main] DEBUG o.h.p.w.spi.MetamodelGraphWalker - Visiting attribute path : status.isStart
18:19:19.252 [main] DEBUG o.h.p.w.spi.MetamodelGraphWalker - Visiting attribute path : status.name
18:19:19.252 [main] DEBUG o.h.p.w.spi.MetamodelGraphWalker - Visiting attribute path : syllabus
18:19:19.252 [main] DEBUG o.h.p.w.spi.MetamodelGraphWalker - Visiting attribute path : syllabus.createdOn
18:19:19.252 [main] DEBUG o.h.p.w.spi.MetamodelGraphWalker - Visiting attribute path : syllabus.updatedOn
18:19:19.252 [main] DEBUG o.h.p.w.spi.MetamodelGraphWalker - Visiting attribute path : syllabus.chapters
18:19:19.252 [main] DEBUG o.h.p.w.spi.MetamodelGraphWalker - Visiting attribute path : syllabus.isDisabled
18:19:19.252 [main] DEBUG o.h.p.w.spi.MetamodelGraphWalker - Visiting attribute path : syllabus.level
18:19:19.252 [main] DEBUG o.h.p.w.spi.MetamodelGraphWalker - Visiting attribute path : syllabus.version
18:19:19.252 [main] DEBUG o.h.p.w.spi.MetamodelGraphWalker - Visiting attribute path : users
18:19:19.252 [main] DEBUG o.h.p.w.spi.MetamodelGraphWalker - Property path deemed to be circular : users
18:19:19.253 [main] DEBUG o.h.p.w.spi.MetamodelGraphWalker - Visiting attribute path : createdOn
18:19:19.253 [main] DEBUG o.h.p.w.spi.MetamodelGraphWalker - Visiting attribute path : updatedOn
18:19:19.253 [main] DEBUG o.h.p.w.spi.MetamodelGraphWalker - Visiting attribute path : chapter
18:19:19.253 [main] DEBUG o.h.p.w.spi.MetamodelGraphWalker - Property path deemed to be circular : chapter
18:19:19.253 [main] DEBUG o.h.p.w.spi.MetamodelGraphWalker - Visiting attribute path : kLevel
18:19:19.253 [main] DEBUG o.h.p.w.spi.MetamodelGraphWalker - Visiting attribute path : number
18:19:19.253 [main] DEBUG o.h.p.w.spi.MetamodelGraphWalker - Visiting attribute path : score
18:19:19.253 [main] DEBUG o.h.p.w.spi.MetamodelGraphWalker - Visiting attribute path : title
18:19:19.256 [main] DEBUG o.h.internal.SessionFactoryRegistry - Initializing SessionFactoryRegistry : org.hibernate.internal.SessionFactoryRegistry@6d0be7ab
18:19:19.259 [main] DEBUG o.h.internal.SessionFactoryRegistry - Registering SessionFactory: 4b8df44d-5886-47ba-8fde-7af54e2237ec (&lt;unnamed&gt;)
18:19:19.259 [main] DEBUG o.h.internal.SessionFactoryRegistry - Not binding SessionFactory to JNDI, no JNDI name configured
18:19:19.259 [main] DEBUG o.h.internal.SessionFactoryImpl - Instantiated session factory
18:19:19.264 [main] INFO  o.h.tool.hbm2ddl.SchemaUpdate - HHH000228: Running hbm2ddl schema update
18:19:19.264 [main] INFO  o.h.tool.hbm2ddl.SchemaUpdate - HHH000102: Fetching database metadata
18:19:19.270 [main] INFO  o.h.tool.hbm2ddl.SchemaUpdate - HHH000396: Updating schema
18:19:19.270 [main] DEBUG org.hibernate.cfg.Configuration - Processing hbm.xml files
18:19:19.270 [main] DEBUG org.hibernate.cfg.Configuration - Process annotated classes
18:19:19.271 [main] DEBUG org.hibernate.cfg.Configuration - Processing fk mappings (*ToOne and JoinedSubclass)
18:19:19.271 [main] DEBUG org.hibernate.cfg.Configuration - Processing extends queue
18:19:19.271 [main] DEBUG org.hibernate.cfg.Configuration - Processing extends queue
18:19:19.271 [main] DEBUG org.hibernate.cfg.Configuration - Processing collection mappings
18:19:19.271 [main] DEBUG org.hibernate.cfg.Configuration - Processing native query and ResultSetMapping mappings
18:19:19.271 [main] DEBUG org.hibernate.cfg.Configuration - Processing association property references
18:19:19.271 [main] DEBUG org.hibernate.cfg.Configuration - Creating tables&apos; unique integer identifiers
18:19:19.271 [main] DEBUG org.hibernate.cfg.Configuration - Processing foreign key constraints
18:19:19.271 [main] DEBUG org.hibernate.cfg.Configuration - Resolving reference to class: cn.cstqb.exam.testmaker.entities.Syllabus
18:19:19.271 [main] DEBUG org.hibernate.cfg.Configuration - Resolving reference to class: cn.cstqb.exam.testmaker.entities.Chapter
18:19:19.271 [main] DEBUG org.hibernate.cfg.Configuration - Resolving reference to class: cn.cstqb.exam.testmaker.entities.User
18:19:19.271 [main] DEBUG org.hibernate.cfg.Configuration - Resolving reference to class: cn.cstqb.exam.testmaker.entities.Project
18:19:19.271 [main] DEBUG org.hibernate.cfg.Configuration - Resolving reference to class: cn.cstqb.exam.testmaker.entities.Paper
18:19:19.272 [main] DEBUG org.hibernate.cfg.Configuration - Resolving reference to class: cn.cstqb.exam.testmaker.entities.Question
18:19:19.272 [main] DEBUG org.hibernate.cfg.Configuration - Resolving reference to class: cn.cstqb.exam.testmaker.entities.User
18:19:19.272 [main] DEBUG org.hibernate.cfg.Configuration - Resolving reference to class: cn.cstqb.exam.testmaker.entities.User
18:19:19.272 [main] DEBUG org.hibernate.cfg.Configuration - Resolving reference to class: cn.cstqb.exam.testmaker.entities.ProjectStatus
18:19:19.272 [main] DEBUG org.hibernate.cfg.Configuration - Resolving reference to class: cn.cstqb.exam.testmaker.entities.Syllabus
18:19:19.272 [main] DEBUG org.hibernate.cfg.Configuration - Resolving reference to class: cn.cstqb.exam.testmaker.entities.User
18:19:19.272 [main] DEBUG org.hibernate.cfg.Configuration - Resolving reference to class: cn.cstqb.exam.testmaker.entities.Project
18:19:19.272 [main] DEBUG org.hibernate.cfg.Configuration - Resolving reference to class: cn.cstqb.exam.testmaker.entities.User
18:19:19.272 [main] DEBUG org.hibernate.cfg.Configuration - Resolving reference to class: cn.cstqb.exam.testmaker.entities.KnowledgePoint
18:19:19.272 [main] DEBUG org.hibernate.cfg.Configuration - Resolving reference to class: cn.cstqb.exam.testmaker.entities.QuestionLanguage
18:19:19.272 [main] DEBUG org.hibernate.cfg.Configuration - Resolving reference to class: cn.cstqb.exam.testmaker.entities.Project
18:19:19.272 [main] DEBUG org.hibernate.cfg.Configuration - Resolving reference to class: cn.cstqb.exam.testmaker.entities.User
18:19:19.272 [main] DEBUG org.hibernate.cfg.Configuration - Resolving reference to class: cn.cstqb.exam.testmaker.entities.QuestionStatus
18:19:19.272 [main] DEBUG org.hibernate.cfg.Configuration - Resolving reference to class: cn.cstqb.exam.testmaker.entities.QuestionType
18:19:19.272 [main] DEBUG org.hibernate.cfg.Configuration - Resolving reference to class: cn.cstqb.exam.testmaker.entities.Question
18:19:19.273 [main] DEBUG org.hibernate.cfg.Configuration - Resolving reference to class: cn.cstqb.exam.testmaker.entities.QuestionChoice
18:19:19.273 [main] DEBUG org.hibernate.cfg.Configuration - Resolving reference to class: cn.cstqb.exam.testmaker.entities.Question
18:19:19.273 [main] DEBUG org.hibernate.cfg.Configuration - Resolving reference to class: cn.cstqb.exam.testmaker.entities.User
18:19:19.273 [main] DEBUG org.hibernate.cfg.Configuration - Resolving reference to class: cn.cstqb.exam.testmaker.entities.Question
18:19:19.273 [main] DEBUG org.hibernate.cfg.Configuration - Resolving reference to class: cn.cstqb.exam.testmaker.entities.QuestionStatus
18:19:19.273 [main] DEBUG org.hibernate.cfg.Configuration - Resolving reference to class: cn.cstqb.exam.testmaker.entities.QuestionStatus
18:19:19.273 [main] DEBUG org.hibernate.cfg.Configuration - Resolving reference to class: cn.cstqb.exam.testmaker.entities.Question
18:19:19.273 [main] DEBUG org.hibernate.cfg.Configuration - Resolving reference to class: cn.cstqb.exam.testmaker.entities.User
18:19:19.310 [main] INFO  o.h.tool.hbm2ddl.TableMetadata - HHH000261: Table found: testmaker.chapter
18:19:19.311 [main] INFO  o.h.tool.hbm2ddl.TableMetadata - HHH000037: Columns: [updated_on, number, created_on, id, syllabus_id, title]
18:19:19.311 [main] INFO  o.h.tool.hbm2ddl.TableMetadata - HHH000108: Foreign keys: [fk_qy0s6jxmr6tti57fw3pumpnkd]
18:19:19.311 [main] INFO  o.h.tool.hbm2ddl.TableMetadata - HHH000126: Indexes: [fk_qy0s6jxmr6tti57fw3pumpnkd, primary]
18:19:19.331 [main] INFO  o.h.tool.hbm2ddl.TableMetadata - HHH000261: Table found: testmaker.knowledge_point
18:19:19.331 [main] INFO  o.h.tool.hbm2ddl.TableMetadata - HHH000037: Columns: [updated_on, number, score, created_on, k_level, id, chapter_id, title]
18:19:19.331 [main] INFO  o.h.tool.hbm2ddl.TableMetadata - HHH000108: Foreign keys: [fk_n0av3nxe7c9nurtlndoehgmu1]
18:19:19.331 [main] INFO  o.h.tool.hbm2ddl.TableMetadata - HHH000126: Indexes: [fk_n0av3nxe7c9nurtlndoehgmu1, primary]
18:19:19.348 [main] INFO  o.h.tool.hbm2ddl.TableMetadata - HHH000261: Table found: testmaker.paper
18:19:19.349 [main] INFO  o.h.tool.hbm2ddl.TableMetadata - HHH000037: Columns: [updated_on, score, paper_name, project_id, created_on, create_on, description, id, author_id, paper_id]
18:19:19.349 [main] INFO  o.h.tool.hbm2ddl.TableMetadata - HHH000108: Foreign keys: [paper_ibfk_1, paper_ibfk_2]
18:19:19.349 [main] INFO  o.h.tool.hbm2ddl.TableMetadata - HHH000126: Indexes: [project_id, author_id, primary]
18:19:19.365 [main] INFO  o.h.tool.hbm2ddl.TableMetadata - HHH000261: Table found: testmaker.paper_question
18:19:19.365 [main] INFO  o.h.tool.hbm2ddl.TableMetadata - HHH000037: Columns: [updated_on, paper_question_id, created_on, id, paper_id]
18:19:19.365 [main] INFO  o.h.tool.hbm2ddl.TableMetadata - HHH000108: Foreign keys: [paper_question_ibfk_1, paper_question_ibfk_2]
18:19:19.365 [main] INFO  o.h.tool.hbm2ddl.TableMetadata - HHH000126: Indexes: [paper_id, primary]
18:19:19.384 [main] INFO  o.h.tool.hbm2ddl.TableMetadata - HHH000261: Table found: testmaker.project
18:19:19.384 [main] INFO  o.h.tool.hbm2ddl.TableMetadata - HHH000037: Columns: [updated_on, custom_field1, custom_field3, custom_field2, exported_by, status_id, created_on, finish_date, facilitator_id, name, exported_on, id, syllabus_id, start_date]
18:19:19.384 [main] INFO  o.h.tool.hbm2ddl.TableMetadata - HHH000108: Foreign keys: [fk_gla35o52d1qcrxgbfrdstn1qn, fk_me72p0k7n5mpnoieinaymgckr, fk_7x1lbg3ru2e55annuyooest2g, fk_cmq2womflwqgdijyxklbasgdi]
18:19:19.384 [main] INFO  o.h.tool.hbm2ddl.TableMetadata - HHH000126: Indexes: [fk_gla35o52d1qcrxgbfrdstn1qn, fk_me72p0k7n5mpnoieinaymgckr, fk_7x1lbg3ru2e55annuyooest2g, primary, uk_3k75vvu7mevyvvb5may5lj8k7, fk_cmq2womflwqgdijyxklbasgdi]
18:19:19.401 [main] INFO  o.h.tool.hbm2ddl.TableMetadata - HHH000261: Table found: testmaker.project_status
18:19:19.401 [main] INFO  o.h.tool.hbm2ddl.TableMetadata - HHH000037: Columns: [updated_on, is_start, created_on, name, is_finish, id]
18:19:19.401 [main] INFO  o.h.tool.hbm2ddl.TableMetadata - HHH000108: Foreign keys: []
18:19:19.401 [main] INFO  o.h.tool.hbm2ddl.TableMetadata - HHH000126: Indexes: [uk_gc9netg5vvbi8wn4vxmn6ey1t, primary]
18:19:19.416 [main] INFO  o.h.tool.hbm2ddl.TableMetadata - HHH000261: Table found: testmaker.project_users
18:19:19.416 [main] INFO  o.h.tool.hbm2ddl.TableMetadata - HHH000037: Columns: [project_id, user_id]
18:19:19.416 [main] INFO  o.h.tool.hbm2ddl.TableMetadata - HHH000108: Foreign keys: [fk_4isj8wuooru4brw3629wu4iyg, fk_rl5jp955lxoxtbv6pa1wig6vd]
18:19:19.416 [main] INFO  o.h.tool.hbm2ddl.TableMetadata - HHH000126: Indexes: [fk_4isj8wuooru4brw3629wu4iyg, fk_rl5jp955lxoxtbv6pa1wig6vd]
18:19:19.434 [main] INFO  o.h.tool.hbm2ddl.TableMetadata - HHH000261: Table found: testmaker.question
18:19:19.434 [main] INFO  o.h.tool.hbm2ddl.TableMetadata - HHH000037: Columns: [updated_on, reviewing_finish_date, description, memo, language, remark, type, reviewing_start_date, score, scenario, project_id, id, quality_admin_id, authoring_start_date, custom_field1, custom_field3, custom_field2, published, authoring_finish_date, difficulty, multiple_choice, knowledge_point, custom_filed1, created_on, author_id, stem, status]
18:19:19.434 [main] INFO  o.h.tool.hbm2ddl.TableMetadata - HHH000108: Foreign keys: [fk_hod8cehxh1lbef9lmlowmhwpk, fk_j7imy0kvvgnmc9at4412exaxs, fk_bxxsn12lgu7q6kam1tsor1nr, fk_jljdfx6hvc29oglbvo6h1fira, fk_64rlcm7utqkwfl1j2t3bqrv4n, fk_k179yjp59ndpikaaruth27f9m, fk_htpraiywcov18x05oog450542]
18:19:19.435 [main] INFO  o.h.tool.hbm2ddl.TableMetadata - HHH000126: Indexes: [fk_hod8cehxh1lbef9lmlowmhwpk, fk_j7imy0kvvgnmc9at4412exaxs, fk_bxxsn12lgu7q6kam1tsor1nr, fk_jljdfx6hvc29oglbvo6h1fira, fk_64rlcm7utqkwfl1j2t3bqrv4n, fk_k179yjp59ndpikaaruth27f9m, fk_htpraiywcov18x05oog450542, primary]
18:19:19.451 [main] INFO  o.h.tool.hbm2ddl.TableMetadata - HHH000261: Table found: testmaker.question_choice
18:19:19.451 [main] INFO  o.h.tool.hbm2ddl.TableMetadata - HHH000037: Columns: [updated_on, is_correct_answer, created_on, id, choice_label, question_id, content]
18:19:19.451 [main] INFO  o.h.tool.hbm2ddl.TableMetadata - HHH000108: Foreign keys: [fk_drrr6mb7k16ao25w6txc41pdd]
18:19:19.451 [main] INFO  o.h.tool.hbm2ddl.TableMetadata - HHH000126: Indexes: [fk_drrr6mb7k16ao25w6txc41pdd, primary]
18:19:19.465 [main] INFO  o.h.tool.hbm2ddl.TableMetadata - HHH000261: Table found: testmaker.question_choice_image
18:19:19.465 [main] INFO  o.h.tool.hbm2ddl.TableMetadata - HHH000037: Columns: [updated_on, path, question_choice_id, created_on, caption, id]
18:19:19.465 [main] INFO  o.h.tool.hbm2ddl.TableMetadata - HHH000108: Foreign keys: [fk_p6avf3k6h46pngoxu6ltsrcvh]
18:19:19.465 [main] INFO  o.h.tool.hbm2ddl.TableMetadata - HHH000126: Indexes: [fk_p6avf3k6h46pngoxu6ltsrcvh, primary]
18:19:19.479 [main] INFO  o.h.tool.hbm2ddl.TableMetadata - HHH000261: Table found: testmaker.question_image
18:19:19.479 [main] INFO  o.h.tool.hbm2ddl.TableMetadata - HHH000037: Columns: [updated_on, path, created_on, caption, id, question_id]
18:19:19.479 [main] INFO  o.h.tool.hbm2ddl.TableMetadata - HHH000108: Foreign keys: [fk_rt5bt00pq2t32duqhyinbeour]
18:19:19.479 [main] INFO  o.h.tool.hbm2ddl.TableMetadata - HHH000126: Indexes: [fk_rt5bt00pq2t32duqhyinbeour, primary]
18:19:19.492 [main] INFO  o.h.tool.hbm2ddl.TableMetadata - HHH000261: Table found: testmaker.question_language
18:19:19.493 [main] INFO  o.h.tool.hbm2ddl.TableMetadata - HHH000037: Columns: [updated_on, created_on, name, id]
18:19:19.493 [main] INFO  o.h.tool.hbm2ddl.TableMetadata - HHH000108: Foreign keys: []
18:19:19.493 [main] INFO  o.h.tool.hbm2ddl.TableMetadata - HHH000126: Indexes: [uk_h7snp9gauw2o9k8o320ym954t, primary]
18:19:19.507 [main] INFO  o.h.tool.hbm2ddl.TableMetadata - HHH000261: Table found: testmaker.question_reviewers
18:19:19.508 [main] INFO  o.h.tool.hbm2ddl.TableMetadata - HHH000037: Columns: [reviewer_id, question_id]
18:19:19.508 [main] INFO  o.h.tool.hbm2ddl.TableMetadata - HHH000108: Foreign keys: [fk_kdm8obpe6leusm1ymmvon7wew, fk_9phi7xaxiornk7f3k237bji8u]
18:19:19.508 [main] INFO  o.h.tool.hbm2ddl.TableMetadata - HHH000126: Indexes: [fk_kdm8obpe6leusm1ymmvon7wew, primary]
18:19:19.522 [main] INFO  o.h.tool.hbm2ddl.TableMetadata - HHH000261: Table found: testmaker.question_status
18:19:19.522 [main] INFO  o.h.tool.hbm2ddl.TableMetadata - HHH000037: Columns: [updated_on, is_start, accessible_by_quality_admin, accessible_by_reviewer, created_on, name, accessible_by_facilitator, is_finish, id, accessible_by_author]
18:19:19.522 [main] INFO  o.h.tool.hbm2ddl.TableMetadata - HHH000108: Foreign keys: []
18:19:19.523 [main] INFO  o.h.tool.hbm2ddl.TableMetadata - HHH000126: Indexes: [uk_kb1iiy21r8irey42pnd96p72c, primary]
18:19:19.537 [main] INFO  o.h.tool.hbm2ddl.TableMetadata - HHH000261: Table found: testmaker.question_status_transition
18:19:19.537 [main] INFO  o.h.tool.hbm2ddl.TableMetadata - HHH000037: Columns: [updated_on, sequence, status_id, created_on, next_status_id]
18:19:19.537 [main] INFO  o.h.tool.hbm2ddl.TableMetadata - HHH000108: Foreign keys: [fk_k7x5nc6556qxlqhs7ru5y0lws, fk_4g1t9k1kluds2uuefpbyiignn]
18:19:19.538 [main] INFO  o.h.tool.hbm2ddl.TableMetadata - HHH000126: Indexes: [fk_k7x5nc6556qxlqhs7ru5y0lws, primary]
18:19:19.552 [main] INFO  o.h.tool.hbm2ddl.TableMetadata - HHH000261: Table found: testmaker.question_type
18:19:19.552 [main] INFO  o.h.tool.hbm2ddl.TableMetadata - HHH000037: Columns: [updated_on, created_on, name, id]
18:19:19.552 [main] INFO  o.h.tool.hbm2ddl.TableMetadata - HHH000108: Foreign keys: []
18:19:19.552 [main] INFO  o.h.tool.hbm2ddl.TableMetadata - HHH000126: Indexes: [uk_7ei21extes3bkiv5byn0pfrg5, primary]
18:19:19.566 [main] INFO  o.h.tool.hbm2ddl.TableMetadata - HHH000261: Table found: testmaker.review_assessment
18:19:19.566 [main] INFO  o.h.tool.hbm2ddl.TableMetadata - HHH000037: Columns: [updated_on, created_on, name, id]
18:19:19.566 [main] INFO  o.h.tool.hbm2ddl.TableMetadata - HHH000108: Foreign keys: []
18:19:19.566 [main] INFO  o.h.tool.hbm2ddl.TableMetadata - HHH000126: Indexes: [uk_5up7uru8ni1q5dungaxxk3dty, primary]
18:19:19.580 [main] INFO  o.h.tool.hbm2ddl.TableMetadata - HHH000261: Table found: testmaker.review_comment
18:19:19.580 [main] INFO  o.h.tool.hbm2ddl.TableMetadata - HHH000037: Columns: [updated_on, created_on, reviewer_id, is_final_review, id, question_id, content]
18:19:19.580 [main] INFO  o.h.tool.hbm2ddl.TableMetadata - HHH000108: Foreign keys: [fk_1c3t2dqlk78fnc2qhysp2p9v5, fk_omf7d51gg0vs40946txened42]
18:19:19.580 [main] INFO  o.h.tool.hbm2ddl.TableMetadata - HHH000126: Indexes: [fk_1c3t2dqlk78fnc2qhysp2p9v5, fk_omf7d51gg0vs40946txened42, primary]
18:19:19.594 [main] INFO  o.h.tool.hbm2ddl.TableMetadata - HHH000261: Table found: testmaker.role
18:19:19.595 [main] INFO  o.h.tool.hbm2ddl.TableMetadata - HHH000037: Columns: [updated_on, created_on, name, id]
18:19:19.595 [main] INFO  o.h.tool.hbm2ddl.TableMetadata - HHH000108: Foreign keys: []
18:19:19.595 [main] INFO  o.h.tool.hbm2ddl.TableMetadata - HHH000126: Indexes: [uk_8sewwnpamngi6b1dwaa88askk, primary]
18:19:19.610 [main] INFO  o.h.tool.hbm2ddl.TableMetadata - HHH000261: Table found: testmaker.syllabus
18:19:19.610 [main] INFO  o.h.tool.hbm2ddl.TableMetadata - HHH000037: Columns: [updated_on, created_on, level, is_disabled, id, version]
18:19:19.610 [main] INFO  o.h.tool.hbm2ddl.TableMetadata - HHH000108: Foreign keys: []
18:19:19.610 [main] INFO  o.h.tool.hbm2ddl.TableMetadata - HHH000126: Indexes: [unique_level_version, primary]
18:19:19.624 [main] INFO  o.h.tool.hbm2ddl.TableMetadata - HHH000261: Table found: testmaker.user
18:19:19.624 [main] INFO  o.h.tool.hbm2ddl.TableMetadata - HHH000037: Columns: [updated_on, is_admin, login_count, password, full_name, created_on, phone, last_login, id, email, enabled, username]
18:19:19.624 [main] INFO  o.h.tool.hbm2ddl.TableMetadata - HHH000108: Foreign keys: []
18:19:19.624 [main] INFO  o.h.tool.hbm2ddl.TableMetadata - HHH000126: Indexes: [uk_ob8kqyqqgmefl0aco34akdtpe, uk_sb8bbouer5wak8vyiiy4pf2bx, primary]
18:19:19.626 [main] DEBUG o.h.i.f.i.DefaultIdentifierGeneratorFactory - Setting dialect [org.hibernate.dialect.MySQL5InnoDBDialect]
18:19:19.626 [main] DEBUG o.h.i.f.i.DefaultIdentifierGeneratorFactory - Setting dialect [org.hibernate.dialect.MySQL5InnoDBDialect]
18:19:19.627 [main] DEBUG o.h.i.f.i.DefaultIdentifierGeneratorFactory - Setting dialect [org.hibernate.dialect.MySQL5InnoDBDialect]
18:19:19.627 [main] DEBUG o.h.i.f.i.DefaultIdentifierGeneratorFactory - Setting dialect [org.hibernate.dialect.MySQL5InnoDBDialect]
18:19:19.627 [main] DEBUG o.h.i.f.i.DefaultIdentifierGeneratorFactory - Setting dialect [org.hibernate.dialect.MySQL5InnoDBDialect]
18:19:19.627 [main] DEBUG o.h.i.f.i.DefaultIdentifierGeneratorFactory - Setting dialect [org.hibernate.dialect.MySQL5InnoDBDialect]
18:19:19.627 [main] DEBUG o.h.i.f.i.DefaultIdentifierGeneratorFactory - Setting dialect [org.hibernate.dialect.MySQL5InnoDBDialect]
18:19:19.627 [main] DEBUG o.h.i.f.i.DefaultIdentifierGeneratorFactory - Setting dialect [org.hibernate.dialect.MySQL5InnoDBDialect]
18:19:19.627 [main] DEBUG o.h.i.f.i.DefaultIdentifierGeneratorFactory - Setting dialect [org.hibernate.dialect.MySQL5InnoDBDialect]
18:19:19.627 [main] DEBUG o.h.i.f.i.DefaultIdentifierGeneratorFactory - Setting dialect [org.hibernate.dialect.MySQL5InnoDBDialect]
18:19:19.628 [main] DEBUG o.h.i.f.i.DefaultIdentifierGeneratorFactory - Setting dialect [org.hibernate.dialect.MySQL5InnoDBDialect]
18:19:19.628 [main] DEBUG o.h.i.f.i.DefaultIdentifierGeneratorFactory - Setting dialect [org.hibernate.dialect.MySQL5InnoDBDialect]
18:19:19.628 [main] DEBUG o.h.i.f.i.DefaultIdentifierGeneratorFactory - Setting dialect [org.hibernate.dialect.MySQL5InnoDBDialect]
18:19:19.628 [main] DEBUG o.h.i.f.i.DefaultIdentifierGeneratorFactory - Setting dialect [org.hibernate.dialect.MySQL5InnoDBDialect]
18:19:19.628 [main] DEBUG o.h.i.f.i.DefaultIdentifierGeneratorFactory - Setting dialect [org.hibernate.dialect.MySQL5InnoDBDialect]
18:19:19.628 [main] DEBUG o.h.i.f.i.DefaultIdentifierGeneratorFactory - Setting dialect [org.hibernate.dialect.MySQL5InnoDBDialect]
18:19:19.629 [main] DEBUG o.h.i.f.i.DefaultIdentifierGeneratorFactory - Setting dialect [org.hibernate.dialect.MySQL5InnoDBDialect]
18:19:19.629 [main] DEBUG o.h.i.f.i.DefaultIdentifierGeneratorFactory - Setting dialect [org.hibernate.dialect.MySQL5InnoDBDialect]
18:19:19.629 [main] DEBUG o.h.tool.hbm2ddl.SchemaUpdate - alter table paper_question add constraint FK_3jee2cspcdsbkpktomdl2b6hi foreign key (paper_id) references paper (id)
18:19:19.664 [main] ERROR o.h.tool.hbm2ddl.SchemaUpdate - HHH000388: Unsuccessful: alter table paper_question add constraint FK_3jee2cspcdsbkpktomdl2b6hi foreign key (paper_id) references paper (id)
18:19:19.664 [main] ERROR o.h.tool.hbm2ddl.SchemaUpdate - Can&apos;t create table `testmaker`.`paper_question` (errno: 150 &quot;Foreign key constraint is incorrectly formed&quot;)
18:19:19.664 [main] INFO  o.h.tool.hbm2ddl.SchemaUpdate - HHH000232: Schema update complete
18:19:19.665 [main] DEBUG o.h.internal.NamedQueryRepository - Checking 1 named HQL queries
18:19:19.665 [main] DEBUG o.h.internal.NamedQueryRepository - Checking named query: User.findByUserName
18:19:19.703 [main] DEBUG o.h.h.i.ast.QueryTranslatorImpl - parse() - HQL: SELECT u from cn.cstqb.exam.testmaker.entities.User u where u.username = :username
18:19:19.713 [main] DEBUG o.h.h.i.ast.QueryTranslatorImpl - --- HQL AST ---
 \-[QUERY] Node: &apos;query&apos;
    +-[SELECT_FROM] Node: &apos;SELECT_FROM&apos;
    |  +-[FROM] Node: &apos;from&apos;
    |  |  \-[RANGE] Node: &apos;RANGE&apos;
    |  |     +-[DOT] Node: &apos;.&apos;
    |  |     |  +-[DOT] Node: &apos;.&apos;
    |  |     |  |  +-[DOT] Node: &apos;.&apos;
    |  |     |  |  |  +-[DOT] Node: &apos;.&apos;
    |  |     |  |  |  |  +-[DOT] Node: &apos;.&apos;
    |  |     |  |  |  |  |  +-[IDENT] Node: &apos;cn&apos;
    |  |     |  |  |  |  |  \-[IDENT] Node: &apos;cstqb&apos;
    |  |     |  |  |  |  \-[IDENT] Node: &apos;exam&apos;
    |  |     |  |  |  \-[IDENT] Node: &apos;testmaker&apos;
    |  |     |  |  \-[IDENT] Node: &apos;entities&apos;
    |  |     |  \-[IDENT] Node: &apos;User&apos;
    |  |     \-[ALIAS] Node: &apos;u&apos;
    |  \-[SELECT] Node: &apos;SELECT&apos;
    |     \-[IDENT] Node: &apos;u&apos;
    \-[WHERE] Node: &apos;where&apos;
       \-[EQ] Node: &apos;=&apos;
          +-[DOT] Node: &apos;.&apos;
          |  +-[IDENT] Node: &apos;u&apos;
          |  \-[IDENT] Node: &apos;username&apos;
          \-[COLON] Node: &apos;:&apos;
             \-[IDENT] Node: &apos;username&apos;

18:19:19.713 [main] DEBUG o.h.hql.internal.ast.ErrorCounter - throwQueryException() : no errors
18:19:19.733 [main] DEBUG o.h.h.i.antlr.HqlSqlBaseWalker - select &lt;&lt; begin [level=1, statement=select]
18:19:19.747 [main] DEBUG o.h.h.internal.ast.tree.FromElement - FromClause{level=1} : cn.cstqb.exam.testmaker.entities.User (u) -&gt; user0_
18:19:19.748 [main] DEBUG o.h.h.i.ast.tree.FromReferenceNode - Resolved : u -&gt; user0_.id
18:19:19.751 [main] DEBUG o.h.h.i.ast.tree.FromReferenceNode - Resolved : u -&gt; user0_.id
18:19:19.752 [main] DEBUG o.h.hql.internal.ast.tree.DotNode - getDataType() : username -&gt; org.hibernate.type.StringType@3b65e559
18:19:19.753 [main] DEBUG o.h.h.i.ast.tree.FromReferenceNode - Resolved : u.username -&gt; user0_.username
18:19:19.755 [main] DEBUG o.h.h.i.antlr.HqlSqlBaseWalker - select : finishing up [level=1, statement=select]
18:19:19.755 [main] DEBUG o.h.hql.internal.ast.HqlSqlWalker - processQuery() :  ( SELECT ( {select clause} user0_.id ) ( FromClause{level=1} user user0_ ) ( where ( = ( user0_.username user0_.id username ) ? ) ) )
18:19:19.773 [main] DEBUG o.h.h.i.ast.util.JoinProcessor - Using FROM fragment [user user0_]
18:19:19.773 [main] DEBUG o.h.h.i.antlr.HqlSqlBaseWalker - select &gt;&gt; end [level=1, statement=select]
18:19:19.775 [main] DEBUG o.h.h.i.ast.QueryTranslatorImpl - --- SQL AST ---
 \-[SELECT] QueryNode: &apos;SELECT&apos;  querySpaces (user)
    +-[SELECT_CLAUSE] SelectClause: &apos;{select clause}&apos;
    |  +-[ALIAS_REF] IdentNode: &apos;user0_.id as id1_20_&apos; {alias=u, className=cn.cstqb.exam.testmaker.entities.User, tableAlias=user0_}
    |  \-[SQL_TOKEN] SqlFragment: &apos;user0_.created_on as created_2_20_, user0_.updated_on as updated_3_20_, user0_.email as email4_20_, user0_.enabled as enabled5_20_, user0_.full_name as full_nam6_20_, user0_.is_admin as is_admin7_20_, user0_.last_login as last_log8_20_, user0_.login_count as login_co9_20_, user0_.password as passwor10_20_, user0_.phone as phone11_20_, user0_.username as usernam12_20_&apos;
    +-[FROM] FromClause: &apos;from&apos; FromClause{level=1, fromElementCounter=1, fromElements=1, fromElementByClassAlias=[u], fromElementByTableAlias=[user0_], fromElementsByPath=[], collectionJoinFromElementsByPath=[], impliedElements=[]}
    |  \-[FROM_FRAGMENT] FromElement: &apos;user user0_&apos; FromElement{explicit,not a collection join,not a fetch join,fetch non-lazy properties,classAlias=u,role=null,tableName=user,tableAlias=user0_,origin=null,columns={,className=cn.cstqb.exam.testmaker.entities.User}}
    \-[WHERE] SqlNode: &apos;where&apos;
       \-[EQ] BinaryLogicOperatorNode: &apos;=&apos;
          +-[DOT] DotNode: &apos;user0_.username&apos; {propertyName=username,dereferenceType=PRIMITIVE,getPropertyPath=username,path=u.username,tableAlias=user0_,className=cn.cstqb.exam.testmaker.entities.User,classAlias=u}
          |  +-[ALIAS_REF] IdentNode: &apos;user0_.id&apos; {alias=u, className=cn.cstqb.exam.testmaker.entities.User, tableAlias=user0_}
          |  \-[IDENT] IdentNode: &apos;username&apos; {originalText=username}
          \-[NAMED_PARAM] ParameterNode: &apos;?&apos; {name=username, expectedType=org.hibernate.type.StringType@3b65e559}

18:19:19.775 [main] DEBUG o.h.hql.internal.ast.ErrorCounter - throwQueryException() : no errors
18:19:19.780 [main] DEBUG o.h.h.i.ast.QueryTranslatorImpl - HQL: SELECT u from cn.cstqb.exam.testmaker.entities.User u where u.username = :username
18:19:19.780 [main] DEBUG o.h.h.i.ast.QueryTranslatorImpl - SQL: select user0_.id as id1_20_, user0_.created_on as created_2_20_, user0_.updated_on as updated_3_20_, user0_.email as email4_20_, user0_.enabled as enabled5_20_, user0_.full_name as full_nam6_20_, user0_.is_admin as is_admin7_20_, user0_.last_login as last_log8_20_, user0_.login_count as login_co9_20_, user0_.password as passwor10_20_, user0_.phone as phone11_20_, user0_.username as usernam12_20_ from user user0_ where user0_.username=?
18:19:19.780 [main] DEBUG o.h.hql.internal.ast.ErrorCounter - throwQueryException() : no errors
18:19:19.786 [main] DEBUG o.h.internal.NamedQueryRepository - Checking 0 named SQL queries
18:19:19.792 [main] DEBUG o.h.s.internal.StatisticsInitiator - Statistics initialized [enabled=false]
18:19:19.796 [main] DEBUG o.h.j.i.schemagen.JpaSchemaGenerator - No actions specified; doing nothing
18:19:19.849 [main] DEBUG o.h.j.i.EntityManagerFactoryRegistry - Initializing EntityManagerFactoryRegistry : org.hibernate.jpa.internal.EntityManagerFactoryRegistry@122635ef
18:19:19.849 [main] DEBUG o.h.j.i.EntityManagerFactoryRegistry - Registering EntityManagerFactory: test-maker 
18:19:19.872 [main] DEBUG c.c.e.t.configuration.AppInjector - Getting existing cn.cstqb.exam.testmaker.configuration.AppInjector instance. UUID=[63ea8226-f84b-4e7e-938d-426ccee5590d]...
18:19:19.875 [main] DEBUG c.c.e.t.d.i.UserDaoImpl$$EnhancerByGuice$$79273fdd - Parameter type: cn.cstqb.exam.testmaker.entities.User
18:19:19.884 [main] DEBUG c.c.e.t.c.ApplicationConfigContext - Custom configuration origin: null
18:19:19.885 [main] DEBUG c.c.e.t.d.i.ProjectDaoImpl$$EnhancerByGuice$$c37f39ae - Parameter type: cn.cstqb.exam.testmaker.entities.Project
18:19:19.885 [main] DEBUG c.c.e.t.d.i.UserDaoImpl$$EnhancerByGuice$$79273fdd - Parameter type: cn.cstqb.exam.testmaker.entities.User
18:19:19.885 [main] DEBUG c.c.e.t.d.i.ProjectStatusDaoImpl$$EnhancerByGuice$$4405c4e9 - Parameter type: cn.cstqb.exam.testmaker.entities.ProjectStatus
18:19:19.886 [main] DEBUG c.c.e.t.d.i.ProjectStatusDaoImpl$$EnhancerByGuice$$4405c4e9 - Parameter type: cn.cstqb.exam.testmaker.entities.ProjectStatus
18:19:19.886 [main] DEBUG c.c.e.t.d.i.UserDaoImpl$$EnhancerByGuice$$79273fdd - Parameter type: cn.cstqb.exam.testmaker.entities.User
18:19:19.886 [main] DEBUG c.c.e.t.d.i.SyllabusDaoImpl$$EnhancerByGuice$$c4f67076 - Parameter type: cn.cstqb.exam.testmaker.entities.Syllabus
18:19:19.886 [main] DEBUG c.c.e.t.d.i.ChapterDaoImpl$$EnhancerByGuice$$1867bffb - Parameter type: cn.cstqb.exam.testmaker.entities.Chapter
18:19:19.887 [main] DEBUG c.c.e.t.d.i.KnowledgePointDaoImpl$$EnhancerByGuice$$41e2dd96 - Parameter type: cn.cstqb.exam.testmaker.entities.KnowledgePoint
18:19:20.118 [main] DEBUG c.c.e.t.j.s.JsonSerializer - JsonSerializer.init: Initializing ObjectMapper...
18:19:20.120 [main] DEBUG c.c.e.t.d.i.ProjectDaoImpl$$EnhancerByGuice$$c37f39ae - Parameter type: cn.cstqb.exam.testmaker.entities.Project
18:19:20.120 [main] DEBUG c.c.e.t.d.i.UserDaoImpl$$EnhancerByGuice$$79273fdd - Parameter type: cn.cstqb.exam.testmaker.entities.User
18:19:20.120 [main] DEBUG c.c.e.t.d.i.ProjectStatusDaoImpl$$EnhancerByGuice$$4405c4e9 - Parameter type: cn.cstqb.exam.testmaker.entities.ProjectStatus
18:19:20.121 [main] DEBUG c.c.e.t.d.i.QuestionDaoImpl$$EnhancerByGuice$$5db3d7 - Parameter type: cn.cstqb.exam.testmaker.entities.Question
18:19:20.121 [main] DEBUG c.c.e.t.d.i.QuestionLanguageDaoImpl$$EnhancerByGuice$$110ac74d - Parameter type: cn.cstqb.exam.testmaker.entities.QuestionLanguage
18:19:20.122 [main] DEBUG c.c.e.t.d.i.QuestionTypeDaoImpl$$EnhancerByGuice$$f53cdf6b - Parameter type: cn.cstqb.exam.testmaker.entities.QuestionType
18:19:20.122 [main] DEBUG c.c.e.t.d.i.UserDaoImpl$$EnhancerByGuice$$79273fdd - Parameter type: cn.cstqb.exam.testmaker.entities.User
18:19:20.123 [main] DEBUG c.c.e.t.d.i.ProjectDaoImpl$$EnhancerByGuice$$c37f39ae - Parameter type: cn.cstqb.exam.testmaker.entities.Project
18:19:20.123 [main] DEBUG c.c.e.t.d.i.UserDaoImpl$$EnhancerByGuice$$79273fdd - Parameter type: cn.cstqb.exam.testmaker.entities.User
18:19:20.123 [main] DEBUG c.c.e.t.d.i.ProjectStatusDaoImpl$$EnhancerByGuice$$4405c4e9 - Parameter type: cn.cstqb.exam.testmaker.entities.ProjectStatus
18:19:20.123 [main] DEBUG c.c.e.t.d.i.QuestionDaoImpl$$EnhancerByGuice$$5db3d7 - Parameter type: cn.cstqb.exam.testmaker.entities.Question
18:19:20.123 [main] DEBUG c.c.e.t.d.i.QuestionLanguageDaoImpl$$EnhancerByGuice$$110ac74d - Parameter type: cn.cstqb.exam.testmaker.entities.QuestionLanguage
18:19:20.123 [main] DEBUG c.c.e.t.d.i.QuestionTypeDaoImpl$$EnhancerByGuice$$f53cdf6b - Parameter type: cn.cstqb.exam.testmaker.entities.QuestionType
18:19:20.124 [main] DEBUG c.c.e.t.d.i.UserDaoImpl$$EnhancerByGuice$$79273fdd - Parameter type: cn.cstqb.exam.testmaker.entities.User
18:19:20.124 [main] DEBUG c.c.e.t.d.i.QuestionChoiceDaoImpl$$EnhancerByGuice$$b1a9fdca - Parameter type: cn.cstqb.exam.testmaker.entities.QuestionChoice
18:19:20.124 [main] DEBUG c.c.e.t.d.i.QuestionDaoImpl$$EnhancerByGuice$$5db3d7 - Parameter type: cn.cstqb.exam.testmaker.entities.Question
18:19:20.125 [main] DEBUG c.c.e.t.d.i.ProjectDaoImpl$$EnhancerByGuice$$c37f39ae - Parameter type: cn.cstqb.exam.testmaker.entities.Project
18:19:20.125 [main] DEBUG c.c.e.t.d.i.UserDaoImpl$$EnhancerByGuice$$79273fdd - Parameter type: cn.cstqb.exam.testmaker.entities.User
18:19:20.126 [main] DEBUG c.c.e.t.d.i.ProjectStatusDaoImpl$$EnhancerByGuice$$4405c4e9 - Parameter type: cn.cstqb.exam.testmaker.entities.ProjectStatus
18:19:20.126 [main] DEBUG c.c.e.t.d.i.ProjectStatusDaoImpl$$EnhancerByGuice$$4405c4e9 - Parameter type: cn.cstqb.exam.testmaker.entities.ProjectStatus
18:19:20.126 [main] DEBUG c.c.e.t.d.i.UserDaoImpl$$EnhancerByGuice$$79273fdd - Parameter type: cn.cstqb.exam.testmaker.entities.User
18:19:20.126 [main] DEBUG c.c.e.t.d.i.SyllabusDaoImpl$$EnhancerByGuice$$c4f67076 - Parameter type: cn.cstqb.exam.testmaker.entities.Syllabus
18:19:20.126 [main] DEBUG c.c.e.t.d.i.ChapterDaoImpl$$EnhancerByGuice$$1867bffb - Parameter type: cn.cstqb.exam.testmaker.entities.Chapter
18:19:20.126 [main] DEBUG c.c.e.t.d.i.KnowledgePointDaoImpl$$EnhancerByGuice$$41e2dd96 - Parameter type: cn.cstqb.exam.testmaker.entities.KnowledgePoint
18:19:20.127 [main] DEBUG c.c.e.t.d.i.ProjectDaoImpl$$EnhancerByGuice$$c37f39ae - Parameter type: cn.cstqb.exam.testmaker.entities.Project
18:19:20.127 [main] DEBUG c.c.e.t.d.i.UserDaoImpl$$EnhancerByGuice$$79273fdd - Parameter type: cn.cstqb.exam.testmaker.entities.User
18:19:20.127 [main] DEBUG c.c.e.t.d.i.ProjectStatusDaoImpl$$EnhancerByGuice$$4405c4e9 - Parameter type: cn.cstqb.exam.testmaker.entities.ProjectStatus
18:19:20.127 [main] DEBUG c.c.e.t.d.i.QuestionDaoImpl$$EnhancerByGuice$$5db3d7 - Parameter type: cn.cstqb.exam.testmaker.entities.Question
18:19:20.127 [main] DEBUG c.c.e.t.d.i.QuestionLanguageDaoImpl$$EnhancerByGuice$$110ac74d - Parameter type: cn.cstqb.exam.testmaker.entities.QuestionLanguage
18:19:20.127 [main] DEBUG c.c.e.t.d.i.QuestionTypeDaoImpl$$EnhancerByGuice$$f53cdf6b - Parameter type: cn.cstqb.exam.testmaker.entities.QuestionType
18:19:20.127 [main] DEBUG c.c.e.t.d.i.UserDaoImpl$$EnhancerByGuice$$79273fdd - Parameter type: cn.cstqb.exam.testmaker.entities.User
18:19:20.128 [main] DEBUG c.c.e.t.d.i.ProjectDaoImpl$$EnhancerByGuice$$c37f39ae - Parameter type: cn.cstqb.exam.testmaker.entities.Project
18:19:20.128 [main] DEBUG c.c.e.t.d.i.UserDaoImpl$$EnhancerByGuice$$79273fdd - Parameter type: cn.cstqb.exam.testmaker.entities.User
18:19:20.128 [main] DEBUG c.c.e.t.d.i.ProjectStatusDaoImpl$$EnhancerByGuice$$4405c4e9 - Parameter type: cn.cstqb.exam.testmaker.entities.ProjectStatus
18:19:20.128 [main] DEBUG c.c.e.t.d.i.QuestionDaoImpl$$EnhancerByGuice$$5db3d7 - Parameter type: cn.cstqb.exam.testmaker.entities.Question
18:19:20.128 [main] DEBUG c.c.e.t.d.i.QuestionLanguageDaoImpl$$EnhancerByGuice$$110ac74d - Parameter type: cn.cstqb.exam.testmaker.entities.QuestionLanguage
18:19:20.129 [main] DEBUG c.c.e.t.d.i.QuestionTypeDaoImpl$$EnhancerByGuice$$f53cdf6b - Parameter type: cn.cstqb.exam.testmaker.entities.QuestionType
18:19:20.129 [main] DEBUG c.c.e.t.d.i.UserDaoImpl$$EnhancerByGuice$$79273fdd - Parameter type: cn.cstqb.exam.testmaker.entities.User
18:19:20.129 [main] DEBUG c.c.e.t.d.i.QuestionChoiceDaoImpl$$EnhancerByGuice$$b1a9fdca - Parameter type: cn.cstqb.exam.testmaker.entities.QuestionChoice
18:19:20.129 [main] DEBUG c.c.e.t.d.i.QuestionDaoImpl$$EnhancerByGuice$$5db3d7 - Parameter type: cn.cstqb.exam.testmaker.entities.Question
18:19:20.129 [main] DEBUG c.c.e.t.d.i.ProjectDaoImpl$$EnhancerByGuice$$c37f39ae - Parameter type: cn.cstqb.exam.testmaker.entities.Project
18:19:20.129 [main] DEBUG c.c.e.t.d.i.UserDaoImpl$$EnhancerByGuice$$79273fdd - Parameter type: cn.cstqb.exam.testmaker.entities.User
18:19:20.129 [main] DEBUG c.c.e.t.d.i.ProjectStatusDaoImpl$$EnhancerByGuice$$4405c4e9 - Parameter type: cn.cstqb.exam.testmaker.entities.ProjectStatus
18:19:20.130 [main] DEBUG c.c.e.t.d.i.ProjectStatusDaoImpl$$EnhancerByGuice$$4405c4e9 - Parameter type: cn.cstqb.exam.testmaker.entities.ProjectStatus
18:19:20.130 [main] DEBUG c.c.e.t.d.i.UserDaoImpl$$EnhancerByGuice$$79273fdd - Parameter type: cn.cstqb.exam.testmaker.entities.User
18:19:20.130 [main] DEBUG c.c.e.t.d.i.SyllabusDaoImpl$$EnhancerByGuice$$c4f67076 - Parameter type: cn.cstqb.exam.testmaker.entities.Syllabus
18:19:20.130 [main] DEBUG c.c.e.t.d.i.ChapterDaoImpl$$EnhancerByGuice$$1867bffb - Parameter type: cn.cstqb.exam.testmaker.entities.Chapter
18:19:20.130 [main] DEBUG c.c.e.t.d.i.KnowledgePointDaoImpl$$EnhancerByGuice$$41e2dd96 - Parameter type: cn.cstqb.exam.testmaker.entities.KnowledgePoint
18:19:20.131 [main] DEBUG c.c.e.t.d.i.ProjectDaoImpl$$EnhancerByGuice$$c37f39ae - Parameter type: cn.cstqb.exam.testmaker.entities.Project
18:19:20.131 [main] DEBUG c.c.e.t.d.i.UserDaoImpl$$EnhancerByGuice$$79273fdd - Parameter type: cn.cstqb.exam.testmaker.entities.User
18:19:20.132 [main] DEBUG c.c.e.t.d.i.ProjectStatusDaoImpl$$EnhancerByGuice$$4405c4e9 - Parameter type: cn.cstqb.exam.testmaker.entities.ProjectStatus
18:19:20.132 [main] DEBUG c.c.e.t.d.i.QuestionDaoImpl$$EnhancerByGuice$$5db3d7 - Parameter type: cn.cstqb.exam.testmaker.entities.Question
18:19:20.132 [main] DEBUG c.c.e.t.d.i.QuestionLanguageDaoImpl$$EnhancerByGuice$$110ac74d - Parameter type: cn.cstqb.exam.testmaker.entities.QuestionLanguage
18:19:20.132 [main] DEBUG c.c.e.t.d.i.QuestionTypeDaoImpl$$EnhancerByGuice$$f53cdf6b - Parameter type: cn.cstqb.exam.testmaker.entities.QuestionType
18:19:20.133 [main] DEBUG c.c.e.t.d.i.UserDaoImpl$$EnhancerByGuice$$79273fdd - Parameter type: cn.cstqb.exam.testmaker.entities.User
18:19:20.133 [main] DEBUG c.c.e.t.d.i.ProjectDaoImpl$$EnhancerByGuice$$c37f39ae - Parameter type: cn.cstqb.exam.testmaker.entities.Project
18:19:20.133 [main] DEBUG c.c.e.t.d.i.UserDaoImpl$$EnhancerByGuice$$79273fdd - Parameter type: cn.cstqb.exam.testmaker.entities.User
18:19:20.133 [main] DEBUG c.c.e.t.d.i.ProjectStatusDaoImpl$$EnhancerByGuice$$4405c4e9 - Parameter type: cn.cstqb.exam.testmaker.entities.ProjectStatus
18:19:20.133 [main] DEBUG c.c.e.t.d.i.QuestionDaoImpl$$EnhancerByGuice$$5db3d7 - Parameter type: cn.cstqb.exam.testmaker.entities.Question
18:19:20.134 [main] DEBUG c.c.e.t.d.i.QuestionLanguageDaoImpl$$EnhancerByGuice$$110ac74d - Parameter type: cn.cstqb.exam.testmaker.entities.QuestionLanguage
18:19:20.134 [main] DEBUG c.c.e.t.d.i.QuestionTypeDaoImpl$$EnhancerByGuice$$f53cdf6b - Parameter type: cn.cstqb.exam.testmaker.entities.QuestionType
18:19:20.135 [main] DEBUG c.c.e.t.d.i.UserDaoImpl$$EnhancerByGuice$$79273fdd - Parameter type: cn.cstqb.exam.testmaker.entities.User
18:19:20.135 [main] DEBUG c.c.e.t.d.i.QuestionChoiceDaoImpl$$EnhancerByGuice$$b1a9fdca - Parameter type: cn.cstqb.exam.testmaker.entities.QuestionChoice
18:19:20.135 [main] DEBUG c.c.e.t.d.i.QuestionDaoImpl$$EnhancerByGuice$$5db3d7 - Parameter type: cn.cstqb.exam.testmaker.entities.Question
</system-out>
    <system-err>4�� 11, 2020 6:19:16 ���� com.google.inject.internal.ProxyFactory &lt;init&gt;
����: Method [public void cn.cstqb.exam.testmaker.dao.impl.QuestionStatusTransitionDaoImpl.create(cn.cstqb.exam.testmaker.entities.AbstractEntity)] is synthetic and is being intercepted by [com.google.inject.persist.jpa.JpaLocalTxnInterceptor@6d3c5255]. This could indicate a bug.  The method may be intercepted twice, or may not be intercepted at all.
4�� 11, 2020 6:19:17 ���� com.mchange.v2.log.MLog &lt;clinit&gt;
��Ϣ: MLog clients using java 1.4+ standard logging.
4�� 11, 2020 6:19:17 ���� com.mchange.v2.c3p0.C3P0Registry banner
��Ϣ: Initializing c3p0-0.9.2.1 [built 20-March-2013 10:47:27 +0000; debug? true; trace: 10]
4�� 11, 2020 6:19:17 ���� com.mchange.v2.c3p0.impl.AbstractPoolBackedDataSource getPoolManager
��Ϣ: Initializing c3p0 pool... com.mchange.v2.c3p0.PoolBackedDataSource@efdec566 [ connectionPoolDataSource -&gt; com.mchange.v2.c3p0.WrapperConnectionPoolDataSource@96c6820d [ acquireIncrement -&gt; 3, acquireRetryAttempts -&gt; 30, acquireRetryDelay -&gt; 1000, autoCommitOnClose -&gt; false, automaticTestTable -&gt; _conTestTable, breakAfterAcquireFailure -&gt; false, checkoutTimeout -&gt; 0, connectionCustomizerClassName -&gt; null, connectionTesterClassName -&gt; com.mchange.v2.c3p0.impl.DefaultConnectionTester, debugUnreturnedConnectionStackTraces -&gt; false, factoryClassLocation -&gt; null, forceIgnoreUnresolvedTransactions -&gt; false, identityToken -&gt; 1hgeby9a9t2bq3peutbs3|77bd7fe7, idleConnectionTestPeriod -&gt; 120, initialPoolSize -&gt; 3, maxAdministrativeTaskTime -&gt; 0, maxConnectionAge -&gt; 21600, maxIdleTime -&gt; 600, maxIdleTimeExcessConnections -&gt; 20, maxPoolSize -&gt; 15, maxStatements -&gt; 0, maxStatementsPerConnection -&gt; 0, minPoolSize -&gt; 3, nestedDataSource -&gt; com.mchange.v2.c3p0.DriverManagerDataSource@4ec13c8 [ description -&gt; null, driverClass -&gt; null, factoryClassLocation -&gt; null, identityToken -&gt; 1hgeby9a9t2bq3peutbs3|6d367020, jdbcUrl -&gt; jdbc:mysql://localhost:3306/testmaker, properties -&gt; {user=******} ], preferredTestQuery -&gt; null, propertyCycle -&gt; 0, statementCacheNumDeferredCloseThreads -&gt; 0, testConnectionOnCheckin -&gt; false, testConnectionOnCheckout -&gt; true, unreturnedConnectionTimeout -&gt; 0, usesTraditionalReflectiveProxies -&gt; false; userOverrides: {} ], dataSourceName -&gt; null, factoryClassLocation -&gt; null, identityToken -&gt; 1hgeby9a9t2bq3peutbs3|4ba89729, numHelperThreads -&gt; 3 ]
</system-err>
  </testcase>
</testsuite>